-- The C compiler identification is GNU 13.3.0
-- The CXX compiler identification is GNU 13.3.0
-- Detecting C compiler ABI info
-- Detecting C compiler ABI info - done
-- Check for working C compiler: /usr/bin/cc - skipped
-- Detecting C compile features
-- Detecting C compile features - done
-- Detecting CXX compiler ABI info
-- Detecting CXX compiler ABI info - done
-- Check for working CXX compiler: /usr/bin/c++ - skipped
-- Detecting CXX compile features
-- Detecting CXX compile features - done
-- Found ament_cmake: 2.5.5 (/opt/ros/jazzy/share/ament_cmake/cmake)
-- Found Python3: /usr/bin/python3 (found version "3.12.3") found components: Interpreter 
-- Found ament_lint_auto: 0.17.4 (/opt/ros/jazzy/share/ament_lint_auto/cmake)
-- Added test 'flake8' to check Python code syntax and style conventions
-- Configured 'flake8' exclude dirs and/or files: 
-- Added test 'lint_cmake' to check CMake code style
-- Added test 'pep257' to check Python code against some of the docstring style conventions in PEP 257
-- Added test 'xmllint' to check XML markup files
-- Configuring done (0.4s)
-- Generating done (0.0s)
-- Build files have been written to: /home/csi/motion_system/build/motion_system_rqt
Built target ament_cmake_python_copy_motion_system_rqt
running egg_info
writing motion_system_rqt.egg-info/PKG-INFO
writing dependency_links to motion_system_rqt.egg-info/dependency_links.txt
writing top-level names to motion_system_rqt.egg-info/top_level.txt
reading manifest file 'motion_system_rqt.egg-info/SOURCES.txt'
writing manifest file 'motion_system_rqt.egg-info/SOURCES.txt'
Built target ament_cmake_python_build_motion_system_rqt_egg
-- Install configuration: ""
-- Installing: /home/csi/motion_system/install/motion_system_rqt/share/motion_system_rqt/environment/pythonpath.sh
-- Installing: /home/csi/motion_system/install/motion_system_rqt/share/motion_system_rqt/environment/pythonpath.dsv
-- Installing: /home/csi/motion_system/install/motion_system_rqt/lib/python3.12/site-packages/motion_system_rqt-0.0.0-py3.12.egg-info
-- Installing: /home/csi/motion_system/install/motion_system_rqt/lib/python3.12/site-packages/motion_system_rqt-0.0.0-py3.12.egg-info/SOURCES.txt
-- Installing: /home/csi/motion_system/install/motion_system_rqt/lib/python3.12/site-packages/motion_system_rqt-0.0.0-py3.12.egg-info/PKG-INFO
-- Installing: /home/csi/motion_system/install/motion_system_rqt/lib/python3.12/site-packages/motion_system_rqt-0.0.0-py3.12.egg-info/dependency_links.txt
-- Installing: /home/csi/motion_system/install/motion_system_rqt/lib/python3.12/site-packages/motion_system_rqt-0.0.0-py3.12.egg-info/top_level.txt
-- Installing: /home/csi/motion_system/install/motion_system_rqt/lib/python3.12/site-packages/motion_system_rqt
-- Installing: /home/csi/motion_system/install/motion_system_rqt/lib/python3.12/site-packages/motion_system_rqt/__init__.py
-- Installing: /home/csi/motion_system/install/motion_system_rqt/lib/python3.12/site-packages/motion_system_rqt/motion_system_controller.py
-- Installing: /home/csi/motion_system/install/motion_system_rqt/lib/python3.12/site-packages/motion_system_rqt/motion_system_widget.py
Listing '/home/csi/motion_system/install/motion_system_rqt/lib/python3.12/site-packages/motion_system_rqt'...
Compiling '/home/csi/motion_system/install/motion_system_rqt/lib/python3.12/site-packages/motion_system_rqt/__init__.py'...
Compiling '/home/csi/motion_system/install/motion_system_rqt/lib/python3.12/site-packages/motion_system_rqt/motion_system_controller.py'...
Compiling '/home/csi/motion_system/install/motion_system_rqt/lib/python3.12/site-packages/motion_system_rqt/motion_system_widget.py'...
-- Installing: /home/csi/motion_system/install/motion_system_rqt/share/motion_system_rqt/plugin.xml
-- Installing: /home/csi/motion_system/install/motion_system_rqt/share/motion_system_rqt/resource
-- Installing: /home/csi/motion_system/install/motion_system_rqt/share/motion_system_rqt/resource/base.ui
-- Installing: /home/csi/motion_system/install/motion_system_rqt/share/motion_system_rqt/launch
-- Installing: /home/csi/motion_system/install/motion_system_rqt/share/motion_system_rqt/launch/motion_system_rqt.launch.py
-- Installing: /home/csi/motion_system/install/motion_system_rqt/lib/motion_system_rqt/run_rqt
-- Installing: /home/csi/motion_system/install/motion_system_rqt/share/ament_index/resource_index/package_run_dependencies/motion_system_rqt
-- Installing: /home/csi/motion_system/install/motion_system_rqt/share/ament_index/resource_index/parent_prefix_path/motion_system_rqt
-- Installing: /home/csi/motion_system/install/motion_system_rqt/share/motion_system_rqt/environment/ament_prefix_path.sh
-- Installing: /home/csi/motion_system/install/motion_system_rqt/share/motion_system_rqt/environment/ament_prefix_path.dsv
-- Installing: /home/csi/motion_system/install/motion_system_rqt/share/motion_system_rqt/environment/path.sh
-- Installing: /home/csi/motion_system/install/motion_system_rqt/share/motion_system_rqt/environment/path.dsv
-- Installing: /home/csi/motion_system/install/motion_system_rqt/share/motion_system_rqt/local_setup.bash
-- Installing: /home/csi/motion_system/install/motion_system_rqt/share/motion_system_rqt/local_setup.sh
-- Installing: /home/csi/motion_system/install/motion_system_rqt/share/motion_system_rqt/local_setup.zsh
-- Installing: /home/csi/motion_system/install/motion_system_rqt/share/motion_system_rqt/local_setup.dsv
-- Installing: /home/csi/motion_system/install/motion_system_rqt/share/motion_system_rqt/package.dsv
-- Installing: /home/csi/motion_system/install/motion_system_rqt/share/ament_index/resource_index/packages/motion_system_rqt
-- Installing: /home/csi/motion_system/install/motion_system_rqt/share/motion_system_rqt/cmake/motion_system_rqtConfig.cmake
-- Installing: /home/csi/motion_system/install/motion_system_rqt/share/motion_system_rqt/cmake/motion_system_rqtConfig-version.cmake
-- Installing: /home/csi/motion_system/install/motion_system_rqt/share/motion_system_rqt/package.xml
