[0.108s] Invoking command in '/home/csi/motion_system/build/motion_system_rqt': CMAKE_PREFIX_PATH=${CMAKE_PREFIX_PATH}:/opt/ros/jazzy CONDA_PROMPT_MODIFIER=(base) DEBUGINFOD_URLS=https://debuginfod.ubuntu.com /usr/bin/cmake /home/csi/motion_system/ros2/motion_system_rqt -DPython3_EXECUTABLE=/usr/bin/python3 -DCMAKE_INSTALL_PREFIX=/home/csi/motion_system/install/motion_system_rqt
[0.139s] -- The C compiler identification is GNU 13.3.0
[0.171s] -- The CXX compiler identification is GNU 13.3.0
[0.180s] -- Detecting C compiler ABI info
[0.229s] -- Detecting C compiler ABI info - done
[0.234s] -- Check for working C compiler: /usr/bin/cc - skipped
[0.235s] -- Detecting C compile features
[0.235s] -- Detecting C compile features - done
[0.240s] -- Detecting CXX compiler ABI info
[0.291s] -- Detecting CXX compiler ABI info - done
[0.297s] -- Check for working CXX compiler: /usr/bin/c++ - skipped
[0.297s] -- Detecting CXX compile features
[0.297s] -- Detecting CXX compile features - done
[0.299s] -- Found ament_cmake: 2.5.5 (/opt/ros/jazzy/share/ament_cmake/cmake)
[0.418s] -- Found Python3: /usr/bin/python3 (found version "3.12.3") found components: Interpreter 
[0.476s] -- Found ament_lint_auto: 0.17.4 (/opt/ros/jazzy/share/ament_lint_auto/cmake)
[0.551s] -- Added test 'flake8' to check Python code syntax and style conventions
[0.551s] -- Configured 'flake8' exclude dirs and/or files: 
[0.551s] -- Added test 'lint_cmake' to check CMake code style
[0.552s] -- Added test 'pep257' to check Python code against some of the docstring style conventions in PEP 257
[0.553s] -- Added test 'xmllint' to check XML markup files
[0.553s] -- Configuring done (0.4s)
[0.563s] -- Generating done (0.0s)
[0.563s] -- Build files have been written to: /home/csi/motion_system/build/motion_system_rqt
[0.564s] Invoked command in '/home/csi/motion_system/build/motion_system_rqt' returned '0': CMAKE_PREFIX_PATH=${CMAKE_PREFIX_PATH}:/opt/ros/jazzy CONDA_PROMPT_MODIFIER=(base) DEBUGINFOD_URLS=https://debuginfod.ubuntu.com /usr/bin/cmake /home/csi/motion_system/ros2/motion_system_rqt -DPython3_EXECUTABLE=/usr/bin/python3 -DCMAKE_INSTALL_PREFIX=/home/csi/motion_system/install/motion_system_rqt
[0.564s] Invoking command in '/home/csi/motion_system/build/motion_system_rqt': CMAKE_PREFIX_PATH=${CMAKE_PREFIX_PATH}:/opt/ros/jazzy CONDA_PROMPT_MODIFIER=(base) DEBUGINFOD_URLS=https://debuginfod.ubuntu.com /usr/bin/cmake --build /home/csi/motion_system/build/motion_system_rqt -- -j24 -l24
[0.595s] Built target ament_cmake_python_copy_motion_system_rqt
[0.746s] running egg_info
[0.746s] writing motion_system_rqt.egg-info/PKG-INFO
[0.746s] writing dependency_links to motion_system_rqt.egg-info/dependency_links.txt
[0.746s] writing top-level names to motion_system_rqt.egg-info/top_level.txt
[0.746s] reading manifest file 'motion_system_rqt.egg-info/SOURCES.txt'
[0.746s] writing manifest file 'motion_system_rqt.egg-info/SOURCES.txt'
[0.748s] Built target ament_cmake_python_build_motion_system_rqt_egg
[0.754s] Invoked command in '/home/csi/motion_system/build/motion_system_rqt' returned '0': CMAKE_PREFIX_PATH=${CMAKE_PREFIX_PATH}:/opt/ros/jazzy CONDA_PROMPT_MODIFIER=(base) DEBUGINFOD_URLS=https://debuginfod.ubuntu.com /usr/bin/cmake --build /home/csi/motion_system/build/motion_system_rqt -- -j24 -l24
[0.755s] Invoking command in '/home/csi/motion_system/build/motion_system_rqt': CMAKE_PREFIX_PATH=${CMAKE_PREFIX_PATH}:/opt/ros/jazzy CONDA_PROMPT_MODIFIER=(base) DEBUGINFOD_URLS=https://debuginfod.ubuntu.com /usr/bin/cmake --install /home/csi/motion_system/build/motion_system_rqt
[0.758s] -- Install configuration: ""
[0.759s] -- Installing: /home/csi/motion_system/install/motion_system_rqt/share/motion_system_rqt/environment/pythonpath.sh
[0.759s] -- Installing: /home/csi/motion_system/install/motion_system_rqt/share/motion_system_rqt/environment/pythonpath.dsv
[0.759s] -- Installing: /home/csi/motion_system/install/motion_system_rqt/lib/python3.12/site-packages/motion_system_rqt-0.0.0-py3.12.egg-info
[0.759s] -- Installing: /home/csi/motion_system/install/motion_system_rqt/lib/python3.12/site-packages/motion_system_rqt-0.0.0-py3.12.egg-info/SOURCES.txt
[0.759s] -- Installing: /home/csi/motion_system/install/motion_system_rqt/lib/python3.12/site-packages/motion_system_rqt-0.0.0-py3.12.egg-info/PKG-INFO
[0.759s] -- Installing: /home/csi/motion_system/install/motion_system_rqt/lib/python3.12/site-packages/motion_system_rqt-0.0.0-py3.12.egg-info/dependency_links.txt
[0.759s] -- Installing: /home/csi/motion_system/install/motion_system_rqt/lib/python3.12/site-packages/motion_system_rqt-0.0.0-py3.12.egg-info/top_level.txt
[0.759s] -- Installing: /home/csi/motion_system/install/motion_system_rqt/lib/python3.12/site-packages/motion_system_rqt
[0.759s] -- Installing: /home/csi/motion_system/install/motion_system_rqt/lib/python3.12/site-packages/motion_system_rqt/__init__.py
[0.759s] -- Installing: /home/csi/motion_system/install/motion_system_rqt/lib/python3.12/site-packages/motion_system_rqt/motion_system_controller.py
[0.759s] -- Installing: /home/csi/motion_system/install/motion_system_rqt/lib/python3.12/site-packages/motion_system_rqt/motion_system_widget.py
[0.783s] Listing '/home/csi/motion_system/install/motion_system_rqt/lib/python3.12/site-packages/motion_system_rqt'...
[0.783s] Compiling '/home/csi/motion_system/install/motion_system_rqt/lib/python3.12/site-packages/motion_system_rqt/__init__.py'...
[0.783s] Compiling '/home/csi/motion_system/install/motion_system_rqt/lib/python3.12/site-packages/motion_system_rqt/motion_system_controller.py'...
[0.783s] Compiling '/home/csi/motion_system/install/motion_system_rqt/lib/python3.12/site-packages/motion_system_rqt/motion_system_widget.py'...
[0.787s] -- Installing: /home/csi/motion_system/install/motion_system_rqt/share/motion_system_rqt/plugin.xml
[0.787s] -- Installing: /home/csi/motion_system/install/motion_system_rqt/share/motion_system_rqt/resource
[0.787s] -- Installing: /home/csi/motion_system/install/motion_system_rqt/share/motion_system_rqt/resource/base.ui
[0.787s] -- Installing: /home/csi/motion_system/install/motion_system_rqt/share/motion_system_rqt/launch
[0.787s] -- Installing: /home/csi/motion_system/install/motion_system_rqt/share/motion_system_rqt/launch/motion_system_rqt.launch.py
[0.787s] -- Installing: /home/csi/motion_system/install/motion_system_rqt/lib/motion_system_rqt/run_rqt
[0.787s] -- Installing: /home/csi/motion_system/install/motion_system_rqt/share/ament_index/resource_index/package_run_dependencies/motion_system_rqt
[0.787s] -- Installing: /home/csi/motion_system/install/motion_system_rqt/share/ament_index/resource_index/parent_prefix_path/motion_system_rqt
[0.787s] -- Installing: /home/csi/motion_system/install/motion_system_rqt/share/motion_system_rqt/environment/ament_prefix_path.sh
[0.787s] -- Installing: /home/csi/motion_system/install/motion_system_rqt/share/motion_system_rqt/environment/ament_prefix_path.dsv
[0.787s] -- Installing: /home/csi/motion_system/install/motion_system_rqt/share/motion_system_rqt/environment/path.sh
[0.787s] -- Installing: /home/csi/motion_system/install/motion_system_rqt/share/motion_system_rqt/environment/path.dsv
[0.787s] -- Installing: /home/csi/motion_system/install/motion_system_rqt/share/motion_system_rqt/local_setup.bash
[0.787s] -- Installing: /home/csi/motion_system/install/motion_system_rqt/share/motion_system_rqt/local_setup.sh
[0.787s] -- Installing: /home/csi/motion_system/install/motion_system_rqt/share/motion_system_rqt/local_setup.zsh
[0.787s] -- Installing: /home/csi/motion_system/install/motion_system_rqt/share/motion_system_rqt/local_setup.dsv
[0.787s] -- Installing: /home/csi/motion_system/install/motion_system_rqt/share/motion_system_rqt/package.dsv
[0.787s] -- Installing: /home/csi/motion_system/install/motion_system_rqt/share/ament_index/resource_index/packages/motion_system_rqt
[0.787s] -- Installing: /home/csi/motion_system/install/motion_system_rqt/share/motion_system_rqt/cmake/motion_system_rqtConfig.cmake
[0.787s] -- Installing: /home/csi/motion_system/install/motion_system_rqt/share/motion_system_rqt/cmake/motion_system_rqtConfig-version.cmake
[0.787s] -- Installing: /home/csi/motion_system/install/motion_system_rqt/share/motion_system_rqt/package.xml
[0.789s] Invoked command in '/home/csi/motion_system/build/motion_system_rqt' returned '0': CMAKE_PREFIX_PATH=${CMAKE_PREFIX_PATH}:/opt/ros/jazzy CONDA_PROMPT_MODIFIER=(base) DEBUGINFOD_URLS=https://debuginfod.ubuntu.com /usr/bin/cmake --install /home/csi/motion_system/build/motion_system_rqt
