[0.109s] Invoking command in '/home/csi/motion_system/build/motion_system_pkg': AMENT_PREFIX_PATH=/home/csi/motion_system/install/robot_manager:/home/csi/motion_system/install/robots:/home/csi/motion_system/install/scheduler:/home/csi/motion_system/install/planner:/home/csi/motion_system/install/kinematics:/home/csi/motion_system/install/robot_interface:/home/csi/motion_system/install/motor_manager:/home/csi/motion_system/install/motion_system_msgs:/home/csi/motion_system/install/common_robot_interface:/home/csi/motion_system/install/common_motor_interface:${AMENT_PREFIX_PATH} CMAKE_PREFIX_PATH=/home/csi/motion_system/install/motor_manager:/home/csi/motion_system/install/motion_system_msgs:/home/csi/motion_system/install/common_motor_interface:/opt/ros/jazzy/opt/gz_math_vendor:/opt/ros/jazzy/opt/gz_utils_vendor:/opt/ros/jazzy/opt/gz_cmake_vendor:/opt/openrobots:/opt/openrobots:/opt/ros/jazzy CONDA_PROMPT_MODIFIER=(base) DEBUGINFOD_URLS=https://debuginfod.ubuntu.com LD_LIBRARY_PATH=/home/csi/motion_system/install/motor_manager/lib:/home/csi/motion_system/install/motion_system_msgs/lib:${LD_LIBRARY_PATH} PYTHONPATH=/home/csi/motion_system/install/robot_manager/lib/python3.12/site-packages:/home/csi/motion_system/install/robots/lib/python3.12/site-packages:/home/csi/motion_system/install/scheduler/lib/python3.12/site-packages:/home/csi/motion_system/install/planner/lib/python3.12/site-packages:/home/csi/motion_system/install/kinematics/lib/python3.12/site-packages:/home/csi/motion_system/install/robot_interface/lib/python3.12/site-packages:/home/csi/motion_system/install/motion_system_msgs/lib/python3.12/site-packages:/home/csi/motion_system/install/common_robot_interface/lib/python3.12/site-packages:/opt/ros/jazzy/lib/python3.12/site-packages:/opt/openrobots/lib/python3.8/site-packages:/opt/openrobots/lib/python3.8/site-packages /usr/bin/cmake /home/csi/motion_system/ros2/motion_system_pkg -DPython3_EXECUTABLE=/usr/bin/python3 -DCMAKE_INSTALL_PREFIX=/home/csi/motion_system/install/motion_system_pkg
[0.141s] -- The C compiler identification is GNU 13.3.0
[0.174s] -- The CXX compiler identification is GNU 13.3.0
[0.183s] -- Detecting C compiler ABI info
[0.231s] -- Detecting C compiler ABI info - done
[0.240s] -- Check for working C compiler: /usr/bin/cc - skipped
[0.240s] -- Detecting C compile features
[0.241s] -- Detecting C compile features - done
[0.245s] -- Detecting CXX compiler ABI info
[0.299s] -- Detecting CXX compiler ABI info - done
[0.305s] -- Check for working CXX compiler: /usr/bin/c++ - skipped
[0.305s] -- Detecting CXX compile features
[0.306s] -- Detecting CXX compile features - done
[0.307s] -- Found ament_cmake: 2.5.5 (/opt/ros/jazzy/share/ament_cmake/cmake)
[0.435s] -- Found Python3: /usr/bin/python3 (found version "3.12.3") found components: Interpreter 
[0.495s] -- Found rclcpp: 28.1.16 (/opt/ros/jazzy/share/rclcpp/cmake)
[0.518s] -- Found rosidl_generator_c: 4.6.7 (/opt/ros/jazzy/share/rosidl_generator_c/cmake)
[0.526s] -- Found rosidl_generator_cpp: 4.6.7 (/opt/ros/jazzy/share/rosidl_generator_cpp/cmake)
[0.535s] -- Using all available rosidl_typesupport_c: rosidl_typesupport_fastrtps_c;rosidl_typesupport_introspection_c
[0.547s] -- Using all available rosidl_typesupport_cpp: rosidl_typesupport_fastrtps_cpp;rosidl_typesupport_introspection_cpp
[0.588s] -- Found rmw_implementation_cmake: 7.3.3 (/opt/ros/jazzy/share/rmw_implementation_cmake/cmake)
[0.590s] -- Found rmw_fastrtps_cpp: 8.4.3 (/opt/ros/jazzy/share/rmw_fastrtps_cpp/cmake)
[0.638s] -- Found OpenSSL: /usr/lib/x86_64-linux-gnu/libcrypto.so (found version "3.0.13")  
[0.654s] -- Found FastRTPS: /opt/ros/jazzy/include (Required is at least version "2.13") 
[0.673s] -- Using RMW implementation 'rmw_fastrtps_cpp' as default
[0.714s] -- Found rclpy: 7.1.9 (/opt/ros/jazzy/share/rclpy/cmake)
[0.714s] -- Found std_msgs: 5.3.6 (/opt/ros/jazzy/share/std_msgs/cmake)
[0.721s] -- Found motion_system_msgs: 0.0.0 (/home/csi/motion_system/install/motion_system_msgs/share/motion_system_msgs/cmake)
[0.732s] -- Found rosidl_adapter: 4.6.7 (/opt/ros/jazzy/share/rosidl_adapter/cmake)
[0.736s] -- Found motor_manager: 0.1.0 (/home/csi/motion_system/install/motor_manager/share/motor_manager/cmake)
[0.738s] -- Found ament_lint_auto: 0.17.4 (/opt/ros/jazzy/share/ament_lint_auto/cmake)
[0.797s] -- Added test 'cppcheck' to perform static code analysis on C / C++ code
[0.797s] -- Configured cppcheck include dirs: $<BUILD_INTERFACE:/home/csi/motion_system/ros2/motion_system_pkg/include>
[0.797s] -- Configured cppcheck exclude dirs and/or files: 
[0.797s] -- Added test 'flake8' to check Python code syntax and style conventions
[0.797s] -- Configured 'flake8' exclude dirs and/or files: 
[0.797s] -- Added test 'lint_cmake' to check CMake code style
[0.797s] -- Added test 'pep257' to check Python code against some of the docstring style conventions in PEP 257
[0.798s] -- Added test 'uncrustify' to check C / C++ code style
[0.798s] -- Configured uncrustify additional arguments: 
[0.798s] -- Added test 'xmllint' to check XML markup files
[0.798s] -- Configuring done (0.7s)
[0.803s] -- Generating done (0.0s)
[0.804s] -- Build files have been written to: /home/csi/motion_system/build/motion_system_pkg
[0.810s] Invoked command in '/home/csi/motion_system/build/motion_system_pkg' returned '0': AMENT_PREFIX_PATH=/home/csi/motion_system/install/robot_manager:/home/csi/motion_system/install/robots:/home/csi/motion_system/install/scheduler:/home/csi/motion_system/install/planner:/home/csi/motion_system/install/kinematics:/home/csi/motion_system/install/robot_interface:/home/csi/motion_system/install/motor_manager:/home/csi/motion_system/install/motion_system_msgs:/home/csi/motion_system/install/common_robot_interface:/home/csi/motion_system/install/common_motor_interface:${AMENT_PREFIX_PATH} CMAKE_PREFIX_PATH=/home/csi/motion_system/install/motor_manager:/home/csi/motion_system/install/motion_system_msgs:/home/csi/motion_system/install/common_motor_interface:/opt/ros/jazzy/opt/gz_math_vendor:/opt/ros/jazzy/opt/gz_utils_vendor:/opt/ros/jazzy/opt/gz_cmake_vendor:/opt/openrobots:/opt/openrobots:/opt/ros/jazzy CONDA_PROMPT_MODIFIER=(base) DEBUGINFOD_URLS=https://debuginfod.ubuntu.com LD_LIBRARY_PATH=/home/csi/motion_system/install/motor_manager/lib:/home/csi/motion_system/install/motion_system_msgs/lib:${LD_LIBRARY_PATH} PYTHONPATH=/home/csi/motion_system/install/robot_manager/lib/python3.12/site-packages:/home/csi/motion_system/install/robots/lib/python3.12/site-packages:/home/csi/motion_system/install/scheduler/lib/python3.12/site-packages:/home/csi/motion_system/install/planner/lib/python3.12/site-packages:/home/csi/motion_system/install/kinematics/lib/python3.12/site-packages:/home/csi/motion_system/install/robot_interface/lib/python3.12/site-packages:/home/csi/motion_system/install/motion_system_msgs/lib/python3.12/site-packages:/home/csi/motion_system/install/common_robot_interface/lib/python3.12/site-packages:/opt/ros/jazzy/lib/python3.12/site-packages:/opt/openrobots/lib/python3.8/site-packages:/opt/openrobots/lib/python3.8/site-packages /usr/bin/cmake /home/csi/motion_system/ros2/motion_system_pkg -DPython3_EXECUTABLE=/usr/bin/python3 -DCMAKE_INSTALL_PREFIX=/home/csi/motion_system/install/motion_system_pkg
[0.811s] Invoking command in '/home/csi/motion_system/build/motion_system_pkg': AMENT_PREFIX_PATH=/home/csi/motion_system/install/robot_manager:/home/csi/motion_system/install/robots:/home/csi/motion_system/install/scheduler:/home/csi/motion_system/install/planner:/home/csi/motion_system/install/kinematics:/home/csi/motion_system/install/robot_interface:/home/csi/motion_system/install/motor_manager:/home/csi/motion_system/install/motion_system_msgs:/home/csi/motion_system/install/common_robot_interface:/home/csi/motion_system/install/common_motor_interface:${AMENT_PREFIX_PATH} CMAKE_PREFIX_PATH=/home/csi/motion_system/install/motor_manager:/home/csi/motion_system/install/motion_system_msgs:/home/csi/motion_system/install/common_motor_interface:/opt/ros/jazzy/opt/gz_math_vendor:/opt/ros/jazzy/opt/gz_utils_vendor:/opt/ros/jazzy/opt/gz_cmake_vendor:/opt/openrobots:/opt/openrobots:/opt/ros/jazzy CONDA_PROMPT_MODIFIER=(base) DEBUGINFOD_URLS=https://debuginfod.ubuntu.com LD_LIBRARY_PATH=/home/csi/motion_system/install/motor_manager/lib:/home/csi/motion_system/install/motion_system_msgs/lib:${LD_LIBRARY_PATH} PYTHONPATH=/home/csi/motion_system/install/robot_manager/lib/python3.12/site-packages:/home/csi/motion_system/install/robots/lib/python3.12/site-packages:/home/csi/motion_system/install/scheduler/lib/python3.12/site-packages:/home/csi/motion_system/install/planner/lib/python3.12/site-packages:/home/csi/motion_system/install/kinematics/lib/python3.12/site-packages:/home/csi/motion_system/install/robot_interface/lib/python3.12/site-packages:/home/csi/motion_system/install/motion_system_msgs/lib/python3.12/site-packages:/home/csi/motion_system/install/common_robot_interface/lib/python3.12/site-packages:/opt/ros/jazzy/lib/python3.12/site-packages:/opt/openrobots/lib/python3.8/site-packages:/opt/openrobots/lib/python3.8/site-packages /usr/bin/cmake --build /home/csi/motion_system/build/motion_system_pkg -- -j24 -l24
[0.842s] [ 50%] Building CXX object CMakeFiles/motor_manager_node.dir/src/motor_manager_node.cpp.o
[1.852s] /home/csi/motion_system/ros2/motion_system_pkg/src/motor_manager_node.cpp: In member function ‘void MotorManagerNode::user_command_callback(std_msgs::msg::Empty_<std::allocator<void> >::SharedPtr)’:
[1.852s] /home/csi/motion_system/ros2/motion_system_pkg/src/motor_manager_node.cpp:92:69: warning: unused parameter ‘msg’ [-Wunused-parameter]
[1.852s]    92 | void MotorManagerNode::user_command_callback(const Empty::SharedPtr msg)
[1.852s]       |                                              ~~~~~~~~~~~~~~~~~~~~~~~^~~
[5.188s] [100%] Linking CXX executable motor_manager_node
[5.376s] [100%] Built target motor_manager_node
[5.382s] Invoked command in '/home/csi/motion_system/build/motion_system_pkg' returned '0': AMENT_PREFIX_PATH=/home/csi/motion_system/install/robot_manager:/home/csi/motion_system/install/robots:/home/csi/motion_system/install/scheduler:/home/csi/motion_system/install/planner:/home/csi/motion_system/install/kinematics:/home/csi/motion_system/install/robot_interface:/home/csi/motion_system/install/motor_manager:/home/csi/motion_system/install/motion_system_msgs:/home/csi/motion_system/install/common_robot_interface:/home/csi/motion_system/install/common_motor_interface:${AMENT_PREFIX_PATH} CMAKE_PREFIX_PATH=/home/csi/motion_system/install/motor_manager:/home/csi/motion_system/install/motion_system_msgs:/home/csi/motion_system/install/common_motor_interface:/opt/ros/jazzy/opt/gz_math_vendor:/opt/ros/jazzy/opt/gz_utils_vendor:/opt/ros/jazzy/opt/gz_cmake_vendor:/opt/openrobots:/opt/openrobots:/opt/ros/jazzy CONDA_PROMPT_MODIFIER=(base) DEBUGINFOD_URLS=https://debuginfod.ubuntu.com LD_LIBRARY_PATH=/home/csi/motion_system/install/motor_manager/lib:/home/csi/motion_system/install/motion_system_msgs/lib:${LD_LIBRARY_PATH} PYTHONPATH=/home/csi/motion_system/install/robot_manager/lib/python3.12/site-packages:/home/csi/motion_system/install/robots/lib/python3.12/site-packages:/home/csi/motion_system/install/scheduler/lib/python3.12/site-packages:/home/csi/motion_system/install/planner/lib/python3.12/site-packages:/home/csi/motion_system/install/kinematics/lib/python3.12/site-packages:/home/csi/motion_system/install/robot_interface/lib/python3.12/site-packages:/home/csi/motion_system/install/motion_system_msgs/lib/python3.12/site-packages:/home/csi/motion_system/install/common_robot_interface/lib/python3.12/site-packages:/opt/ros/jazzy/lib/python3.12/site-packages:/opt/openrobots/lib/python3.8/site-packages:/opt/openrobots/lib/python3.8/site-packages /usr/bin/cmake --build /home/csi/motion_system/build/motion_system_pkg -- -j24 -l24
[5.383s] Invoking command in '/home/csi/motion_system/build/motion_system_pkg': AMENT_PREFIX_PATH=/home/csi/motion_system/install/robot_manager:/home/csi/motion_system/install/robots:/home/csi/motion_system/install/scheduler:/home/csi/motion_system/install/planner:/home/csi/motion_system/install/kinematics:/home/csi/motion_system/install/robot_interface:/home/csi/motion_system/install/motor_manager:/home/csi/motion_system/install/motion_system_msgs:/home/csi/motion_system/install/common_robot_interface:/home/csi/motion_system/install/common_motor_interface:${AMENT_PREFIX_PATH} CMAKE_PREFIX_PATH=/home/csi/motion_system/install/motor_manager:/home/csi/motion_system/install/motion_system_msgs:/home/csi/motion_system/install/common_motor_interface:/opt/ros/jazzy/opt/gz_math_vendor:/opt/ros/jazzy/opt/gz_utils_vendor:/opt/ros/jazzy/opt/gz_cmake_vendor:/opt/openrobots:/opt/openrobots:/opt/ros/jazzy CONDA_PROMPT_MODIFIER=(base) DEBUGINFOD_URLS=https://debuginfod.ubuntu.com LD_LIBRARY_PATH=/home/csi/motion_system/install/motor_manager/lib:/home/csi/motion_system/install/motion_system_msgs/lib:${LD_LIBRARY_PATH} PYTHONPATH=/home/csi/motion_system/install/robot_manager/lib/python3.12/site-packages:/home/csi/motion_system/install/robots/lib/python3.12/site-packages:/home/csi/motion_system/install/scheduler/lib/python3.12/site-packages:/home/csi/motion_system/install/planner/lib/python3.12/site-packages:/home/csi/motion_system/install/kinematics/lib/python3.12/site-packages:/home/csi/motion_system/install/robot_interface/lib/python3.12/site-packages:/home/csi/motion_system/install/motion_system_msgs/lib/python3.12/site-packages:/home/csi/motion_system/install/common_robot_interface/lib/python3.12/site-packages:/opt/ros/jazzy/lib/python3.12/site-packages:/opt/openrobots/lib/python3.8/site-packages:/opt/openrobots/lib/python3.8/site-packages /usr/bin/cmake --install /home/csi/motion_system/build/motion_system_pkg
[5.387s] -- Install configuration: ""
[5.387s] -- Installing: /home/csi/motion_system/install/motion_system_pkg/lib/motion_system_pkg/motor_manager_node
[5.390s] -- Set non-toolchain portion of runtime path of "/home/csi/motion_system/install/motion_system_pkg/lib/motion_system_pkg/motor_manager_node" to ""
[5.391s] -- Installing: /home/csi/motion_system/install/motion_system_pkg/lib/motion_system_pkg/robot_manager_node.py
[5.391s] -- Installing: /home/csi/motion_system/install/motion_system_pkg/share/motion_system_pkg/launch
[5.391s] -- Installing: /home/csi/motion_system/install/motion_system_pkg/share/motion_system_pkg/launch/joy.launch.py
[5.391s] -- Installing: /home/csi/motion_system/install/motion_system_pkg/share/motion_system_pkg/launch/robot_manager_node.launch.py
[5.391s] -- Installing: /home/csi/motion_system/install/motion_system_pkg/share/motion_system_pkg/launch/motor_manager_node.launch.py
[5.391s] -- Installing: /home/csi/motion_system/install/motion_system_pkg/share/motion_system_pkg/config
[5.391s] -- Installing: /home/csi/motion_system/install/motion_system_pkg/share/motion_system_pkg/config/ethercat_minas.yaml
[5.391s] -- Installing: /home/csi/motion_system/install/motion_system_pkg/share/motion_system_pkg/config/ethercat_zeroerr.yaml
[5.391s] -- Installing: /home/csi/motion_system/install/motion_system_pkg/share/motion_system_pkg/config/silver_lain.yaml
[5.391s] -- Installing: /home/csi/motion_system/install/motion_system_pkg/share/motion_system_pkg/config/ethercat_integrated.yaml
[5.391s] -- Installing: /home/csi/motion_system/install/motion_system_pkg/share/motion_system_pkg/config/little_reader.yaml
[5.391s] -- Installing: /home/csi/motion_system/install/motion_system_pkg/share/motion_system_pkg/param
[5.391s] -- Installing: /home/csi/motion_system/install/motion_system_pkg/share/motion_system_pkg/param/minas_a6.yaml
[5.391s] -- Installing: /home/csi/motion_system/install/motion_system_pkg/share/motion_system_pkg/param/zeroerr_pp_v6.yaml
[5.391s] -- Installing: /home/csi/motion_system/install/motion_system_pkg/share/ament_index/resource_index/package_run_dependencies/motion_system_pkg
[5.391s] -- Installing: /home/csi/motion_system/install/motion_system_pkg/share/ament_index/resource_index/parent_prefix_path/motion_system_pkg
[5.391s] -- Installing: /home/csi/motion_system/install/motion_system_pkg/share/motion_system_pkg/environment/ament_prefix_path.sh
[5.391s] -- Installing: /home/csi/motion_system/install/motion_system_pkg/share/motion_system_pkg/environment/ament_prefix_path.dsv
[5.391s] -- Installing: /home/csi/motion_system/install/motion_system_pkg/share/motion_system_pkg/environment/path.sh
[5.392s] -- Installing: /home/csi/motion_system/install/motion_system_pkg/share/motion_system_pkg/environment/path.dsv
[5.392s] -- Installing: /home/csi/motion_system/install/motion_system_pkg/share/motion_system_pkg/local_setup.bash
[5.392s] -- Installing: /home/csi/motion_system/install/motion_system_pkg/share/motion_system_pkg/local_setup.sh
[5.392s] -- Installing: /home/csi/motion_system/install/motion_system_pkg/share/motion_system_pkg/local_setup.zsh
[5.392s] -- Installing: /home/csi/motion_system/install/motion_system_pkg/share/motion_system_pkg/local_setup.dsv
[5.392s] -- Installing: /home/csi/motion_system/install/motion_system_pkg/share/motion_system_pkg/package.dsv
[5.392s] -- Installing: /home/csi/motion_system/install/motion_system_pkg/share/ament_index/resource_index/packages/motion_system_pkg
[5.392s] -- Installing: /home/csi/motion_system/install/motion_system_pkg/share/motion_system_pkg/cmake/motion_system_pkgConfig.cmake
[5.392s] -- Installing: /home/csi/motion_system/install/motion_system_pkg/share/motion_system_pkg/cmake/motion_system_pkgConfig-version.cmake
[5.392s] -- Installing: /home/csi/motion_system/install/motion_system_pkg/share/motion_system_pkg/package.xml
[5.393s] Invoked command in '/home/csi/motion_system/build/motion_system_pkg' returned '0': AMENT_PREFIX_PATH=/home/csi/motion_system/install/robot_manager:/home/csi/motion_system/install/robots:/home/csi/motion_system/install/scheduler:/home/csi/motion_system/install/planner:/home/csi/motion_system/install/kinematics:/home/csi/motion_system/install/robot_interface:/home/csi/motion_system/install/motor_manager:/home/csi/motion_system/install/motion_system_msgs:/home/csi/motion_system/install/common_robot_interface:/home/csi/motion_system/install/common_motor_interface:${AMENT_PREFIX_PATH} CMAKE_PREFIX_PATH=/home/csi/motion_system/install/motor_manager:/home/csi/motion_system/install/motion_system_msgs:/home/csi/motion_system/install/common_motor_interface:/opt/ros/jazzy/opt/gz_math_vendor:/opt/ros/jazzy/opt/gz_utils_vendor:/opt/ros/jazzy/opt/gz_cmake_vendor:/opt/openrobots:/opt/openrobots:/opt/ros/jazzy CONDA_PROMPT_MODIFIER=(base) DEBUGINFOD_URLS=https://debuginfod.ubuntu.com LD_LIBRARY_PATH=/home/csi/motion_system/install/motor_manager/lib:/home/csi/motion_system/install/motion_system_msgs/lib:${LD_LIBRARY_PATH} PYTHONPATH=/home/csi/motion_system/install/robot_manager/lib/python3.12/site-packages:/home/csi/motion_system/install/robots/lib/python3.12/site-packages:/home/csi/motion_system/install/scheduler/lib/python3.12/site-packages:/home/csi/motion_system/install/planner/lib/python3.12/site-packages:/home/csi/motion_system/install/kinematics/lib/python3.12/site-packages:/home/csi/motion_system/install/robot_interface/lib/python3.12/site-packages:/home/csi/motion_system/install/motion_system_msgs/lib/python3.12/site-packages:/home/csi/motion_system/install/common_robot_interface/lib/python3.12/site-packages:/opt/ros/jazzy/lib/python3.12/site-packages:/opt/openrobots/lib/python3.8/site-packages:/opt/openrobots/lib/python3.8/site-packages /usr/bin/cmake --install /home/csi/motion_system/build/motion_system_pkg
