[0.112s] Invoking command in '/home/csi/motion_system/build/motion_system_rqt': CMAKE_PREFIX_PATH=${CMAKE_PREFIX_PATH}:/opt/ros/jazzy CONDA_PROMPT_MODIFIER=(base) DEBUGINFOD_URLS=https://debuginfod.ubuntu.com /usr/bin/cmake /home/csi/motion_system/ros2/motion_system_rqt -DCMAKE_INSTALL_PREFIX=/home/csi/motion_system/install/motion_system_rqt
[0.200s] -- The C compiler identification is GNU 13.3.0
[0.268s] -- The CXX compiler identification is GNU 13.3.0
[0.279s] -- Detecting C compiler ABI info
[0.333s] -- Detecting C compiler ABI info - done
[0.339s] -- Check for working C compiler: /usr/bin/cc - skipped
[0.339s] -- Detecting C compile features
[0.339s] -- Detecting C compile features - done
[0.344s] -- Detecting CXX compiler ABI info
[0.395s] -- Detecting CXX compiler ABI info - done
[0.401s] -- Check for working CXX compiler: /usr/bin/c++ - skipped
[0.401s] -- Detecting CXX compile features
[0.402s] -- Detecting CXX compile features - done
[0.403s] -- Found ament_cmake: 2.5.5 (/opt/ros/jazzy/share/ament_cmake/cmake)
[0.474s] -- Found Python3: /home/csi/anaconda3/bin/python3 (found version "3.13.9") found components: Interpreter 
[0.542s] -- Found ament_lint_auto: 0.17.4 (/opt/ros/jazzy/share/ament_lint_auto/cmake)
[0.558s] Traceback (most recent call last):
[0.559s]   File "/opt/ros/jazzy/share/ament_cmake_core/cmake/core/package_xml_2_cmake.py", line 22, in <module>
[0.560s]     from catkin_pkg.package import parse_package_string
[0.560s] ModuleNotFoundError: No module named 'catkin_pkg'
[0.563s] [31mCMake Error at /opt/ros/jazzy/share/ament_cmake_core/cmake/core/ament_package_xml.cmake:95 (message):
[0.563s]   execute_process(/home/csi/anaconda3/bin/python3
[0.563s]   /opt/ros/jazzy/share/ament_cmake_core/cmake/core/package_xml_2_cmake.py
[0.563s]   /home/csi/motion_system/ros2/motion_system_rqt/package.xml
[0.563s]   /home/csi/motion_system/build/motion_system_rqt/ament_cmake_core/package.cmake)
[0.563s]   returned error code 1
[0.563s] Call Stack (most recent call first):
[0.563s]   /opt/ros/jazzy/share/ament_cmake_core/cmake/core/ament_package_xml.cmake:49 (_ament_package_xml)
[0.563s]   /opt/ros/jazzy/share/ament_lint_auto/cmake/ament_lint_auto_find_test_dependencies.cmake:31 (ament_package_xml)
[0.563s]   CMakeLists.txt:24 (ament_lint_auto_find_test_dependencies)
[0.563s] 
[0.563s] [0m
[0.563s] -- Configuring incomplete, errors occurred!
[0.565s] Invoked command in '/home/csi/motion_system/build/motion_system_rqt' returned '1': CMAKE_PREFIX_PATH=${CMAKE_PREFIX_PATH}:/opt/ros/jazzy CONDA_PROMPT_MODIFIER=(base) DEBUGINFOD_URLS=https://debuginfod.ubuntu.com /usr/bin/cmake /home/csi/motion_system/ros2/motion_system_rqt -DCMAKE_INSTALL_PREFIX=/home/csi/motion_system/install/motion_system_rqt
