-- Found ament_cmake: 2.5.5 (/opt/ros/jazzy/share/ament_cmake/cmake)
-- Found common_motor_interface: 0.1.0 (/home/csi/motion_system/install/common_motor_interface/share/common_motor_interface/cmake)
-- Configuring done (0.2s)
-- Generating done (0.0s)
-- Build files have been written to: /home/csi/motion_system/build/motor_manager
[ 77%] Built target minas
[ 77%] Built target zeroerr
[ 77%] Built target ethercat
[100%] Built target motor_manager
-- Install configuration: ""
-- Up-to-date: /home/csi/motion_system/install/motor_manager/include
-- Up-to-date: /home/csi/motion_system/install/motor_manager/include/motor_interface
-- Up-to-date: /home/csi/motion_system/install/motor_manager/include/motor_interface/motor_master.hpp
-- Up-to-date: /home/csi/motion_system/install/motor_manager/include/motor_interface/motor_controller.hpp
-- Up-to-date: /home/csi/motion_system/install/motor_manager/include/motor_interface/motor_driver.hpp
-- Up-to-date: /home/csi/motion_system/install/motor_manager/include
-- Up-to-date: /home/csi/motion_system/install/motor_manager/include/ethercat
-- Up-to-date: /home/csi/motion_system/install/motor_manager/include/ethercat/ethercat_controller.hpp
-- Up-to-date: /home/csi/motion_system/install/motor_manager/include/ethercat/ethercat_master.hpp
-- Up-to-date: /home/csi/motion_system/install/motor_manager/include
-- Up-to-date: /home/csi/motion_system/install/motor_manager/include/minas
-- Up-to-date: /home/csi/motion_system/install/motor_manager/include/minas/minas_driver.hpp
-- Up-to-date: /home/csi/motion_system/install/motor_manager/include
-- Up-to-date: /home/csi/motion_system/install/motor_manager/include/zeroerr
-- Up-to-date: /home/csi/motion_system/install/motor_manager/include/zeroerr/zeroerr_driver.hpp
-- Up-to-date: /home/csi/motion_system/install/motor_manager/include
-- Up-to-date: /home/csi/motion_system/install/motor_manager/include/motor_manager
-- Up-to-date: /home/csi/motion_system/install/motor_manager/include/motor_manager/motor_manager.hpp
-- Up-to-date: /home/csi/motion_system/install/motor_manager/lib/libmotor_manager.so
-- Up-to-date: /home/csi/motion_system/install/motor_manager/lib/libethercat.a
-- Up-to-date: /home/csi/motion_system/install/motor_manager/lib/libminas.a
-- Up-to-date: /home/csi/motion_system/install/motor_manager/lib/libzeroerr.a
-- Up-to-date: /home/csi/motion_system/install/motor_manager/share/motor_manager/environment/library_path.sh
-- Up-to-date: /home/csi/motion_system/install/motor_manager/share/motor_manager/environment/library_path.dsv
-- Up-to-date: /home/csi/motion_system/install/motor_manager/share/ament_index/resource_index/package_run_dependencies/motor_manager
-- Up-to-date: /home/csi/motion_system/install/motor_manager/share/ament_index/resource_index/parent_prefix_path/motor_manager
-- Up-to-date: /home/csi/motion_system/install/motor_manager/share/motor_manager/environment/ament_prefix_path.sh
-- Up-to-date: /home/csi/motion_system/install/motor_manager/share/motor_manager/environment/ament_prefix_path.dsv
-- Up-to-date: /home/csi/motion_system/install/motor_manager/share/motor_manager/environment/path.sh
-- Up-to-date: /home/csi/motion_system/install/motor_manager/share/motor_manager/environment/path.dsv
-- Up-to-date: /home/csi/motion_system/install/motor_manager/share/motor_manager/local_setup.bash
-- Up-to-date: /home/csi/motion_system/install/motor_manager/share/motor_manager/local_setup.sh
-- Up-to-date: /home/csi/motion_system/install/motor_manager/share/motor_manager/local_setup.zsh
-- Up-to-date: /home/csi/motion_system/install/motor_manager/share/motor_manager/local_setup.dsv
-- Installing: /home/csi/motion_system/install/motor_manager/share/motor_manager/package.dsv
-- Up-to-date: /home/csi/motion_system/install/motor_manager/share/ament_index/resource_index/packages/motor_manager
-- Up-to-date: /home/csi/motion_system/install/motor_manager/share/motor_manager/cmake/export_motor_managerExport.cmake
-- Up-to-date: /home/csi/motion_system/install/motor_manager/share/motor_manager/cmake/export_motor_managerExport-noconfig.cmake
-- Up-to-date: /home/csi/motion_system/install/motor_manager/share/motor_manager/cmake/ament_cmake_export_targets-extras.cmake
-- Up-to-date: /home/csi/motion_system/install/motor_manager/share/motor_manager/cmake/ament_cmake_export_include_directories-extras.cmake
-- Up-to-date: /home/csi/motion_system/install/motor_manager/share/motor_manager/cmake/ament_cmake_export_dependencies-extras.cmake
-- Up-to-date: /home/csi/motion_system/install/motor_manager/share/motor_manager/cmake/motor_managerConfig.cmake
-- Up-to-date: /home/csi/motion_system/install/motor_manager/share/motor_manager/cmake/motor_managerConfig-version.cmake
-- Up-to-date: /home/csi/motion_system/install/motor_manager/share/motor_manager/package.xml
