[0.004s] Invoking command in '/home/csi/motion_system/build/motor_manager': AMENT_PREFIX_PATH=/home/csi/motion_system/install/common_motor_interface:${AMENT_PREFIX_PATH} CMAKE_PREFIX_PATH=/home/csi/motion_system/install/common_motor_interface:/opt/ros/jazzy/opt/gz_math_vendor:/opt/ros/jazzy/opt/gz_utils_vendor:/opt/ros/jazzy/opt/gz_cmake_vendor:/opt/openrobots:/opt/ros/jazzy DEBUGINFOD_URLS=https://debuginfod.ubuntu.com /usr/bin/cmake /home/csi/motion_system/lib/motor_manager -DCMAKE_INSTALL_PREFIX=/home/csi/motion_system/install/motor_manager
[0.011s] -- Found ament_cmake: 2.5.5 (/opt/ros/jazzy/share/ament_cmake/cmake)
[0.166s] -- Found common_motor_interface: 0.1.0 (/home/csi/motion_system/install/common_motor_interface/share/common_motor_interface/cmake)
[0.222s] -- Configuring done (0.2s)
[0.228s] -- Generating done (0.0s)
[0.230s] -- Build files have been written to: /home/csi/motion_system/build/motor_manager
[0.232s] Invoked command in '/home/csi/motion_system/build/motor_manager' returned '0': AMENT_PREFIX_PATH=/home/csi/motion_system/install/common_motor_interface:${AMENT_PREFIX_PATH} CMAKE_PREFIX_PATH=/home/csi/motion_system/install/common_motor_interface:/opt/ros/jazzy/opt/gz_math_vendor:/opt/ros/jazzy/opt/gz_utils_vendor:/opt/ros/jazzy/opt/gz_cmake_vendor:/opt/openrobots:/opt/ros/jazzy DEBUGINFOD_URLS=https://debuginfod.ubuntu.com /usr/bin/cmake /home/csi/motion_system/lib/motor_manager -DCMAKE_INSTALL_PREFIX=/home/csi/motion_system/install/motor_manager
[0.233s] Invoking command in '/home/csi/motion_system/build/motor_manager': AMENT_PREFIX_PATH=/home/csi/motion_system/install/common_motor_interface:${AMENT_PREFIX_PATH} CMAKE_PREFIX_PATH=/home/csi/motion_system/install/common_motor_interface:/opt/ros/jazzy/opt/gz_math_vendor:/opt/ros/jazzy/opt/gz_utils_vendor:/opt/ros/jazzy/opt/gz_cmake_vendor:/opt/openrobots:/opt/ros/jazzy DEBUGINFOD_URLS=https://debuginfod.ubuntu.com /usr/bin/cmake --build /home/csi/motion_system/build/motor_manager -- -j24 -l24
[0.262s] [ 77%] Built target minas
[0.262s] [ 77%] Built target zeroerr
[0.262s] [ 77%] Built target ethercat
[0.275s] [100%] Built target motor_manager
[0.286s] Invoked command in '/home/csi/motion_system/build/motor_manager' returned '0': AMENT_PREFIX_PATH=/home/csi/motion_system/install/common_motor_interface:${AMENT_PREFIX_PATH} CMAKE_PREFIX_PATH=/home/csi/motion_system/install/common_motor_interface:/opt/ros/jazzy/opt/gz_math_vendor:/opt/ros/jazzy/opt/gz_utils_vendor:/opt/ros/jazzy/opt/gz_cmake_vendor:/opt/openrobots:/opt/ros/jazzy DEBUGINFOD_URLS=https://debuginfod.ubuntu.com /usr/bin/cmake --build /home/csi/motion_system/build/motor_manager -- -j24 -l24
[0.286s] Invoking command in '/home/csi/motion_system/build/motor_manager': AMENT_PREFIX_PATH=/home/csi/motion_system/install/common_motor_interface:${AMENT_PREFIX_PATH} CMAKE_PREFIX_PATH=/home/csi/motion_system/install/common_motor_interface:/opt/ros/jazzy/opt/gz_math_vendor:/opt/ros/jazzy/opt/gz_utils_vendor:/opt/ros/jazzy/opt/gz_cmake_vendor:/opt/openrobots:/opt/ros/jazzy DEBUGINFOD_URLS=https://debuginfod.ubuntu.com /usr/bin/cmake --install /home/csi/motion_system/build/motor_manager
[0.291s] -- Install configuration: ""
[0.291s] -- Up-to-date: /home/csi/motion_system/install/motor_manager/include
[0.291s] -- Up-to-date: /home/csi/motion_system/install/motor_manager/include/motor_interface
[0.291s] -- Up-to-date: /home/csi/motion_system/install/motor_manager/include/motor_interface/motor_master.hpp
[0.291s] -- Up-to-date: /home/csi/motion_system/install/motor_manager/include/motor_interface/motor_controller.hpp
[0.291s] -- Up-to-date: /home/csi/motion_system/install/motor_manager/include/motor_interface/motor_driver.hpp
[0.291s] -- Up-to-date: /home/csi/motion_system/install/motor_manager/include
[0.291s] -- Up-to-date: /home/csi/motion_system/install/motor_manager/include/ethercat
[0.291s] -- Up-to-date: /home/csi/motion_system/install/motor_manager/include/ethercat/ethercat_controller.hpp
[0.291s] -- Up-to-date: /home/csi/motion_system/install/motor_manager/include/ethercat/ethercat_master.hpp
[0.291s] -- Up-to-date: /home/csi/motion_system/install/motor_manager/include
[0.291s] -- Up-to-date: /home/csi/motion_system/install/motor_manager/include/minas
[0.291s] -- Up-to-date: /home/csi/motion_system/install/motor_manager/include/minas/minas_driver.hpp
[0.291s] -- Up-to-date: /home/csi/motion_system/install/motor_manager/include
[0.291s] -- Up-to-date: /home/csi/motion_system/install/motor_manager/include/zeroerr
[0.291s] -- Up-to-date: /home/csi/motion_system/install/motor_manager/include/zeroerr/zeroerr_driver.hpp
[0.291s] -- Up-to-date: /home/csi/motion_system/install/motor_manager/include
[0.292s] -- Up-to-date: /home/csi/motion_system/install/motor_manager/include/motor_manager
[0.292s] -- Up-to-date: /home/csi/motion_system/install/motor_manager/include/motor_manager/motor_manager.hpp
[0.292s] -- Up-to-date: /home/csi/motion_system/install/motor_manager/lib/libmotor_manager.so
[0.292s] -- Up-to-date: /home/csi/motion_system/install/motor_manager/lib/libethercat.a
[0.292s] -- Up-to-date: /home/csi/motion_system/install/motor_manager/lib/libminas.a
[0.292s] -- Up-to-date: /home/csi/motion_system/install/motor_manager/lib/libzeroerr.a
[0.292s] -- Up-to-date: /home/csi/motion_system/install/motor_manager/share/motor_manager/environment/library_path.sh
[0.292s] -- Up-to-date: /home/csi/motion_system/install/motor_manager/share/motor_manager/environment/library_path.dsv
[0.292s] -- Up-to-date: /home/csi/motion_system/install/motor_manager/share/ament_index/resource_index/package_run_dependencies/motor_manager
[0.292s] -- Up-to-date: /home/csi/motion_system/install/motor_manager/share/ament_index/resource_index/parent_prefix_path/motor_manager
[0.292s] -- Up-to-date: /home/csi/motion_system/install/motor_manager/share/motor_manager/environment/ament_prefix_path.sh
[0.292s] -- Up-to-date: /home/csi/motion_system/install/motor_manager/share/motor_manager/environment/ament_prefix_path.dsv
[0.292s] -- Up-to-date: /home/csi/motion_system/install/motor_manager/share/motor_manager/environment/path.sh
[0.292s] -- Up-to-date: /home/csi/motion_system/install/motor_manager/share/motor_manager/environment/path.dsv
[0.292s] -- Up-to-date: /home/csi/motion_system/install/motor_manager/share/motor_manager/local_setup.bash
[0.292s] -- Up-to-date: /home/csi/motion_system/install/motor_manager/share/motor_manager/local_setup.sh
[0.292s] -- Up-to-date: /home/csi/motion_system/install/motor_manager/share/motor_manager/local_setup.zsh
[0.292s] -- Up-to-date: /home/csi/motion_system/install/motor_manager/share/motor_manager/local_setup.dsv
[0.292s] -- Installing: /home/csi/motion_system/install/motor_manager/share/motor_manager/package.dsv
[0.292s] -- Up-to-date: /home/csi/motion_system/install/motor_manager/share/ament_index/resource_index/packages/motor_manager
[0.292s] -- Up-to-date: /home/csi/motion_system/install/motor_manager/share/motor_manager/cmake/export_motor_managerExport.cmake
[0.292s] -- Up-to-date: /home/csi/motion_system/install/motor_manager/share/motor_manager/cmake/export_motor_managerExport-noconfig.cmake
[0.292s] -- Up-to-date: /home/csi/motion_system/install/motor_manager/share/motor_manager/cmake/ament_cmake_export_targets-extras.cmake
[0.292s] -- Up-to-date: /home/csi/motion_system/install/motor_manager/share/motor_manager/cmake/ament_cmake_export_include_directories-extras.cmake
[0.292s] -- Up-to-date: /home/csi/motion_system/install/motor_manager/share/motor_manager/cmake/ament_cmake_export_dependencies-extras.cmake
[0.292s] -- Up-to-date: /home/csi/motion_system/install/motor_manager/share/motor_manager/cmake/motor_managerConfig.cmake
[0.292s] -- Up-to-date: /home/csi/motion_system/install/motor_manager/share/motor_manager/cmake/motor_managerConfig-version.cmake
[0.292s] -- Up-to-date: /home/csi/motion_system/install/motor_manager/share/motor_manager/package.xml
[0.396s] Invoked command in '/home/csi/motion_system/build/motor_manager' returned '0': AMENT_PREFIX_PATH=/home/csi/motion_system/install/common_motor_interface:${AMENT_PREFIX_PATH} CMAKE_PREFIX_PATH=/home/csi/motion_system/install/common_motor_interface:/opt/ros/jazzy/opt/gz_math_vendor:/opt/ros/jazzy/opt/gz_utils_vendor:/opt/ros/jazzy/opt/gz_cmake_vendor:/opt/openrobots:/opt/ros/jazzy DEBUGINFOD_URLS=https://debuginfod.ubuntu.com /usr/bin/cmake --install /home/csi/motion_system/build/motor_manager
