-- The CXX compiler identification is GNU 13.3.0
-- Detecting CXX compiler ABI info
-- Detecting CXX compiler ABI info - done
-- Check for working CXX compiler: /usr/bin/c++ - skipped
-- Detecting CXX compile features
-- Detecting CXX compile features - done
-- Found ament_cmake: 2.5.5 (/opt/ros/jazzy/share/ament_cmake/cmake)
-- Found Python3: /usr/bin/python3 (found version "3.12.3") found components: Interpreter 
-- Found common_motor_interface: 0.1.0 (/home/csi/motion_system/install/common_motor_interface/share/common_motor_interface/cmake)
-- Configuring done (0.3s)
-- Generating done (0.0s)
-- Build files have been written to: /home/csi/motion_system/build/motor_manager
[ 44%] Building CXX object communications/ethercat/CMakeFiles/ethercat.dir/src/ethercat_master.cpp.o
[ 44%] Building CXX object communications/ethercat/CMakeFiles/ethercat.dir/src/ethercat_controller.cpp.o
[ 44%] Building CXX object hardware/zeroerr/CMakeFiles/zeroerr.dir/src/zeroerr_driver.cpp.o
[ 44%] Building CXX object hardware/minas/CMakeFiles/minas.dir/src/minas_driver.cpp.o
[ 55%] Linking CXX static library libethercat.a
[ 55%] Built target ethercat
[ 77%] Linking CXX static library libzeroerr.a
[ 77%] Linking CXX static library libminas.a
[ 77%] Built target zeroerr
[ 77%] Built target minas
[ 88%] Building CXX object motor_manager/CMakeFiles/motor_manager.dir/src/motor_manager.cpp.o
[100%] Linking CXX shared library libmotor_manager.so
[100%] Built target motor_manager
-- Install configuration: ""
-- Installing: /home/csi/motion_system/install/motor_manager/include
-- Installing: /home/csi/motion_system/install/motor_manager/include/motor_interface
-- Installing: /home/csi/motion_system/install/motor_manager/include/motor_interface/motor_master.hpp
-- Installing: /home/csi/motion_system/install/motor_manager/include/motor_interface/motor_controller.hpp
-- Installing: /home/csi/motion_system/install/motor_manager/include/motor_interface/motor_driver.hpp
-- Up-to-date: /home/csi/motion_system/install/motor_manager/include
-- Installing: /home/csi/motion_system/install/motor_manager/include/ethercat
-- Installing: /home/csi/motion_system/install/motor_manager/include/ethercat/ethercat_controller.hpp
-- Installing: /home/csi/motion_system/install/motor_manager/include/ethercat/ethercat_master.hpp
-- Up-to-date: /home/csi/motion_system/install/motor_manager/include
-- Installing: /home/csi/motion_system/install/motor_manager/include/minas
-- Installing: /home/csi/motion_system/install/motor_manager/include/minas/minas_driver.hpp
-- Up-to-date: /home/csi/motion_system/install/motor_manager/include
-- Installing: /home/csi/motion_system/install/motor_manager/include/zeroerr
-- Installing: /home/csi/motion_system/install/motor_manager/include/zeroerr/zeroerr_driver.hpp
-- Up-to-date: /home/csi/motion_system/install/motor_manager/include
-- Installing: /home/csi/motion_system/install/motor_manager/include/motor_manager
-- Installing: /home/csi/motion_system/install/motor_manager/include/motor_manager/motor_manager.hpp
-- Installing: /home/csi/motion_system/install/motor_manager/lib/libmotor_manager.so
-- Set non-toolchain portion of runtime path of "/home/csi/motion_system/install/motor_manager/lib/libmotor_manager.so" to ""
-- Installing: /home/csi/motion_system/install/motor_manager/lib/libethercat.a
-- Installing: /home/csi/motion_system/install/motor_manager/lib/libminas.a
-- Installing: /home/csi/motion_system/install/motor_manager/lib/libzeroerr.a
-- Installing: /home/csi/motion_system/install/motor_manager/share/motor_manager/environment/library_path.sh
-- Installing: /home/csi/motion_system/install/motor_manager/share/motor_manager/environment/library_path.dsv
-- Installing: /home/csi/motion_system/install/motor_manager/share/ament_index/resource_index/package_run_dependencies/motor_manager
-- Installing: /home/csi/motion_system/install/motor_manager/share/ament_index/resource_index/parent_prefix_path/motor_manager
-- Installing: /home/csi/motion_system/install/motor_manager/share/motor_manager/environment/ament_prefix_path.sh
-- Installing: /home/csi/motion_system/install/motor_manager/share/motor_manager/environment/ament_prefix_path.dsv
-- Installing: /home/csi/motion_system/install/motor_manager/share/motor_manager/environment/path.sh
-- Installing: /home/csi/motion_system/install/motor_manager/share/motor_manager/environment/path.dsv
-- Installing: /home/csi/motion_system/install/motor_manager/share/motor_manager/local_setup.bash
-- Installing: /home/csi/motion_system/install/motor_manager/share/motor_manager/local_setup.sh
-- Installing: /home/csi/motion_system/install/motor_manager/share/motor_manager/local_setup.zsh
-- Installing: /home/csi/motion_system/install/motor_manager/share/motor_manager/local_setup.dsv
-- Installing: /home/csi/motion_system/install/motor_manager/share/motor_manager/package.dsv
-- Installing: /home/csi/motion_system/install/motor_manager/share/ament_index/resource_index/packages/motor_manager
-- Installing: /home/csi/motion_system/install/motor_manager/share/motor_manager/cmake/export_motor_managerExport.cmake
-- Installing: /home/csi/motion_system/install/motor_manager/share/motor_manager/cmake/export_motor_managerExport-noconfig.cmake
-- Installing: /home/csi/motion_system/install/motor_manager/share/motor_manager/cmake/ament_cmake_export_targets-extras.cmake
-- Installing: /home/csi/motion_system/install/motor_manager/share/motor_manager/cmake/ament_cmake_export_include_directories-extras.cmake
-- Installing: /home/csi/motion_system/install/motor_manager/share/motor_manager/cmake/ament_cmake_export_dependencies-extras.cmake
-- Installing: /home/csi/motion_system/install/motor_manager/share/motor_manager/cmake/motor_managerConfig.cmake
-- Installing: /home/csi/motion_system/install/motor_manager/share/motor_manager/cmake/motor_managerConfig-version.cmake
-- Installing: /home/csi/motion_system/install/motor_manager/share/motor_manager/package.xml
