-- Found ament_cmake: 2.5.5 (/opt/ros/jazzy/share/ament_cmake/cmake)
-- Found ament_lint_auto: 0.17.4 (/opt/ros/jazzy/share/ament_lint_auto/cmake)
-- Added test 'flake8' to check Python code syntax and style conventions
-- Configured 'flake8' exclude dirs and/or files: 
-- Added test 'lint_cmake' to check CMake code style
-- Added test 'pep257' to check Python code against some of the docstring style conventions in PEP 257
-- Added test 'xmllint' to check XML markup files
-- Configuring done (0.2s)
-- Generating done (0.0s)
-- Build files have been written to: /home/csi/motion_system/build/motion_system_rqt
Built target ament_cmake_python_copy_motion_system_rqt
running egg_info
writing motion_system_rqt.egg-info/PKG-INFO
writing dependency_links to motion_system_rqt.egg-info/dependency_links.txt
writing top-level names to motion_system_rqt.egg-info/top_level.txt
reading manifest file 'motion_system_rqt.egg-info/SOURCES.txt'
writing manifest file 'motion_system_rqt.egg-info/SOURCES.txt'
Built target ament_cmake_python_build_motion_system_rqt_egg
-- Install configuration: ""
-- Up-to-date: /home/csi/motion_system/install/motion_system_rqt/share/motion_system_rqt/environment/pythonpath.sh
-- Up-to-date: /home/csi/motion_system/install/motion_system_rqt/share/motion_system_rqt/environment/pythonpath.dsv
-- Up-to-date: /home/csi/motion_system/install/motion_system_rqt/lib/python3.12/site-packages/motion_system_rqt-0.0.0-py3.12.egg-info
-- Installing: /home/csi/motion_system/install/motion_system_rqt/lib/python3.12/site-packages/motion_system_rqt-0.0.0-py3.12.egg-info/SOURCES.txt
-- Installing: /home/csi/motion_system/install/motion_system_rqt/lib/python3.12/site-packages/motion_system_rqt-0.0.0-py3.12.egg-info/PKG-INFO
-- Installing: /home/csi/motion_system/install/motion_system_rqt/lib/python3.12/site-packages/motion_system_rqt-0.0.0-py3.12.egg-info/dependency_links.txt
-- Installing: /home/csi/motion_system/install/motion_system_rqt/lib/python3.12/site-packages/motion_system_rqt-0.0.0-py3.12.egg-info/top_level.txt
-- Up-to-date: /home/csi/motion_system/install/motion_system_rqt/lib/python3.12/site-packages/motion_system_rqt
-- Up-to-date: /home/csi/motion_system/install/motion_system_rqt/lib/python3.12/site-packages/motion_system_rqt/__init__.py
-- Up-to-date: /home/csi/motion_system/install/motion_system_rqt/lib/python3.12/site-packages/motion_system_rqt/motion_system_controller.py
-- Up-to-date: /home/csi/motion_system/install/motion_system_rqt/lib/python3.12/site-packages/motion_system_rqt/motion_system_widget.py
Listing '/home/csi/motion_system/install/motion_system_rqt/lib/python3.12/site-packages/motion_system_rqt'...
-- Up-to-date: /home/csi/motion_system/install/motion_system_rqt/share/motion_system_rqt/plugin.xml
-- Up-to-date: /home/csi/motion_system/install/motion_system_rqt/share/motion_system_rqt/resource
-- Up-to-date: /home/csi/motion_system/install/motion_system_rqt/share/motion_system_rqt/resource/base.ui
-- Up-to-date: /home/csi/motion_system/install/motion_system_rqt/share/motion_system_rqt/launch
-- Up-to-date: /home/csi/motion_system/install/motion_system_rqt/share/motion_system_rqt/launch/motion_system_rqt.launch.py
-- Up-to-date: /home/csi/motion_system/install/motion_system_rqt/lib/motion_system_rqt/run_rqt
-- Up-to-date: /home/csi/motion_system/install/motion_system_rqt/share/ament_index/resource_index/package_run_dependencies/motion_system_rqt
-- Up-to-date: /home/csi/motion_system/install/motion_system_rqt/share/ament_index/resource_index/parent_prefix_path/motion_system_rqt
-- Up-to-date: /home/csi/motion_system/install/motion_system_rqt/share/motion_system_rqt/environment/ament_prefix_path.sh
-- Up-to-date: /home/csi/motion_system/install/motion_system_rqt/share/motion_system_rqt/environment/ament_prefix_path.dsv
-- Up-to-date: /home/csi/motion_system/install/motion_system_rqt/share/motion_system_rqt/environment/path.sh
-- Up-to-date: /home/csi/motion_system/install/motion_system_rqt/share/motion_system_rqt/environment/path.dsv
-- Up-to-date: /home/csi/motion_system/install/motion_system_rqt/share/motion_system_rqt/local_setup.bash
-- Up-to-date: /home/csi/motion_system/install/motion_system_rqt/share/motion_system_rqt/local_setup.sh
-- Up-to-date: /home/csi/motion_system/install/motion_system_rqt/share/motion_system_rqt/local_setup.zsh
-- Up-to-date: /home/csi/motion_system/install/motion_system_rqt/share/motion_system_rqt/local_setup.dsv
-- Installing: /home/csi/motion_system/install/motion_system_rqt/share/motion_system_rqt/package.dsv
-- Up-to-date: /home/csi/motion_system/install/motion_system_rqt/share/ament_index/resource_index/packages/motion_system_rqt
-- Up-to-date: /home/csi/motion_system/install/motion_system_rqt/share/motion_system_rqt/cmake/motion_system_rqtConfig.cmake
-- Up-to-date: /home/csi/motion_system/install/motion_system_rqt/share/motion_system_rqt/cmake/motion_system_rqtConfig-version.cmake
-- Up-to-date: /home/csi/motion_system/install/motion_system_rqt/share/motion_system_rqt/package.xml
