[0.110s] Invoking command in '/home/csi/motion_system/build/motion_system_rqt': CMAKE_PREFIX_PATH=${CMAKE_PREFIX_PATH}:/opt/ros/jazzy DEBUGINFOD_URLS=https://debuginfod.ubuntu.com /usr/bin/cmake /home/csi/motion_system/ros2/motion_system_rqt -DCMAKE_INSTALL_PREFIX=/home/csi/motion_system/install/motion_system_rqt
[0.117s] -- Found ament_cmake: 2.5.5 (/opt/ros/jazzy/share/ament_cmake/cmake)
[0.274s] -- Found ament_lint_auto: 0.17.4 (/opt/ros/jazzy/share/ament_lint_auto/cmake)
[0.327s] -- Added test 'flake8' to check Python code syntax and style conventions
[0.327s] -- Configured 'flake8' exclude dirs and/or files: 
[0.327s] -- Added test 'lint_cmake' to check CMake code style
[0.327s] -- Added test 'pep257' to check Python code against some of the docstring style conventions in PEP 257
[0.327s] -- Added test 'xmllint' to check XML markup files
[0.328s] -- Configuring done (0.2s)
[0.328s] -- Generating done (0.0s)
[0.329s] -- Build files have been written to: /home/csi/motion_system/build/motion_system_rqt
[0.331s] Invoked command in '/home/csi/motion_system/build/motion_system_rqt' returned '0': CMAKE_PREFIX_PATH=${CMAKE_PREFIX_PATH}:/opt/ros/jazzy DEBUGINFOD_URLS=https://debuginfod.ubuntu.com /usr/bin/cmake /home/csi/motion_system/ros2/motion_system_rqt -DCMAKE_INSTALL_PREFIX=/home/csi/motion_system/install/motion_system_rqt
[0.331s] Invoking command in '/home/csi/motion_system/build/motion_system_rqt': CMAKE_PREFIX_PATH=${CMAKE_PREFIX_PATH}:/opt/ros/jazzy DEBUGINFOD_URLS=https://debuginfod.ubuntu.com /usr/bin/cmake --build /home/csi/motion_system/build/motion_system_rqt -- -j24 -l24
[0.362s] Built target ament_cmake_python_copy_motion_system_rqt
[0.470s] running egg_info
[0.478s] writing motion_system_rqt.egg-info/PKG-INFO
[0.478s] writing dependency_links to motion_system_rqt.egg-info/dependency_links.txt
[0.478s] writing top-level names to motion_system_rqt.egg-info/top_level.txt
[0.504s] reading manifest file 'motion_system_rqt.egg-info/SOURCES.txt'
[0.504s] writing manifest file 'motion_system_rqt.egg-info/SOURCES.txt'
[0.518s] Built target ament_cmake_python_build_motion_system_rqt_egg
[0.525s] Invoked command in '/home/csi/motion_system/build/motion_system_rqt' returned '0': CMAKE_PREFIX_PATH=${CMAKE_PREFIX_PATH}:/opt/ros/jazzy DEBUGINFOD_URLS=https://debuginfod.ubuntu.com /usr/bin/cmake --build /home/csi/motion_system/build/motion_system_rqt -- -j24 -l24
[0.525s] Invoking command in '/home/csi/motion_system/build/motion_system_rqt': CMAKE_PREFIX_PATH=${CMAKE_PREFIX_PATH}:/opt/ros/jazzy DEBUGINFOD_URLS=https://debuginfod.ubuntu.com /usr/bin/cmake --install /home/csi/motion_system/build/motion_system_rqt
[0.530s] -- Install configuration: ""
[0.530s] -- Up-to-date: /home/csi/motion_system/install/motion_system_rqt/share/motion_system_rqt/environment/pythonpath.sh
[0.530s] -- Up-to-date: /home/csi/motion_system/install/motion_system_rqt/share/motion_system_rqt/environment/pythonpath.dsv
[0.530s] -- Up-to-date: /home/csi/motion_system/install/motion_system_rqt/lib/python3.12/site-packages/motion_system_rqt-0.0.0-py3.12.egg-info
[0.530s] -- Installing: /home/csi/motion_system/install/motion_system_rqt/lib/python3.12/site-packages/motion_system_rqt-0.0.0-py3.12.egg-info/SOURCES.txt
[0.530s] -- Installing: /home/csi/motion_system/install/motion_system_rqt/lib/python3.12/site-packages/motion_system_rqt-0.0.0-py3.12.egg-info/PKG-INFO
[0.530s] -- Installing: /home/csi/motion_system/install/motion_system_rqt/lib/python3.12/site-packages/motion_system_rqt-0.0.0-py3.12.egg-info/dependency_links.txt
[0.530s] -- Installing: /home/csi/motion_system/install/motion_system_rqt/lib/python3.12/site-packages/motion_system_rqt-0.0.0-py3.12.egg-info/top_level.txt
[0.530s] -- Up-to-date: /home/csi/motion_system/install/motion_system_rqt/lib/python3.12/site-packages/motion_system_rqt
[0.530s] -- Up-to-date: /home/csi/motion_system/install/motion_system_rqt/lib/python3.12/site-packages/motion_system_rqt/__init__.py
[0.530s] -- Up-to-date: /home/csi/motion_system/install/motion_system_rqt/lib/python3.12/site-packages/motion_system_rqt/motion_system_controller.py
[0.530s] -- Up-to-date: /home/csi/motion_system/install/motion_system_rqt/lib/python3.12/site-packages/motion_system_rqt/motion_system_widget.py
[0.551s] Listing '/home/csi/motion_system/install/motion_system_rqt/lib/python3.12/site-packages/motion_system_rqt'...
[0.554s] -- Up-to-date: /home/csi/motion_system/install/motion_system_rqt/share/motion_system_rqt/plugin.xml
[0.554s] -- Up-to-date: /home/csi/motion_system/install/motion_system_rqt/share/motion_system_rqt/resource
[0.554s] -- Up-to-date: /home/csi/motion_system/install/motion_system_rqt/share/motion_system_rqt/resource/base.ui
[0.554s] -- Up-to-date: /home/csi/motion_system/install/motion_system_rqt/share/motion_system_rqt/launch
[0.554s] -- Up-to-date: /home/csi/motion_system/install/motion_system_rqt/share/motion_system_rqt/launch/motion_system_rqt.launch.py
[0.554s] -- Up-to-date: /home/csi/motion_system/install/motion_system_rqt/lib/motion_system_rqt/run_rqt
[0.555s] -- Up-to-date: /home/csi/motion_system/install/motion_system_rqt/share/ament_index/resource_index/package_run_dependencies/motion_system_rqt
[0.555s] -- Up-to-date: /home/csi/motion_system/install/motion_system_rqt/share/ament_index/resource_index/parent_prefix_path/motion_system_rqt
[0.555s] -- Up-to-date: /home/csi/motion_system/install/motion_system_rqt/share/motion_system_rqt/environment/ament_prefix_path.sh
[0.555s] -- Up-to-date: /home/csi/motion_system/install/motion_system_rqt/share/motion_system_rqt/environment/ament_prefix_path.dsv
[0.555s] -- Up-to-date: /home/csi/motion_system/install/motion_system_rqt/share/motion_system_rqt/environment/path.sh
[0.555s] -- Up-to-date: /home/csi/motion_system/install/motion_system_rqt/share/motion_system_rqt/environment/path.dsv
[0.555s] -- Up-to-date: /home/csi/motion_system/install/motion_system_rqt/share/motion_system_rqt/local_setup.bash
[0.555s] -- Up-to-date: /home/csi/motion_system/install/motion_system_rqt/share/motion_system_rqt/local_setup.sh
[0.555s] -- Up-to-date: /home/csi/motion_system/install/motion_system_rqt/share/motion_system_rqt/local_setup.zsh
[0.555s] -- Up-to-date: /home/csi/motion_system/install/motion_system_rqt/share/motion_system_rqt/local_setup.dsv
[0.555s] -- Installing: /home/csi/motion_system/install/motion_system_rqt/share/motion_system_rqt/package.dsv
[0.555s] -- Up-to-date: /home/csi/motion_system/install/motion_system_rqt/share/ament_index/resource_index/packages/motion_system_rqt
[0.555s] -- Up-to-date: /home/csi/motion_system/install/motion_system_rqt/share/motion_system_rqt/cmake/motion_system_rqtConfig.cmake
[0.555s] -- Up-to-date: /home/csi/motion_system/install/motion_system_rqt/share/motion_system_rqt/cmake/motion_system_rqtConfig-version.cmake
[0.555s] -- Up-to-date: /home/csi/motion_system/install/motion_system_rqt/share/motion_system_rqt/package.xml
[0.556s] Invoked command in '/home/csi/motion_system/build/motion_system_rqt' returned '0': CMAKE_PREFIX_PATH=${CMAKE_PREFIX_PATH}:/opt/ros/jazzy DEBUGINFOD_URLS=https://debuginfod.ubuntu.com /usr/bin/cmake --install /home/csi/motion_system/build/motion_system_rqt
