[0.114s] Invoking command in '/home/csi/motion_system/build/motion_system_rqt': CMAKE_PREFIX_PATH=${CMAKE_PREFIX_PATH}:/opt/ros/jazzy CONDA_PROMPT_MODIFIER=(base) DEBUGINFOD_URLS=https://debuginfod.ubuntu.com /usr/bin/cmake /home/csi/motion_system/ros2/motion_system_rqt -DCMAKE_INSTALL_PREFIX=/home/csi/motion_system/install/motion_system_rqt
[0.121s] -- Found ament_cmake: 2.5.5 (/opt/ros/jazzy/share/ament_cmake/cmake)
[0.234s] -- Found ament_lint_auto: 0.17.4 (/opt/ros/jazzy/share/ament_lint_auto/cmake)
[0.250s] Traceback (most recent call last):
[0.251s]   File "/opt/ros/jazzy/share/ament_cmake_core/cmake/core/package_xml_2_cmake.py", line 22, in <module>
[0.251s]     from catkin_pkg.package import parse_package_string
[0.251s] ModuleNotFoundError: No module named 'catkin_pkg'
[0.254s] [31mCMake Error at /opt/ros/jazzy/share/ament_cmake_core/cmake/core/ament_package_xml.cmake:95 (message):
[0.254s]   execute_process(/home/csi/anaconda3/bin/python3
[0.254s]   /opt/ros/jazzy/share/ament_cmake_core/cmake/core/package_xml_2_cmake.py
[0.254s]   /home/csi/motion_system/ros2/motion_system_rqt/package.xml
[0.254s]   /home/csi/motion_system/build/motion_system_rqt/ament_cmake_core/package.cmake)
[0.254s]   returned error code 1
[0.254s] Call Stack (most recent call first):
[0.254s]   /opt/ros/jazzy/share/ament_cmake_core/cmake/core/ament_package_xml.cmake:49 (_ament_package_xml)
[0.254s]   /opt/ros/jazzy/share/ament_lint_auto/cmake/ament_lint_auto_find_test_dependencies.cmake:31 (ament_package_xml)
[0.254s]   CMakeLists.txt:24 (ament_lint_auto_find_test_dependencies)
[0.254s] 
[0.254s] [0m
[0.254s] -- Configuring incomplete, errors occurred!
[0.258s] Invoked command in '/home/csi/motion_system/build/motion_system_rqt' returned '1': CMAKE_PREFIX_PATH=${CMAKE_PREFIX_PATH}:/opt/ros/jazzy CONDA_PROMPT_MODIFIER=(base) DEBUGINFOD_URLS=https://debuginfod.ubuntu.com /usr/bin/cmake /home/csi/motion_system/ros2/motion_system_rqt -DCMAKE_INSTALL_PREFIX=/home/csi/motion_system/install/motion_system_rqt
