[0.117s] Invoking command in '/home/csi/motion_system/build/common_motor_interface': CMAKE_PREFIX_PATH=${CMAKE_PREFIX_PATH}:/home/csi/motion_system/install/utils_pkg:/home/csi/motion_system/install/robot_manager:/home/csi/motion_system/install/robots:/home/csi/motion_system/install/scheduler:/home/csi/motion_system/install/planner:/home/csi/motion_system/install/kinematics:/home/csi/motion_system/install/robot_interface:/home/csi/motion_system/install/common_robot_interface:/opt/ros/jazzy DEBUGINFOD_URLS=https://debuginfod.ubuntu.com /usr/bin/cmake --build /home/csi/motion_system/build/common_motor_interface -- -j24 -l24
[0.144s] Invoked command in '/home/csi/motion_system/build/common_motor_interface' returned '0': CMAKE_PREFIX_PATH=${CMAKE_PREFIX_PATH}:/home/csi/motion_system/install/utils_pkg:/home/csi/motion_system/install/robot_manager:/home/csi/motion_system/install/robots:/home/csi/motion_system/install/scheduler:/home/csi/motion_system/install/planner:/home/csi/motion_system/install/kinematics:/home/csi/motion_system/install/robot_interface:/home/csi/motion_system/install/common_robot_interface:/opt/ros/jazzy DEBUGINFOD_URLS=https://debuginfod.ubuntu.com /usr/bin/cmake --build /home/csi/motion_system/build/common_motor_interface -- -j24 -l24
[0.150s] Invoking command in '/home/csi/motion_system/build/common_motor_interface': CMAKE_PREFIX_PATH=${CMAKE_PREFIX_PATH}:/home/csi/motion_system/install/utils_pkg:/home/csi/motion_system/install/robot_manager:/home/csi/motion_system/install/robots:/home/csi/motion_system/install/scheduler:/home/csi/motion_system/install/planner:/home/csi/motion_system/install/kinematics:/home/csi/motion_system/install/robot_interface:/home/csi/motion_system/install/common_robot_interface:/opt/ros/jazzy DEBUGINFOD_URLS=https://debuginfod.ubuntu.com /usr/bin/cmake --install /home/csi/motion_system/build/common_motor_interface
[0.154s] -- Install configuration: ""
[0.154s] -- Up-to-date: /home/csi/motion_system/install/common_motor_interface/include
[0.154s] -- Up-to-date: /home/csi/motion_system/install/common_motor_interface/include/common_motor_interface
[0.154s] -- Up-to-date: /home/csi/motion_system/install/common_motor_interface/include/common_motor_interface/motor_frame.hpp
[0.154s] -- Up-to-date: /home/csi/motion_system/install/common_motor_interface/share/ament_index/resource_index/package_run_dependencies/common_motor_interface
[0.154s] -- Up-to-date: /home/csi/motion_system/install/common_motor_interface/share/ament_index/resource_index/parent_prefix_path/common_motor_interface
[0.154s] -- Up-to-date: /home/csi/motion_system/install/common_motor_interface/share/common_motor_interface/environment/ament_prefix_path.sh
[0.154s] -- Up-to-date: /home/csi/motion_system/install/common_motor_interface/share/common_motor_interface/environment/ament_prefix_path.dsv
[0.154s] -- Up-to-date: /home/csi/motion_system/install/common_motor_interface/share/common_motor_interface/environment/path.sh
[0.154s] -- Up-to-date: /home/csi/motion_system/install/common_motor_interface/share/common_motor_interface/environment/path.dsv
[0.154s] -- Up-to-date: /home/csi/motion_system/install/common_motor_interface/share/common_motor_interface/local_setup.bash
[0.154s] -- Up-to-date: /home/csi/motion_system/install/common_motor_interface/share/common_motor_interface/local_setup.sh
[0.154s] -- Up-to-date: /home/csi/motion_system/install/common_motor_interface/share/common_motor_interface/local_setup.zsh
[0.154s] -- Up-to-date: /home/csi/motion_system/install/common_motor_interface/share/common_motor_interface/local_setup.dsv
[0.154s] -- Installing: /home/csi/motion_system/install/common_motor_interface/share/common_motor_interface/package.dsv
[0.154s] -- Up-to-date: /home/csi/motion_system/install/common_motor_interface/share/ament_index/resource_index/packages/common_motor_interface
[0.154s] -- Up-to-date: /home/csi/motion_system/install/common_motor_interface/share/common_motor_interface/cmake/export_common_motor_interfaceExport.cmake
[0.154s] -- Up-to-date: /home/csi/motion_system/install/common_motor_interface/share/common_motor_interface/cmake/ament_cmake_export_targets-extras.cmake
[0.154s] -- Up-to-date: /home/csi/motion_system/install/common_motor_interface/share/common_motor_interface/cmake/common_motor_interfaceConfig.cmake
[0.154s] -- Up-to-date: /home/csi/motion_system/install/common_motor_interface/share/common_motor_interface/cmake/common_motor_interfaceConfig-version.cmake
[0.154s] -- Up-to-date: /home/csi/motion_system/install/common_motor_interface/share/common_motor_interface/package.xml
[0.155s] Invoked command in '/home/csi/motion_system/build/common_motor_interface' returned '0': CMAKE_PREFIX_PATH=${CMAKE_PREFIX_PATH}:/home/csi/motion_system/install/utils_pkg:/home/csi/motion_system/install/robot_manager:/home/csi/motion_system/install/robots:/home/csi/motion_system/install/scheduler:/home/csi/motion_system/install/planner:/home/csi/motion_system/install/kinematics:/home/csi/motion_system/install/robot_interface:/home/csi/motion_system/install/common_robot_interface:/opt/ros/jazzy DEBUGINFOD_URLS=https://debuginfod.ubuntu.com /usr/bin/cmake --install /home/csi/motion_system/build/common_motor_interface
