[0.113s] Invoking command in '/home/csi/motion_system/build/common_motor_interface': CMAKE_PREFIX_PATH=${CMAKE_PREFIX_PATH}:/opt/ros/jazzy CONDA_PROMPT_MODIFIER=(base) DEBUGINFOD_URLS=https://debuginfod.ubuntu.com /usr/bin/cmake /home/csi/motion_system/common/common_motor_interface -DCMAKE_INSTALL_PREFIX=/home/csi/motion_system/install/common_motor_interface
[0.121s] -- Found ament_cmake: 2.5.5 (/opt/ros/jazzy/share/ament_cmake/cmake)
[0.255s] Traceback (most recent call last):
[0.256s]   File "/opt/ros/jazzy/share/ament_cmake_core/cmake/core/package_xml_2_cmake.py", line 22, in <module>
[0.256s]     from catkin_pkg.package import parse_package_string
[0.256s] ModuleNotFoundError: No module named 'catkin_pkg'
[0.258s] [31mCMake Error at /opt/ros/jazzy/share/ament_cmake_core/cmake/core/ament_package_xml.cmake:95 (message):
[0.258s]   execute_process(/home/csi/anaconda3/bin/python3
[0.258s]   /opt/ros/jazzy/share/ament_cmake_core/cmake/core/package_xml_2_cmake.py
[0.258s]   /home/csi/motion_system/common/common_motor_interface/package.xml
[0.259s]   /home/csi/motion_system/build/common_motor_interface/ament_cmake_core/package.cmake)
[0.259s]   returned error code 1
[0.259s] Call Stack (most recent call first):
[0.259s]   /opt/ros/jazzy/share/ament_cmake_core/cmake/core/ament_package_xml.cmake:49 (_ament_package_xml)
[0.259s]   /opt/ros/jazzy/share/ament_cmake_core/cmake/core/ament_package.cmake:63 (ament_package_xml)
[0.259s]   CMakeLists.txt:15 (ament_package)
[0.259s] 
[0.259s] [0m
[0.259s] -- Configuring incomplete, errors occurred!
[0.262s] Invoked command in '/home/csi/motion_system/build/common_motor_interface' returned '1': CMAKE_PREFIX_PATH=${CMAKE_PREFIX_PATH}:/opt/ros/jazzy CONDA_PROMPT_MODIFIER=(base) DEBUGINFOD_URLS=https://debuginfod.ubuntu.com /usr/bin/cmake /home/csi/motion_system/common/common_motor_interface -DCMAKE_INSTALL_PREFIX=/home/csi/motion_system/install/common_motor_interface
