[0.108s] Invoking command in '/home/csi/motion_system/build/motion_system_msgs': CMAKE_PREFIX_PATH=${CMAKE_PREFIX_PATH}:/opt/ros/jazzy DEBUGINFOD_URLS=https://debuginfod.ubuntu.com /usr/bin/cmake /home/csi/motion_system/ros2/motion_system_msgs -DCMAKE_INSTALL_PREFIX=/home/csi/motion_system/install/motion_system_msgs
[0.116s] -- Found ament_cmake: 2.5.5 (/opt/ros/jazzy/share/ament_cmake/cmake)
[0.232s] -- Found std_msgs: 5.3.6 (/opt/ros/jazzy/share/std_msgs/cmake)
[0.246s] -- Found rosidl_generator_c: 4.6.7 (/opt/ros/jazzy/share/rosidl_generator_c/cmake)
[0.250s] -- Found rosidl_generator_cpp: 4.6.7 (/opt/ros/jazzy/share/rosidl_generator_cpp/cmake)
[0.257s] -- Using all available rosidl_typesupport_c: rosidl_typesupport_fastrtps_c;rosidl_typesupport_introspection_c
[0.264s] -- Using all available rosidl_typesupport_cpp: rosidl_typesupport_fastrtps_cpp;rosidl_typesupport_introspection_cpp
[0.281s] -- Found rosidl_default_generators: 1.6.0 (/opt/ros/jazzy/share/rosidl_default_generators/cmake)
[0.285s] -- Found rosidl_adapter: 4.6.7 (/opt/ros/jazzy/share/rosidl_adapter/cmake)
[0.389s] [31mCMake Error at /opt/ros/jazzy/share/rosidl_adapter/cmake/rosidl_adapt_interfaces.cmake:57 (message):
[0.389s]   execute_process(/home/csi/anaconda3/bin/python3 -m rosidl_adapter
[0.389s]   --package-name motion_system_msgs --arguments-file
[0.389s]   /home/csi/motion_system/build/motion_system_msgs/rosidl_adapter__arguments__motion_system_msgs.json
[0.389s]   --output-dir
[0.389s]   /home/csi/motion_system/build/motion_system_msgs/rosidl_adapter/motion_system_msgs
[0.389s]   --output-file
[0.389s]   /home/csi/motion_system/build/motion_system_msgs/rosidl_adapter/motion_system_msgs.idls)
[0.389s]   returned error code 1:
[0.389s] 
[0.389s]   Traceback (most recent call last):
[0.389s] 
[0.389s]     File "<frozen runpy>", line 198, in _run_module_as_main
[0.389s]     File "<frozen runpy>", line 88, in _run_code
[0.389s]     File "/opt/ros/jazzy/lib/python3.12/site-packages/rosidl_adapter/__main__.py", line 19, in <module>
[0.389s]       sys.exit(main())
[0.389s]                ~~~~^^
[0.389s]     File "/opt/ros/jazzy/lib/python3.12/site-packages/rosidl_adapter/main.py", line 53, in main
[0.389s]       abs_idl_file = convert_to_idl(
[0.389s]           pathlib.Path(basepath), args.package_name,
[0.389s]           pathlib.Path(relative_path), output_dir)
[0.389s]     File "/opt/ros/jazzy/lib/python3.12/site-packages/rosidl_adapter/__init__.py", line 18, in convert_to_idl
[0.389s]       from rosidl_adapter.msg import convert_msg_to_idl
[0.389s]     File "/opt/ros/jazzy/lib/python3.12/site-packages/rosidl_adapter/msg/__init__.py", line 16, in <module>
[0.389s]       from rosidl_adapter.resource import expand_template
[0.389s]     File "/opt/ros/jazzy/lib/python3.12/site-packages/rosidl_adapter/resource/__init__.py", line 19, in <module>
[0.389s]       import em
[0.390s] 
[0.390s]   ModuleNotFoundError: No module named 'em'
[0.390s] 
[0.390s] Call Stack (most recent call first):
[0.390s]   /opt/ros/jazzy/share/rosidl_cmake/cmake/rosidl_generate_interfaces.cmake:132 (rosidl_adapt_interfaces)
[0.390s]   CMakeLists.txt:20 (rosidl_generate_interfaces)
[0.390s] 
[0.390s] [0m
[0.390s] -- Configuring incomplete, errors occurred!
