[0.396s] Invoking command in '/home/csi/motion_system/lib/robot_manager/core/robot_interface': AMENT_PREFIX_PATH=/home/csi/motion_system/install/common_robot_interface:${AMENT_PREFIX_PATH} CONDA_PROMPT_MODIFIER=(base) DEBUGINFOD_URLS=https://debuginfod.ubuntu.com PYTHONPATH=/home/csi/motion_system/build/robot_interface/prefix_override:/usr/lib/python3/dist-packages/colcon_core/task/python/colcon_distutils_commands:/home/csi/motion_system/install/robot_interface/lib/python3.12/site-packages:/home/csi/motion_system/install/common_robot_interface/lib/python3.12/site-packages:/opt/ros/jazzy/lib/python3.12/site-packages:/opt/openrobots/lib/python3.8/site-packages:/opt/openrobots/lib/python3.8/site-packages /usr/bin/python3 -W ignore:setup.py install is deprecated -W ignore:easy_install command is deprecated setup.py egg_info --egg-base ../../../../build/robot_interface build --build-base /home/csi/motion_system/build/robot_interface/build install --record /home/csi/motion_system/build/robot_interface/install.log --single-version-externally-managed install_data
[0.525s] running egg_info
[0.525s] creating ../../../../build/robot_interface/robot_interface.egg-info
[0.534s] writing ../../../../build/robot_interface/robot_interface.egg-info/PKG-INFO
[0.534s] writing dependency_links to ../../../../build/robot_interface/robot_interface.egg-info/dependency_links.txt
[0.534s] writing requirements to ../../../../build/robot_interface/robot_interface.egg-info/requires.txt
[0.534s] writing top-level names to ../../../../build/robot_interface/robot_interface.egg-info/top_level.txt
[0.534s] writing manifest file '../../../../build/robot_interface/robot_interface.egg-info/SOURCES.txt'
[0.551s] reading manifest file '../../../../build/robot_interface/robot_interface.egg-info/SOURCES.txt'
[0.552s] writing manifest file '../../../../build/robot_interface/robot_interface.egg-info/SOURCES.txt'
[0.552s] running build
[0.552s] running build_py
[0.552s] creating /home/csi/motion_system/build/robot_interface/build
[0.552s] creating /home/csi/motion_system/build/robot_interface/build/lib
[0.552s] creating /home/csi/motion_system/build/robot_interface/build/lib/robot_interface
[0.552s] copying src/robot_interface/__init__.py -> /home/csi/motion_system/build/robot_interface/build/lib/robot_interface
[0.552s] copying src/robot_interface/scheduler.py -> /home/csi/motion_system/build/robot_interface/build/lib/robot_interface
[0.552s] copying src/robot_interface/planner.py -> /home/csi/motion_system/build/robot_interface/build/lib/robot_interface
[0.552s] copying src/robot_interface/kinematics_solver.py -> /home/csi/motion_system/build/robot_interface/build/lib/robot_interface
[0.552s] copying src/robot_interface/robot.py -> /home/csi/motion_system/build/robot_interface/build/lib/robot_interface
[0.552s] running install
[0.555s] running install_lib
[0.563s] creating /home/csi/motion_system/install/robot_interface/lib/python3.12/site-packages/robot_interface
[0.563s] copying /home/csi/motion_system/build/robot_interface/build/lib/robot_interface/__init__.py -> /home/csi/motion_system/install/robot_interface/lib/python3.12/site-packages/robot_interface
[0.563s] copying /home/csi/motion_system/build/robot_interface/build/lib/robot_interface/scheduler.py -> /home/csi/motion_system/install/robot_interface/lib/python3.12/site-packages/robot_interface
[0.563s] copying /home/csi/motion_system/build/robot_interface/build/lib/robot_interface/planner.py -> /home/csi/motion_system/install/robot_interface/lib/python3.12/site-packages/robot_interface
[0.563s] copying /home/csi/motion_system/build/robot_interface/build/lib/robot_interface/kinematics_solver.py -> /home/csi/motion_system/install/robot_interface/lib/python3.12/site-packages/robot_interface
[0.563s] copying /home/csi/motion_system/build/robot_interface/build/lib/robot_interface/robot.py -> /home/csi/motion_system/install/robot_interface/lib/python3.12/site-packages/robot_interface
[0.564s] byte-compiling /home/csi/motion_system/install/robot_interface/lib/python3.12/site-packages/robot_interface/__init__.py to __init__.cpython-312.pyc
[0.564s] byte-compiling /home/csi/motion_system/install/robot_interface/lib/python3.12/site-packages/robot_interface/scheduler.py to scheduler.cpython-312.pyc
[0.564s] byte-compiling /home/csi/motion_system/install/robot_interface/lib/python3.12/site-packages/robot_interface/planner.py to planner.cpython-312.pyc
[0.564s] byte-compiling /home/csi/motion_system/install/robot_interface/lib/python3.12/site-packages/robot_interface/kinematics_solver.py to kinematics_solver.cpython-312.pyc
[0.564s] byte-compiling /home/csi/motion_system/install/robot_interface/lib/python3.12/site-packages/robot_interface/robot.py to robot.cpython-312.pyc
[0.565s] running install_data
[0.565s] creating /home/csi/motion_system/install/robot_interface/share/ament_index
[0.565s] creating /home/csi/motion_system/install/robot_interface/share/ament_index/resource_index
[0.565s] creating /home/csi/motion_system/install/robot_interface/share/ament_index/resource_index/packages
[0.565s] copying resource/robot_interface -> /home/csi/motion_system/install/robot_interface/share/ament_index/resource_index/packages
[0.565s] copying package.xml -> /home/csi/motion_system/install/robot_interface/share/robot_interface
[0.565s] running install_egg_info
[0.575s] Copying ../../../../build/robot_interface/robot_interface.egg-info to /home/csi/motion_system/install/robot_interface/lib/python3.12/site-packages/robot_interface-0.1.0-py3.12.egg-info
[0.575s] running install_scripts
[0.632s] writing list of installed files to '/home/csi/motion_system/build/robot_interface/install.log'
[0.645s] Invoked command in '/home/csi/motion_system/lib/robot_manager/core/robot_interface' returned '0': AMENT_PREFIX_PATH=/home/csi/motion_system/install/common_robot_interface:${AMENT_PREFIX_PATH} CONDA_PROMPT_MODIFIER=(base) DEBUGINFOD_URLS=https://debuginfod.ubuntu.com PYTHONPATH=/home/csi/motion_system/build/robot_interface/prefix_override:/usr/lib/python3/dist-packages/colcon_core/task/python/colcon_distutils_commands:/home/csi/motion_system/install/robot_interface/lib/python3.12/site-packages:/home/csi/motion_system/install/common_robot_interface/lib/python3.12/site-packages:/opt/ros/jazzy/lib/python3.12/site-packages:/opt/openrobots/lib/python3.8/site-packages:/opt/openrobots/lib/python3.8/site-packages /usr/bin/python3 -W ignore:setup.py install is deprecated -W ignore:easy_install command is deprecated setup.py egg_info --egg-base ../../../../build/robot_interface build --build-base /home/csi/motion_system/build/robot_interface/build install --record /home/csi/motion_system/build/robot_interface/install.log --single-version-externally-managed install_data
