[0.006s] Invoking command in '/home/csi/motion_system/build/common_motor_interface': CMAKE_PREFIX_PATH=${CMAKE_PREFIX_PATH}:/opt/ros/jazzy CONDA_PROMPT_MODIFIER=(base) DEBUGINFOD_URLS=https://debuginfod.ubuntu.com /usr/bin/cmake /home/csi/motion_system/common/common_motor_interface -DPython3_EXECUTABLE=/usr/bin/python3 -DCMAKE_INSTALL_PREFIX=/home/csi/motion_system/install/common_motor_interface
[0.042s] -- The C compiler identification is GNU 13.3.0
[0.073s] -- The CXX compiler identification is GNU 13.3.0
[0.081s] -- Detecting C compiler ABI info
[0.132s] -- Detecting C compiler ABI info - done
[0.137s] -- Check for working C compiler: /usr/bin/cc - skipped
[0.137s] -- Detecting C compile features
[0.138s] -- Detecting C compile features - done
[0.144s] -- Detecting CXX compiler ABI info
[0.197s] -- Detecting CXX compiler ABI info - done
[0.204s] -- Check for working CXX compiler: /usr/bin/c++ - skipped
[0.204s] -- Detecting CXX compile features
[0.204s] -- Detecting CXX compile features - done
[0.205s] -- Found ament_cmake: 2.5.5 (/opt/ros/jazzy/share/ament_cmake/cmake)
[0.323s] -- Found Python3: /usr/bin/python3 (found version "3.12.3") found components: Interpreter 
[0.432s] -- Configuring done (0.4s)
[0.433s] -- Generating done (0.0s)
[0.434s] -- Build files have been written to: /home/csi/motion_system/build/common_motor_interface
[0.438s] Invoked command in '/home/csi/motion_system/build/common_motor_interface' returned '0': CMAKE_PREFIX_PATH=${CMAKE_PREFIX_PATH}:/opt/ros/jazzy CONDA_PROMPT_MODIFIER=(base) DEBUGINFOD_URLS=https://debuginfod.ubuntu.com /usr/bin/cmake /home/csi/motion_system/common/common_motor_interface -DPython3_EXECUTABLE=/usr/bin/python3 -DCMAKE_INSTALL_PREFIX=/home/csi/motion_system/install/common_motor_interface
[0.438s] Invoking command in '/home/csi/motion_system/build/common_motor_interface': CMAKE_PREFIX_PATH=${CMAKE_PREFIX_PATH}:/opt/ros/jazzy CONDA_PROMPT_MODIFIER=(base) DEBUGINFOD_URLS=https://debuginfod.ubuntu.com /usr/bin/cmake --build /home/csi/motion_system/build/common_motor_interface -- -j24 -l24
[0.459s] Invoked command in '/home/csi/motion_system/build/common_motor_interface' returned '0': CMAKE_PREFIX_PATH=${CMAKE_PREFIX_PATH}:/opt/ros/jazzy CONDA_PROMPT_MODIFIER=(base) DEBUGINFOD_URLS=https://debuginfod.ubuntu.com /usr/bin/cmake --build /home/csi/motion_system/build/common_motor_interface -- -j24 -l24
[0.464s] Invoking command in '/home/csi/motion_system/build/common_motor_interface': CMAKE_PREFIX_PATH=${CMAKE_PREFIX_PATH}:/opt/ros/jazzy CONDA_PROMPT_MODIFIER=(base) DEBUGINFOD_URLS=https://debuginfod.ubuntu.com /usr/bin/cmake --install /home/csi/motion_system/build/common_motor_interface
[0.468s] -- Install configuration: ""
[0.468s] -- Installing: /home/csi/motion_system/install/common_motor_interface/include
[0.468s] -- Installing: /home/csi/motion_system/install/common_motor_interface/include/common_motor_interface
[0.468s] -- Installing: /home/csi/motion_system/install/common_motor_interface/include/common_motor_interface/motor_frame.hpp
[0.469s] -- Installing: /home/csi/motion_system/install/common_motor_interface/share/ament_index/resource_index/package_run_dependencies/common_motor_interface
[0.469s] -- Installing: /home/csi/motion_system/install/common_motor_interface/share/ament_index/resource_index/parent_prefix_path/common_motor_interface
[0.469s] -- Installing: /home/csi/motion_system/install/common_motor_interface/share/common_motor_interface/environment/ament_prefix_path.sh
[0.469s] -- Installing: /home/csi/motion_system/install/common_motor_interface/share/common_motor_interface/environment/ament_prefix_path.dsv
[0.469s] -- Installing: /home/csi/motion_system/install/common_motor_interface/share/common_motor_interface/environment/path.sh
[0.469s] -- Installing: /home/csi/motion_system/install/common_motor_interface/share/common_motor_interface/environment/path.dsv
[0.469s] -- Installing: /home/csi/motion_system/install/common_motor_interface/share/common_motor_interface/local_setup.bash
[0.469s] -- Installing: /home/csi/motion_system/install/common_motor_interface/share/common_motor_interface/local_setup.sh
[0.469s] -- Installing: /home/csi/motion_system/install/common_motor_interface/share/common_motor_interface/local_setup.zsh
[0.469s] -- Installing: /home/csi/motion_system/install/common_motor_interface/share/common_motor_interface/local_setup.dsv
[0.469s] -- Installing: /home/csi/motion_system/install/common_motor_interface/share/common_motor_interface/package.dsv
[0.469s] -- Installing: /home/csi/motion_system/install/common_motor_interface/share/ament_index/resource_index/packages/common_motor_interface
[0.469s] -- Installing: /home/csi/motion_system/install/common_motor_interface/share/common_motor_interface/cmake/export_common_motor_interfaceExport.cmake
[0.469s] -- Installing: /home/csi/motion_system/install/common_motor_interface/share/common_motor_interface/cmake/ament_cmake_export_targets-extras.cmake
[0.469s] -- Installing: /home/csi/motion_system/install/common_motor_interface/share/common_motor_interface/cmake/common_motor_interfaceConfig.cmake
[0.469s] -- Installing: /home/csi/motion_system/install/common_motor_interface/share/common_motor_interface/cmake/common_motor_interfaceConfig-version.cmake
[0.469s] -- Installing: /home/csi/motion_system/install/common_motor_interface/share/common_motor_interface/package.xml
[0.470s] Invoked command in '/home/csi/motion_system/build/common_motor_interface' returned '0': CMAKE_PREFIX_PATH=${CMAKE_PREFIX_PATH}:/opt/ros/jazzy CONDA_PROMPT_MODIFIER=(base) DEBUGINFOD_URLS=https://debuginfod.ubuntu.com /usr/bin/cmake --install /home/csi/motion_system/build/common_motor_interface
