[0.004s] Invoking command in '/home/csi/motion_system/build/motor_manager': CMAKE_PREFIX_PATH=/home/csi/motion_system/install/common_motor_interface:/home/csi/motion_system/install/motion_system_pkg:/home/csi/motion_system/install/motor_manager:/home/csi/motion_system/install/motion_system_rqt:/home/csi/motion_system/install/motion_system_msgs:/opt/ros/jazzy/opt/gz_math_vendor:/opt/ros/jazzy/opt/gz_utils_vendor:/opt/ros/jazzy/opt/gz_cmake_vendor:/opt/openrobots:/home/csi/motion_system/install/utils_pkg:/home/csi/motion_system/install/robot_manager:/home/csi/motion_system/install/robots:/home/csi/motion_system/install/scheduler:/home/csi/motion_system/install/planner:/home/csi/motion_system/install/kinematics:/home/csi/motion_system/install/robot_interface:/home/csi/motion_system/install/common_robot_interface:/opt/ros/jazzy DEBUGINFOD_URLS=https://debuginfod.ubuntu.com /usr/bin/cmake --build /home/csi/motion_system/build/motor_manager -- -j24 -l24
[0.030s] [ 33%] Built target ethercat
[0.030s] [ 55%] Built target minas
[0.030s] [ 77%] Built target zeroerr
[0.042s] [100%] Built target motor_manager
[0.048s] Invoked command in '/home/csi/motion_system/build/motor_manager' returned '0': CMAKE_PREFIX_PATH=/home/csi/motion_system/install/common_motor_interface:/home/csi/motion_system/install/motion_system_pkg:/home/csi/motion_system/install/motor_manager:/home/csi/motion_system/install/motion_system_rqt:/home/csi/motion_system/install/motion_system_msgs:/opt/ros/jazzy/opt/gz_math_vendor:/opt/ros/jazzy/opt/gz_utils_vendor:/opt/ros/jazzy/opt/gz_cmake_vendor:/opt/openrobots:/home/csi/motion_system/install/utils_pkg:/home/csi/motion_system/install/robot_manager:/home/csi/motion_system/install/robots:/home/csi/motion_system/install/scheduler:/home/csi/motion_system/install/planner:/home/csi/motion_system/install/kinematics:/home/csi/motion_system/install/robot_interface:/home/csi/motion_system/install/common_robot_interface:/opt/ros/jazzy DEBUGINFOD_URLS=https://debuginfod.ubuntu.com /usr/bin/cmake --build /home/csi/motion_system/build/motor_manager -- -j24 -l24
[0.049s] Invoking command in '/home/csi/motion_system/build/motor_manager': CMAKE_PREFIX_PATH=/home/csi/motion_system/install/common_motor_interface:/home/csi/motion_system/install/motion_system_pkg:/home/csi/motion_system/install/motor_manager:/home/csi/motion_system/install/motion_system_rqt:/home/csi/motion_system/install/motion_system_msgs:/opt/ros/jazzy/opt/gz_math_vendor:/opt/ros/jazzy/opt/gz_utils_vendor:/opt/ros/jazzy/opt/gz_cmake_vendor:/opt/openrobots:/home/csi/motion_system/install/utils_pkg:/home/csi/motion_system/install/robot_manager:/home/csi/motion_system/install/robots:/home/csi/motion_system/install/scheduler:/home/csi/motion_system/install/planner:/home/csi/motion_system/install/kinematics:/home/csi/motion_system/install/robot_interface:/home/csi/motion_system/install/common_robot_interface:/opt/ros/jazzy DEBUGINFOD_URLS=https://debuginfod.ubuntu.com /usr/bin/cmake --install /home/csi/motion_system/build/motor_manager
[0.052s] -- Install configuration: ""
[0.052s] -- Up-to-date: /home/csi/motion_system/install/motor_manager/include
[0.053s] -- Up-to-date: /home/csi/motion_system/install/motor_manager/include/motor_interface
[0.053s] -- Up-to-date: /home/csi/motion_system/install/motor_manager/include/motor_interface/motor_master.hpp
[0.053s] -- Up-to-date: /home/csi/motion_system/install/motor_manager/include/motor_interface/motor_controller.hpp
[0.053s] -- Up-to-date: /home/csi/motion_system/install/motor_manager/include/motor_interface/motor_driver.hpp
[0.053s] -- Up-to-date: /home/csi/motion_system/install/motor_manager/include
[0.053s] -- Up-to-date: /home/csi/motion_system/install/motor_manager/include/ethercat
[0.053s] -- Up-to-date: /home/csi/motion_system/install/motor_manager/include/ethercat/ethercat_controller.hpp
[0.053s] -- Up-to-date: /home/csi/motion_system/install/motor_manager/include/ethercat/ethercat_master.hpp
[0.053s] -- Up-to-date: /home/csi/motion_system/install/motor_manager/include
[0.053s] -- Up-to-date: /home/csi/motion_system/install/motor_manager/include/minas
[0.053s] -- Up-to-date: /home/csi/motion_system/install/motor_manager/include/minas/minas_driver.hpp
[0.053s] -- Up-to-date: /home/csi/motion_system/install/motor_manager/include
[0.053s] -- Up-to-date: /home/csi/motion_system/install/motor_manager/include/zeroerr
[0.053s] -- Up-to-date: /home/csi/motion_system/install/motor_manager/include/zeroerr/zeroerr_driver.hpp
[0.053s] -- Up-to-date: /home/csi/motion_system/install/motor_manager/include
[0.053s] -- Up-to-date: /home/csi/motion_system/install/motor_manager/include/motor_manager
[0.053s] -- Up-to-date: /home/csi/motion_system/install/motor_manager/include/motor_manager/motor_manager.hpp
[0.053s] -- Up-to-date: /home/csi/motion_system/install/motor_manager/lib/libmotor_manager.so
[0.053s] -- Up-to-date: /home/csi/motion_system/install/motor_manager/lib/libethercat.a
[0.053s] -- Up-to-date: /home/csi/motion_system/install/motor_manager/lib/libminas.a
[0.053s] -- Up-to-date: /home/csi/motion_system/install/motor_manager/lib/libzeroerr.a
[0.053s] -- Up-to-date: /home/csi/motion_system/install/motor_manager/share/motor_manager/environment/library_path.sh
[0.053s] -- Up-to-date: /home/csi/motion_system/install/motor_manager/share/motor_manager/environment/library_path.dsv
[0.053s] -- Up-to-date: /home/csi/motion_system/install/motor_manager/share/ament_index/resource_index/package_run_dependencies/motor_manager
[0.053s] -- Up-to-date: /home/csi/motion_system/install/motor_manager/share/ament_index/resource_index/parent_prefix_path/motor_manager
[0.053s] -- Up-to-date: /home/csi/motion_system/install/motor_manager/share/motor_manager/environment/ament_prefix_path.sh
[0.053s] -- Up-to-date: /home/csi/motion_system/install/motor_manager/share/motor_manager/environment/ament_prefix_path.dsv
[0.053s] -- Up-to-date: /home/csi/motion_system/install/motor_manager/share/motor_manager/environment/path.sh
[0.053s] -- Up-to-date: /home/csi/motion_system/install/motor_manager/share/motor_manager/environment/path.dsv
[0.053s] -- Up-to-date: /home/csi/motion_system/install/motor_manager/share/motor_manager/local_setup.bash
[0.053s] -- Up-to-date: /home/csi/motion_system/install/motor_manager/share/motor_manager/local_setup.sh
[0.053s] -- Up-to-date: /home/csi/motion_system/install/motor_manager/share/motor_manager/local_setup.zsh
[0.053s] -- Up-to-date: /home/csi/motion_system/install/motor_manager/share/motor_manager/local_setup.dsv
[0.054s] -- Installing: /home/csi/motion_system/install/motor_manager/share/motor_manager/package.dsv
[0.054s] -- Up-to-date: /home/csi/motion_system/install/motor_manager/share/ament_index/resource_index/packages/motor_manager
[0.054s] -- Up-to-date: /home/csi/motion_system/install/motor_manager/share/motor_manager/cmake/export_motor_managerExport.cmake
[0.054s] -- Up-to-date: /home/csi/motion_system/install/motor_manager/share/motor_manager/cmake/export_motor_managerExport-noconfig.cmake
[0.054s] -- Up-to-date: /home/csi/motion_system/install/motor_manager/share/motor_manager/cmake/ament_cmake_export_targets-extras.cmake
[0.054s] -- Up-to-date: /home/csi/motion_system/install/motor_manager/share/motor_manager/cmake/ament_cmake_export_include_directories-extras.cmake
[0.054s] -- Up-to-date: /home/csi/motion_system/install/motor_manager/share/motor_manager/cmake/ament_cmake_export_dependencies-extras.cmake
[0.054s] -- Up-to-date: /home/csi/motion_system/install/motor_manager/share/motor_manager/cmake/motor_managerConfig.cmake
[0.054s] -- Up-to-date: /home/csi/motion_system/install/motor_manager/share/motor_manager/cmake/motor_managerConfig-version.cmake
[0.054s] -- Up-to-date: /home/csi/motion_system/install/motor_manager/share/motor_manager/package.xml
[0.054s] Invoked command in '/home/csi/motion_system/build/motor_manager' returned '0': CMAKE_PREFIX_PATH=/home/csi/motion_system/install/common_motor_interface:/home/csi/motion_system/install/motion_system_pkg:/home/csi/motion_system/install/motor_manager:/home/csi/motion_system/install/motion_system_rqt:/home/csi/motion_system/install/motion_system_msgs:/opt/ros/jazzy/opt/gz_math_vendor:/opt/ros/jazzy/opt/gz_utils_vendor:/opt/ros/jazzy/opt/gz_cmake_vendor:/opt/openrobots:/home/csi/motion_system/install/utils_pkg:/home/csi/motion_system/install/robot_manager:/home/csi/motion_system/install/robots:/home/csi/motion_system/install/scheduler:/home/csi/motion_system/install/planner:/home/csi/motion_system/install/kinematics:/home/csi/motion_system/install/robot_interface:/home/csi/motion_system/install/common_robot_interface:/opt/ros/jazzy DEBUGINFOD_URLS=https://debuginfod.ubuntu.com /usr/bin/cmake --install /home/csi/motion_system/build/motor_manager
