[0.108s] Invoking command in '/home/csi/motion_system/build/common_motor_interface': CMAKE_PREFIX_PATH=${CMAKE_PREFIX_PATH}:/opt/ros/jazzy DEBUGINFOD_URLS=https://debuginfod.ubuntu.com /usr/bin/cmake /home/csi/motion_system/common/common_motor_interface -DCMAKE_INSTALL_PREFIX=/home/csi/motion_system/install/common_motor_interface
[0.120s] -- Found ament_cmake: 2.5.5 (/opt/ros/jazzy/share/ament_cmake/cmake)
[0.324s] -- Configuring done (0.2s)
[0.325s] -- Generating done (0.0s)
[0.326s] -- Build files have been written to: /home/csi/motion_system/build/common_motor_interface
[0.329s] Invoked command in '/home/csi/motion_system/build/common_motor_interface' returned '0': CMAKE_PREFIX_PATH=${CMAKE_PREFIX_PATH}:/opt/ros/jazzy DEBUGINFOD_URLS=https://debuginfod.ubuntu.com /usr/bin/cmake /home/csi/motion_system/common/common_motor_interface -DCMAKE_INSTALL_PREFIX=/home/csi/motion_system/install/common_motor_interface
[0.330s] Invoking command in '/home/csi/motion_system/build/common_motor_interface': CMAKE_PREFIX_PATH=${CMAKE_PREFIX_PATH}:/opt/ros/jazzy DEBUGINFOD_URLS=https://debuginfod.ubuntu.com /usr/bin/cmake --build /home/csi/motion_system/build/common_motor_interface -- -j24 -l24
[0.349s] Invoked command in '/home/csi/motion_system/build/common_motor_interface' returned '0': CMAKE_PREFIX_PATH=${CMAKE_PREFIX_PATH}:/opt/ros/jazzy DEBUGINFOD_URLS=https://debuginfod.ubuntu.com /usr/bin/cmake --build /home/csi/motion_system/build/common_motor_interface -- -j24 -l24
[0.355s] Invoking command in '/home/csi/motion_system/build/common_motor_interface': CMAKE_PREFIX_PATH=${CMAKE_PREFIX_PATH}:/opt/ros/jazzy DEBUGINFOD_URLS=https://debuginfod.ubuntu.com /usr/bin/cmake --install /home/csi/motion_system/build/common_motor_interface
[0.359s] -- Install configuration: ""
[0.359s] -- Up-to-date: /home/csi/motion_system/install/common_motor_interface/include
[0.359s] -- Up-to-date: /home/csi/motion_system/install/common_motor_interface/include/common_motor_interface
[0.359s] -- Up-to-date: /home/csi/motion_system/install/common_motor_interface/include/common_motor_interface/motor_frame.hpp
[0.359s] -- Up-to-date: /home/csi/motion_system/install/common_motor_interface/share/ament_index/resource_index/package_run_dependencies/common_motor_interface
[0.359s] -- Up-to-date: /home/csi/motion_system/install/common_motor_interface/share/ament_index/resource_index/parent_prefix_path/common_motor_interface
[0.359s] -- Up-to-date: /home/csi/motion_system/install/common_motor_interface/share/common_motor_interface/environment/ament_prefix_path.sh
[0.359s] -- Up-to-date: /home/csi/motion_system/install/common_motor_interface/share/common_motor_interface/environment/ament_prefix_path.dsv
[0.359s] -- Up-to-date: /home/csi/motion_system/install/common_motor_interface/share/common_motor_interface/environment/path.sh
[0.359s] -- Up-to-date: /home/csi/motion_system/install/common_motor_interface/share/common_motor_interface/environment/path.dsv
[0.359s] -- Up-to-date: /home/csi/motion_system/install/common_motor_interface/share/common_motor_interface/local_setup.bash
[0.359s] -- Up-to-date: /home/csi/motion_system/install/common_motor_interface/share/common_motor_interface/local_setup.sh
[0.360s] -- Up-to-date: /home/csi/motion_system/install/common_motor_interface/share/common_motor_interface/local_setup.zsh
[0.360s] -- Up-to-date: /home/csi/motion_system/install/common_motor_interface/share/common_motor_interface/local_setup.dsv
[0.360s] -- Installing: /home/csi/motion_system/install/common_motor_interface/share/common_motor_interface/package.dsv
[0.360s] -- Up-to-date: /home/csi/motion_system/install/common_motor_interface/share/ament_index/resource_index/packages/common_motor_interface
[0.360s] -- Up-to-date: /home/csi/motion_system/install/common_motor_interface/share/common_motor_interface/cmake/export_common_motor_interfaceExport.cmake
[0.360s] -- Up-to-date: /home/csi/motion_system/install/common_motor_interface/share/common_motor_interface/cmake/ament_cmake_export_targets-extras.cmake
[0.360s] -- Up-to-date: /home/csi/motion_system/install/common_motor_interface/share/common_motor_interface/cmake/common_motor_interfaceConfig.cmake
[0.360s] -- Up-to-date: /home/csi/motion_system/install/common_motor_interface/share/common_motor_interface/cmake/common_motor_interfaceConfig-version.cmake
[0.360s] -- Up-to-date: /home/csi/motion_system/install/common_motor_interface/share/common_motor_interface/package.xml
[0.360s] Invoked command in '/home/csi/motion_system/build/common_motor_interface' returned '0': CMAKE_PREFIX_PATH=${CMAKE_PREFIX_PATH}:/opt/ros/jazzy DEBUGINFOD_URLS=https://debuginfod.ubuntu.com /usr/bin/cmake --install /home/csi/motion_system/build/common_motor_interface
