[0.113s] Invoking command in '/home/csi/motion_system/build/motion_system_msgs': CMAKE_PREFIX_PATH=${CMAKE_PREFIX_PATH}:/opt/ros/jazzy CONDA_PROMPT_MODIFIER=(base) DEBUGINFOD_URLS=https://debuginfod.ubuntu.com /usr/bin/cmake /home/csi/motion_system/ros2/motion_system_msgs -DCMAKE_INSTALL_PREFIX=/home/csi/motion_system/install/motion_system_msgs
[0.199s] -- The C compiler identification is GNU 13.3.0
[0.269s] -- The CXX compiler identification is GNU 13.3.0
[0.280s] -- Detecting C compiler ABI info
[0.335s] -- Detecting C compiler ABI info - done
[0.340s] -- Check for working C compiler: /usr/bin/cc - skipped
[0.340s] -- Detecting C compile features
[0.340s] -- Detecting C compile features - done
[0.345s] -- Detecting CXX compiler ABI info
[0.398s] -- Detecting CXX compiler ABI info - done
[0.403s] -- Check for working CXX compiler: /usr/bin/c++ - skipped
[0.404s] -- Detecting CXX compile features
[0.404s] -- Detecting CXX compile features - done
[0.405s] -- Found ament_cmake: 2.5.5 (/opt/ros/jazzy/share/ament_cmake/cmake)
[0.477s] -- Found Python3: /home/csi/anaconda3/bin/python3 (found version "3.13.9") found components: Interpreter 
[0.543s] -- Found std_msgs: 5.3.6 (/opt/ros/jazzy/share/std_msgs/cmake)
[0.571s] -- Found rosidl_generator_c: 4.6.7 (/opt/ros/jazzy/share/rosidl_generator_c/cmake)
[0.580s] -- Found rosidl_generator_cpp: 4.6.7 (/opt/ros/jazzy/share/rosidl_generator_cpp/cmake)
[0.591s] -- Using all available rosidl_typesupport_c: rosidl_typesupport_fastrtps_c;rosidl_typesupport_introspection_c
[0.603s] -- Using all available rosidl_typesupport_cpp: rosidl_typesupport_fastrtps_cpp;rosidl_typesupport_introspection_cpp
[0.626s] -- Found rosidl_default_generators: 1.6.0 (/opt/ros/jazzy/share/rosidl_default_generators/cmake)
[0.634s] -- Found rosidl_adapter: 4.6.7 (/opt/ros/jazzy/share/rosidl_adapter/cmake)
[0.740s] [31mCMake Error at /opt/ros/jazzy/share/rosidl_adapter/cmake/rosidl_adapt_interfaces.cmake:57 (message):
[0.740s]   execute_process(/home/csi/anaconda3/bin/python3 -m rosidl_adapter
[0.740s]   --package-name motion_system_msgs --arguments-file
[0.740s]   /home/csi/motion_system/build/motion_system_msgs/rosidl_adapter__arguments__motion_system_msgs.json
[0.740s]   --output-dir
[0.740s]   /home/csi/motion_system/build/motion_system_msgs/rosidl_adapter/motion_system_msgs
[0.740s]   --output-file
[0.740s]   /home/csi/motion_system/build/motion_system_msgs/rosidl_adapter/motion_system_msgs.idls)
[0.740s]   returned error code 1:
[0.740s] 
[0.741s]   Traceback (most recent call last):
[0.741s] 
[0.741s]     File "<frozen runpy>", line 198, in _run_module_as_main
[0.741s]     File "<frozen runpy>", line 88, in _run_code
[0.741s]     File "/opt/ros/jazzy/lib/python3.12/site-packages/rosidl_adapter/__main__.py", line 19, in <module>
[0.741s]       sys.exit(main())
[0.741s]                ~~~~^^
[0.741s]     File "/opt/ros/jazzy/lib/python3.12/site-packages/rosidl_adapter/main.py", line 53, in main
[0.741s]       abs_idl_file = convert_to_idl(
[0.741s]           pathlib.Path(basepath), args.package_name,
[0.741s]           pathlib.Path(relative_path), output_dir)
[0.741s]     File "/opt/ros/jazzy/lib/python3.12/site-packages/rosidl_adapter/__init__.py", line 18, in convert_to_idl
[0.741s]       from rosidl_adapter.msg import convert_msg_to_idl
[0.741s]     File "/opt/ros/jazzy/lib/python3.12/site-packages/rosidl_adapter/msg/__init__.py", line 16, in <module>
[0.741s]       from rosidl_adapter.resource import expand_template
[0.741s]     File "/opt/ros/jazzy/lib/python3.12/site-packages/rosidl_adapter/resource/__init__.py", line 19, in <module>
[0.741s]       import em
[0.741s] 
[0.741s]   ModuleNotFoundError: No module named 'em'
[0.741s] 
[0.741s] Call Stack (most recent call first):
[0.741s]   /opt/ros/jazzy/share/rosidl_cmake/cmake/rosidl_generate_interfaces.cmake:132 (rosidl_adapt_interfaces)
[0.741s]   CMakeLists.txt:20 (rosidl_generate_interfaces)
[0.741s] 
[0.741s] [0m
[0.741s] -- Configuring incomplete, errors occurred!
