[100%] Built target motor_manager_node
-- Install configuration: ""
-- Up-to-date: /home/csi/motion_system/install/motion_system_pkg/lib/motion_system_pkg/motor_manager_node
-- Up-to-date: /home/csi/motion_system/install/motion_system_pkg/lib/motion_system_pkg/robot_manager_node.py
-- Up-to-date: /home/csi/motion_system/install/motion_system_pkg/share/motion_system_pkg/launch
-- Up-to-date: /home/csi/motion_system/install/motion_system_pkg/share/motion_system_pkg/launch/joy.launch.py
-- Up-to-date: /home/csi/motion_system/install/motion_system_pkg/share/motion_system_pkg/launch/robot_manager_node.launch.py
-- Up-to-date: /home/csi/motion_system/install/motion_system_pkg/share/motion_system_pkg/launch/motor_manager_node.launch.py
-- Up-to-date: /home/csi/motion_system/install/motion_system_pkg/share/motion_system_pkg/config
-- Up-to-date: /home/csi/motion_system/install/motion_system_pkg/share/motion_system_pkg/config/ethercat_minas.yaml
-- Up-to-date: /home/csi/motion_system/install/motion_system_pkg/share/motion_system_pkg/config/ethercat_zeroerr.yaml
-- Up-to-date: /home/csi/motion_system/install/motion_system_pkg/share/motion_system_pkg/config/silver_lain.yaml
-- Up-to-date: /home/csi/motion_system/install/motion_system_pkg/share/motion_system_pkg/config/ethercat_integrated.yaml
-- Up-to-date: /home/csi/motion_system/install/motion_system_pkg/share/motion_system_pkg/config/little_reader.yaml
-- Up-to-date: /home/csi/motion_system/install/motion_system_pkg/share/motion_system_pkg/param
-- Up-to-date: /home/csi/motion_system/install/motion_system_pkg/share/motion_system_pkg/param/minas_a6.yaml
-- Up-to-date: /home/csi/motion_system/install/motion_system_pkg/share/motion_system_pkg/param/zeroerr_pp_v6.yaml
-- Up-to-date: /home/csi/motion_system/install/motion_system_pkg/share/ament_index/resource_index/package_run_dependencies/motion_system_pkg
-- Up-to-date: /home/csi/motion_system/install/motion_system_pkg/share/ament_index/resource_index/parent_prefix_path/motion_system_pkg
-- Up-to-date: /home/csi/motion_system/install/motion_system_pkg/share/motion_system_pkg/environment/ament_prefix_path.sh
-- Up-to-date: /home/csi/motion_system/install/motion_system_pkg/share/motion_system_pkg/environment/ament_prefix_path.dsv
-- Up-to-date: /home/csi/motion_system/install/motion_system_pkg/share/motion_system_pkg/environment/path.sh
-- Up-to-date: /home/csi/motion_system/install/motion_system_pkg/share/motion_system_pkg/environment/path.dsv
-- Up-to-date: /home/csi/motion_system/install/motion_system_pkg/share/motion_system_pkg/local_setup.bash
-- Up-to-date: /home/csi/motion_system/install/motion_system_pkg/share/motion_system_pkg/local_setup.sh
-- Up-to-date: /home/csi/motion_system/install/motion_system_pkg/share/motion_system_pkg/local_setup.zsh
-- Up-to-date: /home/csi/motion_system/install/motion_system_pkg/share/motion_system_pkg/local_setup.dsv
-- Installing: /home/csi/motion_system/install/motion_system_pkg/share/motion_system_pkg/package.dsv
-- Up-to-date: /home/csi/motion_system/install/motion_system_pkg/share/ament_index/resource_index/packages/motion_system_pkg
-- Up-to-date: /home/csi/motion_system/install/motion_system_pkg/share/motion_system_pkg/cmake/motion_system_pkgConfig.cmake
-- Up-to-date: /home/csi/motion_system/install/motion_system_pkg/share/motion_system_pkg/cmake/motion_system_pkgConfig-version.cmake
-- Up-to-date: /home/csi/motion_system/install/motion_system_pkg/share/motion_system_pkg/package.xml
