-- The C compiler identification is GNU 13.3.0
-- The CXX compiler identification is GNU 13.3.0
-- Detecting C compiler ABI info
-- Detecting C compiler ABI info - done
-- Check for working C compiler: /usr/bin/cc - skipped
-- Detecting C compile features
-- Detecting C compile features - done
-- Detecting CXX compiler ABI info
-- Detecting CXX compiler ABI info - done
-- Check for working CXX compiler: /usr/bin/c++ - skipped
-- Detecting CXX compile features
-- Detecting CXX compile features - done
-- Found ament_cmake: 2.5.5 (/opt/ros/jazzy/share/ament_cmake/cmake)
-- Found Python3: /usr/bin/python3 (found version "3.12.3") found components: Interpreter 
-- Found std_msgs: 5.3.6 (/opt/ros/jazzy/share/std_msgs/cmake)
-- Found rosidl_generator_c: 4.6.7 (/opt/ros/jazzy/share/rosidl_generator_c/cmake)
-- Found rosidl_generator_cpp: 4.6.7 (/opt/ros/jazzy/share/rosidl_generator_cpp/cmake)
-- Using all available rosidl_typesupport_c: rosidl_typesupport_fastrtps_c;rosidl_typesupport_introspection_c
-- Using all available rosidl_typesupport_cpp: rosidl_typesupport_fastrtps_cpp;rosidl_typesupport_introspection_cpp
-- Found rosidl_default_generators: 1.6.0 (/opt/ros/jazzy/share/rosidl_default_generators/cmake)
-- Found rosidl_adapter: 4.6.7 (/opt/ros/jazzy/share/rosidl_adapter/cmake)
-- Found ament_cmake_ros: 0.12.0 (/opt/ros/jazzy/share/ament_cmake_ros/cmake)
-- Using all available rosidl_typesupport_c: rosidl_typesupport_fastrtps_c;rosidl_typesupport_introspection_c
-- Using all available rosidl_typesupport_cpp: rosidl_typesupport_fastrtps_cpp;rosidl_typesupport_introspection_cpp
-- Found python_cmake_module: 0.11.1 (/opt/ros/jazzy/share/python_cmake_module/cmake)
-- Found PythonExtra: /usr/bin/python3  
-- Found Python3: /usr/bin/python3 (found version "3.12.3") found components: Interpreter Development NumPy Development.Module Development.Embed 
-- Found ament_lint_auto: 0.17.4 (/opt/ros/jazzy/share/ament_lint_auto/cmake)
-- Added test 'lint_cmake' to check CMake code style
-- Added test 'xmllint' to check XML markup files
-- Configuring done (2.3s)
-- Generating done (0.0s)
-- Build files have been written to: /home/csi/motion_system/build/motion_system_msgs
[  2%] Generating type hashes for ROS interfaces
[  2%] Built target ament_cmake_python_copy_motion_system_msgs
[  2%] Built target motion_system_msgs__rosidl_generator_type_description
running egg_info
creating motion_system_msgs.egg-info
[  5%] Generating C code for ROS interfaces
[  8%] Generating C++ code for ROS interfaces
writing motion_system_msgs.egg-info/PKG-INFO
writing dependency_links to motion_system_msgs.egg-info/dependency_links.txt
writing top-level names to motion_system_msgs.egg-info/top_level.txt
writing manifest file 'motion_system_msgs.egg-info/SOURCES.txt'
reading manifest file 'motion_system_msgs.egg-info/SOURCES.txt'
writing manifest file 'motion_system_msgs.egg-info/SOURCES.txt'
[  8%] Built target ament_cmake_python_build_motion_system_msgs_egg
[  8%] Built target motion_system_msgs__cpp
[ 14%] Building C object CMakeFiles/motion_system_msgs__rosidl_generator_c.dir/rosidl_generator_c/motion_system_msgs/msg/detail/motor_status__description.c.o
[ 14%] Building C object CMakeFiles/motion_system_msgs__rosidl_generator_c.dir/rosidl_generator_c/motion_system_msgs/msg/detail/motor_status__functions.c.o
[ 17%] Building C object CMakeFiles/motion_system_msgs__rosidl_generator_c.dir/rosidl_generator_c/motion_system_msgs/msg/detail/motor_status__type_support.c.o
[ 20%] Linking C shared library libmotion_system_msgs__rosidl_generator_c.so
[ 20%] Built target motion_system_msgs__rosidl_generator_c
[ 29%] Generating C++ introspection for ROS interfaces
[ 29%] Generating C++ type support dispatch for ROS interfaces
[ 29%] Generating C type support for eProsima Fast-RTPS
[ 32%] Generating C introspection for ROS interfaces
[ 35%] Generating C++ type support for eProsima Fast-RTPS
[ 38%] Generating C type support dispatch for ROS interfaces
[ 44%] Building CXX object CMakeFiles/motion_system_msgs__rosidl_typesupport_cpp.dir/rosidl_typesupport_cpp/motion_system_msgs/msg/motor_status__type_support.cpp.o
[ 44%] Building CXX object CMakeFiles/motion_system_msgs__rosidl_typesupport_c.dir/rosidl_typesupport_c/motion_system_msgs/msg/motor_status__type_support.cpp.o
[ 47%] Building C object CMakeFiles/motion_system_msgs__rosidl_typesupport_introspection_c.dir/rosidl_typesupport_introspection_c/motion_system_msgs/msg/detail/motor_status__type_support.c.o
[ 50%] Building CXX object CMakeFiles/motion_system_msgs__rosidl_typesupport_introspection_cpp.dir/rosidl_typesupport_introspection_cpp/motion_system_msgs/msg/detail/motor_status__type_support.cpp.o
[ 52%] Building CXX object CMakeFiles/motion_system_msgs__rosidl_typesupport_fastrtps_c.dir/rosidl_typesupport_fastrtps_c/motion_system_msgs/msg/detail/motor_status__type_support_c.cpp.o
[ 55%] Building CXX object CMakeFiles/motion_system_msgs__rosidl_typesupport_fastrtps_cpp.dir/rosidl_typesupport_fastrtps_cpp/motion_system_msgs/msg/detail/dds_fastrtps/motor_status__type_support.cpp.o
[ 58%] Linking CXX shared library libmotion_system_msgs__rosidl_typesupport_c.so
[ 61%] Linking C shared library libmotion_system_msgs__rosidl_typesupport_introspection_c.so
[ 61%] Built target motion_system_msgs__rosidl_typesupport_c
[ 61%] Built target motion_system_msgs__rosidl_typesupport_introspection_c
[ 64%] Linking CXX shared library libmotion_system_msgs__rosidl_typesupport_cpp.so
[ 64%] Built target motion_system_msgs__rosidl_typesupport_cpp
[ 67%] Linking CXX shared library libmotion_system_msgs__rosidl_typesupport_fastrtps_c.so
[ 70%] Linking CXX shared library libmotion_system_msgs__rosidl_typesupport_introspection_cpp.so
[ 70%] Built target motion_system_msgs__rosidl_typesupport_fastrtps_c
[ 73%] Linking CXX shared library libmotion_system_msgs__rosidl_typesupport_fastrtps_cpp.so
[ 73%] Built target motion_system_msgs__rosidl_typesupport_introspection_cpp
[ 73%] Built target motion_system_msgs__rosidl_typesupport_fastrtps_cpp
[ 73%] Built target motion_system_msgs
[ 76%] Generating Python code for ROS interfaces
[ 76%] Built target motion_system_msgs__py
[ 79%] Building C object CMakeFiles/motion_system_msgs__rosidl_generator_py.dir/rosidl_generator_py/motion_system_msgs/msg/_motor_status_s.c.o
[ 82%] Linking C shared library libmotion_system_msgs__rosidl_generator_py.so
[ 82%] Built target motion_system_msgs__rosidl_generator_py
[ 85%] Building C object CMakeFiles/motion_system_msgs_s__rosidl_typesupport_fastrtps_c.dir/rosidl_generator_py/motion_system_msgs/_motion_system_msgs_s.ep.rosidl_typesupport_fastrtps_c.c.o
[ 88%] Building C object CMakeFiles/motion_system_msgs_s__rosidl_typesupport_introspection_c.dir/rosidl_generator_py/motion_system_msgs/_motion_system_msgs_s.ep.rosidl_typesupport_introspection_c.c.o
[ 91%] Building C object CMakeFiles/motion_system_msgs_s__rosidl_typesupport_c.dir/rosidl_generator_py/motion_system_msgs/_motion_system_msgs_s.ep.rosidl_typesupport_c.c.o
[ 94%] Linking C shared module rosidl_generator_py/motion_system_msgs/motion_system_msgs_s__rosidl_typesupport_fastrtps_c.so
[ 97%] Linking C shared module rosidl_generator_py/motion_system_msgs/motion_system_msgs_s__rosidl_typesupport_introspection_c.so
[100%] Linking C shared module rosidl_generator_py/motion_system_msgs/motion_system_msgs_s__rosidl_typesupport_c.so
[100%] Built target motion_system_msgs_s__rosidl_typesupport_introspection_c
[100%] Built target motion_system_msgs_s__rosidl_typesupport_fastrtps_c
[100%] Built target motion_system_msgs_s__rosidl_typesupport_c
-- Install configuration: ""
-- Installing: /home/csi/motion_system/install/motion_system_msgs/share/ament_index/resource_index/rosidl_interfaces/motion_system_msgs
-- Installing: /home/csi/motion_system/install/motion_system_msgs/share/motion_system_msgs/msg/MotorStatus.json
-- Installing: /home/csi/motion_system/install/motion_system_msgs/include/motion_system_msgs/motion_system_msgs
-- Installing: /home/csi/motion_system/install/motion_system_msgs/include/motion_system_msgs/motion_system_msgs/msg
-- Installing: /home/csi/motion_system/install/motion_system_msgs/include/motion_system_msgs/motion_system_msgs/msg/detail
-- Installing: /home/csi/motion_system/install/motion_system_msgs/include/motion_system_msgs/motion_system_msgs/msg/detail/motor_status__struct.h
-- Installing: /home/csi/motion_system/install/motion_system_msgs/include/motion_system_msgs/motion_system_msgs/msg/detail/motor_status__functions.c
-- Installing: /home/csi/motion_system/install/motion_system_msgs/include/motion_system_msgs/motion_system_msgs/msg/detail/motor_status__type_support.c
-- Installing: /home/csi/motion_system/install/motion_system_msgs/include/motion_system_msgs/motion_system_msgs/msg/detail/motor_status__description.c
-- Installing: /home/csi/motion_system/install/motion_system_msgs/include/motion_system_msgs/motion_system_msgs/msg/detail/motor_status__type_support.h
-- Installing: /home/csi/motion_system/install/motion_system_msgs/include/motion_system_msgs/motion_system_msgs/msg/detail/motor_status__functions.h
-- Installing: /home/csi/motion_system/install/motion_system_msgs/include/motion_system_msgs/motion_system_msgs/msg/motor_status.h
-- Installing: /home/csi/motion_system/install/motion_system_msgs/include/motion_system_msgs/motion_system_msgs/msg/rosidl_generator_c__visibility_control.h
-- Installing: /home/csi/motion_system/install/motion_system_msgs/share/motion_system_msgs/environment/library_path.sh
-- Installing: /home/csi/motion_system/install/motion_system_msgs/share/motion_system_msgs/environment/library_path.dsv
-- Installing: /home/csi/motion_system/install/motion_system_msgs/lib/libmotion_system_msgs__rosidl_generator_c.so
-- Set non-toolchain portion of runtime path of "/home/csi/motion_system/install/motion_system_msgs/lib/libmotion_system_msgs__rosidl_generator_c.so" to ""
-- Up-to-date: /home/csi/motion_system/install/motion_system_msgs/include/motion_system_msgs/motion_system_msgs
-- Up-to-date: /home/csi/motion_system/install/motion_system_msgs/include/motion_system_msgs/motion_system_msgs/msg
-- Up-to-date: /home/csi/motion_system/install/motion_system_msgs/include/motion_system_msgs/motion_system_msgs/msg/detail
-- Installing: /home/csi/motion_system/install/motion_system_msgs/include/motion_system_msgs/motion_system_msgs/msg/detail/motor_status__rosidl_typesupport_fastrtps_c.h
-- Installing: /home/csi/motion_system/install/motion_system_msgs/include/motion_system_msgs/motion_system_msgs/msg/rosidl_typesupport_fastrtps_c__visibility_control.h
-- Installing: /home/csi/motion_system/install/motion_system_msgs/lib/libmotion_system_msgs__rosidl_typesupport_fastrtps_c.so
-- Set non-toolchain portion of runtime path of "/home/csi/motion_system/install/motion_system_msgs/lib/libmotion_system_msgs__rosidl_typesupport_fastrtps_c.so" to ""
-- Up-to-date: /home/csi/motion_system/install/motion_system_msgs/include/motion_system_msgs/motion_system_msgs
-- Up-to-date: /home/csi/motion_system/install/motion_system_msgs/include/motion_system_msgs/motion_system_msgs/msg
-- Installing: /home/csi/motion_system/install/motion_system_msgs/include/motion_system_msgs/motion_system_msgs/msg/rosidl_generator_cpp__visibility_control.hpp
-- Up-to-date: /home/csi/motion_system/install/motion_system_msgs/include/motion_system_msgs/motion_system_msgs/msg/detail
-- Installing: /home/csi/motion_system/install/motion_system_msgs/include/motion_system_msgs/motion_system_msgs/msg/detail/motor_status__traits.hpp
-- Installing: /home/csi/motion_system/install/motion_system_msgs/include/motion_system_msgs/motion_system_msgs/msg/detail/motor_status__type_support.hpp
-- Installing: /home/csi/motion_system/install/motion_system_msgs/include/motion_system_msgs/motion_system_msgs/msg/detail/motor_status__builder.hpp
-- Installing: /home/csi/motion_system/install/motion_system_msgs/include/motion_system_msgs/motion_system_msgs/msg/detail/motor_status__struct.hpp
-- Installing: /home/csi/motion_system/install/motion_system_msgs/include/motion_system_msgs/motion_system_msgs/msg/motor_status.hpp
-- Up-to-date: /home/csi/motion_system/install/motion_system_msgs/include/motion_system_msgs/motion_system_msgs
-- Up-to-date: /home/csi/motion_system/install/motion_system_msgs/include/motion_system_msgs/motion_system_msgs/msg
-- Up-to-date: /home/csi/motion_system/install/motion_system_msgs/include/motion_system_msgs/motion_system_msgs/msg/detail
-- Installing: /home/csi/motion_system/install/motion_system_msgs/include/motion_system_msgs/motion_system_msgs/msg/detail/dds_fastrtps
-- Installing: /home/csi/motion_system/install/motion_system_msgs/include/motion_system_msgs/motion_system_msgs/msg/detail/motor_status__rosidl_typesupport_fastrtps_cpp.hpp
-- Installing: /home/csi/motion_system/install/motion_system_msgs/include/motion_system_msgs/motion_system_msgs/msg/rosidl_typesupport_fastrtps_cpp__visibility_control.h
-- Installing: /home/csi/motion_system/install/motion_system_msgs/lib/libmotion_system_msgs__rosidl_typesupport_fastrtps_cpp.so
-- Set non-toolchain portion of runtime path of "/home/csi/motion_system/install/motion_system_msgs/lib/libmotion_system_msgs__rosidl_typesupport_fastrtps_cpp.so" to ""
-- Up-to-date: /home/csi/motion_system/install/motion_system_msgs/include/motion_system_msgs/motion_system_msgs
-- Up-to-date: /home/csi/motion_system/install/motion_system_msgs/include/motion_system_msgs/motion_system_msgs/msg
-- Up-to-date: /home/csi/motion_system/install/motion_system_msgs/include/motion_system_msgs/motion_system_msgs/msg/detail
-- Up-to-date: /home/csi/motion_system/install/motion_system_msgs/include/motion_system_msgs/motion_system_msgs/msg/detail/motor_status__type_support.c
-- Installing: /home/csi/motion_system/install/motion_system_msgs/include/motion_system_msgs/motion_system_msgs/msg/detail/motor_status__rosidl_typesupport_introspection_c.h
-- Installing: /home/csi/motion_system/install/motion_system_msgs/include/motion_system_msgs/motion_system_msgs/msg/rosidl_typesupport_introspection_c__visibility_control.h
-- Installing: /home/csi/motion_system/install/motion_system_msgs/lib/libmotion_system_msgs__rosidl_typesupport_introspection_c.so
-- Set non-toolchain portion of runtime path of "/home/csi/motion_system/install/motion_system_msgs/lib/libmotion_system_msgs__rosidl_typesupport_introspection_c.so" to ""
-- Installing: /home/csi/motion_system/install/motion_system_msgs/lib/libmotion_system_msgs__rosidl_typesupport_c.so
-- Set non-toolchain portion of runtime path of "/home/csi/motion_system/install/motion_system_msgs/lib/libmotion_system_msgs__rosidl_typesupport_c.so" to ""
-- Up-to-date: /home/csi/motion_system/install/motion_system_msgs/include/motion_system_msgs/motion_system_msgs
-- Up-to-date: /home/csi/motion_system/install/motion_system_msgs/include/motion_system_msgs/motion_system_msgs/msg
-- Up-to-date: /home/csi/motion_system/install/motion_system_msgs/include/motion_system_msgs/motion_system_msgs/msg/detail
-- Installing: /home/csi/motion_system/install/motion_system_msgs/include/motion_system_msgs/motion_system_msgs/msg/detail/motor_status__rosidl_typesupport_introspection_cpp.hpp
-- Installing: /home/csi/motion_system/install/motion_system_msgs/include/motion_system_msgs/motion_system_msgs/msg/detail/motor_status__type_support.cpp
-- Installing: /home/csi/motion_system/install/motion_system_msgs/lib/libmotion_system_msgs__rosidl_typesupport_introspection_cpp.so
-- Set non-toolchain portion of runtime path of "/home/csi/motion_system/install/motion_system_msgs/lib/libmotion_system_msgs__rosidl_typesupport_introspection_cpp.so" to ""
-- Installing: /home/csi/motion_system/install/motion_system_msgs/lib/libmotion_system_msgs__rosidl_typesupport_cpp.so
-- Set non-toolchain portion of runtime path of "/home/csi/motion_system/install/motion_system_msgs/lib/libmotion_system_msgs__rosidl_typesupport_cpp.so" to ""
-- Installing: /home/csi/motion_system/install/motion_system_msgs/share/motion_system_msgs/environment/pythonpath.sh
-- Installing: /home/csi/motion_system/install/motion_system_msgs/share/motion_system_msgs/environment/pythonpath.dsv
-- Installing: /home/csi/motion_system/install/motion_system_msgs/lib/python3.12/site-packages/motion_system_msgs-0.0.0-py3.12.egg-info
-- Installing: /home/csi/motion_system/install/motion_system_msgs/lib/python3.12/site-packages/motion_system_msgs-0.0.0-py3.12.egg-info/SOURCES.txt
-- Installing: /home/csi/motion_system/install/motion_system_msgs/lib/python3.12/site-packages/motion_system_msgs-0.0.0-py3.12.egg-info/PKG-INFO
-- Installing: /home/csi/motion_system/install/motion_system_msgs/lib/python3.12/site-packages/motion_system_msgs-0.0.0-py3.12.egg-info/dependency_links.txt
-- Installing: /home/csi/motion_system/install/motion_system_msgs/lib/python3.12/site-packages/motion_system_msgs-0.0.0-py3.12.egg-info/top_level.txt
-- Installing: /home/csi/motion_system/install/motion_system_msgs/lib/python3.12/site-packages/motion_system_msgs
-- Installing: /home/csi/motion_system/install/motion_system_msgs/lib/python3.12/site-packages/motion_system_msgs/_motion_system_msgs_s.ep.rosidl_typesupport_c.c
-- Installing: /home/csi/motion_system/install/motion_system_msgs/lib/python3.12/site-packages/motion_system_msgs/_motion_system_msgs_s.ep.rosidl_typesupport_introspection_c.c
-- Installing: /home/csi/motion_system/install/motion_system_msgs/lib/python3.12/site-packages/motion_system_msgs/__init__.py
-- Installing: /home/csi/motion_system/install/motion_system_msgs/lib/python3.12/site-packages/motion_system_msgs/msg
-- Installing: /home/csi/motion_system/install/motion_system_msgs/lib/python3.12/site-packages/motion_system_msgs/msg/__init__.py
-- Installing: /home/csi/motion_system/install/motion_system_msgs/lib/python3.12/site-packages/motion_system_msgs/msg/_motor_status.py
-- Installing: /home/csi/motion_system/install/motion_system_msgs/lib/python3.12/site-packages/motion_system_msgs/msg/_motor_status_s.c
-- Installing: /home/csi/motion_system/install/motion_system_msgs/lib/python3.12/site-packages/motion_system_msgs/motion_system_msgs_s__rosidl_typesupport_fastrtps_c.so
-- Installing: /home/csi/motion_system/install/motion_system_msgs/lib/python3.12/site-packages/motion_system_msgs/motion_system_msgs_s__rosidl_typesupport_c.so
-- Installing: /home/csi/motion_system/install/motion_system_msgs/lib/python3.12/site-packages/motion_system_msgs/motion_system_msgs_s__rosidl_typesupport_introspection_c.so
-- Installing: /home/csi/motion_system/install/motion_system_msgs/lib/python3.12/site-packages/motion_system_msgs/_motion_system_msgs_s.ep.rosidl_typesupport_fastrtps_c.c
Listing '/home/csi/motion_system/install/motion_system_msgs/lib/python3.12/site-packages/motion_system_msgs'...
Compiling '/home/csi/motion_system/install/motion_system_msgs/lib/python3.12/site-packages/motion_system_msgs/__init__.py'...
Listing '/home/csi/motion_system/install/motion_system_msgs/lib/python3.12/site-packages/motion_system_msgs/msg'...
Compiling '/home/csi/motion_system/install/motion_system_msgs/lib/python3.12/site-packages/motion_system_msgs/msg/__init__.py'...
Compiling '/home/csi/motion_system/install/motion_system_msgs/lib/python3.12/site-packages/motion_system_msgs/msg/_motor_status.py'...
-- Installing: /home/csi/motion_system/install/motion_system_msgs/lib/python3.12/site-packages/motion_system_msgs/motion_system_msgs_s__rosidl_typesupport_fastrtps_c.so
-- Set non-toolchain portion of runtime path of "/home/csi/motion_system/install/motion_system_msgs/lib/python3.12/site-packages/motion_system_msgs/motion_system_msgs_s__rosidl_typesupport_fastrtps_c.so" to ""
-- Installing: /home/csi/motion_system/install/motion_system_msgs/lib/python3.12/site-packages/motion_system_msgs/motion_system_msgs_s__rosidl_typesupport_introspection_c.so
-- Set non-toolchain portion of runtime path of "/home/csi/motion_system/install/motion_system_msgs/lib/python3.12/site-packages/motion_system_msgs/motion_system_msgs_s__rosidl_typesupport_introspection_c.so" to ""
-- Installing: /home/csi/motion_system/install/motion_system_msgs/lib/python3.12/site-packages/motion_system_msgs/motion_system_msgs_s__rosidl_typesupport_c.so
-- Set non-toolchain portion of runtime path of "/home/csi/motion_system/install/motion_system_msgs/lib/python3.12/site-packages/motion_system_msgs/motion_system_msgs_s__rosidl_typesupport_c.so" to ""
-- Installing: /home/csi/motion_system/install/motion_system_msgs/lib/libmotion_system_msgs__rosidl_generator_py.so
-- Set non-toolchain portion of runtime path of "/home/csi/motion_system/install/motion_system_msgs/lib/libmotion_system_msgs__rosidl_generator_py.so" to ""
-- Installing: /home/csi/motion_system/install/motion_system_msgs/share/motion_system_msgs/msg/MotorStatus.idl
-- Installing: /home/csi/motion_system/install/motion_system_msgs/share/motion_system_msgs/msg/MotorStatus.msg
-- Installing: /home/csi/motion_system/install/motion_system_msgs/share/ament_index/resource_index/package_run_dependencies/motion_system_msgs
-- Installing: /home/csi/motion_system/install/motion_system_msgs/share/ament_index/resource_index/parent_prefix_path/motion_system_msgs
-- Installing: /home/csi/motion_system/install/motion_system_msgs/share/motion_system_msgs/environment/ament_prefix_path.sh
-- Installing: /home/csi/motion_system/install/motion_system_msgs/share/motion_system_msgs/environment/ament_prefix_path.dsv
-- Installing: /home/csi/motion_system/install/motion_system_msgs/share/motion_system_msgs/environment/path.sh
-- Installing: /home/csi/motion_system/install/motion_system_msgs/share/motion_system_msgs/environment/path.dsv
-- Installing: /home/csi/motion_system/install/motion_system_msgs/share/motion_system_msgs/local_setup.bash
-- Installing: /home/csi/motion_system/install/motion_system_msgs/share/motion_system_msgs/local_setup.sh
-- Installing: /home/csi/motion_system/install/motion_system_msgs/share/motion_system_msgs/local_setup.zsh
-- Installing: /home/csi/motion_system/install/motion_system_msgs/share/motion_system_msgs/local_setup.dsv
-- Installing: /home/csi/motion_system/install/motion_system_msgs/share/motion_system_msgs/package.dsv
-- Installing: /home/csi/motion_system/install/motion_system_msgs/share/ament_index/resource_index/packages/motion_system_msgs
-- Installing: /home/csi/motion_system/install/motion_system_msgs/share/motion_system_msgs/cmake/export_motion_system_msgs__rosidl_generator_cExport.cmake
-- Installing: /home/csi/motion_system/install/motion_system_msgs/share/motion_system_msgs/cmake/export_motion_system_msgs__rosidl_generator_cExport-noconfig.cmake
-- Installing: /home/csi/motion_system/install/motion_system_msgs/share/motion_system_msgs/cmake/export_motion_system_msgs__rosidl_typesupport_fastrtps_cExport.cmake
-- Installing: /home/csi/motion_system/install/motion_system_msgs/share/motion_system_msgs/cmake/export_motion_system_msgs__rosidl_typesupport_fastrtps_cExport-noconfig.cmake
-- Installing: /home/csi/motion_system/install/motion_system_msgs/share/motion_system_msgs/cmake/export_motion_system_msgs__rosidl_generator_cppExport.cmake
-- Installing: /home/csi/motion_system/install/motion_system_msgs/share/motion_system_msgs/cmake/export_motion_system_msgs__rosidl_typesupport_fastrtps_cppExport.cmake
-- Installing: /home/csi/motion_system/install/motion_system_msgs/share/motion_system_msgs/cmake/export_motion_system_msgs__rosidl_typesupport_fastrtps_cppExport-noconfig.cmake
-- Installing: /home/csi/motion_system/install/motion_system_msgs/share/motion_system_msgs/cmake/motion_system_msgs__rosidl_typesupport_introspection_cExport.cmake
-- Installing: /home/csi/motion_system/install/motion_system_msgs/share/motion_system_msgs/cmake/motion_system_msgs__rosidl_typesupport_introspection_cExport-noconfig.cmake
-- Installing: /home/csi/motion_system/install/motion_system_msgs/share/motion_system_msgs/cmake/motion_system_msgs__rosidl_typesupport_cExport.cmake
-- Installing: /home/csi/motion_system/install/motion_system_msgs/share/motion_system_msgs/cmake/motion_system_msgs__rosidl_typesupport_cExport-noconfig.cmake
-- Installing: /home/csi/motion_system/install/motion_system_msgs/share/motion_system_msgs/cmake/motion_system_msgs__rosidl_typesupport_introspection_cppExport.cmake
-- Installing: /home/csi/motion_system/install/motion_system_msgs/share/motion_system_msgs/cmake/motion_system_msgs__rosidl_typesupport_introspection_cppExport-noconfig.cmake
-- Installing: /home/csi/motion_system/install/motion_system_msgs/share/motion_system_msgs/cmake/motion_system_msgs__rosidl_typesupport_cppExport.cmake
-- Installing: /home/csi/motion_system/install/motion_system_msgs/share/motion_system_msgs/cmake/motion_system_msgs__rosidl_typesupport_cppExport-noconfig.cmake
-- Installing: /home/csi/motion_system/install/motion_system_msgs/share/motion_system_msgs/cmake/export_motion_system_msgs__rosidl_generator_pyExport.cmake
-- Installing: /home/csi/motion_system/install/motion_system_msgs/share/motion_system_msgs/cmake/export_motion_system_msgs__rosidl_generator_pyExport-noconfig.cmake
-- Installing: /home/csi/motion_system/install/motion_system_msgs/share/motion_system_msgs/cmake/rosidl_cmake-extras.cmake
-- Installing: /home/csi/motion_system/install/motion_system_msgs/share/motion_system_msgs/cmake/ament_cmake_export_dependencies-extras.cmake
-- Installing: /home/csi/motion_system/install/motion_system_msgs/share/motion_system_msgs/cmake/ament_cmake_export_include_directories-extras.cmake
-- Installing: /home/csi/motion_system/install/motion_system_msgs/share/motion_system_msgs/cmake/ament_cmake_export_libraries-extras.cmake
-- Installing: /home/csi/motion_system/install/motion_system_msgs/share/motion_system_msgs/cmake/ament_cmake_export_targets-extras.cmake
-- Installing: /home/csi/motion_system/install/motion_system_msgs/share/motion_system_msgs/cmake/rosidl_cmake_export_typesupport_targets-extras.cmake
-- Installing: /home/csi/motion_system/install/motion_system_msgs/share/motion_system_msgs/cmake/rosidl_cmake_export_typesupport_libraries-extras.cmake
-- Installing: /home/csi/motion_system/install/motion_system_msgs/share/motion_system_msgs/cmake/motion_system_msgsConfig.cmake
-- Installing: /home/csi/motion_system/install/motion_system_msgs/share/motion_system_msgs/cmake/motion_system_msgsConfig-version.cmake
-- Installing: /home/csi/motion_system/install/motion_system_msgs/share/motion_system_msgs/package.xml
