[0.108s] Invoking command in '/home/csi/motion_system/build/motion_system_msgs': CMAKE_PREFIX_PATH=${CMAKE_PREFIX_PATH}:/opt/ros/jazzy CONDA_PROMPT_MODIFIER=(base) DEBUGINFOD_URLS=https://debuginfod.ubuntu.com /usr/bin/cmake /home/csi/motion_system/ros2/motion_system_msgs -DPython3_EXECUTABLE=/usr/bin/python3 -DCMAKE_INSTALL_PREFIX=/home/csi/motion_system/install/motion_system_msgs
[0.140s] -- The C compiler identification is GNU 13.3.0
[0.172s] -- The CXX compiler identification is GNU 13.3.0
[0.180s] -- Detecting C compiler ABI info
[0.230s] -- Detecting C compiler ABI info - done
[0.235s] -- Check for working C compiler: /usr/bin/cc - skipped
[0.235s] -- Detecting C compile features
[0.236s] -- Detecting C compile features - done
[0.241s] -- Detecting CXX compiler ABI info
[0.292s] -- Detecting CXX compiler ABI info - done
[0.298s] -- Check for working CXX compiler: /usr/bin/c++ - skipped
[0.298s] -- Detecting CXX compile features
[0.298s] -- Detecting CXX compile features - done
[0.300s] -- Found ament_cmake: 2.5.5 (/opt/ros/jazzy/share/ament_cmake/cmake)
[0.413s] -- Found Python3: /usr/bin/python3 (found version "3.12.3") found components: Interpreter 
[0.471s] -- Found std_msgs: 5.3.6 (/opt/ros/jazzy/share/std_msgs/cmake)
[0.492s] -- Found rosidl_generator_c: 4.6.7 (/opt/ros/jazzy/share/rosidl_generator_c/cmake)
[0.500s] -- Found rosidl_generator_cpp: 4.6.7 (/opt/ros/jazzy/share/rosidl_generator_cpp/cmake)
[0.509s] -- Using all available rosidl_typesupport_c: rosidl_typesupport_fastrtps_c;rosidl_typesupport_introspection_c
[0.518s] -- Using all available rosidl_typesupport_cpp: rosidl_typesupport_fastrtps_cpp;rosidl_typesupport_introspection_cpp
[0.532s] -- Found rosidl_default_generators: 1.6.0 (/opt/ros/jazzy/share/rosidl_default_generators/cmake)
[0.537s] -- Found rosidl_adapter: 4.6.7 (/opt/ros/jazzy/share/rosidl_adapter/cmake)
[0.983s] -- Found ament_cmake_ros: 0.12.0 (/opt/ros/jazzy/share/ament_cmake_ros/cmake)
[1.639s] -- Using all available rosidl_typesupport_c: rosidl_typesupport_fastrtps_c;rosidl_typesupport_introspection_c
[1.898s] -- Using all available rosidl_typesupport_cpp: rosidl_typesupport_fastrtps_cpp;rosidl_typesupport_introspection_cpp
[1.900s] -- Found python_cmake_module: 0.11.1 (/opt/ros/jazzy/share/python_cmake_module/cmake)
[2.020s] -- Found PythonExtra: /usr/bin/python3  
[2.381s] -- Found Python3: /usr/bin/python3 (found version "3.12.3") found components: Interpreter Development NumPy Development.Module Development.Embed 
[2.413s] -- Found ament_lint_auto: 0.17.4 (/opt/ros/jazzy/share/ament_lint_auto/cmake)
[2.424s] -- Added test 'lint_cmake' to check CMake code style
[2.425s] -- Added test 'xmllint' to check XML markup files
[2.426s] -- Configuring done (2.3s)
[2.444s] -- Generating done (0.0s)
[2.450s] -- Build files have been written to: /home/csi/motion_system/build/motion_system_msgs
[2.456s] Invoked command in '/home/csi/motion_system/build/motion_system_msgs' returned '0': CMAKE_PREFIX_PATH=${CMAKE_PREFIX_PATH}:/opt/ros/jazzy CONDA_PROMPT_MODIFIER=(base) DEBUGINFOD_URLS=https://debuginfod.ubuntu.com /usr/bin/cmake /home/csi/motion_system/ros2/motion_system_msgs -DPython3_EXECUTABLE=/usr/bin/python3 -DCMAKE_INSTALL_PREFIX=/home/csi/motion_system/install/motion_system_msgs
[2.456s] Invoking command in '/home/csi/motion_system/build/motion_system_msgs': CMAKE_PREFIX_PATH=${CMAKE_PREFIX_PATH}:/opt/ros/jazzy CONDA_PROMPT_MODIFIER=(base) DEBUGINFOD_URLS=https://debuginfod.ubuntu.com /usr/bin/cmake --build /home/csi/motion_system/build/motion_system_msgs -- -j24 -l24
[2.485s] [  2%] Generating type hashes for ROS interfaces
[2.490s] [  2%] Built target ament_cmake_python_copy_motion_system_msgs
[2.592s] [  2%] Built target motion_system_msgs__rosidl_generator_type_description
[2.597s] running egg_info
[2.597s] creating motion_system_msgs.egg-info
[2.597s] [  5%] Generating C code for ROS interfaces
[2.603s] [  8%] Generating C++ code for ROS interfaces
[2.606s] writing motion_system_msgs.egg-info/PKG-INFO
[2.606s] writing dependency_links to motion_system_msgs.egg-info/dependency_links.txt
[2.606s] writing top-level names to motion_system_msgs.egg-info/top_level.txt
[2.606s] writing manifest file 'motion_system_msgs.egg-info/SOURCES.txt'
[2.631s] reading manifest file 'motion_system_msgs.egg-info/SOURCES.txt'
[2.631s] writing manifest file 'motion_system_msgs.egg-info/SOURCES.txt'
[2.646s] [  8%] Built target ament_cmake_python_build_motion_system_msgs_egg
[2.721s] [  8%] Built target motion_system_msgs__cpp
[2.724s] [ 14%] Building C object CMakeFiles/motion_system_msgs__rosidl_generator_c.dir/rosidl_generator_c/motion_system_msgs/msg/detail/motor_status__description.c.o
[2.724s] [ 14%] Building C object CMakeFiles/motion_system_msgs__rosidl_generator_c.dir/rosidl_generator_c/motion_system_msgs/msg/detail/motor_status__functions.c.o
[2.724s] [ 17%] Building C object CMakeFiles/motion_system_msgs__rosidl_generator_c.dir/rosidl_generator_c/motion_system_msgs/msg/detail/motor_status__type_support.c.o
[2.759s] [ 20%] Linking C shared library libmotion_system_msgs__rosidl_generator_c.so
[2.780s] [ 20%] Built target motion_system_msgs__rosidl_generator_c
[2.786s] [ 29%] Generating C++ introspection for ROS interfaces
[2.786s] [ 29%] Generating C++ type support dispatch for ROS interfaces
[2.786s] [ 29%] Generating C type support for eProsima Fast-RTPS
[2.786s] [ 32%] Generating C introspection for ROS interfaces
[2.786s] [ 35%] Generating C++ type support for eProsima Fast-RTPS
[2.786s] [ 38%] Generating C type support dispatch for ROS interfaces
[2.925s] [ 44%] Building CXX object CMakeFiles/motion_system_msgs__rosidl_typesupport_cpp.dir/rosidl_typesupport_cpp/motion_system_msgs/msg/motor_status__type_support.cpp.o
[2.925s] [ 44%] Building CXX object CMakeFiles/motion_system_msgs__rosidl_typesupport_c.dir/rosidl_typesupport_c/motion_system_msgs/msg/motor_status__type_support.cpp.o
[2.925s] [ 47%] Building C object CMakeFiles/motion_system_msgs__rosidl_typesupport_introspection_c.dir/rosidl_typesupport_introspection_c/motion_system_msgs/msg/detail/motor_status__type_support.c.o
[2.925s] [ 50%] Building CXX object CMakeFiles/motion_system_msgs__rosidl_typesupport_introspection_cpp.dir/rosidl_typesupport_introspection_cpp/motion_system_msgs/msg/detail/motor_status__type_support.cpp.o
[2.926s] [ 52%] Building CXX object CMakeFiles/motion_system_msgs__rosidl_typesupport_fastrtps_c.dir/rosidl_typesupport_fastrtps_c/motion_system_msgs/msg/detail/motor_status__type_support_c.cpp.o
[2.926s] [ 55%] Building CXX object CMakeFiles/motion_system_msgs__rosidl_typesupport_fastrtps_cpp.dir/rosidl_typesupport_fastrtps_cpp/motion_system_msgs/msg/detail/dds_fastrtps/motor_status__type_support.cpp.o
[2.926s] [ 58%] Linking CXX shared library libmotion_system_msgs__rosidl_typesupport_c.so
[2.938s] [ 61%] Linking C shared library libmotion_system_msgs__rosidl_typesupport_introspection_c.so
[2.947s] [ 61%] Built target motion_system_msgs__rosidl_typesupport_c
[2.957s] [ 61%] Built target motion_system_msgs__rosidl_typesupport_introspection_c
[3.029s] [ 64%] Linking CXX shared library libmotion_system_msgs__rosidl_typesupport_cpp.so
[3.058s] [ 64%] Built target motion_system_msgs__rosidl_typesupport_cpp
[3.123s] [ 67%] Linking CXX shared library libmotion_system_msgs__rosidl_typesupport_fastrtps_c.so
[3.150s] [ 70%] Linking CXX shared library libmotion_system_msgs__rosidl_typesupport_introspection_cpp.so
[3.152s] [ 70%] Built target motion_system_msgs__rosidl_typesupport_fastrtps_c
[3.188s] [ 73%] Linking CXX shared library libmotion_system_msgs__rosidl_typesupport_fastrtps_cpp.so
[3.193s] [ 73%] Built target motion_system_msgs__rosidl_typesupport_introspection_cpp
[3.233s] [ 73%] Built target motion_system_msgs__rosidl_typesupport_fastrtps_cpp
[3.244s] [ 73%] Built target motion_system_msgs
[3.254s] [ 76%] Generating Python code for ROS interfaces
[3.398s] [ 76%] Built target motion_system_msgs__py
[3.409s] [ 79%] Building C object CMakeFiles/motion_system_msgs__rosidl_generator_py.dir/rosidl_generator_py/motion_system_msgs/msg/_motor_status_s.c.o
[3.515s] [ 82%] Linking C shared library libmotion_system_msgs__rosidl_generator_py.so
[3.542s] [ 82%] Built target motion_system_msgs__rosidl_generator_py
[3.553s] [ 85%] Building C object CMakeFiles/motion_system_msgs_s__rosidl_typesupport_fastrtps_c.dir/rosidl_generator_py/motion_system_msgs/_motion_system_msgs_s.ep.rosidl_typesupport_fastrtps_c.c.o
[3.553s] [ 88%] Building C object CMakeFiles/motion_system_msgs_s__rosidl_typesupport_introspection_c.dir/rosidl_generator_py/motion_system_msgs/_motion_system_msgs_s.ep.rosidl_typesupport_introspection_c.c.o
[3.556s] [ 91%] Building C object CMakeFiles/motion_system_msgs_s__rosidl_typesupport_c.dir/rosidl_generator_py/motion_system_msgs/_motion_system_msgs_s.ep.rosidl_typesupport_c.c.o
[3.608s] [ 94%] Linking C shared module rosidl_generator_py/motion_system_msgs/motion_system_msgs_s__rosidl_typesupport_fastrtps_c.so
[3.608s] [ 97%] Linking C shared module rosidl_generator_py/motion_system_msgs/motion_system_msgs_s__rosidl_typesupport_introspection_c.so
[3.610s] [100%] Linking C shared module rosidl_generator_py/motion_system_msgs/motion_system_msgs_s__rosidl_typesupport_c.so
[3.625s] [100%] Built target motion_system_msgs_s__rosidl_typesupport_introspection_c
[3.625s] [100%] Built target motion_system_msgs_s__rosidl_typesupport_fastrtps_c
[3.627s] [100%] Built target motion_system_msgs_s__rosidl_typesupport_c
[3.634s] Invoked command in '/home/csi/motion_system/build/motion_system_msgs' returned '0': CMAKE_PREFIX_PATH=${CMAKE_PREFIX_PATH}:/opt/ros/jazzy CONDA_PROMPT_MODIFIER=(base) DEBUGINFOD_URLS=https://debuginfod.ubuntu.com /usr/bin/cmake --build /home/csi/motion_system/build/motion_system_msgs -- -j24 -l24
[3.634s] Invoking command in '/home/csi/motion_system/build/motion_system_msgs': CMAKE_PREFIX_PATH=${CMAKE_PREFIX_PATH}:/opt/ros/jazzy CONDA_PROMPT_MODIFIER=(base) DEBUGINFOD_URLS=https://debuginfod.ubuntu.com /usr/bin/cmake --install /home/csi/motion_system/build/motion_system_msgs
[3.638s] -- Install configuration: ""
[3.638s] -- Installing: /home/csi/motion_system/install/motion_system_msgs/share/ament_index/resource_index/rosidl_interfaces/motion_system_msgs
[3.639s] -- Installing: /home/csi/motion_system/install/motion_system_msgs/share/motion_system_msgs/msg/MotorStatus.json
[3.639s] -- Installing: /home/csi/motion_system/install/motion_system_msgs/include/motion_system_msgs/motion_system_msgs
[3.639s] -- Installing: /home/csi/motion_system/install/motion_system_msgs/include/motion_system_msgs/motion_system_msgs/msg
[3.639s] -- Installing: /home/csi/motion_system/install/motion_system_msgs/include/motion_system_msgs/motion_system_msgs/msg/detail
[3.639s] -- Installing: /home/csi/motion_system/install/motion_system_msgs/include/motion_system_msgs/motion_system_msgs/msg/detail/motor_status__struct.h
[3.639s] -- Installing: /home/csi/motion_system/install/motion_system_msgs/include/motion_system_msgs/motion_system_msgs/msg/detail/motor_status__functions.c
[3.639s] -- Installing: /home/csi/motion_system/install/motion_system_msgs/include/motion_system_msgs/motion_system_msgs/msg/detail/motor_status__type_support.c
[3.639s] -- Installing: /home/csi/motion_system/install/motion_system_msgs/include/motion_system_msgs/motion_system_msgs/msg/detail/motor_status__description.c
[3.639s] -- Installing: /home/csi/motion_system/install/motion_system_msgs/include/motion_system_msgs/motion_system_msgs/msg/detail/motor_status__type_support.h
[3.639s] -- Installing: /home/csi/motion_system/install/motion_system_msgs/include/motion_system_msgs/motion_system_msgs/msg/detail/motor_status__functions.h
[3.639s] -- Installing: /home/csi/motion_system/install/motion_system_msgs/include/motion_system_msgs/motion_system_msgs/msg/motor_status.h
[3.639s] -- Installing: /home/csi/motion_system/install/motion_system_msgs/include/motion_system_msgs/motion_system_msgs/msg/rosidl_generator_c__visibility_control.h
[3.639s] -- Installing: /home/csi/motion_system/install/motion_system_msgs/share/motion_system_msgs/environment/library_path.sh
[3.639s] -- Installing: /home/csi/motion_system/install/motion_system_msgs/share/motion_system_msgs/environment/library_path.dsv
[3.639s] -- Installing: /home/csi/motion_system/install/motion_system_msgs/lib/libmotion_system_msgs__rosidl_generator_c.so
[3.639s] -- Set non-toolchain portion of runtime path of "/home/csi/motion_system/install/motion_system_msgs/lib/libmotion_system_msgs__rosidl_generator_c.so" to ""
[3.639s] -- Up-to-date: /home/csi/motion_system/install/motion_system_msgs/include/motion_system_msgs/motion_system_msgs
[3.639s] -- Up-to-date: /home/csi/motion_system/install/motion_system_msgs/include/motion_system_msgs/motion_system_msgs/msg
[3.639s] -- Up-to-date: /home/csi/motion_system/install/motion_system_msgs/include/motion_system_msgs/motion_system_msgs/msg/detail
[3.640s] -- Installing: /home/csi/motion_system/install/motion_system_msgs/include/motion_system_msgs/motion_system_msgs/msg/detail/motor_status__rosidl_typesupport_fastrtps_c.h
[3.640s] -- Installing: /home/csi/motion_system/install/motion_system_msgs/include/motion_system_msgs/motion_system_msgs/msg/rosidl_typesupport_fastrtps_c__visibility_control.h
[3.640s] -- Installing: /home/csi/motion_system/install/motion_system_msgs/lib/libmotion_system_msgs__rosidl_typesupport_fastrtps_c.so
[3.640s] -- Set non-toolchain portion of runtime path of "/home/csi/motion_system/install/motion_system_msgs/lib/libmotion_system_msgs__rosidl_typesupport_fastrtps_c.so" to ""
[3.640s] -- Up-to-date: /home/csi/motion_system/install/motion_system_msgs/include/motion_system_msgs/motion_system_msgs
[3.640s] -- Up-to-date: /home/csi/motion_system/install/motion_system_msgs/include/motion_system_msgs/motion_system_msgs/msg
[3.640s] -- Installing: /home/csi/motion_system/install/motion_system_msgs/include/motion_system_msgs/motion_system_msgs/msg/rosidl_generator_cpp__visibility_control.hpp
[3.640s] -- Up-to-date: /home/csi/motion_system/install/motion_system_msgs/include/motion_system_msgs/motion_system_msgs/msg/detail
[3.640s] -- Installing: /home/csi/motion_system/install/motion_system_msgs/include/motion_system_msgs/motion_system_msgs/msg/detail/motor_status__traits.hpp
[3.640s] -- Installing: /home/csi/motion_system/install/motion_system_msgs/include/motion_system_msgs/motion_system_msgs/msg/detail/motor_status__type_support.hpp
[3.640s] -- Installing: /home/csi/motion_system/install/motion_system_msgs/include/motion_system_msgs/motion_system_msgs/msg/detail/motor_status__builder.hpp
[3.640s] -- Installing: /home/csi/motion_system/install/motion_system_msgs/include/motion_system_msgs/motion_system_msgs/msg/detail/motor_status__struct.hpp
[3.640s] -- Installing: /home/csi/motion_system/install/motion_system_msgs/include/motion_system_msgs/motion_system_msgs/msg/motor_status.hpp
[3.640s] -- Up-to-date: /home/csi/motion_system/install/motion_system_msgs/include/motion_system_msgs/motion_system_msgs
[3.640s] -- Up-to-date: /home/csi/motion_system/install/motion_system_msgs/include/motion_system_msgs/motion_system_msgs/msg
[3.640s] -- Up-to-date: /home/csi/motion_system/install/motion_system_msgs/include/motion_system_msgs/motion_system_msgs/msg/detail
[3.640s] -- Installing: /home/csi/motion_system/install/motion_system_msgs/include/motion_system_msgs/motion_system_msgs/msg/detail/dds_fastrtps
[3.640s] -- Installing: /home/csi/motion_system/install/motion_system_msgs/include/motion_system_msgs/motion_system_msgs/msg/detail/motor_status__rosidl_typesupport_fastrtps_cpp.hpp
[3.640s] -- Installing: /home/csi/motion_system/install/motion_system_msgs/include/motion_system_msgs/motion_system_msgs/msg/rosidl_typesupport_fastrtps_cpp__visibility_control.h
[3.640s] -- Installing: /home/csi/motion_system/install/motion_system_msgs/lib/libmotion_system_msgs__rosidl_typesupport_fastrtps_cpp.so
[3.640s] -- Set non-toolchain portion of runtime path of "/home/csi/motion_system/install/motion_system_msgs/lib/libmotion_system_msgs__rosidl_typesupport_fastrtps_cpp.so" to ""
[3.640s] -- Up-to-date: /home/csi/motion_system/install/motion_system_msgs/include/motion_system_msgs/motion_system_msgs
[3.640s] -- Up-to-date: /home/csi/motion_system/install/motion_system_msgs/include/motion_system_msgs/motion_system_msgs/msg
[3.640s] -- Up-to-date: /home/csi/motion_system/install/motion_system_msgs/include/motion_system_msgs/motion_system_msgs/msg/detail
[3.640s] -- Up-to-date: /home/csi/motion_system/install/motion_system_msgs/include/motion_system_msgs/motion_system_msgs/msg/detail/motor_status__type_support.c
[3.640s] -- Installing: /home/csi/motion_system/install/motion_system_msgs/include/motion_system_msgs/motion_system_msgs/msg/detail/motor_status__rosidl_typesupport_introspection_c.h
[3.640s] -- Installing: /home/csi/motion_system/install/motion_system_msgs/include/motion_system_msgs/motion_system_msgs/msg/rosidl_typesupport_introspection_c__visibility_control.h
[3.641s] -- Installing: /home/csi/motion_system/install/motion_system_msgs/lib/libmotion_system_msgs__rosidl_typesupport_introspection_c.so
[3.641s] -- Set non-toolchain portion of runtime path of "/home/csi/motion_system/install/motion_system_msgs/lib/libmotion_system_msgs__rosidl_typesupport_introspection_c.so" to ""
[3.641s] -- Installing: /home/csi/motion_system/install/motion_system_msgs/lib/libmotion_system_msgs__rosidl_typesupport_c.so
[3.641s] -- Set non-toolchain portion of runtime path of "/home/csi/motion_system/install/motion_system_msgs/lib/libmotion_system_msgs__rosidl_typesupport_c.so" to ""
[3.641s] -- Up-to-date: /home/csi/motion_system/install/motion_system_msgs/include/motion_system_msgs/motion_system_msgs
[3.641s] -- Up-to-date: /home/csi/motion_system/install/motion_system_msgs/include/motion_system_msgs/motion_system_msgs/msg
[3.641s] -- Up-to-date: /home/csi/motion_system/install/motion_system_msgs/include/motion_system_msgs/motion_system_msgs/msg/detail
[3.641s] -- Installing: /home/csi/motion_system/install/motion_system_msgs/include/motion_system_msgs/motion_system_msgs/msg/detail/motor_status__rosidl_typesupport_introspection_cpp.hpp
[3.641s] -- Installing: /home/csi/motion_system/install/motion_system_msgs/include/motion_system_msgs/motion_system_msgs/msg/detail/motor_status__type_support.cpp
[3.641s] -- Installing: /home/csi/motion_system/install/motion_system_msgs/lib/libmotion_system_msgs__rosidl_typesupport_introspection_cpp.so
[3.641s] -- Set non-toolchain portion of runtime path of "/home/csi/motion_system/install/motion_system_msgs/lib/libmotion_system_msgs__rosidl_typesupport_introspection_cpp.so" to ""
[3.641s] -- Installing: /home/csi/motion_system/install/motion_system_msgs/lib/libmotion_system_msgs__rosidl_typesupport_cpp.so
[3.641s] -- Set non-toolchain portion of runtime path of "/home/csi/motion_system/install/motion_system_msgs/lib/libmotion_system_msgs__rosidl_typesupport_cpp.so" to ""
[3.641s] -- Installing: /home/csi/motion_system/install/motion_system_msgs/share/motion_system_msgs/environment/pythonpath.sh
[3.641s] -- Installing: /home/csi/motion_system/install/motion_system_msgs/share/motion_system_msgs/environment/pythonpath.dsv
[3.641s] -- Installing: /home/csi/motion_system/install/motion_system_msgs/lib/python3.12/site-packages/motion_system_msgs-0.0.0-py3.12.egg-info
[3.641s] -- Installing: /home/csi/motion_system/install/motion_system_msgs/lib/python3.12/site-packages/motion_system_msgs-0.0.0-py3.12.egg-info/SOURCES.txt
[3.641s] -- Installing: /home/csi/motion_system/install/motion_system_msgs/lib/python3.12/site-packages/motion_system_msgs-0.0.0-py3.12.egg-info/PKG-INFO
[3.642s] -- Installing: /home/csi/motion_system/install/motion_system_msgs/lib/python3.12/site-packages/motion_system_msgs-0.0.0-py3.12.egg-info/dependency_links.txt
[3.642s] -- Installing: /home/csi/motion_system/install/motion_system_msgs/lib/python3.12/site-packages/motion_system_msgs-0.0.0-py3.12.egg-info/top_level.txt
[3.642s] -- Installing: /home/csi/motion_system/install/motion_system_msgs/lib/python3.12/site-packages/motion_system_msgs
[3.642s] -- Installing: /home/csi/motion_system/install/motion_system_msgs/lib/python3.12/site-packages/motion_system_msgs/_motion_system_msgs_s.ep.rosidl_typesupport_c.c
[3.642s] -- Installing: /home/csi/motion_system/install/motion_system_msgs/lib/python3.12/site-packages/motion_system_msgs/_motion_system_msgs_s.ep.rosidl_typesupport_introspection_c.c
[3.642s] -- Installing: /home/csi/motion_system/install/motion_system_msgs/lib/python3.12/site-packages/motion_system_msgs/__init__.py
[3.642s] -- Installing: /home/csi/motion_system/install/motion_system_msgs/lib/python3.12/site-packages/motion_system_msgs/msg
[3.642s] -- Installing: /home/csi/motion_system/install/motion_system_msgs/lib/python3.12/site-packages/motion_system_msgs/msg/__init__.py
[3.642s] -- Installing: /home/csi/motion_system/install/motion_system_msgs/lib/python3.12/site-packages/motion_system_msgs/msg/_motor_status.py
[3.642s] -- Installing: /home/csi/motion_system/install/motion_system_msgs/lib/python3.12/site-packages/motion_system_msgs/msg/_motor_status_s.c
[3.642s] -- Installing: /home/csi/motion_system/install/motion_system_msgs/lib/python3.12/site-packages/motion_system_msgs/motion_system_msgs_s__rosidl_typesupport_fastrtps_c.so
[3.642s] -- Installing: /home/csi/motion_system/install/motion_system_msgs/lib/python3.12/site-packages/motion_system_msgs/motion_system_msgs_s__rosidl_typesupport_c.so
[3.642s] -- Installing: /home/csi/motion_system/install/motion_system_msgs/lib/python3.12/site-packages/motion_system_msgs/motion_system_msgs_s__rosidl_typesupport_introspection_c.so
[3.642s] -- Installing: /home/csi/motion_system/install/motion_system_msgs/lib/python3.12/site-packages/motion_system_msgs/_motion_system_msgs_s.ep.rosidl_typesupport_fastrtps_c.c
[3.666s] Listing '/home/csi/motion_system/install/motion_system_msgs/lib/python3.12/site-packages/motion_system_msgs'...
[3.666s] Compiling '/home/csi/motion_system/install/motion_system_msgs/lib/python3.12/site-packages/motion_system_msgs/__init__.py'...
[3.666s] Listing '/home/csi/motion_system/install/motion_system_msgs/lib/python3.12/site-packages/motion_system_msgs/msg'...
[3.666s] Compiling '/home/csi/motion_system/install/motion_system_msgs/lib/python3.12/site-packages/motion_system_msgs/msg/__init__.py'...
[3.666s] Compiling '/home/csi/motion_system/install/motion_system_msgs/lib/python3.12/site-packages/motion_system_msgs/msg/_motor_status.py'...
[3.669s] -- Installing: /home/csi/motion_system/install/motion_system_msgs/lib/python3.12/site-packages/motion_system_msgs/motion_system_msgs_s__rosidl_typesupport_fastrtps_c.so
[3.669s] -- Set non-toolchain portion of runtime path of "/home/csi/motion_system/install/motion_system_msgs/lib/python3.12/site-packages/motion_system_msgs/motion_system_msgs_s__rosidl_typesupport_fastrtps_c.so" to ""
[3.669s] -- Installing: /home/csi/motion_system/install/motion_system_msgs/lib/python3.12/site-packages/motion_system_msgs/motion_system_msgs_s__rosidl_typesupport_introspection_c.so
[3.670s] -- Set non-toolchain portion of runtime path of "/home/csi/motion_system/install/motion_system_msgs/lib/python3.12/site-packages/motion_system_msgs/motion_system_msgs_s__rosidl_typesupport_introspection_c.so" to ""
[3.670s] -- Installing: /home/csi/motion_system/install/motion_system_msgs/lib/python3.12/site-packages/motion_system_msgs/motion_system_msgs_s__rosidl_typesupport_c.so
[3.670s] -- Set non-toolchain portion of runtime path of "/home/csi/motion_system/install/motion_system_msgs/lib/python3.12/site-packages/motion_system_msgs/motion_system_msgs_s__rosidl_typesupport_c.so" to ""
[3.670s] -- Installing: /home/csi/motion_system/install/motion_system_msgs/lib/libmotion_system_msgs__rosidl_generator_py.so
[3.670s] -- Set non-toolchain portion of runtime path of "/home/csi/motion_system/install/motion_system_msgs/lib/libmotion_system_msgs__rosidl_generator_py.so" to ""
[3.670s] -- Installing: /home/csi/motion_system/install/motion_system_msgs/share/motion_system_msgs/msg/MotorStatus.idl
[3.670s] -- Installing: /home/csi/motion_system/install/motion_system_msgs/share/motion_system_msgs/msg/MotorStatus.msg
[3.670s] -- Installing: /home/csi/motion_system/install/motion_system_msgs/share/ament_index/resource_index/package_run_dependencies/motion_system_msgs
[3.670s] -- Installing: /home/csi/motion_system/install/motion_system_msgs/share/ament_index/resource_index/parent_prefix_path/motion_system_msgs
[3.670s] -- Installing: /home/csi/motion_system/install/motion_system_msgs/share/motion_system_msgs/environment/ament_prefix_path.sh
[3.670s] -- Installing: /home/csi/motion_system/install/motion_system_msgs/share/motion_system_msgs/environment/ament_prefix_path.dsv
[3.670s] -- Installing: /home/csi/motion_system/install/motion_system_msgs/share/motion_system_msgs/environment/path.sh
[3.670s] -- Installing: /home/csi/motion_system/install/motion_system_msgs/share/motion_system_msgs/environment/path.dsv
[3.670s] -- Installing: /home/csi/motion_system/install/motion_system_msgs/share/motion_system_msgs/local_setup.bash
[3.670s] -- Installing: /home/csi/motion_system/install/motion_system_msgs/share/motion_system_msgs/local_setup.sh
[3.670s] -- Installing: /home/csi/motion_system/install/motion_system_msgs/share/motion_system_msgs/local_setup.zsh
[3.670s] -- Installing: /home/csi/motion_system/install/motion_system_msgs/share/motion_system_msgs/local_setup.dsv
[3.670s] -- Installing: /home/csi/motion_system/install/motion_system_msgs/share/motion_system_msgs/package.dsv
[3.670s] -- Installing: /home/csi/motion_system/install/motion_system_msgs/share/ament_index/resource_index/packages/motion_system_msgs
[3.670s] -- Installing: /home/csi/motion_system/install/motion_system_msgs/share/motion_system_msgs/cmake/export_motion_system_msgs__rosidl_generator_cExport.cmake
[3.670s] -- Installing: /home/csi/motion_system/install/motion_system_msgs/share/motion_system_msgs/cmake/export_motion_system_msgs__rosidl_generator_cExport-noconfig.cmake
[3.670s] -- Installing: /home/csi/motion_system/install/motion_system_msgs/share/motion_system_msgs/cmake/export_motion_system_msgs__rosidl_typesupport_fastrtps_cExport.cmake
[3.671s] -- Installing: /home/csi/motion_system/install/motion_system_msgs/share/motion_system_msgs/cmake/export_motion_system_msgs__rosidl_typesupport_fastrtps_cExport-noconfig.cmake
[3.671s] -- Installing: /home/csi/motion_system/install/motion_system_msgs/share/motion_system_msgs/cmake/export_motion_system_msgs__rosidl_generator_cppExport.cmake
[3.671s] -- Installing: /home/csi/motion_system/install/motion_system_msgs/share/motion_system_msgs/cmake/export_motion_system_msgs__rosidl_typesupport_fastrtps_cppExport.cmake
[3.671s] -- Installing: /home/csi/motion_system/install/motion_system_msgs/share/motion_system_msgs/cmake/export_motion_system_msgs__rosidl_typesupport_fastrtps_cppExport-noconfig.cmake
[3.671s] -- Installing: /home/csi/motion_system/install/motion_system_msgs/share/motion_system_msgs/cmake/motion_system_msgs__rosidl_typesupport_introspection_cExport.cmake
[3.671s] -- Installing: /home/csi/motion_system/install/motion_system_msgs/share/motion_system_msgs/cmake/motion_system_msgs__rosidl_typesupport_introspection_cExport-noconfig.cmake
[3.671s] -- Installing: /home/csi/motion_system/install/motion_system_msgs/share/motion_system_msgs/cmake/motion_system_msgs__rosidl_typesupport_cExport.cmake
[3.671s] -- Installing: /home/csi/motion_system/install/motion_system_msgs/share/motion_system_msgs/cmake/motion_system_msgs__rosidl_typesupport_cExport-noconfig.cmake
[3.671s] -- Installing: /home/csi/motion_system/install/motion_system_msgs/share/motion_system_msgs/cmake/motion_system_msgs__rosidl_typesupport_introspection_cppExport.cmake
[3.671s] -- Installing: /home/csi/motion_system/install/motion_system_msgs/share/motion_system_msgs/cmake/motion_system_msgs__rosidl_typesupport_introspection_cppExport-noconfig.cmake
[3.671s] -- Installing: /home/csi/motion_system/install/motion_system_msgs/share/motion_system_msgs/cmake/motion_system_msgs__rosidl_typesupport_cppExport.cmake
[3.671s] -- Installing: /home/csi/motion_system/install/motion_system_msgs/share/motion_system_msgs/cmake/motion_system_msgs__rosidl_typesupport_cppExport-noconfig.cmake
[3.671s] -- Installing: /home/csi/motion_system/install/motion_system_msgs/share/motion_system_msgs/cmake/export_motion_system_msgs__rosidl_generator_pyExport.cmake
[3.671s] -- Installing: /home/csi/motion_system/install/motion_system_msgs/share/motion_system_msgs/cmake/export_motion_system_msgs__rosidl_generator_pyExport-noconfig.cmake
[3.671s] -- Installing: /home/csi/motion_system/install/motion_system_msgs/share/motion_system_msgs/cmake/rosidl_cmake-extras.cmake
[3.671s] -- Installing: /home/csi/motion_system/install/motion_system_msgs/share/motion_system_msgs/cmake/ament_cmake_export_dependencies-extras.cmake
[3.671s] -- Installing: /home/csi/motion_system/install/motion_system_msgs/share/motion_system_msgs/cmake/ament_cmake_export_include_directories-extras.cmake
[3.671s] -- Installing: /home/csi/motion_system/install/motion_system_msgs/share/motion_system_msgs/cmake/ament_cmake_export_libraries-extras.cmake
[3.671s] -- Installing: /home/csi/motion_system/install/motion_system_msgs/share/motion_system_msgs/cmake/ament_cmake_export_targets-extras.cmake
[3.672s] -- Installing: /home/csi/motion_system/install/motion_system_msgs/share/motion_system_msgs/cmake/rosidl_cmake_export_typesupport_targets-extras.cmake
[3.672s] -- Installing: /home/csi/motion_system/install/motion_system_msgs/share/motion_system_msgs/cmake/rosidl_cmake_export_typesupport_libraries-extras.cmake
[3.672s] -- Installing: /home/csi/motion_system/install/motion_system_msgs/share/motion_system_msgs/cmake/motion_system_msgsConfig.cmake
[3.672s] -- Installing: /home/csi/motion_system/install/motion_system_msgs/share/motion_system_msgs/cmake/motion_system_msgsConfig-version.cmake
[3.672s] -- Installing: /home/csi/motion_system/install/motion_system_msgs/share/motion_system_msgs/package.xml
[3.673s] Invoked command in '/home/csi/motion_system/build/motion_system_msgs' returned '0': CMAKE_PREFIX_PATH=${CMAKE_PREFIX_PATH}:/opt/ros/jazzy CONDA_PROMPT_MODIFIER=(base) DEBUGINFOD_URLS=https://debuginfod.ubuntu.com /usr/bin/cmake --install /home/csi/motion_system/build/motion_system_msgs
