running egg_info
creating ../../../build/robot_manager/robot_manager.egg-info
writing ../../../build/robot_manager/robot_manager.egg-info/PKG-INFO
writing dependency_links to ../../../build/robot_manager/robot_manager.egg-info/dependency_links.txt
writing requirements to ../../../build/robot_manager/robot_manager.egg-info/requires.txt
writing top-level names to ../../../build/robot_manager/robot_manager.egg-info/top_level.txt
writing manifest file '../../../build/robot_manager/robot_manager.egg-info/SOURCES.txt'
reading manifest file '../../../build/robot_manager/robot_manager.egg-info/SOURCES.txt'
writing manifest file '../../../build/robot_manager/robot_manager.egg-info/SOURCES.txt'
running build
running build_py
creating /home/csi/motion_system/build/robot_manager/build
creating /home/csi/motion_system/build/robot_manager/build/lib
creating /home/csi/motion_system/build/robot_manager/build/lib/robot_manager
copying src/robot_manager/__init__.py -> /home/csi/motion_system/build/robot_manager/build/lib/robot_manager
copying src/robot_manager/robot_manager.py -> /home/csi/motion_system/build/robot_manager/build/lib/robot_manager
running install
running install_lib
creating /home/csi/motion_system/install/robot_manager/lib/python3.12/site-packages/robot_manager
copying /home/csi/motion_system/build/robot_manager/build/lib/robot_manager/__init__.py -> /home/csi/motion_system/install/robot_manager/lib/python3.12/site-packages/robot_manager
copying /home/csi/motion_system/build/robot_manager/build/lib/robot_manager/robot_manager.py -> /home/csi/motion_system/install/robot_manager/lib/python3.12/site-packages/robot_manager
byte-compiling /home/csi/motion_system/install/robot_manager/lib/python3.12/site-packages/robot_manager/__init__.py to __init__.cpython-312.pyc
byte-compiling /home/csi/motion_system/install/robot_manager/lib/python3.12/site-packages/robot_manager/robot_manager.py to robot_manager.cpython-312.pyc
running install_data
creating /home/csi/motion_system/install/robot_manager/share/ament_index
creating /home/csi/motion_system/install/robot_manager/share/ament_index/resource_index
creating /home/csi/motion_system/install/robot_manager/share/ament_index/resource_index/packages
copying resource/robot_manager -> /home/csi/motion_system/install/robot_manager/share/ament_index/resource_index/packages
copying package.xml -> /home/csi/motion_system/install/robot_manager/share/robot_manager
running install_egg_info
Copying ../../../build/robot_manager/robot_manager.egg-info to /home/csi/motion_system/install/robot_manager/lib/python3.12/site-packages/robot_manager-0.0.0-py3.12.egg-info
running install_scripts
writing list of installed files to '/home/csi/motion_system/build/robot_manager/install.log'
