-- Found ament_cmake: 2.5.5 (/opt/ros/jazzy/share/ament_cmake/cmake)
-- Found rclcpp: 28.1.16 (/opt/ros/jazzy/share/rclcpp/cmake)
-- Found rosidl_generator_c: 4.6.7 (/opt/ros/jazzy/share/rosidl_generator_c/cmake)
-- Found rosidl_generator_cpp: 4.6.7 (/opt/ros/jazzy/share/rosidl_generator_cpp/cmake)
-- Using all available rosidl_typesupport_c: rosidl_typesupport_fastrtps_c;rosidl_typesupport_introspection_c
-- Using all available rosidl_typesupport_cpp: rosidl_typesupport_fastrtps_cpp;rosidl_typesupport_introspection_cpp
-- Found rmw_implementation_cmake: 7.3.3 (/opt/ros/jazzy/share/rmw_implementation_cmake/cmake)
-- Found rmw_fastrtps_cpp: 8.4.3 (/opt/ros/jazzy/share/rmw_fastrtps_cpp/cmake)
-- Using RMW implementation 'rmw_fastrtps_cpp' as default
-- Found rclpy: 7.1.9 (/opt/ros/jazzy/share/rclpy/cmake)
-- Found std_msgs: 5.3.6 (/opt/ros/jazzy/share/std_msgs/cmake)
-- Found motion_system_msgs: 0.0.0 (/home/csi/motion_system/install/motion_system_msgs/share/motion_system_msgs/cmake)
-- Found rosidl_adapter: 4.6.7 (/opt/ros/jazzy/share/rosidl_adapter/cmake)
-- Found motor_manager: 0.1.0 (/home/csi/motion_system/install/motor_manager/share/motor_manager/cmake)
-- Found ament_lint_auto: 0.17.4 (/opt/ros/jazzy/share/ament_lint_auto/cmake)
-- Added test 'cppcheck' to perform static code analysis on C / C++ code
-- Configured cppcheck include dirs: $<BUILD_INTERFACE:/home/csi/motion_system/ros2/motion_system_pkg/include>
-- Configured cppcheck exclude dirs and/or files: 
-- Added test 'flake8' to check Python code syntax and style conventions
-- Configured 'flake8' exclude dirs and/or files: 
-- Added test 'lint_cmake' to check CMake code style
-- Added test 'pep257' to check Python code against some of the docstring style conventions in PEP 257
-- Added test 'uncrustify' to check C / C++ code style
-- Configured uncrustify additional arguments: 
-- Added test 'xmllint' to check XML markup files
-- Configuring done (0.4s)
-- Generating done (0.0s)
-- Build files have been written to: /home/csi/motion_system/build/motion_system_pkg
[100%] Built target motor_manager_node
-- Install configuration: ""
-- Up-to-date: /home/csi/motion_system/install/motion_system_pkg/lib/motion_system_pkg/motor_manager_node
-- Up-to-date: /home/csi/motion_system/install/motion_system_pkg/lib/motion_system_pkg/robot_manager_node.py
-- Up-to-date: /home/csi/motion_system/install/motion_system_pkg/share/motion_system_pkg/launch
-- Up-to-date: /home/csi/motion_system/install/motion_system_pkg/share/motion_system_pkg/launch/joy.launch.py
-- Up-to-date: /home/csi/motion_system/install/motion_system_pkg/share/motion_system_pkg/launch/robot_manager_node.launch.py
-- Up-to-date: /home/csi/motion_system/install/motion_system_pkg/share/motion_system_pkg/launch/motor_manager_node.launch.py
-- Up-to-date: /home/csi/motion_system/install/motion_system_pkg/share/motion_system_pkg/config
-- Up-to-date: /home/csi/motion_system/install/motion_system_pkg/share/motion_system_pkg/config/ethercat_minas.yaml
-- Up-to-date: /home/csi/motion_system/install/motion_system_pkg/share/motion_system_pkg/config/ethercat_zeroerr.yaml
-- Up-to-date: /home/csi/motion_system/install/motion_system_pkg/share/motion_system_pkg/config/silver_lain.yaml
-- Up-to-date: /home/csi/motion_system/install/motion_system_pkg/share/motion_system_pkg/config/ethercat_integrated.yaml
-- Up-to-date: /home/csi/motion_system/install/motion_system_pkg/share/motion_system_pkg/config/little_reader.yaml
-- Up-to-date: /home/csi/motion_system/install/motion_system_pkg/share/motion_system_pkg/param
-- Up-to-date: /home/csi/motion_system/install/motion_system_pkg/share/motion_system_pkg/param/minas_a6.yaml
-- Up-to-date: /home/csi/motion_system/install/motion_system_pkg/share/motion_system_pkg/param/zeroerr_pp_v6.yaml
-- Up-to-date: /home/csi/motion_system/install/motion_system_pkg/share/ament_index/resource_index/package_run_dependencies/motion_system_pkg
-- Up-to-date: /home/csi/motion_system/install/motion_system_pkg/share/ament_index/resource_index/parent_prefix_path/motion_system_pkg
-- Up-to-date: /home/csi/motion_system/install/motion_system_pkg/share/motion_system_pkg/environment/ament_prefix_path.sh
-- Up-to-date: /home/csi/motion_system/install/motion_system_pkg/share/motion_system_pkg/environment/ament_prefix_path.dsv
-- Up-to-date: /home/csi/motion_system/install/motion_system_pkg/share/motion_system_pkg/environment/path.sh
-- Up-to-date: /home/csi/motion_system/install/motion_system_pkg/share/motion_system_pkg/environment/path.dsv
-- Up-to-date: /home/csi/motion_system/install/motion_system_pkg/share/motion_system_pkg/local_setup.bash
-- Up-to-date: /home/csi/motion_system/install/motion_system_pkg/share/motion_system_pkg/local_setup.sh
-- Up-to-date: /home/csi/motion_system/install/motion_system_pkg/share/motion_system_pkg/local_setup.zsh
-- Up-to-date: /home/csi/motion_system/install/motion_system_pkg/share/motion_system_pkg/local_setup.dsv
-- Installing: /home/csi/motion_system/install/motion_system_pkg/share/motion_system_pkg/package.dsv
-- Up-to-date: /home/csi/motion_system/install/motion_system_pkg/share/ament_index/resource_index/packages/motion_system_pkg
-- Up-to-date: /home/csi/motion_system/install/motion_system_pkg/share/motion_system_pkg/cmake/motion_system_pkgConfig.cmake
-- Up-to-date: /home/csi/motion_system/install/motion_system_pkg/share/motion_system_pkg/cmake/motion_system_pkgConfig-version.cmake
-- Up-to-date: /home/csi/motion_system/install/motion_system_pkg/share/motion_system_pkg/package.xml
