[0.009s] Invoking command in '/home/csi/motion_system/build/motion_system_pkg': AMENT_PREFIX_PATH=/home/csi/motion_system/install/robot_manager:/home/csi/motion_system/install/robots:/home/csi/motion_system/install/scheduler:/home/csi/motion_system/install/planner:/home/csi/motion_system/install/kinematics:/home/csi/motion_system/install/robot_interface:/home/csi/motion_system/install/motor_manager:/home/csi/motion_system/install/motion_system_msgs:/home/csi/motion_system/install/common_robot_interface:/home/csi/motion_system/install/common_motor_interface:${AMENT_PREFIX_PATH} CMAKE_PREFIX_PATH=/home/csi/motion_system/install/motor_manager:/home/csi/motion_system/install/motion_system_msgs:/home/csi/motion_system/install/common_motor_interface:/opt/ros/jazzy/opt/gz_math_vendor:/opt/ros/jazzy/opt/gz_utils_vendor:/opt/ros/jazzy/opt/gz_cmake_vendor:/opt/openrobots:/opt/ros/jazzy DEBUGINFOD_URLS=https://debuginfod.ubuntu.com LD_LIBRARY_PATH=/home/csi/motion_system/install/motor_manager/lib:/home/csi/motion_system/install/motion_system_msgs/lib:${LD_LIBRARY_PATH} PYTHONPATH=/home/csi/motion_system/install/robot_manager/lib/python3.12/site-packages:/home/csi/motion_system/install/robots/lib/python3.12/site-packages:/home/csi/motion_system/install/scheduler/lib/python3.12/site-packages:/home/csi/motion_system/install/planner/lib/python3.12/site-packages:/home/csi/motion_system/install/kinematics/lib/python3.12/site-packages:/home/csi/motion_system/install/robot_interface/lib/python3.12/site-packages:/home/csi/motion_system/install/motion_system_msgs/lib/python3.12/site-packages:/home/csi/motion_system/install/common_robot_interface/lib/python3.12/site-packages:/opt/ros/jazzy/lib/python3.12/site-packages:/opt/openrobots/lib/python3.8/site-packages /usr/bin/cmake /home/csi/motion_system/ros2/motion_system_pkg -DCMAKE_INSTALL_PREFIX=/home/csi/motion_system/install/motion_system_pkg
[0.017s] -- Found ament_cmake: 2.5.5 (/opt/ros/jazzy/share/ament_cmake/cmake)
[0.180s] -- Found rclcpp: 28.1.16 (/opt/ros/jazzy/share/rclcpp/cmake)
[0.195s] -- Found rosidl_generator_c: 4.6.7 (/opt/ros/jazzy/share/rosidl_generator_c/cmake)
[0.200s] -- Found rosidl_generator_cpp: 4.6.7 (/opt/ros/jazzy/share/rosidl_generator_cpp/cmake)
[0.207s] -- Using all available rosidl_typesupport_c: rosidl_typesupport_fastrtps_c;rosidl_typesupport_introspection_c
[0.214s] -- Using all available rosidl_typesupport_cpp: rosidl_typesupport_fastrtps_cpp;rosidl_typesupport_introspection_cpp
[0.248s] -- Found rmw_implementation_cmake: 7.3.3 (/opt/ros/jazzy/share/rmw_implementation_cmake/cmake)
[0.249s] -- Found rmw_fastrtps_cpp: 8.4.3 (/opt/ros/jazzy/share/rmw_fastrtps_cpp/cmake)
[0.280s] -- Using RMW implementation 'rmw_fastrtps_cpp' as default
[0.308s] -- Found rclpy: 7.1.9 (/opt/ros/jazzy/share/rclpy/cmake)
[0.309s] -- Found std_msgs: 5.3.6 (/opt/ros/jazzy/share/std_msgs/cmake)
[0.314s] -- Found motion_system_msgs: 0.0.0 (/home/csi/motion_system/install/motion_system_msgs/share/motion_system_msgs/cmake)
[0.322s] -- Found rosidl_adapter: 4.6.7 (/opt/ros/jazzy/share/rosidl_adapter/cmake)
[0.325s] -- Found motor_manager: 0.1.0 (/home/csi/motion_system/install/motor_manager/share/motor_manager/cmake)
[0.327s] -- Found ament_lint_auto: 0.17.4 (/opt/ros/jazzy/share/ament_lint_auto/cmake)
[0.381s] -- Added test 'cppcheck' to perform static code analysis on C / C++ code
[0.381s] -- Configured cppcheck include dirs: $<BUILD_INTERFACE:/home/csi/motion_system/ros2/motion_system_pkg/include>
[0.381s] -- Configured cppcheck exclude dirs and/or files: 
[0.381s] -- Added test 'flake8' to check Python code syntax and style conventions
[0.382s] -- Configured 'flake8' exclude dirs and/or files: 
[0.382s] -- Added test 'lint_cmake' to check CMake code style
[0.382s] -- Added test 'pep257' to check Python code against some of the docstring style conventions in PEP 257
[0.382s] -- Added test 'uncrustify' to check C / C++ code style
[0.383s] -- Configured uncrustify additional arguments: 
[0.383s] -- Added test 'xmllint' to check XML markup files
[0.383s] -- Configuring done (0.4s)
[0.387s] -- Generating done (0.0s)
[0.389s] -- Build files have been written to: /home/csi/motion_system/build/motion_system_pkg
[0.394s] Invoked command in '/home/csi/motion_system/build/motion_system_pkg' returned '0': AMENT_PREFIX_PATH=/home/csi/motion_system/install/robot_manager:/home/csi/motion_system/install/robots:/home/csi/motion_system/install/scheduler:/home/csi/motion_system/install/planner:/home/csi/motion_system/install/kinematics:/home/csi/motion_system/install/robot_interface:/home/csi/motion_system/install/motor_manager:/home/csi/motion_system/install/motion_system_msgs:/home/csi/motion_system/install/common_robot_interface:/home/csi/motion_system/install/common_motor_interface:${AMENT_PREFIX_PATH} CMAKE_PREFIX_PATH=/home/csi/motion_system/install/motor_manager:/home/csi/motion_system/install/motion_system_msgs:/home/csi/motion_system/install/common_motor_interface:/opt/ros/jazzy/opt/gz_math_vendor:/opt/ros/jazzy/opt/gz_utils_vendor:/opt/ros/jazzy/opt/gz_cmake_vendor:/opt/openrobots:/opt/ros/jazzy DEBUGINFOD_URLS=https://debuginfod.ubuntu.com LD_LIBRARY_PATH=/home/csi/motion_system/install/motor_manager/lib:/home/csi/motion_system/install/motion_system_msgs/lib:${LD_LIBRARY_PATH} PYTHONPATH=/home/csi/motion_system/install/robot_manager/lib/python3.12/site-packages:/home/csi/motion_system/install/robots/lib/python3.12/site-packages:/home/csi/motion_system/install/scheduler/lib/python3.12/site-packages:/home/csi/motion_system/install/planner/lib/python3.12/site-packages:/home/csi/motion_system/install/kinematics/lib/python3.12/site-packages:/home/csi/motion_system/install/robot_interface/lib/python3.12/site-packages:/home/csi/motion_system/install/motion_system_msgs/lib/python3.12/site-packages:/home/csi/motion_system/install/common_robot_interface/lib/python3.12/site-packages:/opt/ros/jazzy/lib/python3.12/site-packages:/opt/openrobots/lib/python3.8/site-packages /usr/bin/cmake /home/csi/motion_system/ros2/motion_system_pkg -DCMAKE_INSTALL_PREFIX=/home/csi/motion_system/install/motion_system_pkg
[0.394s] Invoking command in '/home/csi/motion_system/build/motion_system_pkg': AMENT_PREFIX_PATH=/home/csi/motion_system/install/robot_manager:/home/csi/motion_system/install/robots:/home/csi/motion_system/install/scheduler:/home/csi/motion_system/install/planner:/home/csi/motion_system/install/kinematics:/home/csi/motion_system/install/robot_interface:/home/csi/motion_system/install/motor_manager:/home/csi/motion_system/install/motion_system_msgs:/home/csi/motion_system/install/common_robot_interface:/home/csi/motion_system/install/common_motor_interface:${AMENT_PREFIX_PATH} CMAKE_PREFIX_PATH=/home/csi/motion_system/install/motor_manager:/home/csi/motion_system/install/motion_system_msgs:/home/csi/motion_system/install/common_motor_interface:/opt/ros/jazzy/opt/gz_math_vendor:/opt/ros/jazzy/opt/gz_utils_vendor:/opt/ros/jazzy/opt/gz_cmake_vendor:/opt/openrobots:/opt/ros/jazzy DEBUGINFOD_URLS=https://debuginfod.ubuntu.com LD_LIBRARY_PATH=/home/csi/motion_system/install/motor_manager/lib:/home/csi/motion_system/install/motion_system_msgs/lib:${LD_LIBRARY_PATH} PYTHONPATH=/home/csi/motion_system/install/robot_manager/lib/python3.12/site-packages:/home/csi/motion_system/install/robots/lib/python3.12/site-packages:/home/csi/motion_system/install/scheduler/lib/python3.12/site-packages:/home/csi/motion_system/install/planner/lib/python3.12/site-packages:/home/csi/motion_system/install/kinematics/lib/python3.12/site-packages:/home/csi/motion_system/install/robot_interface/lib/python3.12/site-packages:/home/csi/motion_system/install/motion_system_msgs/lib/python3.12/site-packages:/home/csi/motion_system/install/common_robot_interface/lib/python3.12/site-packages:/opt/ros/jazzy/lib/python3.12/site-packages:/opt/openrobots/lib/python3.8/site-packages /usr/bin/cmake --build /home/csi/motion_system/build/motion_system_pkg -- -j24 -l24
[0.429s] [100%] Built target motor_manager_node
[0.436s] Invoked command in '/home/csi/motion_system/build/motion_system_pkg' returned '0': AMENT_PREFIX_PATH=/home/csi/motion_system/install/robot_manager:/home/csi/motion_system/install/robots:/home/csi/motion_system/install/scheduler:/home/csi/motion_system/install/planner:/home/csi/motion_system/install/kinematics:/home/csi/motion_system/install/robot_interface:/home/csi/motion_system/install/motor_manager:/home/csi/motion_system/install/motion_system_msgs:/home/csi/motion_system/install/common_robot_interface:/home/csi/motion_system/install/common_motor_interface:${AMENT_PREFIX_PATH} CMAKE_PREFIX_PATH=/home/csi/motion_system/install/motor_manager:/home/csi/motion_system/install/motion_system_msgs:/home/csi/motion_system/install/common_motor_interface:/opt/ros/jazzy/opt/gz_math_vendor:/opt/ros/jazzy/opt/gz_utils_vendor:/opt/ros/jazzy/opt/gz_cmake_vendor:/opt/openrobots:/opt/ros/jazzy DEBUGINFOD_URLS=https://debuginfod.ubuntu.com LD_LIBRARY_PATH=/home/csi/motion_system/install/motor_manager/lib:/home/csi/motion_system/install/motion_system_msgs/lib:${LD_LIBRARY_PATH} PYTHONPATH=/home/csi/motion_system/install/robot_manager/lib/python3.12/site-packages:/home/csi/motion_system/install/robots/lib/python3.12/site-packages:/home/csi/motion_system/install/scheduler/lib/python3.12/site-packages:/home/csi/motion_system/install/planner/lib/python3.12/site-packages:/home/csi/motion_system/install/kinematics/lib/python3.12/site-packages:/home/csi/motion_system/install/robot_interface/lib/python3.12/site-packages:/home/csi/motion_system/install/motion_system_msgs/lib/python3.12/site-packages:/home/csi/motion_system/install/common_robot_interface/lib/python3.12/site-packages:/opt/ros/jazzy/lib/python3.12/site-packages:/opt/openrobots/lib/python3.8/site-packages /usr/bin/cmake --build /home/csi/motion_system/build/motion_system_pkg -- -j24 -l24
[0.436s] Invoking command in '/home/csi/motion_system/build/motion_system_pkg': AMENT_PREFIX_PATH=/home/csi/motion_system/install/robot_manager:/home/csi/motion_system/install/robots:/home/csi/motion_system/install/scheduler:/home/csi/motion_system/install/planner:/home/csi/motion_system/install/kinematics:/home/csi/motion_system/install/robot_interface:/home/csi/motion_system/install/motor_manager:/home/csi/motion_system/install/motion_system_msgs:/home/csi/motion_system/install/common_robot_interface:/home/csi/motion_system/install/common_motor_interface:${AMENT_PREFIX_PATH} CMAKE_PREFIX_PATH=/home/csi/motion_system/install/motor_manager:/home/csi/motion_system/install/motion_system_msgs:/home/csi/motion_system/install/common_motor_interface:/opt/ros/jazzy/opt/gz_math_vendor:/opt/ros/jazzy/opt/gz_utils_vendor:/opt/ros/jazzy/opt/gz_cmake_vendor:/opt/openrobots:/opt/ros/jazzy DEBUGINFOD_URLS=https://debuginfod.ubuntu.com LD_LIBRARY_PATH=/home/csi/motion_system/install/motor_manager/lib:/home/csi/motion_system/install/motion_system_msgs/lib:${LD_LIBRARY_PATH} PYTHONPATH=/home/csi/motion_system/install/robot_manager/lib/python3.12/site-packages:/home/csi/motion_system/install/robots/lib/python3.12/site-packages:/home/csi/motion_system/install/scheduler/lib/python3.12/site-packages:/home/csi/motion_system/install/planner/lib/python3.12/site-packages:/home/csi/motion_system/install/kinematics/lib/python3.12/site-packages:/home/csi/motion_system/install/robot_interface/lib/python3.12/site-packages:/home/csi/motion_system/install/motion_system_msgs/lib/python3.12/site-packages:/home/csi/motion_system/install/common_robot_interface/lib/python3.12/site-packages:/opt/ros/jazzy/lib/python3.12/site-packages:/opt/openrobots/lib/python3.8/site-packages /usr/bin/cmake --install /home/csi/motion_system/build/motion_system_pkg
[0.440s] -- Install configuration: ""
[0.440s] -- Up-to-date: /home/csi/motion_system/install/motion_system_pkg/lib/motion_system_pkg/motor_manager_node
[0.441s] -- Up-to-date: /home/csi/motion_system/install/motion_system_pkg/lib/motion_system_pkg/robot_manager_node.py
[0.441s] -- Up-to-date: /home/csi/motion_system/install/motion_system_pkg/share/motion_system_pkg/launch
[0.441s] -- Up-to-date: /home/csi/motion_system/install/motion_system_pkg/share/motion_system_pkg/launch/joy.launch.py
[0.441s] -- Up-to-date: /home/csi/motion_system/install/motion_system_pkg/share/motion_system_pkg/launch/robot_manager_node.launch.py
[0.441s] -- Up-to-date: /home/csi/motion_system/install/motion_system_pkg/share/motion_system_pkg/launch/motor_manager_node.launch.py
[0.441s] -- Up-to-date: /home/csi/motion_system/install/motion_system_pkg/share/motion_system_pkg/config
[0.441s] -- Up-to-date: /home/csi/motion_system/install/motion_system_pkg/share/motion_system_pkg/config/ethercat_minas.yaml
[0.441s] -- Up-to-date: /home/csi/motion_system/install/motion_system_pkg/share/motion_system_pkg/config/ethercat_zeroerr.yaml
[0.441s] -- Up-to-date: /home/csi/motion_system/install/motion_system_pkg/share/motion_system_pkg/config/silver_lain.yaml
[0.441s] -- Up-to-date: /home/csi/motion_system/install/motion_system_pkg/share/motion_system_pkg/config/ethercat_integrated.yaml
[0.441s] -- Up-to-date: /home/csi/motion_system/install/motion_system_pkg/share/motion_system_pkg/config/little_reader.yaml
[0.441s] -- Up-to-date: /home/csi/motion_system/install/motion_system_pkg/share/motion_system_pkg/param
[0.441s] -- Up-to-date: /home/csi/motion_system/install/motion_system_pkg/share/motion_system_pkg/param/minas_a6.yaml
[0.441s] -- Up-to-date: /home/csi/motion_system/install/motion_system_pkg/share/motion_system_pkg/param/zeroerr_pp_v6.yaml
[0.441s] -- Up-to-date: /home/csi/motion_system/install/motion_system_pkg/share/ament_index/resource_index/package_run_dependencies/motion_system_pkg
[0.441s] -- Up-to-date: /home/csi/motion_system/install/motion_system_pkg/share/ament_index/resource_index/parent_prefix_path/motion_system_pkg
[0.441s] -- Up-to-date: /home/csi/motion_system/install/motion_system_pkg/share/motion_system_pkg/environment/ament_prefix_path.sh
[0.441s] -- Up-to-date: /home/csi/motion_system/install/motion_system_pkg/share/motion_system_pkg/environment/ament_prefix_path.dsv
[0.441s] -- Up-to-date: /home/csi/motion_system/install/motion_system_pkg/share/motion_system_pkg/environment/path.sh
[0.441s] -- Up-to-date: /home/csi/motion_system/install/motion_system_pkg/share/motion_system_pkg/environment/path.dsv
[0.441s] -- Up-to-date: /home/csi/motion_system/install/motion_system_pkg/share/motion_system_pkg/local_setup.bash
[0.441s] -- Up-to-date: /home/csi/motion_system/install/motion_system_pkg/share/motion_system_pkg/local_setup.sh
[0.441s] -- Up-to-date: /home/csi/motion_system/install/motion_system_pkg/share/motion_system_pkg/local_setup.zsh
[0.441s] -- Up-to-date: /home/csi/motion_system/install/motion_system_pkg/share/motion_system_pkg/local_setup.dsv
[0.441s] -- Installing: /home/csi/motion_system/install/motion_system_pkg/share/motion_system_pkg/package.dsv
[0.441s] -- Up-to-date: /home/csi/motion_system/install/motion_system_pkg/share/ament_index/resource_index/packages/motion_system_pkg
[0.441s] -- Up-to-date: /home/csi/motion_system/install/motion_system_pkg/share/motion_system_pkg/cmake/motion_system_pkgConfig.cmake
[0.441s] -- Up-to-date: /home/csi/motion_system/install/motion_system_pkg/share/motion_system_pkg/cmake/motion_system_pkgConfig-version.cmake
[0.441s] -- Up-to-date: /home/csi/motion_system/install/motion_system_pkg/share/motion_system_pkg/package.xml
[0.442s] Invoked command in '/home/csi/motion_system/build/motion_system_pkg' returned '0': AMENT_PREFIX_PATH=/home/csi/motion_system/install/robot_manager:/home/csi/motion_system/install/robots:/home/csi/motion_system/install/scheduler:/home/csi/motion_system/install/planner:/home/csi/motion_system/install/kinematics:/home/csi/motion_system/install/robot_interface:/home/csi/motion_system/install/motor_manager:/home/csi/motion_system/install/motion_system_msgs:/home/csi/motion_system/install/common_robot_interface:/home/csi/motion_system/install/common_motor_interface:${AMENT_PREFIX_PATH} CMAKE_PREFIX_PATH=/home/csi/motion_system/install/motor_manager:/home/csi/motion_system/install/motion_system_msgs:/home/csi/motion_system/install/common_motor_interface:/opt/ros/jazzy/opt/gz_math_vendor:/opt/ros/jazzy/opt/gz_utils_vendor:/opt/ros/jazzy/opt/gz_cmake_vendor:/opt/openrobots:/opt/ros/jazzy DEBUGINFOD_URLS=https://debuginfod.ubuntu.com LD_LIBRARY_PATH=/home/csi/motion_system/install/motor_manager/lib:/home/csi/motion_system/install/motion_system_msgs/lib:${LD_LIBRARY_PATH} PYTHONPATH=/home/csi/motion_system/install/robot_manager/lib/python3.12/site-packages:/home/csi/motion_system/install/robots/lib/python3.12/site-packages:/home/csi/motion_system/install/scheduler/lib/python3.12/site-packages:/home/csi/motion_system/install/planner/lib/python3.12/site-packages:/home/csi/motion_system/install/kinematics/lib/python3.12/site-packages:/home/csi/motion_system/install/robot_interface/lib/python3.12/site-packages:/home/csi/motion_system/install/motion_system_msgs/lib/python3.12/site-packages:/home/csi/motion_system/install/common_robot_interface/lib/python3.12/site-packages:/opt/ros/jazzy/lib/python3.12/site-packages:/opt/openrobots/lib/python3.8/site-packages /usr/bin/cmake --install /home/csi/motion_system/build/motion_system_pkg
