running egg_info
creating ../../../build/kinematics/kinematics.egg-info
writing ../../../build/kinematics/kinematics.egg-info/PKG-INFO
writing dependency_links to ../../../build/kinematics/kinematics.egg-info/dependency_links.txt
writing requirements to ../../../build/kinematics/kinematics.egg-info/requires.txt
writing top-level names to ../../../build/kinematics/kinematics.egg-info/top_level.txt
writing manifest file '../../../build/kinematics/kinematics.egg-info/SOURCES.txt'
reading manifest file '../../../build/kinematics/kinematics.egg-info/SOURCES.txt'
writing manifest file '../../../build/kinematics/kinematics.egg-info/SOURCES.txt'
running build
running build_py
creating /home/csi/motion_system/build/kinematics/build
creating /home/csi/motion_system/build/kinematics/build/lib
creating /home/csi/motion_system/build/kinematics/build/lib/kinematics
copying src/kinematics/__init__.py -> /home/csi/motion_system/build/kinematics/build/lib/kinematics
copying src/kinematics/silver_lain_solver.py -> /home/csi/motion_system/build/kinematics/build/lib/kinematics
running install
running install_lib
creating /home/csi/motion_system/install/kinematics/lib/python3.12/site-packages/kinematics
copying /home/csi/motion_system/build/kinematics/build/lib/kinematics/__init__.py -> /home/csi/motion_system/install/kinematics/lib/python3.12/site-packages/kinematics
copying /home/csi/motion_system/build/kinematics/build/lib/kinematics/silver_lain_solver.py -> /home/csi/motion_system/install/kinematics/lib/python3.12/site-packages/kinematics
byte-compiling /home/csi/motion_system/install/kinematics/lib/python3.12/site-packages/kinematics/__init__.py to __init__.cpython-312.pyc
byte-compiling /home/csi/motion_system/install/kinematics/lib/python3.12/site-packages/kinematics/silver_lain_solver.py to silver_lain_solver.cpython-312.pyc
running install_data
creating /home/csi/motion_system/install/kinematics/share/ament_index
creating /home/csi/motion_system/install/kinematics/share/ament_index/resource_index
creating /home/csi/motion_system/install/kinematics/share/ament_index/resource_index/packages
copying resource/kinematics -> /home/csi/motion_system/install/kinematics/share/ament_index/resource_index/packages
copying package.xml -> /home/csi/motion_system/install/kinematics/share/kinematics
running install_egg_info
Copying ../../../build/kinematics/kinematics.egg-info to /home/csi/motion_system/install/kinematics/lib/python3.12/site-packages/kinematics-0.1.0-py3.12.egg-info
running install_scripts
writing list of installed files to '/home/csi/motion_system/build/kinematics/install.log'
