[0.628s] Invoking command in '/home/csi/motion_system/lib/robot_manager/kinematics': AMENT_PREFIX_PATH=/home/csi/motion_system/install/robot_interface:/home/csi/motion_system/install/common_robot_interface:${AMENT_PREFIX_PATH} CONDA_PROMPT_MODIFIER=(base) DEBUGINFOD_URLS=https://debuginfod.ubuntu.com PYTHONPATH=/home/csi/motion_system/build/kinematics/prefix_override:/usr/lib/python3/dist-packages/colcon_core/task/python/colcon_distutils_commands:/home/csi/motion_system/install/kinematics/lib/python3.12/site-packages:/home/csi/motion_system/install/robot_interface/lib/python3.12/site-packages:/home/csi/motion_system/install/common_robot_interface/lib/python3.12/site-packages:/opt/ros/jazzy/lib/python3.12/site-packages:/opt/openrobots/lib/python3.8/site-packages:/opt/openrobots/lib/python3.8/site-packages /usr/bin/python3 -W ignore:setup.py install is deprecated -W ignore:easy_install command is deprecated setup.py egg_info --egg-base ../../../build/kinematics build --build-base /home/csi/motion_system/build/kinematics/build install --record /home/csi/motion_system/build/kinematics/install.log --single-version-externally-managed install_data
[0.754s] running egg_info
[0.755s] creating ../../../build/kinematics/kinematics.egg-info
[0.763s] writing ../../../build/kinematics/kinematics.egg-info/PKG-INFO
[0.763s] writing dependency_links to ../../../build/kinematics/kinematics.egg-info/dependency_links.txt
[0.763s] writing requirements to ../../../build/kinematics/kinematics.egg-info/requires.txt
[0.763s] writing top-level names to ../../../build/kinematics/kinematics.egg-info/top_level.txt
[0.763s] writing manifest file '../../../build/kinematics/kinematics.egg-info/SOURCES.txt'
[0.780s] reading manifest file '../../../build/kinematics/kinematics.egg-info/SOURCES.txt'
[0.781s] writing manifest file '../../../build/kinematics/kinematics.egg-info/SOURCES.txt'
[0.781s] running build
[0.781s] running build_py
[0.781s] creating /home/csi/motion_system/build/kinematics/build
[0.781s] creating /home/csi/motion_system/build/kinematics/build/lib
[0.781s] creating /home/csi/motion_system/build/kinematics/build/lib/kinematics
[0.781s] copying src/kinematics/__init__.py -> /home/csi/motion_system/build/kinematics/build/lib/kinematics
[0.781s] copying src/kinematics/silver_lain_solver.py -> /home/csi/motion_system/build/kinematics/build/lib/kinematics
[0.781s] running install
[0.783s] running install_lib
[0.792s] creating /home/csi/motion_system/install/kinematics/lib/python3.12/site-packages/kinematics
[0.793s] copying /home/csi/motion_system/build/kinematics/build/lib/kinematics/__init__.py -> /home/csi/motion_system/install/kinematics/lib/python3.12/site-packages/kinematics
[0.793s] copying /home/csi/motion_system/build/kinematics/build/lib/kinematics/silver_lain_solver.py -> /home/csi/motion_system/install/kinematics/lib/python3.12/site-packages/kinematics
[0.793s] byte-compiling /home/csi/motion_system/install/kinematics/lib/python3.12/site-packages/kinematics/__init__.py to __init__.cpython-312.pyc
[0.793s] byte-compiling /home/csi/motion_system/install/kinematics/lib/python3.12/site-packages/kinematics/silver_lain_solver.py to silver_lain_solver.cpython-312.pyc
[0.793s] running install_data
[0.793s] creating /home/csi/motion_system/install/kinematics/share/ament_index
[0.793s] creating /home/csi/motion_system/install/kinematics/share/ament_index/resource_index
[0.793s] creating /home/csi/motion_system/install/kinematics/share/ament_index/resource_index/packages
[0.793s] copying resource/kinematics -> /home/csi/motion_system/install/kinematics/share/ament_index/resource_index/packages
[0.793s] copying package.xml -> /home/csi/motion_system/install/kinematics/share/kinematics
[0.793s] running install_egg_info
[0.802s] Copying ../../../build/kinematics/kinematics.egg-info to /home/csi/motion_system/install/kinematics/lib/python3.12/site-packages/kinematics-0.1.0-py3.12.egg-info
[0.802s] running install_scripts
[0.859s] writing list of installed files to '/home/csi/motion_system/build/kinematics/install.log'
[0.875s] Invoked command in '/home/csi/motion_system/lib/robot_manager/kinematics' returned '0': AMENT_PREFIX_PATH=/home/csi/motion_system/install/robot_interface:/home/csi/motion_system/install/common_robot_interface:${AMENT_PREFIX_PATH} CONDA_PROMPT_MODIFIER=(base) DEBUGINFOD_URLS=https://debuginfod.ubuntu.com PYTHONPATH=/home/csi/motion_system/build/kinematics/prefix_override:/usr/lib/python3/dist-packages/colcon_core/task/python/colcon_distutils_commands:/home/csi/motion_system/install/kinematics/lib/python3.12/site-packages:/home/csi/motion_system/install/robot_interface/lib/python3.12/site-packages:/home/csi/motion_system/install/common_robot_interface/lib/python3.12/site-packages:/opt/ros/jazzy/lib/python3.12/site-packages:/opt/openrobots/lib/python3.8/site-packages:/opt/openrobots/lib/python3.8/site-packages /usr/bin/python3 -W ignore:setup.py install is deprecated -W ignore:easy_install command is deprecated setup.py egg_info --egg-base ../../../build/kinematics build --build-base /home/csi/motion_system/build/kinematics/build install --record /home/csi/motion_system/build/kinematics/install.log --single-version-externally-managed install_data
