running egg_info
creating ../../build/common_robot_interface/common_robot_interface.egg-info
writing ../../build/common_robot_interface/common_robot_interface.egg-info/PKG-INFO
writing dependency_links to ../../build/common_robot_interface/common_robot_interface.egg-info/dependency_links.txt
writing requirements to ../../build/common_robot_interface/common_robot_interface.egg-info/requires.txt
writing top-level names to ../../build/common_robot_interface/common_robot_interface.egg-info/top_level.txt
writing manifest file '../../build/common_robot_interface/common_robot_interface.egg-info/SOURCES.txt'
reading manifest file '../../build/common_robot_interface/common_robot_interface.egg-info/SOURCES.txt'
writing manifest file '../../build/common_robot_interface/common_robot_interface.egg-info/SOURCES.txt'
running build
running build_py
creating /home/csi/motion_system/build/common_robot_interface/build
creating /home/csi/motion_system/build/common_robot_interface/build/lib
creating /home/csi/motion_system/build/common_robot_interface/build/lib/common_robot_interface
copying src/common_robot_interface/__init__.py -> /home/csi/motion_system/build/common_robot_interface/build/lib/common_robot_interface
copying src/common_robot_interface/action.py -> /home/csi/motion_system/build/common_robot_interface/build/lib/common_robot_interface
copying src/common_robot_interface/state.py -> /home/csi/motion_system/build/common_robot_interface/build/lib/common_robot_interface
copying src/common_robot_interface/robot.py -> /home/csi/motion_system/build/common_robot_interface/build/lib/common_robot_interface
copying src/common_robot_interface/joint.py -> /home/csi/motion_system/build/common_robot_interface/build/lib/common_robot_interface
running install
running install_lib
creating /home/csi/motion_system/install/common_robot_interface/lib/python3.12/site-packages/common_robot_interface
copying /home/csi/motion_system/build/common_robot_interface/build/lib/common_robot_interface/__init__.py -> /home/csi/motion_system/install/common_robot_interface/lib/python3.12/site-packages/common_robot_interface
copying /home/csi/motion_system/build/common_robot_interface/build/lib/common_robot_interface/action.py -> /home/csi/motion_system/install/common_robot_interface/lib/python3.12/site-packages/common_robot_interface
copying /home/csi/motion_system/build/common_robot_interface/build/lib/common_robot_interface/state.py -> /home/csi/motion_system/install/common_robot_interface/lib/python3.12/site-packages/common_robot_interface
copying /home/csi/motion_system/build/common_robot_interface/build/lib/common_robot_interface/robot.py -> /home/csi/motion_system/install/common_robot_interface/lib/python3.12/site-packages/common_robot_interface
copying /home/csi/motion_system/build/common_robot_interface/build/lib/common_robot_interface/joint.py -> /home/csi/motion_system/install/common_robot_interface/lib/python3.12/site-packages/common_robot_interface
byte-compiling /home/csi/motion_system/install/common_robot_interface/lib/python3.12/site-packages/common_robot_interface/__init__.py to __init__.cpython-312.pyc
byte-compiling /home/csi/motion_system/install/common_robot_interface/lib/python3.12/site-packages/common_robot_interface/action.py to action.cpython-312.pyc
byte-compiling /home/csi/motion_system/install/common_robot_interface/lib/python3.12/site-packages/common_robot_interface/state.py to state.cpython-312.pyc
byte-compiling /home/csi/motion_system/install/common_robot_interface/lib/python3.12/site-packages/common_robot_interface/robot.py to robot.cpython-312.pyc
byte-compiling /home/csi/motion_system/install/common_robot_interface/lib/python3.12/site-packages/common_robot_interface/joint.py to joint.cpython-312.pyc
running install_data
creating /home/csi/motion_system/install/common_robot_interface/share/ament_index
creating /home/csi/motion_system/install/common_robot_interface/share/ament_index/resource_index
creating /home/csi/motion_system/install/common_robot_interface/share/ament_index/resource_index/packages
copying resource/common_robot_interface -> /home/csi/motion_system/install/common_robot_interface/share/ament_index/resource_index/packages
copying package.xml -> /home/csi/motion_system/install/common_robot_interface/share/common_robot_interface
running install_egg_info
Copying ../../build/common_robot_interface/common_robot_interface.egg-info to /home/csi/motion_system/install/common_robot_interface/lib/python3.12/site-packages/common_robot_interface-0.1.0-py3.12.egg-info
running install_scripts
writing list of installed files to '/home/csi/motion_system/build/common_robot_interface/install.log'
