[0.468s] Invoking command in '/home/csi/motion_system/common/common_robot_interface': CONDA_PROMPT_MODIFIER=(base) DEBUGINFOD_URLS=https://debuginfod.ubuntu.com PYTHONPATH=/home/csi/motion_system/build/common_robot_interface/prefix_override:/usr/lib/python3/dist-packages/colcon_core/task/python/colcon_distutils_commands:/home/csi/motion_system/install/common_robot_interface/lib/python3.12/site-packages:${PYTHONPATH} /usr/bin/python3 -W ignore:setup.py install is deprecated -W ignore:easy_install command is deprecated setup.py egg_info --egg-base ../../build/common_robot_interface build --build-base /home/csi/motion_system/build/common_robot_interface/build install --record /home/csi/motion_system/build/common_robot_interface/install.log --single-version-externally-managed install_data
[0.594s] running egg_info
[0.594s] creating ../../build/common_robot_interface/common_robot_interface.egg-info
[0.603s] writing ../../build/common_robot_interface/common_robot_interface.egg-info/PKG-INFO
[0.603s] writing dependency_links to ../../build/common_robot_interface/common_robot_interface.egg-info/dependency_links.txt
[0.603s] writing requirements to ../../build/common_robot_interface/common_robot_interface.egg-info/requires.txt
[0.603s] writing top-level names to ../../build/common_robot_interface/common_robot_interface.egg-info/top_level.txt
[0.603s] writing manifest file '../../build/common_robot_interface/common_robot_interface.egg-info/SOURCES.txt'
[0.620s] reading manifest file '../../build/common_robot_interface/common_robot_interface.egg-info/SOURCES.txt'
[0.620s] writing manifest file '../../build/common_robot_interface/common_robot_interface.egg-info/SOURCES.txt'
[0.620s] running build
[0.620s] running build_py
[0.620s] creating /home/csi/motion_system/build/common_robot_interface/build
[0.620s] creating /home/csi/motion_system/build/common_robot_interface/build/lib
[0.620s] creating /home/csi/motion_system/build/common_robot_interface/build/lib/common_robot_interface
[0.620s] copying src/common_robot_interface/__init__.py -> /home/csi/motion_system/build/common_robot_interface/build/lib/common_robot_interface
[0.620s] copying src/common_robot_interface/action.py -> /home/csi/motion_system/build/common_robot_interface/build/lib/common_robot_interface
[0.620s] copying src/common_robot_interface/state.py -> /home/csi/motion_system/build/common_robot_interface/build/lib/common_robot_interface
[0.620s] copying src/common_robot_interface/robot.py -> /home/csi/motion_system/build/common_robot_interface/build/lib/common_robot_interface
[0.620s] copying src/common_robot_interface/joint.py -> /home/csi/motion_system/build/common_robot_interface/build/lib/common_robot_interface
[0.620s] running install
[0.623s] running install_lib
[0.631s] creating /home/csi/motion_system/install/common_robot_interface/lib/python3.12/site-packages/common_robot_interface
[0.631s] copying /home/csi/motion_system/build/common_robot_interface/build/lib/common_robot_interface/__init__.py -> /home/csi/motion_system/install/common_robot_interface/lib/python3.12/site-packages/common_robot_interface
[0.631s] copying /home/csi/motion_system/build/common_robot_interface/build/lib/common_robot_interface/action.py -> /home/csi/motion_system/install/common_robot_interface/lib/python3.12/site-packages/common_robot_interface
[0.631s] copying /home/csi/motion_system/build/common_robot_interface/build/lib/common_robot_interface/state.py -> /home/csi/motion_system/install/common_robot_interface/lib/python3.12/site-packages/common_robot_interface
[0.631s] copying /home/csi/motion_system/build/common_robot_interface/build/lib/common_robot_interface/robot.py -> /home/csi/motion_system/install/common_robot_interface/lib/python3.12/site-packages/common_robot_interface
[0.631s] copying /home/csi/motion_system/build/common_robot_interface/build/lib/common_robot_interface/joint.py -> /home/csi/motion_system/install/common_robot_interface/lib/python3.12/site-packages/common_robot_interface
[0.631s] byte-compiling /home/csi/motion_system/install/common_robot_interface/lib/python3.12/site-packages/common_robot_interface/__init__.py to __init__.cpython-312.pyc
[0.631s] byte-compiling /home/csi/motion_system/install/common_robot_interface/lib/python3.12/site-packages/common_robot_interface/action.py to action.cpython-312.pyc
[0.632s] byte-compiling /home/csi/motion_system/install/common_robot_interface/lib/python3.12/site-packages/common_robot_interface/state.py to state.cpython-312.pyc
[0.632s] byte-compiling /home/csi/motion_system/install/common_robot_interface/lib/python3.12/site-packages/common_robot_interface/robot.py to robot.cpython-312.pyc
[0.632s] byte-compiling /home/csi/motion_system/install/common_robot_interface/lib/python3.12/site-packages/common_robot_interface/joint.py to joint.cpython-312.pyc
[0.632s] running install_data
[0.632s] creating /home/csi/motion_system/install/common_robot_interface/share/ament_index
[0.632s] creating /home/csi/motion_system/install/common_robot_interface/share/ament_index/resource_index
[0.632s] creating /home/csi/motion_system/install/common_robot_interface/share/ament_index/resource_index/packages
[0.632s] copying resource/common_robot_interface -> /home/csi/motion_system/install/common_robot_interface/share/ament_index/resource_index/packages
[0.632s] copying package.xml -> /home/csi/motion_system/install/common_robot_interface/share/common_robot_interface
[0.632s] running install_egg_info
[0.641s] Copying ../../build/common_robot_interface/common_robot_interface.egg-info to /home/csi/motion_system/install/common_robot_interface/lib/python3.12/site-packages/common_robot_interface-0.1.0-py3.12.egg-info
[0.641s] running install_scripts
[0.696s] writing list of installed files to '/home/csi/motion_system/build/common_robot_interface/install.log'
