[0.109s] Invoking command in '/home/csi/motion_system/build/common_motor_interface': CMAKE_PREFIX_PATH=${CMAKE_PREFIX_PATH}:/opt/ros/jazzy CONDA_PROMPT_MODIFIER=(base) DEBUGINFOD_URLS=https://debuginfod.ubuntu.com /usr/bin/cmake /home/csi/motion_system/common/common_motor_interface -DPython3_EXECUTABLE=/usr/bin/python3 -DCMAKE_INSTALL_PREFIX=/home/csi/motion_system/install/common_motor_interface
[0.142s] -- The C compiler identification is GNU 13.3.0
[0.173s] -- The CXX compiler identification is GNU 13.3.0
[0.182s] -- Detecting C compiler ABI info
[0.232s] -- Detecting C compiler ABI info - done
[0.235s] -- Check for working C compiler: /usr/bin/cc - skipped
[0.235s] -- Detecting C compile features
[0.236s] -- Detecting C compile features - done
[0.241s] -- Detecting CXX compiler ABI info
[0.293s] -- Detecting CXX compiler ABI info - done
[0.299s] -- Check for working CXX compiler: /usr/bin/c++ - skipped
[0.299s] -- Detecting CXX compile features
[0.300s] -- Detecting CXX compile features - done
[0.301s] -- Found ament_cmake: 2.5.5 (/opt/ros/jazzy/share/ament_cmake/cmake)
[0.414s] -- Found Python3: /usr/bin/python3 (found version "3.12.3") found components: Interpreter 
[0.518s] -- Configuring done (0.4s)
[0.519s] -- Generating done (0.0s)
[0.520s] -- Build files have been written to: /home/csi/motion_system/build/common_motor_interface
[0.523s] Invoked command in '/home/csi/motion_system/build/common_motor_interface' returned '0': CMAKE_PREFIX_PATH=${CMAKE_PREFIX_PATH}:/opt/ros/jazzy CONDA_PROMPT_MODIFIER=(base) DEBUGINFOD_URLS=https://debuginfod.ubuntu.com /usr/bin/cmake /home/csi/motion_system/common/common_motor_interface -DPython3_EXECUTABLE=/usr/bin/python3 -DCMAKE_INSTALL_PREFIX=/home/csi/motion_system/install/common_motor_interface
[0.524s] Invoking command in '/home/csi/motion_system/build/common_motor_interface': CMAKE_PREFIX_PATH=${CMAKE_PREFIX_PATH}:/opt/ros/jazzy CONDA_PROMPT_MODIFIER=(base) DEBUGINFOD_URLS=https://debuginfod.ubuntu.com /usr/bin/cmake --build /home/csi/motion_system/build/common_motor_interface -- -j24 -l24
[0.545s] Invoked command in '/home/csi/motion_system/build/common_motor_interface' returned '0': CMAKE_PREFIX_PATH=${CMAKE_PREFIX_PATH}:/opt/ros/jazzy CONDA_PROMPT_MODIFIER=(base) DEBUGINFOD_URLS=https://debuginfod.ubuntu.com /usr/bin/cmake --build /home/csi/motion_system/build/common_motor_interface -- -j24 -l24
[0.551s] Invoking command in '/home/csi/motion_system/build/common_motor_interface': CMAKE_PREFIX_PATH=${CMAKE_PREFIX_PATH}:/opt/ros/jazzy CONDA_PROMPT_MODIFIER=(base) DEBUGINFOD_URLS=https://debuginfod.ubuntu.com /usr/bin/cmake --install /home/csi/motion_system/build/common_motor_interface
[0.555s] -- Install configuration: ""
[0.555s] -- Up-to-date: /home/csi/motion_system/install/common_motor_interface/include
[0.555s] -- Up-to-date: /home/csi/motion_system/install/common_motor_interface/include/common_motor_interface
[0.555s] -- Up-to-date: /home/csi/motion_system/install/common_motor_interface/include/common_motor_interface/motor_frame.hpp
[0.555s] -- Up-to-date: /home/csi/motion_system/install/common_motor_interface/share/ament_index/resource_index/package_run_dependencies/common_motor_interface
[0.555s] -- Up-to-date: /home/csi/motion_system/install/common_motor_interface/share/ament_index/resource_index/parent_prefix_path/common_motor_interface
[0.555s] -- Up-to-date: /home/csi/motion_system/install/common_motor_interface/share/common_motor_interface/environment/ament_prefix_path.sh
[0.555s] -- Up-to-date: /home/csi/motion_system/install/common_motor_interface/share/common_motor_interface/environment/ament_prefix_path.dsv
[0.555s] -- Up-to-date: /home/csi/motion_system/install/common_motor_interface/share/common_motor_interface/environment/path.sh
[0.555s] -- Up-to-date: /home/csi/motion_system/install/common_motor_interface/share/common_motor_interface/environment/path.dsv
[0.556s] -- Up-to-date: /home/csi/motion_system/install/common_motor_interface/share/common_motor_interface/local_setup.bash
[0.556s] -- Up-to-date: /home/csi/motion_system/install/common_motor_interface/share/common_motor_interface/local_setup.sh
[0.556s] -- Up-to-date: /home/csi/motion_system/install/common_motor_interface/share/common_motor_interface/local_setup.zsh
[0.556s] -- Up-to-date: /home/csi/motion_system/install/common_motor_interface/share/common_motor_interface/local_setup.dsv
[0.556s] -- Up-to-date: /home/csi/motion_system/install/common_motor_interface/share/common_motor_interface/package.dsv
[0.556s] -- Up-to-date: /home/csi/motion_system/install/common_motor_interface/share/ament_index/resource_index/packages/common_motor_interface
[0.556s] -- Up-to-date: /home/csi/motion_system/install/common_motor_interface/share/common_motor_interface/cmake/export_common_motor_interfaceExport.cmake
[0.556s] -- Up-to-date: /home/csi/motion_system/install/common_motor_interface/share/common_motor_interface/cmake/ament_cmake_export_targets-extras.cmake
[0.556s] -- Up-to-date: /home/csi/motion_system/install/common_motor_interface/share/common_motor_interface/cmake/common_motor_interfaceConfig.cmake
[0.556s] -- Up-to-date: /home/csi/motion_system/install/common_motor_interface/share/common_motor_interface/cmake/common_motor_interfaceConfig-version.cmake
[0.556s] -- Up-to-date: /home/csi/motion_system/install/common_motor_interface/share/common_motor_interface/package.xml
[0.556s] Invoked command in '/home/csi/motion_system/build/common_motor_interface' returned '0': CMAKE_PREFIX_PATH=${CMAKE_PREFIX_PATH}:/opt/ros/jazzy CONDA_PROMPT_MODIFIER=(base) DEBUGINFOD_URLS=https://debuginfod.ubuntu.com /usr/bin/cmake --install /home/csi/motion_system/build/common_motor_interface
