running egg_info
creating ../../build/utils_pkg/utils_pkg.egg-info
writing ../../build/utils_pkg/utils_pkg.egg-info/PKG-INFO
writing dependency_links to ../../build/utils_pkg/utils_pkg.egg-info/dependency_links.txt
writing entry points to ../../build/utils_pkg/utils_pkg.egg-info/entry_points.txt
writing requirements to ../../build/utils_pkg/utils_pkg.egg-info/requires.txt
writing top-level names to ../../build/utils_pkg/utils_pkg.egg-info/top_level.txt
writing manifest file '../../build/utils_pkg/utils_pkg.egg-info/SOURCES.txt'
reading manifest file '../../build/utils_pkg/utils_pkg.egg-info/SOURCES.txt'
writing manifest file '../../build/utils_pkg/utils_pkg.egg-info/SOURCES.txt'
running build
running build_py
creating /home/csi/motion_system/build/utils_pkg/build
creating /home/csi/motion_system/build/utils_pkg/build/lib
creating /home/csi/motion_system/build/utils_pkg/build/lib/utils_pkg
copying utils_pkg/__init__.py -> /home/csi/motion_system/build/utils_pkg/build/lib/utils_pkg
copying utils_pkg/rocking_chair_position_command.py -> /home/csi/motion_system/build/utils_pkg/build/lib/utils_pkg
copying utils_pkg/sine_motor_command_publisher.py -> /home/csi/motion_system/build/utils_pkg/build/lib/utils_pkg
running install
running install_lib
creating /home/csi/motion_system/install/utils_pkg/lib/python3.12/site-packages/utils_pkg
copying /home/csi/motion_system/build/utils_pkg/build/lib/utils_pkg/__init__.py -> /home/csi/motion_system/install/utils_pkg/lib/python3.12/site-packages/utils_pkg
copying /home/csi/motion_system/build/utils_pkg/build/lib/utils_pkg/rocking_chair_position_command.py -> /home/csi/motion_system/install/utils_pkg/lib/python3.12/site-packages/utils_pkg
copying /home/csi/motion_system/build/utils_pkg/build/lib/utils_pkg/sine_motor_command_publisher.py -> /home/csi/motion_system/install/utils_pkg/lib/python3.12/site-packages/utils_pkg
byte-compiling /home/csi/motion_system/install/utils_pkg/lib/python3.12/site-packages/utils_pkg/__init__.py to __init__.cpython-312.pyc
byte-compiling /home/csi/motion_system/install/utils_pkg/lib/python3.12/site-packages/utils_pkg/rocking_chair_position_command.py to rocking_chair_position_command.cpython-312.pyc
byte-compiling /home/csi/motion_system/install/utils_pkg/lib/python3.12/site-packages/utils_pkg/sine_motor_command_publisher.py to sine_motor_command_publisher.cpython-312.pyc
running install_data
creating /home/csi/motion_system/install/utils_pkg/share/ament_index
creating /home/csi/motion_system/install/utils_pkg/share/ament_index/resource_index
creating /home/csi/motion_system/install/utils_pkg/share/ament_index/resource_index/packages
copying resource/utils_pkg -> /home/csi/motion_system/install/utils_pkg/share/ament_index/resource_index/packages
copying package.xml -> /home/csi/motion_system/install/utils_pkg/share/utils_pkg
running install_egg_info
Copying ../../build/utils_pkg/utils_pkg.egg-info to /home/csi/motion_system/install/utils_pkg/lib/python3.12/site-packages/utils_pkg-0.0.0-py3.12.egg-info
running install_scripts
Installing rocking_chair_position_command script to /home/csi/motion_system/install/utils_pkg/lib/utils_pkg
Installing sine_motor_command_publisher script to /home/csi/motion_system/install/utils_pkg/lib/utils_pkg
writing list of installed files to '/home/csi/motion_system/build/utils_pkg/install.log'
