[0.113s] Invoking command in '/home/csi/motion_system/build/motion_system_rqt': CMAKE_PREFIX_PATH=${CMAKE_PREFIX_PATH}:/home/csi/motion_system/install/utils_pkg:/home/csi/motion_system/install/robot_manager:/home/csi/motion_system/install/robots:/home/csi/motion_system/install/scheduler:/home/csi/motion_system/install/planner:/home/csi/motion_system/install/kinematics:/home/csi/motion_system/install/robot_interface:/home/csi/motion_system/install/common_robot_interface:/opt/ros/jazzy DEBUGINFOD_URLS=https://debuginfod.ubuntu.com /usr/bin/cmake --build /home/csi/motion_system/build/motion_system_rqt -- -j24 -l24
[0.146s] Built target ament_cmake_python_copy_motion_system_rqt
[0.255s] running egg_info
[0.263s] writing motion_system_rqt.egg-info/PKG-INFO
[0.263s] writing dependency_links to motion_system_rqt.egg-info/dependency_links.txt
[0.263s] writing top-level names to motion_system_rqt.egg-info/top_level.txt
[0.289s] reading manifest file 'motion_system_rqt.egg-info/SOURCES.txt'
[0.289s] writing manifest file 'motion_system_rqt.egg-info/SOURCES.txt'
[0.305s] Built target ament_cmake_python_build_motion_system_rqt_egg
[0.312s] Invoked command in '/home/csi/motion_system/build/motion_system_rqt' returned '0': CMAKE_PREFIX_PATH=${CMAKE_PREFIX_PATH}:/home/csi/motion_system/install/utils_pkg:/home/csi/motion_system/install/robot_manager:/home/csi/motion_system/install/robots:/home/csi/motion_system/install/scheduler:/home/csi/motion_system/install/planner:/home/csi/motion_system/install/kinematics:/home/csi/motion_system/install/robot_interface:/home/csi/motion_system/install/common_robot_interface:/opt/ros/jazzy DEBUGINFOD_URLS=https://debuginfod.ubuntu.com /usr/bin/cmake --build /home/csi/motion_system/build/motion_system_rqt -- -j24 -l24
[0.312s] Invoking command in '/home/csi/motion_system/build/motion_system_rqt': CMAKE_PREFIX_PATH=${CMAKE_PREFIX_PATH}:/home/csi/motion_system/install/utils_pkg:/home/csi/motion_system/install/robot_manager:/home/csi/motion_system/install/robots:/home/csi/motion_system/install/scheduler:/home/csi/motion_system/install/planner:/home/csi/motion_system/install/kinematics:/home/csi/motion_system/install/robot_interface:/home/csi/motion_system/install/common_robot_interface:/opt/ros/jazzy DEBUGINFOD_URLS=https://debuginfod.ubuntu.com /usr/bin/cmake --install /home/csi/motion_system/build/motion_system_rqt
[0.315s] -- Install configuration: ""
[0.316s] -- Up-to-date: /home/csi/motion_system/install/motion_system_rqt/share/motion_system_rqt/environment/pythonpath.sh
[0.316s] -- Up-to-date: /home/csi/motion_system/install/motion_system_rqt/share/motion_system_rqt/environment/pythonpath.dsv
[0.316s] -- Up-to-date: /home/csi/motion_system/install/motion_system_rqt/lib/python3.12/site-packages/motion_system_rqt-0.0.0-py3.12.egg-info
[0.316s] -- Installing: /home/csi/motion_system/install/motion_system_rqt/lib/python3.12/site-packages/motion_system_rqt-0.0.0-py3.12.egg-info/SOURCES.txt
[0.316s] -- Installing: /home/csi/motion_system/install/motion_system_rqt/lib/python3.12/site-packages/motion_system_rqt-0.0.0-py3.12.egg-info/PKG-INFO
[0.316s] -- Installing: /home/csi/motion_system/install/motion_system_rqt/lib/python3.12/site-packages/motion_system_rqt-0.0.0-py3.12.egg-info/dependency_links.txt
[0.316s] -- Installing: /home/csi/motion_system/install/motion_system_rqt/lib/python3.12/site-packages/motion_system_rqt-0.0.0-py3.12.egg-info/top_level.txt
[0.316s] -- Up-to-date: /home/csi/motion_system/install/motion_system_rqt/lib/python3.12/site-packages/motion_system_rqt
[0.316s] -- Up-to-date: /home/csi/motion_system/install/motion_system_rqt/lib/python3.12/site-packages/motion_system_rqt/__init__.py
[0.316s] -- Up-to-date: /home/csi/motion_system/install/motion_system_rqt/lib/python3.12/site-packages/motion_system_rqt/motion_system_controller.py
[0.316s] -- Installing: /home/csi/motion_system/install/motion_system_rqt/lib/python3.12/site-packages/motion_system_rqt/motion_system_widget.py
[0.341s] Listing '/home/csi/motion_system/install/motion_system_rqt/lib/python3.12/site-packages/motion_system_rqt'...
[0.341s] Compiling '/home/csi/motion_system/install/motion_system_rqt/lib/python3.12/site-packages/motion_system_rqt/motion_system_widget.py'...
[0.344s] -- Up-to-date: /home/csi/motion_system/install/motion_system_rqt/share/motion_system_rqt/plugin.xml
[0.344s] -- Up-to-date: /home/csi/motion_system/install/motion_system_rqt/share/motion_system_rqt/resource
[0.345s] -- Up-to-date: /home/csi/motion_system/install/motion_system_rqt/share/motion_system_rqt/resource/base.ui
[0.345s] -- Up-to-date: /home/csi/motion_system/install/motion_system_rqt/share/motion_system_rqt/launch
[0.345s] -- Up-to-date: /home/csi/motion_system/install/motion_system_rqt/share/motion_system_rqt/launch/motion_system_rqt.launch.py
[0.345s] -- Up-to-date: /home/csi/motion_system/install/motion_system_rqt/lib/motion_system_rqt/run_rqt
[0.345s] -- Up-to-date: /home/csi/motion_system/install/motion_system_rqt/share/ament_index/resource_index/package_run_dependencies/motion_system_rqt
[0.345s] -- Up-to-date: /home/csi/motion_system/install/motion_system_rqt/share/ament_index/resource_index/parent_prefix_path/motion_system_rqt
[0.345s] -- Up-to-date: /home/csi/motion_system/install/motion_system_rqt/share/motion_system_rqt/environment/ament_prefix_path.sh
[0.345s] -- Up-to-date: /home/csi/motion_system/install/motion_system_rqt/share/motion_system_rqt/environment/ament_prefix_path.dsv
[0.345s] -- Up-to-date: /home/csi/motion_system/install/motion_system_rqt/share/motion_system_rqt/environment/path.sh
[0.345s] -- Up-to-date: /home/csi/motion_system/install/motion_system_rqt/share/motion_system_rqt/environment/path.dsv
[0.345s] -- Up-to-date: /home/csi/motion_system/install/motion_system_rqt/share/motion_system_rqt/local_setup.bash
[0.345s] -- Up-to-date: /home/csi/motion_system/install/motion_system_rqt/share/motion_system_rqt/local_setup.sh
[0.345s] -- Up-to-date: /home/csi/motion_system/install/motion_system_rqt/share/motion_system_rqt/local_setup.zsh
[0.345s] -- Up-to-date: /home/csi/motion_system/install/motion_system_rqt/share/motion_system_rqt/local_setup.dsv
[0.345s] -- Installing: /home/csi/motion_system/install/motion_system_rqt/share/motion_system_rqt/package.dsv
[0.345s] -- Up-to-date: /home/csi/motion_system/install/motion_system_rqt/share/ament_index/resource_index/packages/motion_system_rqt
[0.345s] -- Up-to-date: /home/csi/motion_system/install/motion_system_rqt/share/motion_system_rqt/cmake/motion_system_rqtConfig.cmake
[0.345s] -- Up-to-date: /home/csi/motion_system/install/motion_system_rqt/share/motion_system_rqt/cmake/motion_system_rqtConfig-version.cmake
[0.345s] -- Up-to-date: /home/csi/motion_system/install/motion_system_rqt/share/motion_system_rqt/package.xml
[0.346s] Invoked command in '/home/csi/motion_system/build/motion_system_rqt' returned '0': CMAKE_PREFIX_PATH=${CMAKE_PREFIX_PATH}:/home/csi/motion_system/install/utils_pkg:/home/csi/motion_system/install/robot_manager:/home/csi/motion_system/install/robots:/home/csi/motion_system/install/scheduler:/home/csi/motion_system/install/planner:/home/csi/motion_system/install/kinematics:/home/csi/motion_system/install/robot_interface:/home/csi/motion_system/install/common_robot_interface:/opt/ros/jazzy DEBUGINFOD_URLS=https://debuginfod.ubuntu.com /usr/bin/cmake --install /home/csi/motion_system/build/motion_system_rqt
