running egg_info
creating ../../../build/robots/robots.egg-info
writing ../../../build/robots/robots.egg-info/PKG-INFO
writing dependency_links to ../../../build/robots/robots.egg-info/dependency_links.txt
writing requirements to ../../../build/robots/robots.egg-info/requires.txt
writing top-level names to ../../../build/robots/robots.egg-info/top_level.txt
writing manifest file '../../../build/robots/robots.egg-info/SOURCES.txt'
reading manifest file '../../../build/robots/robots.egg-info/SOURCES.txt'
writing manifest file '../../../build/robots/robots.egg-info/SOURCES.txt'
running build
running build_py
creating /home/csi/motion_system/build/robots/build
creating /home/csi/motion_system/build/robots/build/lib
creating /home/csi/motion_system/build/robots/build/lib/robots
copying src/robots/__init__.py -> /home/csi/motion_system/build/robots/build/lib/robots
copying src/robots/little_reader.py -> /home/csi/motion_system/build/robots/build/lib/robots
copying src/robots/silver_lain.py -> /home/csi/motion_system/build/robots/build/lib/robots
running install
running install_lib
creating /home/csi/motion_system/install/robots/lib/python3.12/site-packages/robots
copying /home/csi/motion_system/build/robots/build/lib/robots/__init__.py -> /home/csi/motion_system/install/robots/lib/python3.12/site-packages/robots
copying /home/csi/motion_system/build/robots/build/lib/robots/little_reader.py -> /home/csi/motion_system/install/robots/lib/python3.12/site-packages/robots
copying /home/csi/motion_system/build/robots/build/lib/robots/silver_lain.py -> /home/csi/motion_system/install/robots/lib/python3.12/site-packages/robots
byte-compiling /home/csi/motion_system/install/robots/lib/python3.12/site-packages/robots/__init__.py to __init__.cpython-312.pyc
byte-compiling /home/csi/motion_system/install/robots/lib/python3.12/site-packages/robots/little_reader.py to little_reader.cpython-312.pyc
byte-compiling /home/csi/motion_system/install/robots/lib/python3.12/site-packages/robots/silver_lain.py to silver_lain.cpython-312.pyc
running install_data
creating /home/csi/motion_system/install/robots/share/ament_index
creating /home/csi/motion_system/install/robots/share/ament_index/resource_index
creating /home/csi/motion_system/install/robots/share/ament_index/resource_index/packages
copying resource/robots -> /home/csi/motion_system/install/robots/share/ament_index/resource_index/packages
copying package.xml -> /home/csi/motion_system/install/robots/share/robots
running install_egg_info
Copying ../../../build/robots/robots.egg-info to /home/csi/motion_system/install/robots/lib/python3.12/site-packages/robots-0.1.0-py3.12.egg-info
running install_scripts
writing list of installed files to '/home/csi/motion_system/build/robots/install.log'
