[0.393s] Invoking command in '/home/csi/motion_system/lib/robot_manager/robots': AMENT_PREFIX_PATH=/home/csi/motion_system/install/scheduler:/home/csi/motion_system/install/planner:/home/csi/motion_system/install/kinematics:/home/csi/motion_system/install/robot_interface:/home/csi/motion_system/install/common_robot_interface:${AMENT_PREFIX_PATH} CONDA_PROMPT_MODIFIER=(base) DEBUGINFOD_URLS=https://debuginfod.ubuntu.com PYTHONPATH=/home/csi/motion_system/build/robots/prefix_override:/usr/lib/python3/dist-packages/colcon_core/task/python/colcon_distutils_commands:/home/csi/motion_system/install/robots/lib/python3.12/site-packages:/home/csi/motion_system/install/scheduler/lib/python3.12/site-packages:/home/csi/motion_system/install/planner/lib/python3.12/site-packages:/home/csi/motion_system/install/kinematics/lib/python3.12/site-packages:/home/csi/motion_system/install/robot_interface/lib/python3.12/site-packages:/home/csi/motion_system/install/common_robot_interface/lib/python3.12/site-packages:/opt/ros/jazzy/lib/python3.12/site-packages:/opt/openrobots/lib/python3.8/site-packages:/opt/openrobots/lib/python3.8/site-packages /usr/bin/python3 -W ignore:setup.py install is deprecated -W ignore:easy_install command is deprecated setup.py egg_info --egg-base ../../../build/robots build --build-base /home/csi/motion_system/build/robots/build install --record /home/csi/motion_system/build/robots/install.log --single-version-externally-managed install_data
[0.519s] running egg_info
[0.519s] creating ../../../build/robots/robots.egg-info
[0.527s] writing ../../../build/robots/robots.egg-info/PKG-INFO
[0.527s] writing dependency_links to ../../../build/robots/robots.egg-info/dependency_links.txt
[0.527s] writing requirements to ../../../build/robots/robots.egg-info/requires.txt
[0.527s] writing top-level names to ../../../build/robots/robots.egg-info/top_level.txt
[0.527s] writing manifest file '../../../build/robots/robots.egg-info/SOURCES.txt'
[0.544s] reading manifest file '../../../build/robots/robots.egg-info/SOURCES.txt'
[0.545s] writing manifest file '../../../build/robots/robots.egg-info/SOURCES.txt'
[0.545s] running build
[0.545s] running build_py
[0.545s] creating /home/csi/motion_system/build/robots/build
[0.545s] creating /home/csi/motion_system/build/robots/build/lib
[0.545s] creating /home/csi/motion_system/build/robots/build/lib/robots
[0.545s] copying src/robots/__init__.py -> /home/csi/motion_system/build/robots/build/lib/robots
[0.545s] copying src/robots/little_reader.py -> /home/csi/motion_system/build/robots/build/lib/robots
[0.545s] copying src/robots/silver_lain.py -> /home/csi/motion_system/build/robots/build/lib/robots
[0.545s] running install
[0.548s] running install_lib
[0.557s] creating /home/csi/motion_system/install/robots/lib/python3.12/site-packages/robots
[0.557s] copying /home/csi/motion_system/build/robots/build/lib/robots/__init__.py -> /home/csi/motion_system/install/robots/lib/python3.12/site-packages/robots
[0.557s] copying /home/csi/motion_system/build/robots/build/lib/robots/little_reader.py -> /home/csi/motion_system/install/robots/lib/python3.12/site-packages/robots
[0.557s] copying /home/csi/motion_system/build/robots/build/lib/robots/silver_lain.py -> /home/csi/motion_system/install/robots/lib/python3.12/site-packages/robots
[0.557s] byte-compiling /home/csi/motion_system/install/robots/lib/python3.12/site-packages/robots/__init__.py to __init__.cpython-312.pyc
[0.557s] byte-compiling /home/csi/motion_system/install/robots/lib/python3.12/site-packages/robots/little_reader.py to little_reader.cpython-312.pyc
[0.558s] byte-compiling /home/csi/motion_system/install/robots/lib/python3.12/site-packages/robots/silver_lain.py to silver_lain.cpython-312.pyc
[0.558s] running install_data
[0.559s] creating /home/csi/motion_system/install/robots/share/ament_index
[0.559s] creating /home/csi/motion_system/install/robots/share/ament_index/resource_index
[0.559s] creating /home/csi/motion_system/install/robots/share/ament_index/resource_index/packages
[0.559s] copying resource/robots -> /home/csi/motion_system/install/robots/share/ament_index/resource_index/packages
[0.559s] copying package.xml -> /home/csi/motion_system/install/robots/share/robots
[0.559s] running install_egg_info
[0.568s] Copying ../../../build/robots/robots.egg-info to /home/csi/motion_system/install/robots/lib/python3.12/site-packages/robots-0.1.0-py3.12.egg-info
[0.569s] running install_scripts
[0.626s] writing list of installed files to '/home/csi/motion_system/build/robots/install.log'
[0.639s] Invoked command in '/home/csi/motion_system/lib/robot_manager/robots' returned '0': AMENT_PREFIX_PATH=/home/csi/motion_system/install/scheduler:/home/csi/motion_system/install/planner:/home/csi/motion_system/install/kinematics:/home/csi/motion_system/install/robot_interface:/home/csi/motion_system/install/common_robot_interface:${AMENT_PREFIX_PATH} CONDA_PROMPT_MODIFIER=(base) DEBUGINFOD_URLS=https://debuginfod.ubuntu.com PYTHONPATH=/home/csi/motion_system/build/robots/prefix_override:/usr/lib/python3/dist-packages/colcon_core/task/python/colcon_distutils_commands:/home/csi/motion_system/install/robots/lib/python3.12/site-packages:/home/csi/motion_system/install/scheduler/lib/python3.12/site-packages:/home/csi/motion_system/install/planner/lib/python3.12/site-packages:/home/csi/motion_system/install/kinematics/lib/python3.12/site-packages:/home/csi/motion_system/install/robot_interface/lib/python3.12/site-packages:/home/csi/motion_system/install/common_robot_interface/lib/python3.12/site-packages:/opt/ros/jazzy/lib/python3.12/site-packages:/opt/openrobots/lib/python3.8/site-packages:/opt/openrobots/lib/python3.8/site-packages /usr/bin/python3 -W ignore:setup.py install is deprecated -W ignore:easy_install command is deprecated setup.py egg_info --egg-base ../../../build/robots build --build-base /home/csi/motion_system/build/robots/build install --record /home/csi/motion_system/build/robots/install.log --single-version-externally-managed install_data
