-- Found ament_cmake: 2.5.5 (/opt/ros/jazzy/share/ament_cmake/cmake)
-- Found Python3: /usr/bin/python3 (found version "3.12.3") found components: Interpreter 
-- Found std_msgs: 5.3.6 (/opt/ros/jazzy/share/std_msgs/cmake)
-- Found rosidl_generator_c: 4.6.7 (/opt/ros/jazzy/share/rosidl_generator_c/cmake)
-- Found rosidl_generator_cpp: 4.6.7 (/opt/ros/jazzy/share/rosidl_generator_cpp/cmake)
-- Using all available rosidl_typesupport_c: rosidl_typesupport_fastrtps_c;rosidl_typesupport_introspection_c
-- Using all available rosidl_typesupport_cpp: rosidl_typesupport_fastrtps_cpp;rosidl_typesupport_introspection_cpp
-- Found rosidl_default_generators: 1.6.0 (/opt/ros/jazzy/share/rosidl_default_generators/cmake)
-- Found rosidl_adapter: 4.6.7 (/opt/ros/jazzy/share/rosidl_adapter/cmake)
-- Found ament_cmake_ros: 0.12.0 (/opt/ros/jazzy/share/ament_cmake_ros/cmake)
-- Using all available rosidl_typesupport_c: rosidl_typesupport_fastrtps_c;rosidl_typesupport_introspection_c
-- Using all available rosidl_typesupport_cpp: rosidl_typesupport_fastrtps_cpp;rosidl_typesupport_introspection_cpp
-- Found python_cmake_module: 0.11.1 (/opt/ros/jazzy/share/python_cmake_module/cmake)
-- Found Python3: /usr/bin/python3 (found version "3.12.3") found components: Interpreter Development NumPy Development.Module Development.Embed 
-- Found ament_lint_auto: 0.17.4 (/opt/ros/jazzy/share/ament_lint_auto/cmake)
-- Added test 'lint_cmake' to check CMake code style
-- Added test 'xmllint' to check XML markup files
-- Configuring done (0.7s)
-- Generating done (0.0s)
-- Build files have been written to: /home/csi/motion_system/build/motion_system_msgs
[  2%] Built target motion_system_msgs__rosidl_generator_type_description
[  2%] Built target ament_cmake_python_copy_motion_system_msgs
[  5%] Built target motion_system_msgs__cpp
[ 20%] Built target motion_system_msgs__rosidl_generator_c
[ 29%] Built target motion_system_msgs__rosidl_typesupport_c
[ 73%] Built target motion_system_msgs__rosidl_typesupport_introspection_cpp
[ 73%] Built target motion_system_msgs__rosidl_typesupport_fastrtps_cpp
[ 73%] Built target motion_system_msgs__rosidl_typesupport_introspection_c
[ 73%] Built target motion_system_msgs__rosidl_typesupport_cpp
[ 73%] Built target motion_system_msgs__rosidl_typesupport_fastrtps_c
[ 73%] Built target motion_system_msgs
[ 76%] Built target motion_system_msgs__py
[ 82%] Built target motion_system_msgs__rosidl_generator_py
[ 94%] Built target motion_system_msgs_s__rosidl_typesupport_introspection_c
[ 94%] Built target motion_system_msgs_s__rosidl_typesupport_fastrtps_c
[100%] Built target motion_system_msgs_s__rosidl_typesupport_c
running egg_info
writing motion_system_msgs.egg-info/PKG-INFO
writing dependency_links to motion_system_msgs.egg-info/dependency_links.txt
writing top-level names to motion_system_msgs.egg-info/top_level.txt
reading manifest file 'motion_system_msgs.egg-info/SOURCES.txt'
writing manifest file 'motion_system_msgs.egg-info/SOURCES.txt'
[100%] Built target ament_cmake_python_build_motion_system_msgs_egg
-- Install configuration: ""
-- Up-to-date: /home/csi/motion_system/install/motion_system_msgs/share/ament_index/resource_index/rosidl_interfaces/motion_system_msgs
-- Up-to-date: /home/csi/motion_system/install/motion_system_msgs/share/motion_system_msgs/msg/MotorStatus.json
-- Up-to-date: /home/csi/motion_system/install/motion_system_msgs/include/motion_system_msgs/motion_system_msgs
-- Up-to-date: /home/csi/motion_system/install/motion_system_msgs/include/motion_system_msgs/motion_system_msgs/msg
-- Up-to-date: /home/csi/motion_system/install/motion_system_msgs/include/motion_system_msgs/motion_system_msgs/msg/detail
-- Up-to-date: /home/csi/motion_system/install/motion_system_msgs/include/motion_system_msgs/motion_system_msgs/msg/detail/motor_status__struct.h
-- Up-to-date: /home/csi/motion_system/install/motion_system_msgs/include/motion_system_msgs/motion_system_msgs/msg/detail/motor_status__functions.c
-- Up-to-date: /home/csi/motion_system/install/motion_system_msgs/include/motion_system_msgs/motion_system_msgs/msg/detail/motor_status__type_support.c
-- Up-to-date: /home/csi/motion_system/install/motion_system_msgs/include/motion_system_msgs/motion_system_msgs/msg/detail/motor_status__description.c
-- Up-to-date: /home/csi/motion_system/install/motion_system_msgs/include/motion_system_msgs/motion_system_msgs/msg/detail/motor_status__type_support.h
-- Up-to-date: /home/csi/motion_system/install/motion_system_msgs/include/motion_system_msgs/motion_system_msgs/msg/detail/motor_status__functions.h
-- Up-to-date: /home/csi/motion_system/install/motion_system_msgs/include/motion_system_msgs/motion_system_msgs/msg/motor_status.h
-- Up-to-date: /home/csi/motion_system/install/motion_system_msgs/include/motion_system_msgs/motion_system_msgs/msg/rosidl_generator_c__visibility_control.h
-- Up-to-date: /home/csi/motion_system/install/motion_system_msgs/share/motion_system_msgs/environment/library_path.sh
-- Up-to-date: /home/csi/motion_system/install/motion_system_msgs/share/motion_system_msgs/environment/library_path.dsv
-- Up-to-date: /home/csi/motion_system/install/motion_system_msgs/lib/libmotion_system_msgs__rosidl_generator_c.so
-- Up-to-date: /home/csi/motion_system/install/motion_system_msgs/include/motion_system_msgs/motion_system_msgs
-- Up-to-date: /home/csi/motion_system/install/motion_system_msgs/include/motion_system_msgs/motion_system_msgs/msg
-- Up-to-date: /home/csi/motion_system/install/motion_system_msgs/include/motion_system_msgs/motion_system_msgs/msg/detail
-- Up-to-date: /home/csi/motion_system/install/motion_system_msgs/include/motion_system_msgs/motion_system_msgs/msg/detail/motor_status__rosidl_typesupport_fastrtps_c.h
-- Up-to-date: /home/csi/motion_system/install/motion_system_msgs/include/motion_system_msgs/motion_system_msgs/msg/rosidl_typesupport_fastrtps_c__visibility_control.h
-- Up-to-date: /home/csi/motion_system/install/motion_system_msgs/lib/libmotion_system_msgs__rosidl_typesupport_fastrtps_c.so
-- Up-to-date: /home/csi/motion_system/install/motion_system_msgs/include/motion_system_msgs/motion_system_msgs
-- Up-to-date: /home/csi/motion_system/install/motion_system_msgs/include/motion_system_msgs/motion_system_msgs/msg
-- Up-to-date: /home/csi/motion_system/install/motion_system_msgs/include/motion_system_msgs/motion_system_msgs/msg/rosidl_generator_cpp__visibility_control.hpp
-- Up-to-date: /home/csi/motion_system/install/motion_system_msgs/include/motion_system_msgs/motion_system_msgs/msg/detail
-- Up-to-date: /home/csi/motion_system/install/motion_system_msgs/include/motion_system_msgs/motion_system_msgs/msg/detail/motor_status__traits.hpp
-- Up-to-date: /home/csi/motion_system/install/motion_system_msgs/include/motion_system_msgs/motion_system_msgs/msg/detail/motor_status__type_support.hpp
-- Up-to-date: /home/csi/motion_system/install/motion_system_msgs/include/motion_system_msgs/motion_system_msgs/msg/detail/motor_status__builder.hpp
-- Up-to-date: /home/csi/motion_system/install/motion_system_msgs/include/motion_system_msgs/motion_system_msgs/msg/detail/motor_status__struct.hpp
-- Up-to-date: /home/csi/motion_system/install/motion_system_msgs/include/motion_system_msgs/motion_system_msgs/msg/motor_status.hpp
-- Up-to-date: /home/csi/motion_system/install/motion_system_msgs/include/motion_system_msgs/motion_system_msgs
-- Up-to-date: /home/csi/motion_system/install/motion_system_msgs/include/motion_system_msgs/motion_system_msgs/msg
-- Up-to-date: /home/csi/motion_system/install/motion_system_msgs/include/motion_system_msgs/motion_system_msgs/msg/detail
-- Up-to-date: /home/csi/motion_system/install/motion_system_msgs/include/motion_system_msgs/motion_system_msgs/msg/detail/dds_fastrtps
-- Up-to-date: /home/csi/motion_system/install/motion_system_msgs/include/motion_system_msgs/motion_system_msgs/msg/detail/motor_status__rosidl_typesupport_fastrtps_cpp.hpp
-- Up-to-date: /home/csi/motion_system/install/motion_system_msgs/include/motion_system_msgs/motion_system_msgs/msg/rosidl_typesupport_fastrtps_cpp__visibility_control.h
-- Up-to-date: /home/csi/motion_system/install/motion_system_msgs/lib/libmotion_system_msgs__rosidl_typesupport_fastrtps_cpp.so
-- Up-to-date: /home/csi/motion_system/install/motion_system_msgs/include/motion_system_msgs/motion_system_msgs
-- Up-to-date: /home/csi/motion_system/install/motion_system_msgs/include/motion_system_msgs/motion_system_msgs/msg
-- Up-to-date: /home/csi/motion_system/install/motion_system_msgs/include/motion_system_msgs/motion_system_msgs/msg/detail
-- Up-to-date: /home/csi/motion_system/install/motion_system_msgs/include/motion_system_msgs/motion_system_msgs/msg/detail/motor_status__type_support.c
-- Up-to-date: /home/csi/motion_system/install/motion_system_msgs/include/motion_system_msgs/motion_system_msgs/msg/detail/motor_status__rosidl_typesupport_introspection_c.h
-- Up-to-date: /home/csi/motion_system/install/motion_system_msgs/include/motion_system_msgs/motion_system_msgs/msg/rosidl_typesupport_introspection_c__visibility_control.h
-- Up-to-date: /home/csi/motion_system/install/motion_system_msgs/lib/libmotion_system_msgs__rosidl_typesupport_introspection_c.so
-- Up-to-date: /home/csi/motion_system/install/motion_system_msgs/lib/libmotion_system_msgs__rosidl_typesupport_c.so
-- Up-to-date: /home/csi/motion_system/install/motion_system_msgs/include/motion_system_msgs/motion_system_msgs
-- Up-to-date: /home/csi/motion_system/install/motion_system_msgs/include/motion_system_msgs/motion_system_msgs/msg
-- Up-to-date: /home/csi/motion_system/install/motion_system_msgs/include/motion_system_msgs/motion_system_msgs/msg/detail
-- Up-to-date: /home/csi/motion_system/install/motion_system_msgs/include/motion_system_msgs/motion_system_msgs/msg/detail/motor_status__rosidl_typesupport_introspection_cpp.hpp
-- Up-to-date: /home/csi/motion_system/install/motion_system_msgs/include/motion_system_msgs/motion_system_msgs/msg/detail/motor_status__type_support.cpp
-- Up-to-date: /home/csi/motion_system/install/motion_system_msgs/lib/libmotion_system_msgs__rosidl_typesupport_introspection_cpp.so
-- Up-to-date: /home/csi/motion_system/install/motion_system_msgs/lib/libmotion_system_msgs__rosidl_typesupport_cpp.so
-- Up-to-date: /home/csi/motion_system/install/motion_system_msgs/share/motion_system_msgs/environment/pythonpath.sh
-- Up-to-date: /home/csi/motion_system/install/motion_system_msgs/share/motion_system_msgs/environment/pythonpath.dsv
-- Up-to-date: /home/csi/motion_system/install/motion_system_msgs/lib/python3.12/site-packages/motion_system_msgs-0.0.0-py3.12.egg-info
-- Installing: /home/csi/motion_system/install/motion_system_msgs/lib/python3.12/site-packages/motion_system_msgs-0.0.0-py3.12.egg-info/SOURCES.txt
-- Installing: /home/csi/motion_system/install/motion_system_msgs/lib/python3.12/site-packages/motion_system_msgs-0.0.0-py3.12.egg-info/PKG-INFO
-- Installing: /home/csi/motion_system/install/motion_system_msgs/lib/python3.12/site-packages/motion_system_msgs-0.0.0-py3.12.egg-info/dependency_links.txt
-- Installing: /home/csi/motion_system/install/motion_system_msgs/lib/python3.12/site-packages/motion_system_msgs-0.0.0-py3.12.egg-info/top_level.txt
-- Up-to-date: /home/csi/motion_system/install/motion_system_msgs/lib/python3.12/site-packages/motion_system_msgs
-- Up-to-date: /home/csi/motion_system/install/motion_system_msgs/lib/python3.12/site-packages/motion_system_msgs/_motion_system_msgs_s.ep.rosidl_typesupport_c.c
-- Up-to-date: /home/csi/motion_system/install/motion_system_msgs/lib/python3.12/site-packages/motion_system_msgs/_motion_system_msgs_s.ep.rosidl_typesupport_introspection_c.c
-- Installing: /home/csi/motion_system/install/motion_system_msgs/lib/python3.12/site-packages/motion_system_msgs/__init__.py
-- Up-to-date: /home/csi/motion_system/install/motion_system_msgs/lib/python3.12/site-packages/motion_system_msgs/msg
-- Up-to-date: /home/csi/motion_system/install/motion_system_msgs/lib/python3.12/site-packages/motion_system_msgs/msg/__init__.py
-- Up-to-date: /home/csi/motion_system/install/motion_system_msgs/lib/python3.12/site-packages/motion_system_msgs/msg/_motor_status.py
-- Up-to-date: /home/csi/motion_system/install/motion_system_msgs/lib/python3.12/site-packages/motion_system_msgs/msg/_motor_status_s.c
-- Up-to-date: /home/csi/motion_system/install/motion_system_msgs/lib/python3.12/site-packages/motion_system_msgs/motion_system_msgs_s__rosidl_typesupport_fastrtps_c.so
-- Up-to-date: /home/csi/motion_system/install/motion_system_msgs/lib/python3.12/site-packages/motion_system_msgs/motion_system_msgs_s__rosidl_typesupport_c.so
-- Up-to-date: /home/csi/motion_system/install/motion_system_msgs/lib/python3.12/site-packages/motion_system_msgs/motion_system_msgs_s__rosidl_typesupport_introspection_c.so
-- Up-to-date: /home/csi/motion_system/install/motion_system_msgs/lib/python3.12/site-packages/motion_system_msgs/_motion_system_msgs_s.ep.rosidl_typesupport_fastrtps_c.c
Listing '/home/csi/motion_system/install/motion_system_msgs/lib/python3.12/site-packages/motion_system_msgs'...
Compiling '/home/csi/motion_system/install/motion_system_msgs/lib/python3.12/site-packages/motion_system_msgs/__init__.py'...
Listing '/home/csi/motion_system/install/motion_system_msgs/lib/python3.12/site-packages/motion_system_msgs/msg'...
-- Up-to-date: /home/csi/motion_system/install/motion_system_msgs/lib/python3.12/site-packages/motion_system_msgs/motion_system_msgs_s__rosidl_typesupport_fastrtps_c.so
-- Up-to-date: /home/csi/motion_system/install/motion_system_msgs/lib/python3.12/site-packages/motion_system_msgs/motion_system_msgs_s__rosidl_typesupport_introspection_c.so
-- Up-to-date: /home/csi/motion_system/install/motion_system_msgs/lib/python3.12/site-packages/motion_system_msgs/motion_system_msgs_s__rosidl_typesupport_c.so
-- Up-to-date: /home/csi/motion_system/install/motion_system_msgs/lib/libmotion_system_msgs__rosidl_generator_py.so
-- Up-to-date: /home/csi/motion_system/install/motion_system_msgs/share/motion_system_msgs/msg/MotorStatus.idl
-- Up-to-date: /home/csi/motion_system/install/motion_system_msgs/share/motion_system_msgs/msg/MotorStatus.msg
-- Up-to-date: /home/csi/motion_system/install/motion_system_msgs/share/ament_index/resource_index/package_run_dependencies/motion_system_msgs
-- Up-to-date: /home/csi/motion_system/install/motion_system_msgs/share/ament_index/resource_index/parent_prefix_path/motion_system_msgs
-- Up-to-date: /home/csi/motion_system/install/motion_system_msgs/share/motion_system_msgs/environment/ament_prefix_path.sh
-- Up-to-date: /home/csi/motion_system/install/motion_system_msgs/share/motion_system_msgs/environment/ament_prefix_path.dsv
-- Up-to-date: /home/csi/motion_system/install/motion_system_msgs/share/motion_system_msgs/environment/path.sh
-- Up-to-date: /home/csi/motion_system/install/motion_system_msgs/share/motion_system_msgs/environment/path.dsv
-- Up-to-date: /home/csi/motion_system/install/motion_system_msgs/share/motion_system_msgs/local_setup.bash
-- Up-to-date: /home/csi/motion_system/install/motion_system_msgs/share/motion_system_msgs/local_setup.sh
-- Up-to-date: /home/csi/motion_system/install/motion_system_msgs/share/motion_system_msgs/local_setup.zsh
-- Up-to-date: /home/csi/motion_system/install/motion_system_msgs/share/motion_system_msgs/local_setup.dsv
-- Installing: /home/csi/motion_system/install/motion_system_msgs/share/motion_system_msgs/package.dsv
-- Up-to-date: /home/csi/motion_system/install/motion_system_msgs/share/ament_index/resource_index/packages/motion_system_msgs
-- Up-to-date: /home/csi/motion_system/install/motion_system_msgs/share/motion_system_msgs/cmake/export_motion_system_msgs__rosidl_generator_cExport.cmake
-- Up-to-date: /home/csi/motion_system/install/motion_system_msgs/share/motion_system_msgs/cmake/export_motion_system_msgs__rosidl_generator_cExport-noconfig.cmake
-- Up-to-date: /home/csi/motion_system/install/motion_system_msgs/share/motion_system_msgs/cmake/export_motion_system_msgs__rosidl_typesupport_fastrtps_cExport.cmake
-- Up-to-date: /home/csi/motion_system/install/motion_system_msgs/share/motion_system_msgs/cmake/export_motion_system_msgs__rosidl_typesupport_fastrtps_cExport-noconfig.cmake
-- Up-to-date: /home/csi/motion_system/install/motion_system_msgs/share/motion_system_msgs/cmake/export_motion_system_msgs__rosidl_generator_cppExport.cmake
-- Up-to-date: /home/csi/motion_system/install/motion_system_msgs/share/motion_system_msgs/cmake/export_motion_system_msgs__rosidl_typesupport_fastrtps_cppExport.cmake
-- Up-to-date: /home/csi/motion_system/install/motion_system_msgs/share/motion_system_msgs/cmake/export_motion_system_msgs__rosidl_typesupport_fastrtps_cppExport-noconfig.cmake
-- Up-to-date: /home/csi/motion_system/install/motion_system_msgs/share/motion_system_msgs/cmake/motion_system_msgs__rosidl_typesupport_introspection_cExport.cmake
-- Up-to-date: /home/csi/motion_system/install/motion_system_msgs/share/motion_system_msgs/cmake/motion_system_msgs__rosidl_typesupport_introspection_cExport-noconfig.cmake
-- Up-to-date: /home/csi/motion_system/install/motion_system_msgs/share/motion_system_msgs/cmake/motion_system_msgs__rosidl_typesupport_cExport.cmake
-- Up-to-date: /home/csi/motion_system/install/motion_system_msgs/share/motion_system_msgs/cmake/motion_system_msgs__rosidl_typesupport_cExport-noconfig.cmake
-- Up-to-date: /home/csi/motion_system/install/motion_system_msgs/share/motion_system_msgs/cmake/motion_system_msgs__rosidl_typesupport_introspection_cppExport.cmake
-- Up-to-date: /home/csi/motion_system/install/motion_system_msgs/share/motion_system_msgs/cmake/motion_system_msgs__rosidl_typesupport_introspection_cppExport-noconfig.cmake
-- Up-to-date: /home/csi/motion_system/install/motion_system_msgs/share/motion_system_msgs/cmake/motion_system_msgs__rosidl_typesupport_cppExport.cmake
-- Up-to-date: /home/csi/motion_system/install/motion_system_msgs/share/motion_system_msgs/cmake/motion_system_msgs__rosidl_typesupport_cppExport-noconfig.cmake
-- Up-to-date: /home/csi/motion_system/install/motion_system_msgs/share/motion_system_msgs/cmake/export_motion_system_msgs__rosidl_generator_pyExport.cmake
-- Up-to-date: /home/csi/motion_system/install/motion_system_msgs/share/motion_system_msgs/cmake/export_motion_system_msgs__rosidl_generator_pyExport-noconfig.cmake
-- Up-to-date: /home/csi/motion_system/install/motion_system_msgs/share/motion_system_msgs/cmake/rosidl_cmake-extras.cmake
-- Up-to-date: /home/csi/motion_system/install/motion_system_msgs/share/motion_system_msgs/cmake/ament_cmake_export_dependencies-extras.cmake
-- Up-to-date: /home/csi/motion_system/install/motion_system_msgs/share/motion_system_msgs/cmake/ament_cmake_export_include_directories-extras.cmake
-- Up-to-date: /home/csi/motion_system/install/motion_system_msgs/share/motion_system_msgs/cmake/ament_cmake_export_libraries-extras.cmake
-- Up-to-date: /home/csi/motion_system/install/motion_system_msgs/share/motion_system_msgs/cmake/ament_cmake_export_targets-extras.cmake
-- Up-to-date: /home/csi/motion_system/install/motion_system_msgs/share/motion_system_msgs/cmake/rosidl_cmake_export_typesupport_targets-extras.cmake
-- Up-to-date: /home/csi/motion_system/install/motion_system_msgs/share/motion_system_msgs/cmake/rosidl_cmake_export_typesupport_libraries-extras.cmake
-- Up-to-date: /home/csi/motion_system/install/motion_system_msgs/share/motion_system_msgs/cmake/motion_system_msgsConfig.cmake
-- Up-to-date: /home/csi/motion_system/install/motion_system_msgs/share/motion_system_msgs/cmake/motion_system_msgsConfig-version.cmake
-- Up-to-date: /home/csi/motion_system/install/motion_system_msgs/share/motion_system_msgs/package.xml
