[0.109s] Invoking command in '/home/csi/motion_system/build/motion_system_msgs': CMAKE_PREFIX_PATH=${CMAKE_PREFIX_PATH}:/opt/ros/jazzy DEBUGINFOD_URLS=https://debuginfod.ubuntu.com /usr/bin/cmake /home/csi/motion_system/ros2/motion_system_msgs -DCMAKE_INSTALL_PREFIX=/home/csi/motion_system/install/motion_system_msgs
[0.119s] -- Found ament_cmake: 2.5.5 (/opt/ros/jazzy/share/ament_cmake/cmake)
[0.140s] -- Found Python3: /usr/bin/python3 (found version "3.12.3") found components: Interpreter 
[0.185s] -- Found std_msgs: 5.3.6 (/opt/ros/jazzy/share/std_msgs/cmake)
[0.199s] -- Found rosidl_generator_c: 4.6.7 (/opt/ros/jazzy/share/rosidl_generator_c/cmake)
[0.204s] -- Found rosidl_generator_cpp: 4.6.7 (/opt/ros/jazzy/share/rosidl_generator_cpp/cmake)
[0.211s] -- Using all available rosidl_typesupport_c: rosidl_typesupport_fastrtps_c;rosidl_typesupport_introspection_c
[0.218s] -- Using all available rosidl_typesupport_cpp: rosidl_typesupport_fastrtps_cpp;rosidl_typesupport_introspection_cpp
[0.234s] -- Found rosidl_default_generators: 1.6.0 (/opt/ros/jazzy/share/rosidl_default_generators/cmake)
[0.237s] -- Found rosidl_adapter: 4.6.7 (/opt/ros/jazzy/share/rosidl_adapter/cmake)
[0.407s] -- Found ament_cmake_ros: 0.12.0 (/opt/ros/jazzy/share/ament_cmake_ros/cmake)
[0.564s] -- Using all available rosidl_typesupport_c: rosidl_typesupport_fastrtps_c;rosidl_typesupport_introspection_c
[0.626s] -- Using all available rosidl_typesupport_cpp: rosidl_typesupport_fastrtps_cpp;rosidl_typesupport_introspection_cpp
[0.627s] -- Found python_cmake_module: 0.11.1 (/opt/ros/jazzy/share/python_cmake_module/cmake)
[0.807s] -- Found Python3: /usr/bin/python3 (found version "3.12.3") found components: Interpreter Development NumPy Development.Module Development.Embed 
[0.820s] -- Found ament_lint_auto: 0.17.4 (/opt/ros/jazzy/share/ament_lint_auto/cmake)
[0.824s] -- Added test 'lint_cmake' to check CMake code style
[0.824s] -- Added test 'xmllint' to check XML markup files
[0.825s] -- Configuring done (0.7s)
[0.843s] -- Generating done (0.0s)
[0.849s] -- Build files have been written to: /home/csi/motion_system/build/motion_system_msgs
[0.854s] Invoked command in '/home/csi/motion_system/build/motion_system_msgs' returned '0': CMAKE_PREFIX_PATH=${CMAKE_PREFIX_PATH}:/opt/ros/jazzy DEBUGINFOD_URLS=https://debuginfod.ubuntu.com /usr/bin/cmake /home/csi/motion_system/ros2/motion_system_msgs -DCMAKE_INSTALL_PREFIX=/home/csi/motion_system/install/motion_system_msgs
[0.854s] Invoking command in '/home/csi/motion_system/build/motion_system_msgs': CMAKE_PREFIX_PATH=${CMAKE_PREFIX_PATH}:/opt/ros/jazzy DEBUGINFOD_URLS=https://debuginfod.ubuntu.com /usr/bin/cmake --build /home/csi/motion_system/build/motion_system_msgs -- -j24 -l24
[0.883s] [  2%] Built target motion_system_msgs__rosidl_generator_type_description
[0.887s] [  2%] Built target ament_cmake_python_copy_motion_system_msgs
[0.893s] [  5%] Built target motion_system_msgs__cpp
[0.894s] [ 20%] Built target motion_system_msgs__rosidl_generator_c
[0.906s] [ 29%] Built target motion_system_msgs__rosidl_typesupport_c
[0.907s] [ 73%] Built target motion_system_msgs__rosidl_typesupport_introspection_cpp
[0.907s] [ 73%] Built target motion_system_msgs__rosidl_typesupport_fastrtps_cpp
[0.907s] [ 73%] Built target motion_system_msgs__rosidl_typesupport_introspection_c
[0.907s] [ 73%] Built target motion_system_msgs__rosidl_typesupport_cpp
[0.907s] [ 73%] Built target motion_system_msgs__rosidl_typesupport_fastrtps_c
[0.918s] [ 73%] Built target motion_system_msgs
[0.928s] [ 76%] Built target motion_system_msgs__py
[0.941s] [ 82%] Built target motion_system_msgs__rosidl_generator_py
[0.954s] [ 94%] Built target motion_system_msgs_s__rosidl_typesupport_introspection_c
[0.954s] [ 94%] Built target motion_system_msgs_s__rosidl_typesupport_fastrtps_c
[0.954s] [100%] Built target motion_system_msgs_s__rosidl_typesupport_c
[0.996s] running egg_info
[1.005s] writing motion_system_msgs.egg-info/PKG-INFO
[1.005s] writing dependency_links to motion_system_msgs.egg-info/dependency_links.txt
[1.005s] writing top-level names to motion_system_msgs.egg-info/top_level.txt
[1.031s] reading manifest file 'motion_system_msgs.egg-info/SOURCES.txt'
[1.031s] writing manifest file 'motion_system_msgs.egg-info/SOURCES.txt'
[1.049s] [100%] Built target ament_cmake_python_build_motion_system_msgs_egg
[1.056s] Invoked command in '/home/csi/motion_system/build/motion_system_msgs' returned '0': CMAKE_PREFIX_PATH=${CMAKE_PREFIX_PATH}:/opt/ros/jazzy DEBUGINFOD_URLS=https://debuginfod.ubuntu.com /usr/bin/cmake --build /home/csi/motion_system/build/motion_system_msgs -- -j24 -l24
[1.057s] Invoking command in '/home/csi/motion_system/build/motion_system_msgs': CMAKE_PREFIX_PATH=${CMAKE_PREFIX_PATH}:/opt/ros/jazzy DEBUGINFOD_URLS=https://debuginfod.ubuntu.com /usr/bin/cmake --install /home/csi/motion_system/build/motion_system_msgs
[1.061s] -- Install configuration: ""
[1.061s] -- Up-to-date: /home/csi/motion_system/install/motion_system_msgs/share/ament_index/resource_index/rosidl_interfaces/motion_system_msgs
[1.061s] -- Up-to-date: /home/csi/motion_system/install/motion_system_msgs/share/motion_system_msgs/msg/MotorStatus.json
[1.061s] -- Up-to-date: /home/csi/motion_system/install/motion_system_msgs/include/motion_system_msgs/motion_system_msgs
[1.062s] -- Up-to-date: /home/csi/motion_system/install/motion_system_msgs/include/motion_system_msgs/motion_system_msgs/msg
[1.062s] -- Up-to-date: /home/csi/motion_system/install/motion_system_msgs/include/motion_system_msgs/motion_system_msgs/msg/detail
[1.062s] -- Up-to-date: /home/csi/motion_system/install/motion_system_msgs/include/motion_system_msgs/motion_system_msgs/msg/detail/motor_status__struct.h
[1.062s] -- Up-to-date: /home/csi/motion_system/install/motion_system_msgs/include/motion_system_msgs/motion_system_msgs/msg/detail/motor_status__functions.c
[1.062s] -- Up-to-date: /home/csi/motion_system/install/motion_system_msgs/include/motion_system_msgs/motion_system_msgs/msg/detail/motor_status__type_support.c
[1.062s] -- Up-to-date: /home/csi/motion_system/install/motion_system_msgs/include/motion_system_msgs/motion_system_msgs/msg/detail/motor_status__description.c
[1.062s] -- Up-to-date: /home/csi/motion_system/install/motion_system_msgs/include/motion_system_msgs/motion_system_msgs/msg/detail/motor_status__type_support.h
[1.062s] -- Up-to-date: /home/csi/motion_system/install/motion_system_msgs/include/motion_system_msgs/motion_system_msgs/msg/detail/motor_status__functions.h
[1.062s] -- Up-to-date: /home/csi/motion_system/install/motion_system_msgs/include/motion_system_msgs/motion_system_msgs/msg/motor_status.h
[1.062s] -- Up-to-date: /home/csi/motion_system/install/motion_system_msgs/include/motion_system_msgs/motion_system_msgs/msg/rosidl_generator_c__visibility_control.h
[1.062s] -- Up-to-date: /home/csi/motion_system/install/motion_system_msgs/share/motion_system_msgs/environment/library_path.sh
[1.062s] -- Up-to-date: /home/csi/motion_system/install/motion_system_msgs/share/motion_system_msgs/environment/library_path.dsv
[1.062s] -- Up-to-date: /home/csi/motion_system/install/motion_system_msgs/lib/libmotion_system_msgs__rosidl_generator_c.so
[1.062s] -- Up-to-date: /home/csi/motion_system/install/motion_system_msgs/include/motion_system_msgs/motion_system_msgs
[1.062s] -- Up-to-date: /home/csi/motion_system/install/motion_system_msgs/include/motion_system_msgs/motion_system_msgs/msg
[1.062s] -- Up-to-date: /home/csi/motion_system/install/motion_system_msgs/include/motion_system_msgs/motion_system_msgs/msg/detail
[1.062s] -- Up-to-date: /home/csi/motion_system/install/motion_system_msgs/include/motion_system_msgs/motion_system_msgs/msg/detail/motor_status__rosidl_typesupport_fastrtps_c.h
[1.062s] -- Up-to-date: /home/csi/motion_system/install/motion_system_msgs/include/motion_system_msgs/motion_system_msgs/msg/rosidl_typesupport_fastrtps_c__visibility_control.h
[1.062s] -- Up-to-date: /home/csi/motion_system/install/motion_system_msgs/lib/libmotion_system_msgs__rosidl_typesupport_fastrtps_c.so
[1.062s] -- Up-to-date: /home/csi/motion_system/install/motion_system_msgs/include/motion_system_msgs/motion_system_msgs
[1.062s] -- Up-to-date: /home/csi/motion_system/install/motion_system_msgs/include/motion_system_msgs/motion_system_msgs/msg
[1.062s] -- Up-to-date: /home/csi/motion_system/install/motion_system_msgs/include/motion_system_msgs/motion_system_msgs/msg/rosidl_generator_cpp__visibility_control.hpp
[1.062s] -- Up-to-date: /home/csi/motion_system/install/motion_system_msgs/include/motion_system_msgs/motion_system_msgs/msg/detail
[1.062s] -- Up-to-date: /home/csi/motion_system/install/motion_system_msgs/include/motion_system_msgs/motion_system_msgs/msg/detail/motor_status__traits.hpp
[1.062s] -- Up-to-date: /home/csi/motion_system/install/motion_system_msgs/include/motion_system_msgs/motion_system_msgs/msg/detail/motor_status__type_support.hpp
[1.062s] -- Up-to-date: /home/csi/motion_system/install/motion_system_msgs/include/motion_system_msgs/motion_system_msgs/msg/detail/motor_status__builder.hpp
[1.063s] -- Up-to-date: /home/csi/motion_system/install/motion_system_msgs/include/motion_system_msgs/motion_system_msgs/msg/detail/motor_status__struct.hpp
[1.063s] -- Up-to-date: /home/csi/motion_system/install/motion_system_msgs/include/motion_system_msgs/motion_system_msgs/msg/motor_status.hpp
[1.063s] -- Up-to-date: /home/csi/motion_system/install/motion_system_msgs/include/motion_system_msgs/motion_system_msgs
[1.063s] -- Up-to-date: /home/csi/motion_system/install/motion_system_msgs/include/motion_system_msgs/motion_system_msgs/msg
[1.063s] -- Up-to-date: /home/csi/motion_system/install/motion_system_msgs/include/motion_system_msgs/motion_system_msgs/msg/detail
[1.063s] -- Up-to-date: /home/csi/motion_system/install/motion_system_msgs/include/motion_system_msgs/motion_system_msgs/msg/detail/dds_fastrtps
[1.063s] -- Up-to-date: /home/csi/motion_system/install/motion_system_msgs/include/motion_system_msgs/motion_system_msgs/msg/detail/motor_status__rosidl_typesupport_fastrtps_cpp.hpp
[1.063s] -- Up-to-date: /home/csi/motion_system/install/motion_system_msgs/include/motion_system_msgs/motion_system_msgs/msg/rosidl_typesupport_fastrtps_cpp__visibility_control.h
[1.063s] -- Up-to-date: /home/csi/motion_system/install/motion_system_msgs/lib/libmotion_system_msgs__rosidl_typesupport_fastrtps_cpp.so
[1.063s] -- Up-to-date: /home/csi/motion_system/install/motion_system_msgs/include/motion_system_msgs/motion_system_msgs
[1.063s] -- Up-to-date: /home/csi/motion_system/install/motion_system_msgs/include/motion_system_msgs/motion_system_msgs/msg
[1.063s] -- Up-to-date: /home/csi/motion_system/install/motion_system_msgs/include/motion_system_msgs/motion_system_msgs/msg/detail
[1.063s] -- Up-to-date: /home/csi/motion_system/install/motion_system_msgs/include/motion_system_msgs/motion_system_msgs/msg/detail/motor_status__type_support.c
[1.063s] -- Up-to-date: /home/csi/motion_system/install/motion_system_msgs/include/motion_system_msgs/motion_system_msgs/msg/detail/motor_status__rosidl_typesupport_introspection_c.h
[1.063s] -- Up-to-date: /home/csi/motion_system/install/motion_system_msgs/include/motion_system_msgs/motion_system_msgs/msg/rosidl_typesupport_introspection_c__visibility_control.h
[1.063s] -- Up-to-date: /home/csi/motion_system/install/motion_system_msgs/lib/libmotion_system_msgs__rosidl_typesupport_introspection_c.so
[1.063s] -- Up-to-date: /home/csi/motion_system/install/motion_system_msgs/lib/libmotion_system_msgs__rosidl_typesupport_c.so
[1.063s] -- Up-to-date: /home/csi/motion_system/install/motion_system_msgs/include/motion_system_msgs/motion_system_msgs
[1.063s] -- Up-to-date: /home/csi/motion_system/install/motion_system_msgs/include/motion_system_msgs/motion_system_msgs/msg
[1.063s] -- Up-to-date: /home/csi/motion_system/install/motion_system_msgs/include/motion_system_msgs/motion_system_msgs/msg/detail
[1.063s] -- Up-to-date: /home/csi/motion_system/install/motion_system_msgs/include/motion_system_msgs/motion_system_msgs/msg/detail/motor_status__rosidl_typesupport_introspection_cpp.hpp
[1.063s] -- Up-to-date: /home/csi/motion_system/install/motion_system_msgs/include/motion_system_msgs/motion_system_msgs/msg/detail/motor_status__type_support.cpp
[1.063s] -- Up-to-date: /home/csi/motion_system/install/motion_system_msgs/lib/libmotion_system_msgs__rosidl_typesupport_introspection_cpp.so
[1.063s] -- Up-to-date: /home/csi/motion_system/install/motion_system_msgs/lib/libmotion_system_msgs__rosidl_typesupport_cpp.so
[1.063s] -- Up-to-date: /home/csi/motion_system/install/motion_system_msgs/share/motion_system_msgs/environment/pythonpath.sh
[1.063s] -- Up-to-date: /home/csi/motion_system/install/motion_system_msgs/share/motion_system_msgs/environment/pythonpath.dsv
[1.063s] -- Up-to-date: /home/csi/motion_system/install/motion_system_msgs/lib/python3.12/site-packages/motion_system_msgs-0.0.0-py3.12.egg-info
[1.063s] -- Installing: /home/csi/motion_system/install/motion_system_msgs/lib/python3.12/site-packages/motion_system_msgs-0.0.0-py3.12.egg-info/SOURCES.txt
[1.063s] -- Installing: /home/csi/motion_system/install/motion_system_msgs/lib/python3.12/site-packages/motion_system_msgs-0.0.0-py3.12.egg-info/PKG-INFO
[1.064s] -- Installing: /home/csi/motion_system/install/motion_system_msgs/lib/python3.12/site-packages/motion_system_msgs-0.0.0-py3.12.egg-info/dependency_links.txt
[1.064s] -- Installing: /home/csi/motion_system/install/motion_system_msgs/lib/python3.12/site-packages/motion_system_msgs-0.0.0-py3.12.egg-info/top_level.txt
[1.064s] -- Up-to-date: /home/csi/motion_system/install/motion_system_msgs/lib/python3.12/site-packages/motion_system_msgs
[1.064s] -- Up-to-date: /home/csi/motion_system/install/motion_system_msgs/lib/python3.12/site-packages/motion_system_msgs/_motion_system_msgs_s.ep.rosidl_typesupport_c.c
[1.064s] -- Up-to-date: /home/csi/motion_system/install/motion_system_msgs/lib/python3.12/site-packages/motion_system_msgs/_motion_system_msgs_s.ep.rosidl_typesupport_introspection_c.c
[1.064s] -- Installing: /home/csi/motion_system/install/motion_system_msgs/lib/python3.12/site-packages/motion_system_msgs/__init__.py
[1.064s] -- Up-to-date: /home/csi/motion_system/install/motion_system_msgs/lib/python3.12/site-packages/motion_system_msgs/msg
[1.064s] -- Up-to-date: /home/csi/motion_system/install/motion_system_msgs/lib/python3.12/site-packages/motion_system_msgs/msg/__init__.py
[1.064s] -- Up-to-date: /home/csi/motion_system/install/motion_system_msgs/lib/python3.12/site-packages/motion_system_msgs/msg/_motor_status.py
[1.064s] -- Up-to-date: /home/csi/motion_system/install/motion_system_msgs/lib/python3.12/site-packages/motion_system_msgs/msg/_motor_status_s.c
[1.064s] -- Up-to-date: /home/csi/motion_system/install/motion_system_msgs/lib/python3.12/site-packages/motion_system_msgs/motion_system_msgs_s__rosidl_typesupport_fastrtps_c.so
[1.064s] -- Up-to-date: /home/csi/motion_system/install/motion_system_msgs/lib/python3.12/site-packages/motion_system_msgs/motion_system_msgs_s__rosidl_typesupport_c.so
[1.064s] -- Up-to-date: /home/csi/motion_system/install/motion_system_msgs/lib/python3.12/site-packages/motion_system_msgs/motion_system_msgs_s__rosidl_typesupport_introspection_c.so
[1.064s] -- Up-to-date: /home/csi/motion_system/install/motion_system_msgs/lib/python3.12/site-packages/motion_system_msgs/_motion_system_msgs_s.ep.rosidl_typesupport_fastrtps_c.c
[1.086s] Listing '/home/csi/motion_system/install/motion_system_msgs/lib/python3.12/site-packages/motion_system_msgs'...
[1.086s] Compiling '/home/csi/motion_system/install/motion_system_msgs/lib/python3.12/site-packages/motion_system_msgs/__init__.py'...
[1.086s] Listing '/home/csi/motion_system/install/motion_system_msgs/lib/python3.12/site-packages/motion_system_msgs/msg'...
[1.089s] -- Up-to-date: /home/csi/motion_system/install/motion_system_msgs/lib/python3.12/site-packages/motion_system_msgs/motion_system_msgs_s__rosidl_typesupport_fastrtps_c.so
[1.089s] -- Up-to-date: /home/csi/motion_system/install/motion_system_msgs/lib/python3.12/site-packages/motion_system_msgs/motion_system_msgs_s__rosidl_typesupport_introspection_c.so
[1.089s] -- Up-to-date: /home/csi/motion_system/install/motion_system_msgs/lib/python3.12/site-packages/motion_system_msgs/motion_system_msgs_s__rosidl_typesupport_c.so
[1.089s] -- Up-to-date: /home/csi/motion_system/install/motion_system_msgs/lib/libmotion_system_msgs__rosidl_generator_py.so
[1.090s] -- Up-to-date: /home/csi/motion_system/install/motion_system_msgs/share/motion_system_msgs/msg/MotorStatus.idl
[1.090s] -- Up-to-date: /home/csi/motion_system/install/motion_system_msgs/share/motion_system_msgs/msg/MotorStatus.msg
[1.090s] -- Up-to-date: /home/csi/motion_system/install/motion_system_msgs/share/ament_index/resource_index/package_run_dependencies/motion_system_msgs
[1.090s] -- Up-to-date: /home/csi/motion_system/install/motion_system_msgs/share/ament_index/resource_index/parent_prefix_path/motion_system_msgs
[1.090s] -- Up-to-date: /home/csi/motion_system/install/motion_system_msgs/share/motion_system_msgs/environment/ament_prefix_path.sh
[1.090s] -- Up-to-date: /home/csi/motion_system/install/motion_system_msgs/share/motion_system_msgs/environment/ament_prefix_path.dsv
[1.090s] -- Up-to-date: /home/csi/motion_system/install/motion_system_msgs/share/motion_system_msgs/environment/path.sh
[1.090s] -- Up-to-date: /home/csi/motion_system/install/motion_system_msgs/share/motion_system_msgs/environment/path.dsv
[1.090s] -- Up-to-date: /home/csi/motion_system/install/motion_system_msgs/share/motion_system_msgs/local_setup.bash
[1.090s] -- Up-to-date: /home/csi/motion_system/install/motion_system_msgs/share/motion_system_msgs/local_setup.sh
[1.090s] -- Up-to-date: /home/csi/motion_system/install/motion_system_msgs/share/motion_system_msgs/local_setup.zsh
[1.090s] -- Up-to-date: /home/csi/motion_system/install/motion_system_msgs/share/motion_system_msgs/local_setup.dsv
[1.090s] -- Installing: /home/csi/motion_system/install/motion_system_msgs/share/motion_system_msgs/package.dsv
[1.090s] -- Up-to-date: /home/csi/motion_system/install/motion_system_msgs/share/ament_index/resource_index/packages/motion_system_msgs
[1.090s] -- Up-to-date: /home/csi/motion_system/install/motion_system_msgs/share/motion_system_msgs/cmake/export_motion_system_msgs__rosidl_generator_cExport.cmake
[1.090s] -- Up-to-date: /home/csi/motion_system/install/motion_system_msgs/share/motion_system_msgs/cmake/export_motion_system_msgs__rosidl_generator_cExport-noconfig.cmake
[1.090s] -- Up-to-date: /home/csi/motion_system/install/motion_system_msgs/share/motion_system_msgs/cmake/export_motion_system_msgs__rosidl_typesupport_fastrtps_cExport.cmake
[1.090s] -- Up-to-date: /home/csi/motion_system/install/motion_system_msgs/share/motion_system_msgs/cmake/export_motion_system_msgs__rosidl_typesupport_fastrtps_cExport-noconfig.cmake
[1.090s] -- Up-to-date: /home/csi/motion_system/install/motion_system_msgs/share/motion_system_msgs/cmake/export_motion_system_msgs__rosidl_generator_cppExport.cmake
[1.090s] -- Up-to-date: /home/csi/motion_system/install/motion_system_msgs/share/motion_system_msgs/cmake/export_motion_system_msgs__rosidl_typesupport_fastrtps_cppExport.cmake
[1.090s] -- Up-to-date: /home/csi/motion_system/install/motion_system_msgs/share/motion_system_msgs/cmake/export_motion_system_msgs__rosidl_typesupport_fastrtps_cppExport-noconfig.cmake
[1.091s] -- Up-to-date: /home/csi/motion_system/install/motion_system_msgs/share/motion_system_msgs/cmake/motion_system_msgs__rosidl_typesupport_introspection_cExport.cmake
[1.091s] -- Up-to-date: /home/csi/motion_system/install/motion_system_msgs/share/motion_system_msgs/cmake/motion_system_msgs__rosidl_typesupport_introspection_cExport-noconfig.cmake
[1.091s] -- Up-to-date: /home/csi/motion_system/install/motion_system_msgs/share/motion_system_msgs/cmake/motion_system_msgs__rosidl_typesupport_cExport.cmake
[1.091s] -- Up-to-date: /home/csi/motion_system/install/motion_system_msgs/share/motion_system_msgs/cmake/motion_system_msgs__rosidl_typesupport_cExport-noconfig.cmake
[1.091s] -- Up-to-date: /home/csi/motion_system/install/motion_system_msgs/share/motion_system_msgs/cmake/motion_system_msgs__rosidl_typesupport_introspection_cppExport.cmake
[1.091s] -- Up-to-date: /home/csi/motion_system/install/motion_system_msgs/share/motion_system_msgs/cmake/motion_system_msgs__rosidl_typesupport_introspection_cppExport-noconfig.cmake
[1.091s] -- Up-to-date: /home/csi/motion_system/install/motion_system_msgs/share/motion_system_msgs/cmake/motion_system_msgs__rosidl_typesupport_cppExport.cmake
[1.091s] -- Up-to-date: /home/csi/motion_system/install/motion_system_msgs/share/motion_system_msgs/cmake/motion_system_msgs__rosidl_typesupport_cppExport-noconfig.cmake
[1.091s] -- Up-to-date: /home/csi/motion_system/install/motion_system_msgs/share/motion_system_msgs/cmake/export_motion_system_msgs__rosidl_generator_pyExport.cmake
[1.091s] -- Up-to-date: /home/csi/motion_system/install/motion_system_msgs/share/motion_system_msgs/cmake/export_motion_system_msgs__rosidl_generator_pyExport-noconfig.cmake
[1.091s] -- Up-to-date: /home/csi/motion_system/install/motion_system_msgs/share/motion_system_msgs/cmake/rosidl_cmake-extras.cmake
[1.091s] -- Up-to-date: /home/csi/motion_system/install/motion_system_msgs/share/motion_system_msgs/cmake/ament_cmake_export_dependencies-extras.cmake
[1.091s] -- Up-to-date: /home/csi/motion_system/install/motion_system_msgs/share/motion_system_msgs/cmake/ament_cmake_export_include_directories-extras.cmake
[1.091s] -- Up-to-date: /home/csi/motion_system/install/motion_system_msgs/share/motion_system_msgs/cmake/ament_cmake_export_libraries-extras.cmake
[1.091s] -- Up-to-date: /home/csi/motion_system/install/motion_system_msgs/share/motion_system_msgs/cmake/ament_cmake_export_targets-extras.cmake
[1.091s] -- Up-to-date: /home/csi/motion_system/install/motion_system_msgs/share/motion_system_msgs/cmake/rosidl_cmake_export_typesupport_targets-extras.cmake
[1.091s] -- Up-to-date: /home/csi/motion_system/install/motion_system_msgs/share/motion_system_msgs/cmake/rosidl_cmake_export_typesupport_libraries-extras.cmake
[1.091s] -- Up-to-date: /home/csi/motion_system/install/motion_system_msgs/share/motion_system_msgs/cmake/motion_system_msgsConfig.cmake
[1.091s] -- Up-to-date: /home/csi/motion_system/install/motion_system_msgs/share/motion_system_msgs/cmake/motion_system_msgsConfig-version.cmake
[1.091s] -- Up-to-date: /home/csi/motion_system/install/motion_system_msgs/share/motion_system_msgs/package.xml
[1.092s] Invoked command in '/home/csi/motion_system/build/motion_system_msgs' returned '0': CMAKE_PREFIX_PATH=${CMAKE_PREFIX_PATH}:/opt/ros/jazzy DEBUGINFOD_URLS=https://debuginfod.ubuntu.com /usr/bin/cmake --install /home/csi/motion_system/build/motion_system_msgs
