[0.486s] Invoking command in '/home/csi/motion_system/ros2/utils_pkg': CMAKE_PREFIX_PATH=/home/csi/motion_system/install/motion_system_msgs:/home/csi/motion_system/install/motion_system_pkg:/home/csi/motion_system/install/motor_manager:/home/csi/motion_system/install/motion_system_rqt:/home/csi/motion_system/install/common_motor_interface:/opt/ros/jazzy/opt/gz_math_vendor:/opt/ros/jazzy/opt/gz_utils_vendor:/opt/ros/jazzy/opt/gz_cmake_vendor:/opt/openrobots DEBUGINFOD_URLS=https://debuginfod.ubuntu.com LD_LIBRARY_PATH=/home/csi/motion_system/install/motion_system_msgs/lib:/home/csi/motion_system/install/motor_manager/lib:/opt/ros/jazzy/opt/rviz_ogre_vendor/lib:/opt/ros/jazzy/lib/x86_64-linux-gnu:/opt/ros/jazzy/opt/gz_math_vendor/lib:/opt/ros/jazzy/opt/gz_utils_vendor/lib:/opt/ros/jazzy/opt/gz_cmake_vendor/lib:/opt/ros/jazzy/lib:/opt/openrobots/lib:/usr/local/cuda-13.2/lib64 PYTHONPATH=/home/csi/motion_system/build/utils_pkg/prefix_override:/usr/lib/python3/dist-packages/colcon_core/task/python/colcon_distutils_commands:/home/csi/motion_system/install/utils_pkg/lib/python3.12/site-packages:/home/csi/motion_system/install/motion_system_msgs/lib/python3.12/site-packages:/home/csi/motion_system/install/utils_pkg/lib/python3.12/site-packages:/home/csi/motion_system/install/robot_manager/lib/python3.12/site-packages:/home/csi/motion_system/install/robots/lib/python3.12/site-packages:/home/csi/motion_system/install/scheduler/lib/python3.12/site-packages:/home/csi/motion_system/install/planner/lib/python3.12/site-packages:/home/csi/motion_system/install/kinematics/lib/python3.12/site-packages:/home/csi/motion_system/install/robot_interface/lib/python3.12/site-packages:/home/csi/motion_system/install/motion_system_rqt/lib/python3.12/site-packages:/home/csi/motion_system/install/common_robot_interface/lib/python3.12/site-packages:/opt/ros/jazzy/lib/python3.12/site-packages:/opt/openrobots/lib/python3.8/site-packages /usr/bin/python3 -W ignore:setup.py install is deprecated -W ignore:easy_install command is deprecated setup.py egg_info --egg-base ../../build/utils_pkg build --build-base /home/csi/motion_system/build/utils_pkg/build install --record /home/csi/motion_system/build/utils_pkg/install.log --single-version-externally-managed install_data
[0.614s] running egg_info
[0.621s] writing ../../build/utils_pkg/utils_pkg.egg-info/PKG-INFO
[0.621s] writing dependency_links to ../../build/utils_pkg/utils_pkg.egg-info/dependency_links.txt
[0.621s] writing entry points to ../../build/utils_pkg/utils_pkg.egg-info/entry_points.txt
[0.621s] writing requirements to ../../build/utils_pkg/utils_pkg.egg-info/requires.txt
[0.621s] writing top-level names to ../../build/utils_pkg/utils_pkg.egg-info/top_level.txt
[0.638s] reading manifest file '../../build/utils_pkg/utils_pkg.egg-info/SOURCES.txt'
[0.638s] writing manifest file '../../build/utils_pkg/utils_pkg.egg-info/SOURCES.txt'
[0.638s] running build
[0.638s] running build_py
[0.638s] running install
[0.641s] running install_lib
[0.650s] running install_data
[0.650s] running install_egg_info
[0.658s] removing '/home/csi/motion_system/install/utils_pkg/lib/python3.12/site-packages/utils_pkg-0.0.0-py3.12.egg-info' (and everything under it)
[0.659s] Copying ../../build/utils_pkg/utils_pkg.egg-info to /home/csi/motion_system/install/utils_pkg/lib/python3.12/site-packages/utils_pkg-0.0.0-py3.12.egg-info
[0.659s] running install_scripts
[0.713s] Installing rocking_chair_position_command script to /home/csi/motion_system/install/utils_pkg/lib/utils_pkg
[0.714s] Installing sine_motor_command_publisher script to /home/csi/motion_system/install/utils_pkg/lib/utils_pkg
[0.714s] writing list of installed files to '/home/csi/motion_system/build/utils_pkg/install.log'
[0.727s] Invoked command in '/home/csi/motion_system/ros2/utils_pkg' returned '0': CMAKE_PREFIX_PATH=/home/csi/motion_system/install/motion_system_msgs:/home/csi/motion_system/install/motion_system_pkg:/home/csi/motion_system/install/motor_manager:/home/csi/motion_system/install/motion_system_rqt:/home/csi/motion_system/install/common_motor_interface:/opt/ros/jazzy/opt/gz_math_vendor:/opt/ros/jazzy/opt/gz_utils_vendor:/opt/ros/jazzy/opt/gz_cmake_vendor:/opt/openrobots DEBUGINFOD_URLS=https://debuginfod.ubuntu.com LD_LIBRARY_PATH=/home/csi/motion_system/install/motion_system_msgs/lib:/home/csi/motion_system/install/motor_manager/lib:/opt/ros/jazzy/opt/rviz_ogre_vendor/lib:/opt/ros/jazzy/lib/x86_64-linux-gnu:/opt/ros/jazzy/opt/gz_math_vendor/lib:/opt/ros/jazzy/opt/gz_utils_vendor/lib:/opt/ros/jazzy/opt/gz_cmake_vendor/lib:/opt/ros/jazzy/lib:/opt/openrobots/lib:/usr/local/cuda-13.2/lib64 PYTHONPATH=/home/csi/motion_system/build/utils_pkg/prefix_override:/usr/lib/python3/dist-packages/colcon_core/task/python/colcon_distutils_commands:/home/csi/motion_system/install/utils_pkg/lib/python3.12/site-packages:/home/csi/motion_system/install/motion_system_msgs/lib/python3.12/site-packages:/home/csi/motion_system/install/utils_pkg/lib/python3.12/site-packages:/home/csi/motion_system/install/robot_manager/lib/python3.12/site-packages:/home/csi/motion_system/install/robots/lib/python3.12/site-packages:/home/csi/motion_system/install/scheduler/lib/python3.12/site-packages:/home/csi/motion_system/install/planner/lib/python3.12/site-packages:/home/csi/motion_system/install/kinematics/lib/python3.12/site-packages:/home/csi/motion_system/install/robot_interface/lib/python3.12/site-packages:/home/csi/motion_system/install/motion_system_rqt/lib/python3.12/site-packages:/home/csi/motion_system/install/common_robot_interface/lib/python3.12/site-packages:/opt/ros/jazzy/lib/python3.12/site-packages:/opt/openrobots/lib/python3.8/site-packages /usr/bin/python3 -W ignore:setup.py install is deprecated -W ignore:easy_install command is deprecated setup.py egg_info --egg-base ../../build/utils_pkg build --build-base /home/csi/motion_system/build/utils_pkg/build install --record /home/csi/motion_system/build/utils_pkg/install.log --single-version-externally-managed install_data
