running egg_info
creating ../../../build/scheduler/scheduler.egg-info
writing ../../../build/scheduler/scheduler.egg-info/PKG-INFO
writing dependency_links to ../../../build/scheduler/scheduler.egg-info/dependency_links.txt
writing requirements to ../../../build/scheduler/scheduler.egg-info/requires.txt
writing top-level names to ../../../build/scheduler/scheduler.egg-info/top_level.txt
writing manifest file '../../../build/scheduler/scheduler.egg-info/SOURCES.txt'
reading manifest file '../../../build/scheduler/scheduler.egg-info/SOURCES.txt'
writing manifest file '../../../build/scheduler/scheduler.egg-info/SOURCES.txt'
running build
running build_py
creating /home/csi/motion_system/build/scheduler/build
creating /home/csi/motion_system/build/scheduler/build/lib
creating /home/csi/motion_system/build/scheduler/build/lib/scheduler
copying src/scheduler/__init__.py -> /home/csi/motion_system/build/scheduler/build/lib/scheduler
copying src/scheduler/fsm_scheduler.py -> /home/csi/motion_system/build/scheduler/build/lib/scheduler
copying src/scheduler/gait_scheduler.py -> /home/csi/motion_system/build/scheduler/build/lib/scheduler
running install
running install_lib
creating /home/csi/motion_system/install/scheduler/lib/python3.12/site-packages/scheduler
copying /home/csi/motion_system/build/scheduler/build/lib/scheduler/__init__.py -> /home/csi/motion_system/install/scheduler/lib/python3.12/site-packages/scheduler
copying /home/csi/motion_system/build/scheduler/build/lib/scheduler/fsm_scheduler.py -> /home/csi/motion_system/install/scheduler/lib/python3.12/site-packages/scheduler
copying /home/csi/motion_system/build/scheduler/build/lib/scheduler/gait_scheduler.py -> /home/csi/motion_system/install/scheduler/lib/python3.12/site-packages/scheduler
byte-compiling /home/csi/motion_system/install/scheduler/lib/python3.12/site-packages/scheduler/__init__.py to __init__.cpython-312.pyc
byte-compiling /home/csi/motion_system/install/scheduler/lib/python3.12/site-packages/scheduler/fsm_scheduler.py to fsm_scheduler.cpython-312.pyc
byte-compiling /home/csi/motion_system/install/scheduler/lib/python3.12/site-packages/scheduler/gait_scheduler.py to gait_scheduler.cpython-312.pyc
running install_data
creating /home/csi/motion_system/install/scheduler/share/ament_index
creating /home/csi/motion_system/install/scheduler/share/ament_index/resource_index
creating /home/csi/motion_system/install/scheduler/share/ament_index/resource_index/packages
copying resource/scheduler -> /home/csi/motion_system/install/scheduler/share/ament_index/resource_index/packages
copying package.xml -> /home/csi/motion_system/install/scheduler/share/scheduler
running install_egg_info
Copying ../../../build/scheduler/scheduler.egg-info to /home/csi/motion_system/install/scheduler/lib/python3.12/site-packages/scheduler-0.1.0-py3.12.egg-info
running install_scripts
writing list of installed files to '/home/csi/motion_system/build/scheduler/install.log'
