[0.625s] Invoking command in '/home/csi/motion_system/lib/robot_manager/scheduler': AMENT_PREFIX_PATH=/home/csi/motion_system/install/robot_interface:/home/csi/motion_system/install/common_robot_interface:${AMENT_PREFIX_PATH} CONDA_PROMPT_MODIFIER=(base) DEBUGINFOD_URLS=https://debuginfod.ubuntu.com PYTHONPATH=/home/csi/motion_system/build/scheduler/prefix_override:/usr/lib/python3/dist-packages/colcon_core/task/python/colcon_distutils_commands:/home/csi/motion_system/install/scheduler/lib/python3.12/site-packages:/home/csi/motion_system/install/robot_interface/lib/python3.12/site-packages:/home/csi/motion_system/install/common_robot_interface/lib/python3.12/site-packages:/opt/ros/jazzy/lib/python3.12/site-packages:/opt/openrobots/lib/python3.8/site-packages:/opt/openrobots/lib/python3.8/site-packages /usr/bin/python3 -W ignore:setup.py install is deprecated -W ignore:easy_install command is deprecated setup.py egg_info --egg-base ../../../build/scheduler build --build-base /home/csi/motion_system/build/scheduler/build install --record /home/csi/motion_system/build/scheduler/install.log --single-version-externally-managed install_data
[0.750s] running egg_info
[0.751s] creating ../../../build/scheduler/scheduler.egg-info
[0.759s] writing ../../../build/scheduler/scheduler.egg-info/PKG-INFO
[0.759s] writing dependency_links to ../../../build/scheduler/scheduler.egg-info/dependency_links.txt
[0.759s] writing requirements to ../../../build/scheduler/scheduler.egg-info/requires.txt
[0.759s] writing top-level names to ../../../build/scheduler/scheduler.egg-info/top_level.txt
[0.760s] writing manifest file '../../../build/scheduler/scheduler.egg-info/SOURCES.txt'
[0.777s] reading manifest file '../../../build/scheduler/scheduler.egg-info/SOURCES.txt'
[0.777s] writing manifest file '../../../build/scheduler/scheduler.egg-info/SOURCES.txt'
[0.777s] running build
[0.777s] running build_py
[0.777s] creating /home/csi/motion_system/build/scheduler/build
[0.777s] creating /home/csi/motion_system/build/scheduler/build/lib
[0.777s] creating /home/csi/motion_system/build/scheduler/build/lib/scheduler
[0.777s] copying src/scheduler/__init__.py -> /home/csi/motion_system/build/scheduler/build/lib/scheduler
[0.778s] copying src/scheduler/fsm_scheduler.py -> /home/csi/motion_system/build/scheduler/build/lib/scheduler
[0.778s] copying src/scheduler/gait_scheduler.py -> /home/csi/motion_system/build/scheduler/build/lib/scheduler
[0.778s] running install
[0.780s] running install_lib
[0.788s] creating /home/csi/motion_system/install/scheduler/lib/python3.12/site-packages/scheduler
[0.788s] copying /home/csi/motion_system/build/scheduler/build/lib/scheduler/__init__.py -> /home/csi/motion_system/install/scheduler/lib/python3.12/site-packages/scheduler
[0.788s] copying /home/csi/motion_system/build/scheduler/build/lib/scheduler/fsm_scheduler.py -> /home/csi/motion_system/install/scheduler/lib/python3.12/site-packages/scheduler
[0.789s] copying /home/csi/motion_system/build/scheduler/build/lib/scheduler/gait_scheduler.py -> /home/csi/motion_system/install/scheduler/lib/python3.12/site-packages/scheduler
[0.789s] byte-compiling /home/csi/motion_system/install/scheduler/lib/python3.12/site-packages/scheduler/__init__.py to __init__.cpython-312.pyc
[0.789s] byte-compiling /home/csi/motion_system/install/scheduler/lib/python3.12/site-packages/scheduler/fsm_scheduler.py to fsm_scheduler.cpython-312.pyc
[0.789s] byte-compiling /home/csi/motion_system/install/scheduler/lib/python3.12/site-packages/scheduler/gait_scheduler.py to gait_scheduler.cpython-312.pyc
[0.789s] running install_data
[0.789s] creating /home/csi/motion_system/install/scheduler/share/ament_index
[0.789s] creating /home/csi/motion_system/install/scheduler/share/ament_index/resource_index
[0.789s] creating /home/csi/motion_system/install/scheduler/share/ament_index/resource_index/packages
[0.790s] copying resource/scheduler -> /home/csi/motion_system/install/scheduler/share/ament_index/resource_index/packages
[0.790s] copying package.xml -> /home/csi/motion_system/install/scheduler/share/scheduler
[0.790s] running install_egg_info
[0.799s] Copying ../../../build/scheduler/scheduler.egg-info to /home/csi/motion_system/install/scheduler/lib/python3.12/site-packages/scheduler-0.1.0-py3.12.egg-info
[0.799s] running install_scripts
[0.856s] writing list of installed files to '/home/csi/motion_system/build/scheduler/install.log'
[0.877s] Invoked command in '/home/csi/motion_system/lib/robot_manager/scheduler' returned '0': AMENT_PREFIX_PATH=/home/csi/motion_system/install/robot_interface:/home/csi/motion_system/install/common_robot_interface:${AMENT_PREFIX_PATH} CONDA_PROMPT_MODIFIER=(base) DEBUGINFOD_URLS=https://debuginfod.ubuntu.com PYTHONPATH=/home/csi/motion_system/build/scheduler/prefix_override:/usr/lib/python3/dist-packages/colcon_core/task/python/colcon_distutils_commands:/home/csi/motion_system/install/scheduler/lib/python3.12/site-packages:/home/csi/motion_system/install/robot_interface/lib/python3.12/site-packages:/home/csi/motion_system/install/common_robot_interface/lib/python3.12/site-packages:/opt/ros/jazzy/lib/python3.12/site-packages:/opt/openrobots/lib/python3.8/site-packages:/opt/openrobots/lib/python3.8/site-packages /usr/bin/python3 -W ignore:setup.py install is deprecated -W ignore:easy_install command is deprecated setup.py egg_info --egg-base ../../../build/scheduler build --build-base /home/csi/motion_system/build/scheduler/build install --record /home/csi/motion_system/build/scheduler/install.log --single-version-externally-managed install_data
