[0.627s] Invoking command in '/home/csi/motion_system/lib/robot_manager/planner': AMENT_PREFIX_PATH=/home/csi/motion_system/install/robot_interface:/home/csi/motion_system/install/common_robot_interface:${AMENT_PREFIX_PATH} CONDA_PROMPT_MODIFIER=(base) DEBUGINFOD_URLS=https://debuginfod.ubuntu.com PYTHONPATH=/home/csi/motion_system/build/planner/prefix_override:/usr/lib/python3/dist-packages/colcon_core/task/python/colcon_distutils_commands:/home/csi/motion_system/install/planner/lib/python3.12/site-packages:/home/csi/motion_system/install/robot_interface/lib/python3.12/site-packages:/home/csi/motion_system/install/common_robot_interface/lib/python3.12/site-packages:/opt/ros/jazzy/lib/python3.12/site-packages:/opt/openrobots/lib/python3.8/site-packages:/opt/openrobots/lib/python3.8/site-packages /usr/bin/python3 -W ignore:setup.py install is deprecated -W ignore:easy_install command is deprecated setup.py egg_info --egg-base ../../../build/planner build --build-base /home/csi/motion_system/build/planner/build install --record /home/csi/motion_system/build/planner/install.log --single-version-externally-managed install_data
[0.753s] running egg_info
[0.753s] creating ../../../build/planner/planner.egg-info
[0.761s] writing ../../../build/planner/planner.egg-info/PKG-INFO
[0.761s] writing dependency_links to ../../../build/planner/planner.egg-info/dependency_links.txt
[0.761s] writing requirements to ../../../build/planner/planner.egg-info/requires.txt
[0.761s] writing top-level names to ../../../build/planner/planner.egg-info/top_level.txt
[0.761s] writing manifest file '../../../build/planner/planner.egg-info/SOURCES.txt'
[0.779s] reading manifest file '../../../build/planner/planner.egg-info/SOURCES.txt'
[0.779s] writing manifest file '../../../build/planner/planner.egg-info/SOURCES.txt'
[0.779s] running build
[0.779s] running build_py
[0.779s] creating /home/csi/motion_system/build/planner/build
[0.779s] creating /home/csi/motion_system/build/planner/build/lib
[0.779s] creating /home/csi/motion_system/build/planner/build/lib/planner
[0.779s] copying src/planner/__init__.py -> /home/csi/motion_system/build/planner/build/lib/planner
[0.779s] copying src/planner/gait_trajectory_planner.py -> /home/csi/motion_system/build/planner/build/lib/planner
[0.779s] running install
[0.782s] running install_lib
[0.791s] creating /home/csi/motion_system/install/planner/lib/python3.12/site-packages/planner
[0.791s] copying /home/csi/motion_system/build/planner/build/lib/planner/__init__.py -> /home/csi/motion_system/install/planner/lib/python3.12/site-packages/planner
[0.791s] copying /home/csi/motion_system/build/planner/build/lib/planner/gait_trajectory_planner.py -> /home/csi/motion_system/install/planner/lib/python3.12/site-packages/planner
[0.791s] byte-compiling /home/csi/motion_system/install/planner/lib/python3.12/site-packages/planner/__init__.py to __init__.cpython-312.pyc
[0.791s] byte-compiling /home/csi/motion_system/install/planner/lib/python3.12/site-packages/planner/gait_trajectory_planner.py to gait_trajectory_planner.cpython-312.pyc
[0.791s] running install_data
[0.791s] creating /home/csi/motion_system/install/planner/share/ament_index
[0.791s] creating /home/csi/motion_system/install/planner/share/ament_index/resource_index
[0.791s] creating /home/csi/motion_system/install/planner/share/ament_index/resource_index/packages
[0.791s] copying resource/planner -> /home/csi/motion_system/install/planner/share/ament_index/resource_index/packages
[0.791s] copying package.xml -> /home/csi/motion_system/install/planner/share/planner
[0.791s] running install_egg_info
[0.800s] Copying ../../../build/planner/planner.egg-info to /home/csi/motion_system/install/planner/lib/python3.12/site-packages/planner-0.1.0-py3.12.egg-info
[0.801s] running install_scripts
[0.857s] writing list of installed files to '/home/csi/motion_system/build/planner/install.log'
[0.877s] Invoked command in '/home/csi/motion_system/lib/robot_manager/planner' returned '0': AMENT_PREFIX_PATH=/home/csi/motion_system/install/robot_interface:/home/csi/motion_system/install/common_robot_interface:${AMENT_PREFIX_PATH} CONDA_PROMPT_MODIFIER=(base) DEBUGINFOD_URLS=https://debuginfod.ubuntu.com PYTHONPATH=/home/csi/motion_system/build/planner/prefix_override:/usr/lib/python3/dist-packages/colcon_core/task/python/colcon_distutils_commands:/home/csi/motion_system/install/planner/lib/python3.12/site-packages:/home/csi/motion_system/install/robot_interface/lib/python3.12/site-packages:/home/csi/motion_system/install/common_robot_interface/lib/python3.12/site-packages:/opt/ros/jazzy/lib/python3.12/site-packages:/opt/openrobots/lib/python3.8/site-packages:/opt/openrobots/lib/python3.8/site-packages /usr/bin/python3 -W ignore:setup.py install is deprecated -W ignore:easy_install command is deprecated setup.py egg_info --egg-base ../../../build/planner build --build-base /home/csi/motion_system/build/planner/build install --record /home/csi/motion_system/build/planner/install.log --single-version-externally-managed install_data
