[0.044s] DEBUG:colcon:Command line arguments: ['/usr/bin/colcon', 'build']
[0.044s] DEBUG:colcon:Parsed command line arguments: Namespace(log_base=None, log_level=None, verb_name='build', build_base='build', install_base='install', merge_install=False, symlink_install=False, test_result_base=None, continue_on_error=False, executor='parallel', parallel_workers=24, event_handlers=None, ignore_user_meta=False, metas=['./colcon.meta'], base_paths=['.'], packages_ignore=None, packages_ignore_regex=None, paths=None, packages_up_to=None, packages_up_to_regex=None, packages_above=None, packages_above_and_dependencies=None, packages_above_depth=None, packages_select_by_dep=None, packages_skip_by_dep=None, packages_skip_up_to=None, packages_select_build_failed=False, packages_skip_build_finished=False, packages_select_test_failures=False, packages_skip_test_passed=False, packages_select=None, packages_skip=None, packages_select_regex=None, packages_skip_regex=None, packages_start=None, packages_end=None, allow_overriding=[], cmake_args=None, cmake_target=None, cmake_target_skip_unavailable=False, cmake_clean_cache=False, cmake_clean_first=False, cmake_force_configure=False, ament_cmake_args=None, catkin_cmake_args=None, catkin_skip_building_tests=False, verb_parser=<colcon_defaults.argument_parser.defaults.DefaultArgumentsDecorator object at 0x79a09469dbe0>, verb_extension=<colcon_core.verb.build.BuildVerb object at 0x79a09469da00>, main=<bound method BuildVerb.main of <colcon_core.verb.build.BuildVerb object at 0x79a09469da00>>)
[0.060s] Level 1:colcon.colcon_core.package_discovery:discover_packages(colcon_meta) check parameters
[0.060s] Level 1:colcon.colcon_core.package_discovery:discover_packages(recursive) check parameters
[0.060s] Level 1:colcon.colcon_core.package_discovery:discover_packages(ignore) check parameters
[0.060s] Level 1:colcon.colcon_core.package_discovery:discover_packages(path) check parameters
[0.060s] Level 1:colcon.colcon_core.package_discovery:discover_packages(colcon_meta) discover
[0.060s] Level 1:colcon.colcon_core.package_discovery:discover_packages(recursive) discover
[0.060s] INFO:colcon.colcon_core.package_discovery:Crawling recursively for packages in '/home/csi/motion_system'
[0.060s] Level 1:colcon.colcon_core.package_identification:_identify(.) by extensions ['ignore', 'ignore_ament_install']
[0.060s] Level 1:colcon.colcon_core.package_identification:_identify(.) by extension 'ignore'
[0.060s] Level 1:colcon.colcon_core.package_identification:_identify(.) by extension 'ignore_ament_install'
[0.060s] Level 1:colcon.colcon_core.package_identification:_identify(.) by extensions ['colcon_pkg']
[0.060s] Level 1:colcon.colcon_core.package_identification:_identify(.) by extension 'colcon_pkg'
[0.060s] Level 1:colcon.colcon_core.package_identification:_identify(.) by extensions ['colcon_meta']
[0.060s] Level 1:colcon.colcon_core.package_identification:_identify(.) by extension 'colcon_meta'
[0.060s] Level 1:colcon.colcon_core.package_identification:_identify(.) by extensions ['ros']
[0.060s] Level 1:colcon.colcon_core.package_identification:_identify(.) by extension 'ros'
[0.071s] Level 1:colcon.colcon_core.package_identification:_identify(.) by extensions ['cmake', 'python']
[0.071s] Level 1:colcon.colcon_core.package_identification:_identify(.) by extension 'cmake'
[0.071s] Level 1:colcon.colcon_core.package_identification:_identify(.) by extension 'python'
[0.071s] Level 1:colcon.colcon_core.package_identification:_identify(.) by extensions ['python_setup_py']
[0.071s] Level 1:colcon.colcon_core.package_identification:_identify(.) by extension 'python_setup_py'
[0.071s] Level 1:colcon.colcon_core.package_identification:_identify(build) by extensions ['ignore', 'ignore_ament_install']
[0.071s] Level 1:colcon.colcon_core.package_identification:_identify(build) by extension 'ignore'
[0.071s] Level 1:colcon.colcon_core.package_identification:_identify(build) ignored
[0.071s] Level 1:colcon.colcon_core.package_identification:_identify(common) by extensions ['ignore', 'ignore_ament_install']
[0.071s] Level 1:colcon.colcon_core.package_identification:_identify(common) by extension 'ignore'
[0.071s] Level 1:colcon.colcon_core.package_identification:_identify(common) by extension 'ignore_ament_install'
[0.072s] Level 1:colcon.colcon_core.package_identification:_identify(common) by extensions ['colcon_pkg']
[0.072s] Level 1:colcon.colcon_core.package_identification:_identify(common) by extension 'colcon_pkg'
[0.072s] Level 1:colcon.colcon_core.package_identification:_identify(common) by extensions ['colcon_meta']
[0.072s] Level 1:colcon.colcon_core.package_identification:_identify(common) by extension 'colcon_meta'
[0.072s] Level 1:colcon.colcon_core.package_identification:_identify(common) by extensions ['ros']
[0.072s] Level 1:colcon.colcon_core.package_identification:_identify(common) by extension 'ros'
[0.072s] Level 1:colcon.colcon_core.package_identification:_identify(common) by extensions ['cmake', 'python']
[0.072s] Level 1:colcon.colcon_core.package_identification:_identify(common) by extension 'cmake'
[0.072s] Level 1:colcon.colcon_core.package_identification:_identify(common) by extension 'python'
[0.072s] Level 1:colcon.colcon_core.package_identification:_identify(common) by extensions ['python_setup_py']
[0.072s] Level 1:colcon.colcon_core.package_identification:_identify(common) by extension 'python_setup_py'
[0.072s] Level 1:colcon.colcon_core.package_identification:_identify(common/common_motor_interface) by extensions ['ignore', 'ignore_ament_install']
[0.072s] Level 1:colcon.colcon_core.package_identification:_identify(common/common_motor_interface) by extension 'ignore'
[0.072s] Level 1:colcon.colcon_core.package_identification:_identify(common/common_motor_interface) by extension 'ignore_ament_install'
[0.072s] Level 1:colcon.colcon_core.package_identification:_identify(common/common_motor_interface) by extensions ['colcon_pkg']
[0.072s] Level 1:colcon.colcon_core.package_identification:_identify(common/common_motor_interface) by extension 'colcon_pkg'
[0.072s] Level 1:colcon.colcon_core.package_identification:_identify(common/common_motor_interface) by extensions ['colcon_meta']
[0.072s] Level 1:colcon.colcon_core.package_identification:_identify(common/common_motor_interface) by extension 'colcon_meta'
[0.072s] Level 1:colcon.colcon_core.package_identification:_identify(common/common_motor_interface) by extensions ['ros']
[0.072s] Level 1:colcon.colcon_core.package_identification:_identify(common/common_motor_interface) by extension 'ros'
[0.073s] DEBUG:colcon.colcon_core.package_identification:Package 'common/common_motor_interface' with type 'ros.ament_cmake' and name 'common_motor_interface'
[0.073s] Level 1:colcon.colcon_core.package_identification:_identify(common/common_robot_interface) by extensions ['ignore', 'ignore_ament_install']
[0.073s] Level 1:colcon.colcon_core.package_identification:_identify(common/common_robot_interface) by extension 'ignore'
[0.073s] Level 1:colcon.colcon_core.package_identification:_identify(common/common_robot_interface) by extension 'ignore_ament_install'
[0.073s] Level 1:colcon.colcon_core.package_identification:_identify(common/common_robot_interface) by extensions ['colcon_pkg']
[0.073s] Level 1:colcon.colcon_core.package_identification:_identify(common/common_robot_interface) by extension 'colcon_pkg'
[0.073s] Level 1:colcon.colcon_core.package_identification:_identify(common/common_robot_interface) by extensions ['colcon_meta']
[0.073s] Level 1:colcon.colcon_core.package_identification:_identify(common/common_robot_interface) by extension 'colcon_meta'
[0.073s] Level 1:colcon.colcon_core.package_identification:_identify(common/common_robot_interface) by extensions ['ros']
[0.073s] Level 1:colcon.colcon_core.package_identification:_identify(common/common_robot_interface) by extension 'ros'
[0.073s] DEBUG:colcon.colcon_core.package_identification:Package 'common/common_robot_interface' with type 'ros.ament_python' and name 'common_robot_interface'
[0.073s] Level 1:colcon.colcon_core.package_identification:_identify(install) by extensions ['ignore', 'ignore_ament_install']
[0.073s] Level 1:colcon.colcon_core.package_identification:_identify(install) by extension 'ignore'
[0.073s] Level 1:colcon.colcon_core.package_identification:_identify(install) ignored
[0.073s] Level 1:colcon.colcon_core.package_identification:_identify(lib) by extensions ['ignore', 'ignore_ament_install']
[0.073s] Level 1:colcon.colcon_core.package_identification:_identify(lib) by extension 'ignore'
[0.073s] Level 1:colcon.colcon_core.package_identification:_identify(lib) by extension 'ignore_ament_install'
[0.073s] Level 1:colcon.colcon_core.package_identification:_identify(lib) by extensions ['colcon_pkg']
[0.073s] Level 1:colcon.colcon_core.package_identification:_identify(lib) by extension 'colcon_pkg'
[0.073s] Level 1:colcon.colcon_core.package_identification:_identify(lib) by extensions ['colcon_meta']
[0.073s] Level 1:colcon.colcon_core.package_identification:_identify(lib) by extension 'colcon_meta'
[0.074s] Level 1:colcon.colcon_core.package_identification:_identify(lib) by extensions ['ros']
[0.074s] Level 1:colcon.colcon_core.package_identification:_identify(lib) by extension 'ros'
[0.074s] Level 1:colcon.colcon_core.package_identification:_identify(lib) by extensions ['cmake', 'python']
[0.074s] Level 1:colcon.colcon_core.package_identification:_identify(lib) by extension 'cmake'
[0.074s] Level 1:colcon.colcon_core.package_identification:_identify(lib) by extension 'python'
[0.074s] Level 1:colcon.colcon_core.package_identification:_identify(lib) by extensions ['python_setup_py']
[0.074s] Level 1:colcon.colcon_core.package_identification:_identify(lib) by extension 'python_setup_py'
[0.074s] Level 1:colcon.colcon_core.package_identification:_identify(lib/motor_manager) by extensions ['ignore', 'ignore_ament_install']
[0.074s] Level 1:colcon.colcon_core.package_identification:_identify(lib/motor_manager) by extension 'ignore'
[0.074s] Level 1:colcon.colcon_core.package_identification:_identify(lib/motor_manager) by extension 'ignore_ament_install'
[0.074s] Level 1:colcon.colcon_core.package_identification:_identify(lib/motor_manager) by extensions ['colcon_pkg']
[0.074s] Level 1:colcon.colcon_core.package_identification:_identify(lib/motor_manager) by extension 'colcon_pkg'
[0.074s] Level 1:colcon.colcon_core.package_identification:_identify(lib/motor_manager) by extensions ['colcon_meta']
[0.074s] Level 1:colcon.colcon_core.package_identification:_identify(lib/motor_manager) by extension 'colcon_meta'
[0.074s] Level 1:colcon.colcon_core.package_identification:_identify(lib/motor_manager) by extensions ['ros']
[0.074s] Level 1:colcon.colcon_core.package_identification:_identify(lib/motor_manager) by extension 'ros'
[0.074s] DEBUG:colcon.colcon_core.package_identification:Package 'lib/motor_manager' with type 'ros.ament_cmake' and name 'motor_manager'
[0.074s] Level 1:colcon.colcon_core.package_identification:_identify(lib/robot_manager) by extensions ['ignore', 'ignore_ament_install']
[0.074s] Level 1:colcon.colcon_core.package_identification:_identify(lib/robot_manager) by extension 'ignore'
[0.074s] Level 1:colcon.colcon_core.package_identification:_identify(lib/robot_manager) by extension 'ignore_ament_install'
[0.074s] Level 1:colcon.colcon_core.package_identification:_identify(lib/robot_manager) by extensions ['colcon_pkg']
[0.074s] Level 1:colcon.colcon_core.package_identification:_identify(lib/robot_manager) by extension 'colcon_pkg'
[0.074s] Level 1:colcon.colcon_core.package_identification:_identify(lib/robot_manager) by extensions ['colcon_meta']
[0.074s] Level 1:colcon.colcon_core.package_identification:_identify(lib/robot_manager) by extension 'colcon_meta'
[0.074s] Level 1:colcon.colcon_core.package_identification:_identify(lib/robot_manager) by extensions ['ros']
[0.074s] Level 1:colcon.colcon_core.package_identification:_identify(lib/robot_manager) by extension 'ros'
[0.074s] Level 1:colcon.colcon_core.package_identification:_identify(lib/robot_manager) by extensions ['cmake', 'python']
[0.074s] Level 1:colcon.colcon_core.package_identification:_identify(lib/robot_manager) by extension 'cmake'
[0.074s] Level 1:colcon.colcon_core.package_identification:_identify(lib/robot_manager) by extension 'python'
[0.074s] Level 1:colcon.colcon_core.package_identification:_identify(lib/robot_manager) by extensions ['python_setup_py']
[0.074s] Level 1:colcon.colcon_core.package_identification:_identify(lib/robot_manager) by extension 'python_setup_py'
[0.074s] Level 1:colcon.colcon_core.package_identification:_identify(lib/robot_manager/core) by extensions ['ignore', 'ignore_ament_install']
[0.074s] Level 1:colcon.colcon_core.package_identification:_identify(lib/robot_manager/core) by extension 'ignore'
[0.074s] Level 1:colcon.colcon_core.package_identification:_identify(lib/robot_manager/core) by extension 'ignore_ament_install'
[0.074s] Level 1:colcon.colcon_core.package_identification:_identify(lib/robot_manager/core) by extensions ['colcon_pkg']
[0.074s] Level 1:colcon.colcon_core.package_identification:_identify(lib/robot_manager/core) by extension 'colcon_pkg'
[0.074s] Level 1:colcon.colcon_core.package_identification:_identify(lib/robot_manager/core) by extensions ['colcon_meta']
[0.074s] Level 1:colcon.colcon_core.package_identification:_identify(lib/robot_manager/core) by extension 'colcon_meta'
[0.074s] Level 1:colcon.colcon_core.package_identification:_identify(lib/robot_manager/core) by extensions ['ros']
[0.074s] Level 1:colcon.colcon_core.package_identification:_identify(lib/robot_manager/core) by extension 'ros'
[0.074s] Level 1:colcon.colcon_core.package_identification:_identify(lib/robot_manager/core) by extensions ['cmake', 'python']
[0.074s] Level 1:colcon.colcon_core.package_identification:_identify(lib/robot_manager/core) by extension 'cmake'
[0.074s] Level 1:colcon.colcon_core.package_identification:_identify(lib/robot_manager/core) by extension 'python'
[0.074s] Level 1:colcon.colcon_core.package_identification:_identify(lib/robot_manager/core) by extensions ['python_setup_py']
[0.074s] Level 1:colcon.colcon_core.package_identification:_identify(lib/robot_manager/core) by extension 'python_setup_py'
[0.075s] Level 1:colcon.colcon_core.package_identification:_identify(lib/robot_manager/core/robot_interface) by extensions ['ignore', 'ignore_ament_install']
[0.075s] Level 1:colcon.colcon_core.package_identification:_identify(lib/robot_manager/core/robot_interface) by extension 'ignore'
[0.075s] Level 1:colcon.colcon_core.package_identification:_identify(lib/robot_manager/core/robot_interface) by extension 'ignore_ament_install'
[0.075s] Level 1:colcon.colcon_core.package_identification:_identify(lib/robot_manager/core/robot_interface) by extensions ['colcon_pkg']
[0.075s] Level 1:colcon.colcon_core.package_identification:_identify(lib/robot_manager/core/robot_interface) by extension 'colcon_pkg'
[0.075s] Level 1:colcon.colcon_core.package_identification:_identify(lib/robot_manager/core/robot_interface) by extensions ['colcon_meta']
[0.075s] Level 1:colcon.colcon_core.package_identification:_identify(lib/robot_manager/core/robot_interface) by extension 'colcon_meta'
[0.075s] Level 1:colcon.colcon_core.package_identification:_identify(lib/robot_manager/core/robot_interface) by extensions ['ros']
[0.075s] Level 1:colcon.colcon_core.package_identification:_identify(lib/robot_manager/core/robot_interface) by extension 'ros'
[0.075s] DEBUG:colcon.colcon_core.package_identification:Package 'lib/robot_manager/core/robot_interface' with type 'ros.ament_python' and name 'robot_interface'
[0.075s] Level 1:colcon.colcon_core.package_identification:_identify(lib/robot_manager/kinematics) by extensions ['ignore', 'ignore_ament_install']
[0.075s] Level 1:colcon.colcon_core.package_identification:_identify(lib/robot_manager/kinematics) by extension 'ignore'
[0.075s] Level 1:colcon.colcon_core.package_identification:_identify(lib/robot_manager/kinematics) by extension 'ignore_ament_install'
[0.075s] Level 1:colcon.colcon_core.package_identification:_identify(lib/robot_manager/kinematics) by extensions ['colcon_pkg']
[0.075s] Level 1:colcon.colcon_core.package_identification:_identify(lib/robot_manager/kinematics) by extension 'colcon_pkg'
[0.075s] Level 1:colcon.colcon_core.package_identification:_identify(lib/robot_manager/kinematics) by extensions ['colcon_meta']
[0.075s] Level 1:colcon.colcon_core.package_identification:_identify(lib/robot_manager/kinematics) by extension 'colcon_meta'
[0.075s] Level 1:colcon.colcon_core.package_identification:_identify(lib/robot_manager/kinematics) by extensions ['ros']
[0.075s] Level 1:colcon.colcon_core.package_identification:_identify(lib/robot_manager/kinematics) by extension 'ros'
[0.075s] DEBUG:colcon.colcon_core.package_identification:Package 'lib/robot_manager/kinematics' with type 'ros.ament_python' and name 'kinematics'
[0.075s] Level 1:colcon.colcon_core.package_identification:_identify(lib/robot_manager/planner) by extensions ['ignore', 'ignore_ament_install']
[0.075s] Level 1:colcon.colcon_core.package_identification:_identify(lib/robot_manager/planner) by extension 'ignore'
[0.075s] Level 1:colcon.colcon_core.package_identification:_identify(lib/robot_manager/planner) by extension 'ignore_ament_install'
[0.075s] Level 1:colcon.colcon_core.package_identification:_identify(lib/robot_manager/planner) by extensions ['colcon_pkg']
[0.075s] Level 1:colcon.colcon_core.package_identification:_identify(lib/robot_manager/planner) by extension 'colcon_pkg'
[0.075s] Level 1:colcon.colcon_core.package_identification:_identify(lib/robot_manager/planner) by extensions ['colcon_meta']
[0.075s] Level 1:colcon.colcon_core.package_identification:_identify(lib/robot_manager/planner) by extension 'colcon_meta'
[0.075s] Level 1:colcon.colcon_core.package_identification:_identify(lib/robot_manager/planner) by extensions ['ros']
[0.075s] Level 1:colcon.colcon_core.package_identification:_identify(lib/robot_manager/planner) by extension 'ros'
[0.076s] DEBUG:colcon.colcon_core.package_identification:Package 'lib/robot_manager/planner' with type 'ros.ament_python' and name 'planner'
[0.076s] Level 1:colcon.colcon_core.package_identification:_identify(lib/robot_manager/robot_manager) by extensions ['ignore', 'ignore_ament_install']
[0.076s] Level 1:colcon.colcon_core.package_identification:_identify(lib/robot_manager/robot_manager) by extension 'ignore'
[0.076s] Level 1:colcon.colcon_core.package_identification:_identify(lib/robot_manager/robot_manager) by extension 'ignore_ament_install'
[0.076s] Level 1:colcon.colcon_core.package_identification:_identify(lib/robot_manager/robot_manager) by extensions ['colcon_pkg']
[0.076s] Level 1:colcon.colcon_core.package_identification:_identify(lib/robot_manager/robot_manager) by extension 'colcon_pkg'
[0.076s] Level 1:colcon.colcon_core.package_identification:_identify(lib/robot_manager/robot_manager) by extensions ['colcon_meta']
[0.076s] Level 1:colcon.colcon_core.package_identification:_identify(lib/robot_manager/robot_manager) by extension 'colcon_meta'
[0.076s] Level 1:colcon.colcon_core.package_identification:_identify(lib/robot_manager/robot_manager) by extensions ['ros']
[0.076s] Level 1:colcon.colcon_core.package_identification:_identify(lib/robot_manager/robot_manager) by extension 'ros'
[0.076s] DEBUG:colcon.colcon_core.package_identification:Package 'lib/robot_manager/robot_manager' with type 'ros.ament_python' and name 'robot_manager'
[0.076s] Level 1:colcon.colcon_core.package_identification:_identify(lib/robot_manager/robots) by extensions ['ignore', 'ignore_ament_install']
[0.076s] Level 1:colcon.colcon_core.package_identification:_identify(lib/robot_manager/robots) by extension 'ignore'
[0.076s] Level 1:colcon.colcon_core.package_identification:_identify(lib/robot_manager/robots) by extension 'ignore_ament_install'
[0.076s] Level 1:colcon.colcon_core.package_identification:_identify(lib/robot_manager/robots) by extensions ['colcon_pkg']
[0.076s] Level 1:colcon.colcon_core.package_identification:_identify(lib/robot_manager/robots) by extension 'colcon_pkg'
[0.076s] Level 1:colcon.colcon_core.package_identification:_identify(lib/robot_manager/robots) by extensions ['colcon_meta']
[0.076s] Level 1:colcon.colcon_core.package_identification:_identify(lib/robot_manager/robots) by extension 'colcon_meta'
[0.076s] Level 1:colcon.colcon_core.package_identification:_identify(lib/robot_manager/robots) by extensions ['ros']
[0.076s] Level 1:colcon.colcon_core.package_identification:_identify(lib/robot_manager/robots) by extension 'ros'
[0.076s] DEBUG:colcon.colcon_core.package_identification:Package 'lib/robot_manager/robots' with type 'ros.ament_python' and name 'robots'
[0.076s] Level 1:colcon.colcon_core.package_identification:_identify(lib/robot_manager/scheduler) by extensions ['ignore', 'ignore_ament_install']
[0.076s] Level 1:colcon.colcon_core.package_identification:_identify(lib/robot_manager/scheduler) by extension 'ignore'
[0.076s] Level 1:colcon.colcon_core.package_identification:_identify(lib/robot_manager/scheduler) by extension 'ignore_ament_install'
[0.076s] Level 1:colcon.colcon_core.package_identification:_identify(lib/robot_manager/scheduler) by extensions ['colcon_pkg']
[0.077s] Level 1:colcon.colcon_core.package_identification:_identify(lib/robot_manager/scheduler) by extension 'colcon_pkg'
[0.077s] Level 1:colcon.colcon_core.package_identification:_identify(lib/robot_manager/scheduler) by extensions ['colcon_meta']
[0.077s] Level 1:colcon.colcon_core.package_identification:_identify(lib/robot_manager/scheduler) by extension 'colcon_meta'
[0.077s] Level 1:colcon.colcon_core.package_identification:_identify(lib/robot_manager/scheduler) by extensions ['ros']
[0.077s] Level 1:colcon.colcon_core.package_identification:_identify(lib/robot_manager/scheduler) by extension 'ros'
[0.077s] DEBUG:colcon.colcon_core.package_identification:Package 'lib/robot_manager/scheduler' with type 'ros.ament_python' and name 'scheduler'
[0.077s] Level 1:colcon.colcon_core.package_identification:_identify(log) by extensions ['ignore', 'ignore_ament_install']
[0.077s] Level 1:colcon.colcon_core.package_identification:_identify(log) by extension 'ignore'
[0.077s] Level 1:colcon.colcon_core.package_identification:_identify(log) ignored
[0.077s] Level 1:colcon.colcon_core.package_identification:_identify(ros2) by extensions ['ignore', 'ignore_ament_install']
[0.077s] Level 1:colcon.colcon_core.package_identification:_identify(ros2) by extension 'ignore'
[0.077s] Level 1:colcon.colcon_core.package_identification:_identify(ros2) by extension 'ignore_ament_install'
[0.077s] Level 1:colcon.colcon_core.package_identification:_identify(ros2) by extensions ['colcon_pkg']
[0.077s] Level 1:colcon.colcon_core.package_identification:_identify(ros2) by extension 'colcon_pkg'
[0.077s] Level 1:colcon.colcon_core.package_identification:_identify(ros2) by extensions ['colcon_meta']
[0.077s] Level 1:colcon.colcon_core.package_identification:_identify(ros2) by extension 'colcon_meta'
[0.077s] Level 1:colcon.colcon_core.package_identification:_identify(ros2) by extensions ['ros']
[0.077s] Level 1:colcon.colcon_core.package_identification:_identify(ros2) by extension 'ros'
[0.077s] Level 1:colcon.colcon_core.package_identification:_identify(ros2) by extensions ['cmake', 'python']
[0.077s] Level 1:colcon.colcon_core.package_identification:_identify(ros2) by extension 'cmake'
[0.077s] Level 1:colcon.colcon_core.package_identification:_identify(ros2) by extension 'python'
[0.077s] Level 1:colcon.colcon_core.package_identification:_identify(ros2) by extensions ['python_setup_py']
[0.077s] Level 1:colcon.colcon_core.package_identification:_identify(ros2) by extension 'python_setup_py'
[0.077s] Level 1:colcon.colcon_core.package_identification:_identify(ros2/motion_system_msgs) by extensions ['ignore', 'ignore_ament_install']
[0.077s] Level 1:colcon.colcon_core.package_identification:_identify(ros2/motion_system_msgs) by extension 'ignore'
[0.077s] Level 1:colcon.colcon_core.package_identification:_identify(ros2/motion_system_msgs) by extension 'ignore_ament_install'
[0.077s] Level 1:colcon.colcon_core.package_identification:_identify(ros2/motion_system_msgs) by extensions ['colcon_pkg']
[0.077s] Level 1:colcon.colcon_core.package_identification:_identify(ros2/motion_system_msgs) by extension 'colcon_pkg'
[0.077s] Level 1:colcon.colcon_core.package_identification:_identify(ros2/motion_system_msgs) by extensions ['colcon_meta']
[0.077s] Level 1:colcon.colcon_core.package_identification:_identify(ros2/motion_system_msgs) by extension 'colcon_meta'
[0.077s] Level 1:colcon.colcon_core.package_identification:_identify(ros2/motion_system_msgs) by extensions ['ros']
[0.077s] Level 1:colcon.colcon_core.package_identification:_identify(ros2/motion_system_msgs) by extension 'ros'
[0.077s] DEBUG:colcon.colcon_core.package_identification:Package 'ros2/motion_system_msgs' with type 'ros.ament_cmake' and name 'motion_system_msgs'
[0.077s] Level 1:colcon.colcon_core.package_identification:_identify(ros2/motion_system_pkg) by extensions ['ignore', 'ignore_ament_install']
[0.077s] Level 1:colcon.colcon_core.package_identification:_identify(ros2/motion_system_pkg) by extension 'ignore'
[0.077s] Level 1:colcon.colcon_core.package_identification:_identify(ros2/motion_system_pkg) by extension 'ignore_ament_install'
[0.077s] Level 1:colcon.colcon_core.package_identification:_identify(ros2/motion_system_pkg) by extensions ['colcon_pkg']
[0.077s] Level 1:colcon.colcon_core.package_identification:_identify(ros2/motion_system_pkg) by extension 'colcon_pkg'
[0.078s] Level 1:colcon.colcon_core.package_identification:_identify(ros2/motion_system_pkg) by extensions ['colcon_meta']
[0.078s] Level 1:colcon.colcon_core.package_identification:_identify(ros2/motion_system_pkg) by extension 'colcon_meta'
[0.078s] Level 1:colcon.colcon_core.package_identification:_identify(ros2/motion_system_pkg) by extensions ['ros']
[0.078s] Level 1:colcon.colcon_core.package_identification:_identify(ros2/motion_system_pkg) by extension 'ros'
[0.078s] DEBUG:colcon.colcon_core.package_identification:Package 'ros2/motion_system_pkg' with type 'ros.ament_cmake' and name 'motion_system_pkg'
[0.078s] Level 1:colcon.colcon_core.package_identification:_identify(ros2/motion_system_rqt) by extensions ['ignore', 'ignore_ament_install']
[0.078s] Level 1:colcon.colcon_core.package_identification:_identify(ros2/motion_system_rqt) by extension 'ignore'
[0.078s] Level 1:colcon.colcon_core.package_identification:_identify(ros2/motion_system_rqt) by extension 'ignore_ament_install'
[0.078s] Level 1:colcon.colcon_core.package_identification:_identify(ros2/motion_system_rqt) by extensions ['colcon_pkg']
[0.078s] Level 1:colcon.colcon_core.package_identification:_identify(ros2/motion_system_rqt) by extension 'colcon_pkg'
[0.078s] Level 1:colcon.colcon_core.package_identification:_identify(ros2/motion_system_rqt) by extensions ['colcon_meta']
[0.078s] Level 1:colcon.colcon_core.package_identification:_identify(ros2/motion_system_rqt) by extension 'colcon_meta'
[0.078s] Level 1:colcon.colcon_core.package_identification:_identify(ros2/motion_system_rqt) by extensions ['ros']
[0.078s] Level 1:colcon.colcon_core.package_identification:_identify(ros2/motion_system_rqt) by extension 'ros'
[0.078s] DEBUG:colcon.colcon_core.package_identification:Package 'ros2/motion_system_rqt' with type 'ros.ament_cmake' and name 'motion_system_rqt'
[0.078s] Level 1:colcon.colcon_core.package_identification:_identify(ros2/utils_pkg) by extensions ['ignore', 'ignore_ament_install']
[0.078s] Level 1:colcon.colcon_core.package_identification:_identify(ros2/utils_pkg) by extension 'ignore'
[0.078s] Level 1:colcon.colcon_core.package_identification:_identify(ros2/utils_pkg) by extension 'ignore_ament_install'
[0.078s] Level 1:colcon.colcon_core.package_identification:_identify(ros2/utils_pkg) by extensions ['colcon_pkg']
[0.078s] Level 1:colcon.colcon_core.package_identification:_identify(ros2/utils_pkg) by extension 'colcon_pkg'
[0.078s] Level 1:colcon.colcon_core.package_identification:_identify(ros2/utils_pkg) by extensions ['colcon_meta']
[0.078s] Level 1:colcon.colcon_core.package_identification:_identify(ros2/utils_pkg) by extension 'colcon_meta'
[0.078s] Level 1:colcon.colcon_core.package_identification:_identify(ros2/utils_pkg) by extensions ['ros']
[0.078s] Level 1:colcon.colcon_core.package_identification:_identify(ros2/utils_pkg) by extension 'ros'
[0.079s] DEBUG:colcon.colcon_core.package_identification:Package 'ros2/utils_pkg' with type 'ros.ament_python' and name 'utils_pkg'
[0.079s] Level 1:colcon.colcon_core.package_discovery:discover_packages(recursive) using defaults
[0.079s] Level 1:colcon.colcon_core.package_discovery:discover_packages(ignore) discover
[0.079s] Level 1:colcon.colcon_core.package_discovery:discover_packages(ignore) using defaults
[0.079s] Level 1:colcon.colcon_core.package_discovery:discover_packages(path) discover
[0.079s] Level 1:colcon.colcon_core.package_discovery:discover_packages(path) using defaults
[0.087s] Level 1:colcon.colcon_core.package_discovery:discover_packages(prefix_path) check parameters
[0.087s] Level 1:colcon.colcon_core.package_discovery:discover_packages(prefix_path) discover
[0.088s] DEBUG:colcon.colcon_installed_package_information.package_discovery:Found 286 installed packages in /opt/ros/jazzy
[0.088s] Level 1:colcon.colcon_core.package_discovery:discover_packages(prefix_path) using defaults
[0.103s] Level 5:colcon.colcon_core.verb:set package 'common_motor_interface' build argument 'cmake_args' from command line to 'None'
[0.103s] Level 5:colcon.colcon_core.verb:set package 'common_motor_interface' build argument 'cmake_target' from command line to 'None'
[0.103s] Level 5:colcon.colcon_core.verb:set package 'common_motor_interface' build argument 'cmake_target_skip_unavailable' from command line to 'False'
[0.103s] Level 5:colcon.colcon_core.verb:set package 'common_motor_interface' build argument 'cmake_clean_cache' from command line to 'False'
[0.103s] Level 5:colcon.colcon_core.verb:set package 'common_motor_interface' build argument 'cmake_clean_first' from command line to 'False'
[0.103s] Level 5:colcon.colcon_core.verb:set package 'common_motor_interface' build argument 'cmake_force_configure' from command line to 'False'
[0.103s] Level 5:colcon.colcon_core.verb:set package 'common_motor_interface' build argument 'ament_cmake_args' from command line to 'None'
[0.103s] Level 5:colcon.colcon_core.verb:set package 'common_motor_interface' build argument 'catkin_cmake_args' from command line to 'None'
[0.103s] Level 5:colcon.colcon_core.verb:set package 'common_motor_interface' build argument 'catkin_skip_building_tests' from command line to 'False'
[0.103s] DEBUG:colcon.colcon_core.verb:Building package 'common_motor_interface' with the following arguments: {'ament_cmake_args': None, 'build_base': '/home/csi/motion_system/build/common_motor_interface', 'catkin_cmake_args': None, 'catkin_skip_building_tests': False, 'cmake_args': None, 'cmake_clean_cache': False, 'cmake_clean_first': False, 'cmake_force_configure': False, 'cmake_target': None, 'cmake_target_skip_unavailable': False, 'install_base': '/home/csi/motion_system/install/common_motor_interface', 'merge_install': False, 'path': '/home/csi/motion_system/common/common_motor_interface', 'symlink_install': False, 'test_result_base': None}
[0.103s] Level 5:colcon.colcon_core.verb:set package 'common_robot_interface' build argument 'cmake_args' from command line to 'None'
[0.103s] Level 5:colcon.colcon_core.verb:set package 'common_robot_interface' build argument 'cmake_target' from command line to 'None'
[0.103s] Level 5:colcon.colcon_core.verb:set package 'common_robot_interface' build argument 'cmake_target_skip_unavailable' from command line to 'False'
[0.103s] Level 5:colcon.colcon_core.verb:set package 'common_robot_interface' build argument 'cmake_clean_cache' from command line to 'False'
[0.103s] Level 5:colcon.colcon_core.verb:set package 'common_robot_interface' build argument 'cmake_clean_first' from command line to 'False'
[0.103s] Level 5:colcon.colcon_core.verb:set package 'common_robot_interface' build argument 'cmake_force_configure' from command line to 'False'
[0.103s] Level 5:colcon.colcon_core.verb:set package 'common_robot_interface' build argument 'ament_cmake_args' from command line to 'None'
[0.103s] Level 5:colcon.colcon_core.verb:set package 'common_robot_interface' build argument 'catkin_cmake_args' from command line to 'None'
[0.103s] Level 5:colcon.colcon_core.verb:set package 'common_robot_interface' build argument 'catkin_skip_building_tests' from command line to 'False'
[0.103s] DEBUG:colcon.colcon_core.verb:Building package 'common_robot_interface' with the following arguments: {'ament_cmake_args': None, 'build_base': '/home/csi/motion_system/build/common_robot_interface', 'catkin_cmake_args': None, 'catkin_skip_building_tests': False, 'cmake_args': None, 'cmake_clean_cache': False, 'cmake_clean_first': False, 'cmake_force_configure': False, 'cmake_target': None, 'cmake_target_skip_unavailable': False, 'install_base': '/home/csi/motion_system/install/common_robot_interface', 'merge_install': False, 'path': '/home/csi/motion_system/common/common_robot_interface', 'symlink_install': False, 'test_result_base': None}
[0.103s] Level 5:colcon.colcon_core.verb:set package 'motion_system_msgs' build argument 'cmake_args' from command line to 'None'
[0.103s] Level 5:colcon.colcon_core.verb:set package 'motion_system_msgs' build argument 'cmake_target' from command line to 'None'
[0.103s] Level 5:colcon.colcon_core.verb:set package 'motion_system_msgs' build argument 'cmake_target_skip_unavailable' from command line to 'False'
[0.103s] Level 5:colcon.colcon_core.verb:set package 'motion_system_msgs' build argument 'cmake_clean_cache' from command line to 'False'
[0.103s] Level 5:colcon.colcon_core.verb:set package 'motion_system_msgs' build argument 'cmake_clean_first' from command line to 'False'
[0.103s] Level 5:colcon.colcon_core.verb:set package 'motion_system_msgs' build argument 'cmake_force_configure' from command line to 'False'
[0.103s] Level 5:colcon.colcon_core.verb:set package 'motion_system_msgs' build argument 'ament_cmake_args' from command line to 'None'
[0.103s] Level 5:colcon.colcon_core.verb:set package 'motion_system_msgs' build argument 'catkin_cmake_args' from command line to 'None'
[0.103s] Level 5:colcon.colcon_core.verb:set package 'motion_system_msgs' build argument 'catkin_skip_building_tests' from command line to 'False'
[0.103s] DEBUG:colcon.colcon_core.verb:Building package 'motion_system_msgs' with the following arguments: {'ament_cmake_args': None, 'build_base': '/home/csi/motion_system/build/motion_system_msgs', 'catkin_cmake_args': None, 'catkin_skip_building_tests': False, 'cmake_args': None, 'cmake_clean_cache': False, 'cmake_clean_first': False, 'cmake_force_configure': False, 'cmake_target': None, 'cmake_target_skip_unavailable': False, 'install_base': '/home/csi/motion_system/install/motion_system_msgs', 'merge_install': False, 'path': '/home/csi/motion_system/ros2/motion_system_msgs', 'symlink_install': False, 'test_result_base': None}
[0.103s] Level 5:colcon.colcon_core.verb:set package 'motion_system_rqt' build argument 'cmake_args' from command line to 'None'
[0.103s] Level 5:colcon.colcon_core.verb:set package 'motion_system_rqt' build argument 'cmake_target' from command line to 'None'
[0.103s] Level 5:colcon.colcon_core.verb:set package 'motion_system_rqt' build argument 'cmake_target_skip_unavailable' from command line to 'False'
[0.103s] Level 5:colcon.colcon_core.verb:set package 'motion_system_rqt' build argument 'cmake_clean_cache' from command line to 'False'
[0.103s] Level 5:colcon.colcon_core.verb:set package 'motion_system_rqt' build argument 'cmake_clean_first' from command line to 'False'
[0.103s] Level 5:colcon.colcon_core.verb:set package 'motion_system_rqt' build argument 'cmake_force_configure' from command line to 'False'
[0.103s] Level 5:colcon.colcon_core.verb:set package 'motion_system_rqt' build argument 'ament_cmake_args' from command line to 'None'
[0.103s] Level 5:colcon.colcon_core.verb:set package 'motion_system_rqt' build argument 'catkin_cmake_args' from command line to 'None'
[0.103s] Level 5:colcon.colcon_core.verb:set package 'motion_system_rqt' build argument 'catkin_skip_building_tests' from command line to 'False'
[0.103s] DEBUG:colcon.colcon_core.verb:Building package 'motion_system_rqt' with the following arguments: {'ament_cmake_args': None, 'build_base': '/home/csi/motion_system/build/motion_system_rqt', 'catkin_cmake_args': None, 'catkin_skip_building_tests': False, 'cmake_args': None, 'cmake_clean_cache': False, 'cmake_clean_first': False, 'cmake_force_configure': False, 'cmake_target': None, 'cmake_target_skip_unavailable': False, 'install_base': '/home/csi/motion_system/install/motion_system_rqt', 'merge_install': False, 'path': '/home/csi/motion_system/ros2/motion_system_rqt', 'symlink_install': False, 'test_result_base': None}
[0.103s] Level 5:colcon.colcon_core.verb:set package 'motor_manager' build argument 'cmake_args' from command line to 'None'
[0.103s] Level 5:colcon.colcon_core.verb:set package 'motor_manager' build argument 'cmake_target' from command line to 'None'
[0.103s] Level 5:colcon.colcon_core.verb:set package 'motor_manager' build argument 'cmake_target_skip_unavailable' from command line to 'False'
[0.103s] Level 5:colcon.colcon_core.verb:set package 'motor_manager' build argument 'cmake_clean_cache' from command line to 'False'
[0.103s] Level 5:colcon.colcon_core.verb:set package 'motor_manager' build argument 'cmake_clean_first' from command line to 'False'
[0.103s] Level 5:colcon.colcon_core.verb:set package 'motor_manager' build argument 'cmake_force_configure' from command line to 'False'
[0.103s] Level 5:colcon.colcon_core.verb:set package 'motor_manager' build argument 'ament_cmake_args' from command line to 'None'
[0.103s] Level 5:colcon.colcon_core.verb:set package 'motor_manager' build argument 'catkin_cmake_args' from command line to 'None'
[0.103s] Level 5:colcon.colcon_core.verb:set package 'motor_manager' build argument 'catkin_skip_building_tests' from command line to 'False'
[0.103s] DEBUG:colcon.colcon_core.verb:Building package 'motor_manager' with the following arguments: {'ament_cmake_args': None, 'build_base': '/home/csi/motion_system/build/motor_manager', 'catkin_cmake_args': None, 'catkin_skip_building_tests': False, 'cmake_args': None, 'cmake_clean_cache': False, 'cmake_clean_first': False, 'cmake_force_configure': False, 'cmake_target': None, 'cmake_target_skip_unavailable': False, 'install_base': '/home/csi/motion_system/install/motor_manager', 'merge_install': False, 'path': '/home/csi/motion_system/lib/motor_manager', 'symlink_install': False, 'test_result_base': None}
[0.104s] Level 5:colcon.colcon_core.verb:set package 'robot_interface' build argument 'cmake_args' from command line to 'None'
[0.104s] Level 5:colcon.colcon_core.verb:set package 'robot_interface' build argument 'cmake_target' from command line to 'None'
[0.104s] Level 5:colcon.colcon_core.verb:set package 'robot_interface' build argument 'cmake_target_skip_unavailable' from command line to 'False'
[0.104s] Level 5:colcon.colcon_core.verb:set package 'robot_interface' build argument 'cmake_clean_cache' from command line to 'False'
[0.104s] Level 5:colcon.colcon_core.verb:set package 'robot_interface' build argument 'cmake_clean_first' from command line to 'False'
[0.104s] Level 5:colcon.colcon_core.verb:set package 'robot_interface' build argument 'cmake_force_configure' from command line to 'False'
[0.104s] Level 5:colcon.colcon_core.verb:set package 'robot_interface' build argument 'ament_cmake_args' from command line to 'None'
[0.104s] Level 5:colcon.colcon_core.verb:set package 'robot_interface' build argument 'catkin_cmake_args' from command line to 'None'
[0.104s] Level 5:colcon.colcon_core.verb:set package 'robot_interface' build argument 'catkin_skip_building_tests' from command line to 'False'
[0.104s] DEBUG:colcon.colcon_core.verb:Building package 'robot_interface' with the following arguments: {'ament_cmake_args': None, 'build_base': '/home/csi/motion_system/build/robot_interface', 'catkin_cmake_args': None, 'catkin_skip_building_tests': False, 'cmake_args': None, 'cmake_clean_cache': False, 'cmake_clean_first': False, 'cmake_force_configure': False, 'cmake_target': None, 'cmake_target_skip_unavailable': False, 'install_base': '/home/csi/motion_system/install/robot_interface', 'merge_install': False, 'path': '/home/csi/motion_system/lib/robot_manager/core/robot_interface', 'symlink_install': False, 'test_result_base': None}
[0.104s] Level 5:colcon.colcon_core.verb:set package 'utils_pkg' build argument 'cmake_args' from command line to 'None'
[0.104s] Level 5:colcon.colcon_core.verb:set package 'utils_pkg' build argument 'cmake_target' from command line to 'None'
[0.104s] Level 5:colcon.colcon_core.verb:set package 'utils_pkg' build argument 'cmake_target_skip_unavailable' from command line to 'False'
[0.104s] Level 5:colcon.colcon_core.verb:set package 'utils_pkg' build argument 'cmake_clean_cache' from command line to 'False'
[0.104s] Level 5:colcon.colcon_core.verb:set package 'utils_pkg' build argument 'cmake_clean_first' from command line to 'False'
[0.104s] Level 5:colcon.colcon_core.verb:set package 'utils_pkg' build argument 'cmake_force_configure' from command line to 'False'
[0.104s] Level 5:colcon.colcon_core.verb:set package 'utils_pkg' build argument 'ament_cmake_args' from command line to 'None'
[0.104s] Level 5:colcon.colcon_core.verb:set package 'utils_pkg' build argument 'catkin_cmake_args' from command line to 'None'
[0.104s] Level 5:colcon.colcon_core.verb:set package 'utils_pkg' build argument 'catkin_skip_building_tests' from command line to 'False'
[0.104s] DEBUG:colcon.colcon_core.verb:Building package 'utils_pkg' with the following arguments: {'ament_cmake_args': None, 'build_base': '/home/csi/motion_system/build/utils_pkg', 'catkin_cmake_args': None, 'catkin_skip_building_tests': False, 'cmake_args': None, 'cmake_clean_cache': False, 'cmake_clean_first': False, 'cmake_force_configure': False, 'cmake_target': None, 'cmake_target_skip_unavailable': False, 'install_base': '/home/csi/motion_system/install/utils_pkg', 'merge_install': False, 'path': '/home/csi/motion_system/ros2/utils_pkg', 'symlink_install': False, 'test_result_base': None}
[0.104s] Level 5:colcon.colcon_core.verb:set package 'kinematics' build argument 'cmake_args' from command line to 'None'
[0.104s] Level 5:colcon.colcon_core.verb:set package 'kinematics' build argument 'cmake_target' from command line to 'None'
[0.104s] Level 5:colcon.colcon_core.verb:set package 'kinematics' build argument 'cmake_target_skip_unavailable' from command line to 'False'
[0.104s] Level 5:colcon.colcon_core.verb:set package 'kinematics' build argument 'cmake_clean_cache' from command line to 'False'
[0.104s] Level 5:colcon.colcon_core.verb:set package 'kinematics' build argument 'cmake_clean_first' from command line to 'False'
[0.104s] Level 5:colcon.colcon_core.verb:set package 'kinematics' build argument 'cmake_force_configure' from command line to 'False'
[0.104s] Level 5:colcon.colcon_core.verb:set package 'kinematics' build argument 'ament_cmake_args' from command line to 'None'
[0.104s] Level 5:colcon.colcon_core.verb:set package 'kinematics' build argument 'catkin_cmake_args' from command line to 'None'
[0.104s] Level 5:colcon.colcon_core.verb:set package 'kinematics' build argument 'catkin_skip_building_tests' from command line to 'False'
[0.104s] DEBUG:colcon.colcon_core.verb:Building package 'kinematics' with the following arguments: {'ament_cmake_args': None, 'build_base': '/home/csi/motion_system/build/kinematics', 'catkin_cmake_args': None, 'catkin_skip_building_tests': False, 'cmake_args': None, 'cmake_clean_cache': False, 'cmake_clean_first': False, 'cmake_force_configure': False, 'cmake_target': None, 'cmake_target_skip_unavailable': False, 'install_base': '/home/csi/motion_system/install/kinematics', 'merge_install': False, 'path': '/home/csi/motion_system/lib/robot_manager/kinematics', 'symlink_install': False, 'test_result_base': None}
[0.104s] Level 5:colcon.colcon_core.verb:set package 'planner' build argument 'cmake_args' from command line to 'None'
[0.104s] Level 5:colcon.colcon_core.verb:set package 'planner' build argument 'cmake_target' from command line to 'None'
[0.104s] Level 5:colcon.colcon_core.verb:set package 'planner' build argument 'cmake_target_skip_unavailable' from command line to 'False'
[0.104s] Level 5:colcon.colcon_core.verb:set package 'planner' build argument 'cmake_clean_cache' from command line to 'False'
[0.104s] Level 5:colcon.colcon_core.verb:set package 'planner' build argument 'cmake_clean_first' from command line to 'False'
[0.104s] Level 5:colcon.colcon_core.verb:set package 'planner' build argument 'cmake_force_configure' from command line to 'False'
[0.104s] Level 5:colcon.colcon_core.verb:set package 'planner' build argument 'ament_cmake_args' from command line to 'None'
[0.104s] Level 5:colcon.colcon_core.verb:set package 'planner' build argument 'catkin_cmake_args' from command line to 'None'
[0.104s] Level 5:colcon.colcon_core.verb:set package 'planner' build argument 'catkin_skip_building_tests' from command line to 'False'
[0.104s] DEBUG:colcon.colcon_core.verb:Building package 'planner' with the following arguments: {'ament_cmake_args': None, 'build_base': '/home/csi/motion_system/build/planner', 'catkin_cmake_args': None, 'catkin_skip_building_tests': False, 'cmake_args': None, 'cmake_clean_cache': False, 'cmake_clean_first': False, 'cmake_force_configure': False, 'cmake_target': None, 'cmake_target_skip_unavailable': False, 'install_base': '/home/csi/motion_system/install/planner', 'merge_install': False, 'path': '/home/csi/motion_system/lib/robot_manager/planner', 'symlink_install': False, 'test_result_base': None}
[0.104s] Level 5:colcon.colcon_core.verb:set package 'scheduler' build argument 'cmake_args' from command line to 'None'
[0.104s] Level 5:colcon.colcon_core.verb:set package 'scheduler' build argument 'cmake_target' from command line to 'None'
[0.104s] Level 5:colcon.colcon_core.verb:set package 'scheduler' build argument 'cmake_target_skip_unavailable' from command line to 'False'
[0.104s] Level 5:colcon.colcon_core.verb:set package 'scheduler' build argument 'cmake_clean_cache' from command line to 'False'
[0.104s] Level 5:colcon.colcon_core.verb:set package 'scheduler' build argument 'cmake_clean_first' from command line to 'False'
[0.104s] Level 5:colcon.colcon_core.verb:set package 'scheduler' build argument 'cmake_force_configure' from command line to 'False'
[0.104s] Level 5:colcon.colcon_core.verb:set package 'scheduler' build argument 'ament_cmake_args' from command line to 'None'
[0.104s] Level 5:colcon.colcon_core.verb:set package 'scheduler' build argument 'catkin_cmake_args' from command line to 'None'
[0.104s] Level 5:colcon.colcon_core.verb:set package 'scheduler' build argument 'catkin_skip_building_tests' from command line to 'False'
[0.104s] DEBUG:colcon.colcon_core.verb:Building package 'scheduler' with the following arguments: {'ament_cmake_args': None, 'build_base': '/home/csi/motion_system/build/scheduler', 'catkin_cmake_args': None, 'catkin_skip_building_tests': False, 'cmake_args': None, 'cmake_clean_cache': False, 'cmake_clean_first': False, 'cmake_force_configure': False, 'cmake_target': None, 'cmake_target_skip_unavailable': False, 'install_base': '/home/csi/motion_system/install/scheduler', 'merge_install': False, 'path': '/home/csi/motion_system/lib/robot_manager/scheduler', 'symlink_install': False, 'test_result_base': None}
[0.104s] Level 5:colcon.colcon_core.verb:set package 'robots' build argument 'cmake_args' from command line to 'None'
[0.104s] Level 5:colcon.colcon_core.verb:set package 'robots' build argument 'cmake_target' from command line to 'None'
[0.104s] Level 5:colcon.colcon_core.verb:set package 'robots' build argument 'cmake_target_skip_unavailable' from command line to 'False'
[0.104s] Level 5:colcon.colcon_core.verb:set package 'robots' build argument 'cmake_clean_cache' from command line to 'False'
[0.104s] Level 5:colcon.colcon_core.verb:set package 'robots' build argument 'cmake_clean_first' from command line to 'False'
[0.104s] Level 5:colcon.colcon_core.verb:set package 'robots' build argument 'cmake_force_configure' from command line to 'False'
[0.104s] Level 5:colcon.colcon_core.verb:set package 'robots' build argument 'ament_cmake_args' from command line to 'None'
[0.104s] Level 5:colcon.colcon_core.verb:set package 'robots' build argument 'catkin_cmake_args' from command line to 'None'
[0.104s] Level 5:colcon.colcon_core.verb:set package 'robots' build argument 'catkin_skip_building_tests' from command line to 'False'
[0.104s] DEBUG:colcon.colcon_core.verb:Building package 'robots' with the following arguments: {'ament_cmake_args': None, 'build_base': '/home/csi/motion_system/build/robots', 'catkin_cmake_args': None, 'catkin_skip_building_tests': False, 'cmake_args': None, 'cmake_clean_cache': False, 'cmake_clean_first': False, 'cmake_force_configure': False, 'cmake_target': None, 'cmake_target_skip_unavailable': False, 'install_base': '/home/csi/motion_system/install/robots', 'merge_install': False, 'path': '/home/csi/motion_system/lib/robot_manager/robots', 'symlink_install': False, 'test_result_base': None}
[0.104s] Level 5:colcon.colcon_core.verb:set package 'robot_manager' build argument 'cmake_args' from command line to 'None'
[0.104s] Level 5:colcon.colcon_core.verb:set package 'robot_manager' build argument 'cmake_target' from command line to 'None'
[0.104s] Level 5:colcon.colcon_core.verb:set package 'robot_manager' build argument 'cmake_target_skip_unavailable' from command line to 'False'
[0.104s] Level 5:colcon.colcon_core.verb:set package 'robot_manager' build argument 'cmake_clean_cache' from command line to 'False'
[0.105s] Level 5:colcon.colcon_core.verb:set package 'robot_manager' build argument 'cmake_clean_first' from command line to 'False'
[0.105s] Level 5:colcon.colcon_core.verb:set package 'robot_manager' build argument 'cmake_force_configure' from command line to 'False'
[0.105s] Level 5:colcon.colcon_core.verb:set package 'robot_manager' build argument 'ament_cmake_args' from command line to 'None'
[0.105s] Level 5:colcon.colcon_core.verb:set package 'robot_manager' build argument 'catkin_cmake_args' from command line to 'None'
[0.105s] Level 5:colcon.colcon_core.verb:set package 'robot_manager' build argument 'catkin_skip_building_tests' from command line to 'False'
[0.105s] DEBUG:colcon.colcon_core.verb:Building package 'robot_manager' with the following arguments: {'ament_cmake_args': None, 'build_base': '/home/csi/motion_system/build/robot_manager', 'catkin_cmake_args': None, 'catkin_skip_building_tests': False, 'cmake_args': None, 'cmake_clean_cache': False, 'cmake_clean_first': False, 'cmake_force_configure': False, 'cmake_target': None, 'cmake_target_skip_unavailable': False, 'install_base': '/home/csi/motion_system/install/robot_manager', 'merge_install': False, 'path': '/home/csi/motion_system/lib/robot_manager/robot_manager', 'symlink_install': False, 'test_result_base': None}
[0.105s] Level 5:colcon.colcon_core.verb:set package 'motion_system_pkg' build argument 'cmake_args' from command line to 'None'
[0.105s] Level 5:colcon.colcon_core.verb:set package 'motion_system_pkg' build argument 'cmake_target' from command line to 'None'
[0.105s] Level 5:colcon.colcon_core.verb:set package 'motion_system_pkg' build argument 'cmake_target_skip_unavailable' from command line to 'False'
[0.105s] Level 5:colcon.colcon_core.verb:set package 'motion_system_pkg' build argument 'cmake_clean_cache' from command line to 'False'
[0.105s] Level 5:colcon.colcon_core.verb:set package 'motion_system_pkg' build argument 'cmake_clean_first' from command line to 'False'
[0.105s] Level 5:colcon.colcon_core.verb:set package 'motion_system_pkg' build argument 'cmake_force_configure' from command line to 'False'
[0.105s] Level 5:colcon.colcon_core.verb:set package 'motion_system_pkg' build argument 'ament_cmake_args' from command line to 'None'
[0.105s] Level 5:colcon.colcon_core.verb:set package 'motion_system_pkg' build argument 'catkin_cmake_args' from command line to 'None'
[0.105s] Level 5:colcon.colcon_core.verb:set package 'motion_system_pkg' build argument 'catkin_skip_building_tests' from command line to 'False'
[0.105s] DEBUG:colcon.colcon_core.verb:Building package 'motion_system_pkg' with the following arguments: {'ament_cmake_args': None, 'build_base': '/home/csi/motion_system/build/motion_system_pkg', 'catkin_cmake_args': None, 'catkin_skip_building_tests': False, 'cmake_args': None, 'cmake_clean_cache': False, 'cmake_clean_first': False, 'cmake_force_configure': False, 'cmake_target': None, 'cmake_target_skip_unavailable': False, 'install_base': '/home/csi/motion_system/install/motion_system_pkg', 'merge_install': False, 'path': '/home/csi/motion_system/ros2/motion_system_pkg', 'symlink_install': False, 'test_result_base': None}
[0.105s] INFO:colcon.colcon_core.executor:Executing jobs using 'parallel' executor
[0.106s] DEBUG:colcon.colcon_parallel_executor.executor.parallel:run_until_complete
[0.106s] INFO:colcon.colcon_ros.task.ament_python.build:Building ROS package in '/home/csi/motion_system/common/common_robot_interface' with build type 'ament_python'
[0.106s] Level 1:colcon.colcon_core.shell:create_environment_hook('common_robot_interface', 'ament_prefix_path')
[0.108s] INFO:colcon.colcon_core.plugin_system:Skipping extension 'colcon_core.shell.bat': Not used on non-Windows systems
[0.108s] INFO:colcon.colcon_core.shell:Creating environment hook '/home/csi/motion_system/install/common_robot_interface/share/common_robot_interface/hook/ament_prefix_path.ps1'
[0.108s] INFO:colcon.colcon_core.shell:Creating environment descriptor '/home/csi/motion_system/install/common_robot_interface/share/common_robot_interface/hook/ament_prefix_path.dsv'
[0.108s] INFO:colcon.colcon_core.shell:Creating environment hook '/home/csi/motion_system/install/common_robot_interface/share/common_robot_interface/hook/ament_prefix_path.sh'
[0.109s] INFO:colcon.colcon_core.shell:Skip shell extension 'powershell' for command environment: Not usable outside of PowerShell
[0.109s] DEBUG:colcon.colcon_core.shell:Skip shell extension 'dsv' for command environment
[0.110s] INFO:colcon.colcon_ros.task.ament_cmake.build:Building ROS package in '/home/csi/motion_system/common/common_motor_interface' with build type 'ament_cmake'
[0.110s] INFO:colcon.colcon_cmake.task.cmake.build:Building CMake package in '/home/csi/motion_system/common/common_motor_interface'
[0.110s] INFO:colcon.colcon_core.shell:Skip shell extension 'powershell' for command environment: Not usable outside of PowerShell
[0.110s] DEBUG:colcon.colcon_core.shell:Skip shell extension 'dsv' for command environment
[0.113s] INFO:colcon.colcon_ros.task.ament_cmake.build:Building ROS package in '/home/csi/motion_system/ros2/motion_system_msgs' with build type 'ament_cmake'
[0.113s] INFO:colcon.colcon_cmake.task.cmake.build:Building CMake package in '/home/csi/motion_system/ros2/motion_system_msgs'
[0.113s] INFO:colcon.colcon_core.shell:Skip shell extension 'powershell' for command environment: Not usable outside of PowerShell
[0.113s] DEBUG:colcon.colcon_core.shell:Skip shell extension 'dsv' for command environment
[0.114s] INFO:colcon.colcon_ros.task.ament_cmake.build:Building ROS package in '/home/csi/motion_system/ros2/motion_system_rqt' with build type 'ament_cmake'
[0.114s] INFO:colcon.colcon_cmake.task.cmake.build:Building CMake package in '/home/csi/motion_system/ros2/motion_system_rqt'
[0.114s] INFO:colcon.colcon_core.shell:Skip shell extension 'powershell' for command environment: Not usable outside of PowerShell
[0.114s] DEBUG:colcon.colcon_core.shell:Skip shell extension 'dsv' for command environment
[0.220s] INFO:colcon.colcon_core.task.python.build:Building Python package in '/home/csi/motion_system/common/common_robot_interface'
[0.220s] INFO:colcon.colcon_core.shell:Skip shell extension 'powershell' for command environment: Not usable outside of PowerShell
[0.220s] DEBUG:colcon.colcon_core.shell:Skip shell extension 'dsv' for command environment
[0.223s] DEBUG:colcon.colcon_core.event_handler.log_command:Invoking command in '/home/csi/motion_system/build/common_motor_interface': CMAKE_PREFIX_PATH=${CMAKE_PREFIX_PATH}:/opt/ros/jazzy CONDA_PROMPT_MODIFIER=(base) DEBUGINFOD_URLS=https://debuginfod.ubuntu.com /usr/bin/cmake /home/csi/motion_system/common/common_motor_interface -DCMAKE_INSTALL_PREFIX=/home/csi/motion_system/install/common_motor_interface
[0.225s] DEBUG:colcon.colcon_core.event_handler.log_command:Invoking command in '/home/csi/motion_system/build/motion_system_msgs': CMAKE_PREFIX_PATH=${CMAKE_PREFIX_PATH}:/opt/ros/jazzy CONDA_PROMPT_MODIFIER=(base) DEBUGINFOD_URLS=https://debuginfod.ubuntu.com /usr/bin/cmake /home/csi/motion_system/ros2/motion_system_msgs -DCMAKE_INSTALL_PREFIX=/home/csi/motion_system/install/motion_system_msgs
[0.226s] DEBUG:colcon.colcon_core.event_handler.log_command:Invoking command in '/home/csi/motion_system/build/motion_system_rqt': CMAKE_PREFIX_PATH=${CMAKE_PREFIX_PATH}:/opt/ros/jazzy CONDA_PROMPT_MODIFIER=(base) DEBUGINFOD_URLS=https://debuginfod.ubuntu.com /usr/bin/cmake /home/csi/motion_system/ros2/motion_system_rqt -DCMAKE_INSTALL_PREFIX=/home/csi/motion_system/install/motion_system_rqt
[0.370s] DEBUG:colcon.colcon_core.event_handler.log_command:Invoked command in '/home/csi/motion_system/build/motion_system_rqt' returned '1': CMAKE_PREFIX_PATH=${CMAKE_PREFIX_PATH}:/opt/ros/jazzy CONDA_PROMPT_MODIFIER=(base) DEBUGINFOD_URLS=https://debuginfod.ubuntu.com /usr/bin/cmake /home/csi/motion_system/ros2/motion_system_rqt -DCMAKE_INSTALL_PREFIX=/home/csi/motion_system/install/motion_system_rqt
[0.372s] DEBUG:colcon.colcon_core.event_handler.log_command:Invoked command in '/home/csi/motion_system/build/common_motor_interface' returned '1': CMAKE_PREFIX_PATH=${CMAKE_PREFIX_PATH}:/opt/ros/jazzy CONDA_PROMPT_MODIFIER=(base) DEBUGINFOD_URLS=https://debuginfod.ubuntu.com /usr/bin/cmake /home/csi/motion_system/common/common_motor_interface -DCMAKE_INSTALL_PREFIX=/home/csi/motion_system/install/common_motor_interface
[0.376s] Level 1:colcon.colcon_core.environment:create_environment_scripts_only(motion_system_rqt)
[0.377s] Level 1:colcon.colcon_core.environment:checking '/home/csi/motion_system/install/motion_system_rqt' for CMake module files
[0.378s] Level 1:colcon.colcon_core.environment:checking '/home/csi/motion_system/install/motion_system_rqt' for CMake config files
[0.378s] Level 1:colcon.colcon_core.environment:checking '/home/csi/motion_system/install/motion_system_rqt/bin'
[0.378s] Level 1:colcon.colcon_core.environment:checking '/home/csi/motion_system/install/motion_system_rqt/lib/pkgconfig/motion_system_rqt.pc'
[0.378s] Level 1:colcon.colcon_core.environment:checking '/home/csi/motion_system/install/motion_system_rqt/lib/python3.12/site-packages'
[0.378s] Level 1:colcon.colcon_core.environment:checking '/home/csi/motion_system/install/motion_system_rqt/bin'
[0.378s] INFO:colcon.colcon_core.shell:Creating package script '/home/csi/motion_system/install/motion_system_rqt/share/motion_system_rqt/package.ps1'
[0.379s] INFO:colcon.colcon_core.shell:Creating package descriptor '/home/csi/motion_system/install/motion_system_rqt/share/motion_system_rqt/package.dsv'
[0.379s] INFO:colcon.colcon_core.shell:Creating package script '/home/csi/motion_system/install/motion_system_rqt/share/motion_system_rqt/package.sh'
[0.379s] INFO:colcon.colcon_core.shell:Creating package script '/home/csi/motion_system/install/motion_system_rqt/share/motion_system_rqt/package.bash'
[0.380s] INFO:colcon.colcon_core.shell:Creating package script '/home/csi/motion_system/install/motion_system_rqt/share/motion_system_rqt/package.zsh'
[0.380s] Level 1:colcon.colcon_core.environment:create_file_with_runtime_dependencies(/home/csi/motion_system/install/motion_system_rqt/share/colcon-core/packages/motion_system_rqt)
[0.522s] DEBUG:colcon.colcon_parallel_executor.executor.parallel:closing loop
[0.523s] DEBUG:colcon.colcon_parallel_executor.executor.parallel:loop closed
[0.523s] DEBUG:colcon.colcon_parallel_executor.executor.parallel:run_until_complete finished with '1'
[0.523s] DEBUG:colcon.colcon_core.event_reactor:joining thread
[0.526s] INFO:colcon.colcon_core.plugin_system:Skipping extension 'colcon_notification.desktop_notification.terminal_notifier': Not used on non-Darwin systems
[0.526s] INFO:colcon.colcon_core.plugin_system:Skipping extension 'colcon_notification.desktop_notification.win32': Not used on non-Windows systems
[0.526s] INFO:colcon.colcon_notification.desktop_notification:Sending desktop notification using 'notify2'
[0.534s] DEBUG:colcon.colcon_core.event_reactor:joined thread
[0.534s] INFO:colcon.colcon_core.shell:Creating prefix script '/home/csi/motion_system/install/local_setup.ps1'
[0.534s] INFO:colcon.colcon_core.shell:Creating prefix util module '/home/csi/motion_system/install/_local_setup_util_ps1.py'
[0.535s] INFO:colcon.colcon_core.shell:Creating prefix chain script '/home/csi/motion_system/install/setup.ps1'
[0.535s] INFO:colcon.colcon_core.shell:Creating prefix script '/home/csi/motion_system/install/local_setup.sh'
[0.535s] INFO:colcon.colcon_core.shell:Creating prefix util module '/home/csi/motion_system/install/_local_setup_util_sh.py'
[0.535s] INFO:colcon.colcon_core.shell:Creating prefix chain script '/home/csi/motion_system/install/setup.sh'
[0.536s] INFO:colcon.colcon_core.shell:Creating prefix script '/home/csi/motion_system/install/local_setup.bash'
[0.536s] INFO:colcon.colcon_core.shell:Creating prefix chain script '/home/csi/motion_system/install/setup.bash'
[0.536s] INFO:colcon.colcon_core.shell:Creating prefix script '/home/csi/motion_system/install/local_setup.zsh'
[0.536s] INFO:colcon.colcon_core.shell:Creating prefix chain script '/home/csi/motion_system/install/setup.zsh'
