running egg_info
writing ../../build/utils_pkg/utils_pkg.egg-info/PKG-INFO
writing dependency_links to ../../build/utils_pkg/utils_pkg.egg-info/dependency_links.txt
writing entry points to ../../build/utils_pkg/utils_pkg.egg-info/entry_points.txt
writing requirements to ../../build/utils_pkg/utils_pkg.egg-info/requires.txt
writing top-level names to ../../build/utils_pkg/utils_pkg.egg-info/top_level.txt
reading manifest file '../../build/utils_pkg/utils_pkg.egg-info/SOURCES.txt'
writing manifest file '../../build/utils_pkg/utils_pkg.egg-info/SOURCES.txt'
running build
running build_py
running install
running install_lib
running install_data
running install_egg_info
removing '/home/csi/motion_system/install/utils_pkg/lib/python3.12/site-packages/utils_pkg-0.0.0-py3.12.egg-info' (and everything under it)
Copying ../../build/utils_pkg/utils_pkg.egg-info to /home/csi/motion_system/install/utils_pkg/lib/python3.12/site-packages/utils_pkg-0.0.0-py3.12.egg-info
running install_scripts
Installing rocking_chair_position_command script to /home/csi/motion_system/install/utils_pkg/lib/utils_pkg
Installing sine_motor_command_publisher script to /home/csi/motion_system/install/utils_pkg/lib/utils_pkg
writing list of installed files to '/home/csi/motion_system/build/utils_pkg/install.log'
